L 08/10/2025 - 07:48:55: Start of error session.
L 08/10/2025 - 07:48:55: Info (map "zm_gbox6") (file "addons/amxmodx/logs/error_20250810.log")
L 08/10/2025 - 07:48:55: Invalid CVAR pointer
L 08/10/2025 - 07:48:55: [AMXX] Run time error 10 (plugin "zp_effects_fix_44.amxx") (native "get_pcvar_num") - debug not enabled!
L 08/10/2025 - 07:48:55: [AMXX] To enable debug mode, add "debug" after the plugin name in plugins.ini (without quotes).
L 08/10/2025 - 07:53:18: Start of error session.
L 08/10/2025 - 07:53:18: Info (map "zm_fortuna_v2") (file "addons/amxmodx/logs/error_20250810.log")
L 08/10/2025 - 07:53:18: Invalid CVAR pointer
L 08/10/2025 - 07:53:18: [AMXX] Run time error 10 (plugin "zp_effects_fix_44.amxx") (native "get_pcvar_num") - debug not enabled!
L 08/10/2025 - 07:53:18: [AMXX] To enable debug mode, add "debug" after the plugin name in plugins.ini (without quotes).
L 08/10/2025 - 07:53:41: Start of error session.
L 08/10/2025 - 07:53:41: Info (map "zm_fortuna_v2") (file "addons/amxmodx/logs/error_20250810.log")
L 08/10/2025 - 07:53:41: Invalid CVAR pointer
L 08/10/2025 - 07:53:41: [AMXX] Run time error 10 (plugin "zp_effects_fix_44.amxx") (native "get_pcvar_num") - debug not enabled!
L 08/10/2025 - 07:53:41: [AMXX] To enable debug mode, add "debug" after the plugin name in plugins.ini (without quotes).
L 08/10/2025 - 08:00:47: Start of error session.
L 08/10/2025 - 08:00:47: Info (map "zm_fortuna_v2") (file "addons/amxmodx/logs/error_20250810.log")
L 08/10/2025 - 08:00:47: Invalid CVAR pointer
L 08/10/2025 - 08:00:47: [AMXX] Run time error 10 (plugin "zp_effects_fix_44.amxx") (native "get_pcvar_num") - debug not enabled!
L 08/10/2025 - 08:00:47: [AMXX] To enable debug mode, add "debug" after the plugin name in plugins.ini (without quotes).
L 08/10/2025 - 08:01:27: Start of error session.
L 08/10/2025 - 08:01:27: Info (map "zm_fortuna_v2") (file "addons/amxmodx/logs/error_20250810.log")
L 08/10/2025 - 08:01:27: Invalid CVAR pointer
L 08/10/2025 - 08:01:27: [AMXX] Run time error 10 (plugin "zp_effects_fix_44.amxx") (native "get_pcvar_num") - debug not enabled!
L 08/10/2025 - 08:01:27: [AMXX] To enable debug mode, add "debug" after the plugin name in plugins.ini (without quotes).
L 08/10/2025 - 08:05:17: Start of error session.
L 08/10/2025 - 08:05:17: Info (map "zm_fortuna_v2") (file "addons/amxmodx/logs/error_20250810.log")
L 08/10/2025 - 08:05:17: Invalid CVAR pointer
L 08/10/2025 - 08:05:17: [AMXX] Run time error 10 (plugin "zp_effects_fix_44.amxx") (native "get_pcvar_num") - debug not enabled!
L 08/10/2025 - 08:05:17: [AMXX] To enable debug mode, add "debug" after the plugin name in plugins.ini (without quotes).
L 08/10/2025 - 08:06:18: Start of error session.
L 08/10/2025 - 08:06:18: Info (map "zm_fortuna_v2") (file "addons/amxmodx/logs/error_20250810.log")
L 08/10/2025 - 08:06:18: Invalid CVAR pointer
L 08/10/2025 - 08:06:18: [AMXX] Run time error 10 (plugin "zp_effects_fix_44.amxx") (native "get_pcvar_num") - debug not enabled!
L 08/10/2025 - 08:06:18: [AMXX] To enable debug mode, add "debug" after the plugin name in plugins.ini (without quotes).
L 08/10/2025 - 08:08:17: Start of error session.
L 08/10/2025 - 08:08:17: Info (map "zm_fortuna_v2") (file "addons/amxmodx/logs/error_20250810.log")
L 08/10/2025 - 08:08:17: Invalid CVAR pointer
L 08/10/2025 - 08:08:17: [AMXX] Run time error 10 (plugin "zp_effects_fix_44.amxx") (native "get_pcvar_num") - debug not enabled!
L 08/10/2025 - 08:08:17: [AMXX] To enable debug mode, add "debug" after the plugin name in plugins.ini (without quotes).
L 08/10/2025 - 08:09:28: Start of error session.
L 08/10/2025 - 08:09:28: Info (map "zm_fortuna_v2") (file "addons/amxmodx/logs/error_20250810.log")
L 08/10/2025 - 08:09:28: Invalid CVAR pointer
L 08/10/2025 - 08:09:28: [AMXX] Run time error 10 (plugin "zp_effects_fix_44.amxx") (native "get_pcvar_num") - debug not enabled!
L 08/10/2025 - 08:09:28: [AMXX] To enable debug mode, add "debug" after the plugin name in plugins.ini (without quotes).
L 08/10/2025 - 08:10:14: Start of error session.
L 08/10/2025 - 08:10:14: Info (map "zm_fortuna_v2") (file "addons/amxmodx/logs/error_20250810.log")
L 08/10/2025 - 08:10:14: Invalid CVAR pointer
L 08/10/2025 - 08:10:14: [AMXX] Run time error 10 (plugin "zp_effects_fix_44.amxx") (native "get_pcvar_num") - debug not enabled!
L 08/10/2025 - 08:10:14: [AMXX] To enable debug mode, add "debug" after the plugin name in plugins.ini (without quotes).
L 08/10/2025 - 08:11:13: Start of error session.
L 08/10/2025 - 08:11:13: Info (map "zm_fortuna_v2") (file "addons/amxmodx/logs/error_20250810.log")
L 08/10/2025 - 08:11:13: Invalid CVAR pointer
L 08/10/2025 - 08:11:13: [AMXX] Run time error 10 (plugin "zp_effects_fix_44.amxx") (native "get_pcvar_num") - debug not enabled!
L 08/10/2025 - 08:11:13: [AMXX] To enable debug mode, add "debug" after the plugin name in plugins.ini (without quotes).
L 08/10/2025 - 08:12:42: Start of error session.
L 08/10/2025 - 08:12:42: Info (map "zm_fortuna_v2") (file "addons/amxmodx/logs/error_20250810.log")
L 08/10/2025 - 08:12:42: Invalid CVAR pointer
L 08/10/2025 - 08:12:43: [AMXX] Run time error 10 (plugin "zp_effects_fix_44.amxx") (native "get_pcvar_num") - debug not enabled!
L 08/10/2025 - 08:12:43: [AMXX] To enable debug mode, add "debug" after the plugin name in plugins.ini (without quotes).
L 08/10/2025 - 08:16:05: Start of error session.
L 08/10/2025 - 08:16:05: Info (map "zm_fortuna_v2") (file "addons/amxmodx/logs/error_20250810.log")
L 08/10/2025 - 08:16:05: Invalid CVAR pointer
L 08/10/2025 - 08:16:05: [AMXX] Run time error 10 (plugin "zp_effects_fix_44.amxx") (native "get_pcvar_num") - debug not enabled!
L 08/10/2025 - 08:16:05: [AMXX] To enable debug mode, add "debug" after the plugin name in plugins.ini (without quotes).
L 08/10/2025 - 08:21:16: Start of error session.
L 08/10/2025 - 08:21:16: Info (map "zm_fortuna_v2") (file "addons/amxmodx/logs/error_20250810.log")
L 08/10/2025 - 08:21:16: Invalid CVAR pointer
L 08/10/2025 - 08:21:16: [AMXX] Run time error 10 (plugin "zp_effects_fix_44.amxx") (native "get_pcvar_num") - debug not enabled!
L 08/10/2025 - 08:21:16: [AMXX] To enable debug mode, add "debug" after the plugin name in plugins.ini (without quotes).
L 08/10/2025 - 08:45:46: Start of error session.
L 08/10/2025 - 08:45:46: Info (map "zm_fortuna_v2") (file "addons/amxmodx/logs/error_20250810.log")
L 08/10/2025 - 08:45:46: Invalid CVAR pointer
L 08/10/2025 - 08:45:46: [AMXX] Run time error 10 (plugin "zp_effects_fix_44.amxx") (native "get_pcvar_num") - debug not enabled!
L 08/10/2025 - 08:45:46: [AMXX] To enable debug mode, add "debug" after the plugin name in plugins.ini (without quotes).
L 08/10/2025 - 08:47:44: Start of error session.
L 08/10/2025 - 08:47:44: Info (map "zm_fortuna_v2") (file "addons/amxmodx/logs/error_20250810.log")
L 08/10/2025 - 08:47:44: Invalid CVAR pointer
L 08/10/2025 - 08:47:44: [AMXX] Run time error 10 (plugin "zp_effects_fix_44.amxx") (native "get_pcvar_num") - debug not enabled!
L 08/10/2025 - 08:47:44: [AMXX] To enable debug mode, add "debug" after the plugin name in plugins.ini (without quotes).
L 08/10/2025 - 08:57:02: Start of error session.
L 08/10/2025 - 08:57:02: Info (map "zm_fortuna_v2") (file "addons/amxmodx/logs/error_20250810.log")
L 08/10/2025 - 08:57:02: Invalid CVAR pointer
L 08/10/2025 - 08:57:02: [AMXX] Run time error 10 (plugin "zp_effects_fix_44.amxx") (native "get_pcvar_num") - debug not enabled!
L 08/10/2025 - 08:57:02: [AMXX] To enable debug mode, add "debug" after the plugin name in plugins.ini (without quotes).
L 08/10/2025 - 08:58:34: Start of error session.
L 08/10/2025 - 08:58:34: Info (map "zm_fortuna_v2") (file "addons/amxmodx/logs/error_20250810.log")
L 08/10/2025 - 08:58:34: Invalid CVAR pointer
L 08/10/2025 - 08:58:34: [AMXX] Run time error 10 (plugin "zp_effects_fix_44.amxx") (native "get_pcvar_num") - debug not enabled!
L 08/10/2025 - 08:58:34: [AMXX] To enable debug mode, add "debug" after the plugin name in plugins.ini (without quotes).
L 08/10/2025 - 09:18:48: Start of error session.
L 08/10/2025 - 09:18:48: Info (map "zm_fortuna_v2") (file "addons/amxmodx/logs/error_20250810.log")
L 08/10/2025 - 09:18:48: Invalid CVAR pointer
L 08/10/2025 - 09:18:48: [AMXX] Run time error 10 (plugin "zp_effects_fix_44.amxx") (native "get_pcvar_num") - debug not enabled!
L 08/10/2025 - 09:18:48: [AMXX] To enable debug mode, add "debug" after the plugin name in plugins.ini (without quotes).
L 08/10/2025 - 10:41:30: Start of error session.
L 08/10/2025 - 10:41:30: Info (map "zm_fortuna_v2") (file "addons/amxmodx/logs/error_20250810.log")
L 08/10/2025 - 10:41:30: Invalid CVAR pointer
L 08/10/2025 - 10:41:30: [AMXX] Run time error 10 (plugin "zp_effects_fix_44.amxx") (native "get_pcvar_num") - debug not enabled!
L 08/10/2025 - 10:41:30: [AMXX] To enable debug mode, add "debug" after the plugin name in plugins.ini (without quotes).
L 08/10/2025 - 10:47:34: Start of error session.
L 08/10/2025 - 10:47:34: Info (map "zm_fortuna_v2") (file "addons/amxmodx/logs/error_20250810.log")
L 08/10/2025 - 10:47:34: Invalid CVAR pointer
L 08/10/2025 - 10:47:34: [AMXX] Run time error 10 (plugin "zp_effects_fix_44.amxx") (native "get_pcvar_num") - debug not enabled!
L 08/10/2025 - 10:47:34: [AMXX] To enable debug mode, add "debug" after the plugin name in plugins.ini (without quotes).
L 08/10/2025 - 10:53:29: Start of error session.
L 08/10/2025 - 10:53:29: Info (map "zm_fortuna_v2") (file "addons/amxmodx/logs/error_20250810.log")
L 08/10/2025 - 10:53:29: [AMXX] Load error 17 (invalid file format or version) (plugin "zombie_plague44.amxx")
L 08/10/2025 - 10:53:30: Invalid CVAR pointer
L 08/10/2025 - 10:53:30: [AMXX] Run time error 10 (plugin "zp_effects_fix_44.amxx") (native "get_pcvar_num") - debug not enabled!
L 08/10/2025 - 10:53:30: [AMXX] To enable debug mode, add "debug" after the plugin name in plugins.ini (without quotes).
L 08/10/2025 - 11:31:09: Start of error session.
L 08/10/2025 - 11:31:09: Info (map "zm_fortuna_v2") (file "addons/amxmodx/logs/error_20250810.log")
L 08/10/2025 - 11:31:09: Invalid CVAR pointer
L 08/10/2025 - 11:31:09: [AMXX] Run time error 10 (plugin "zp_effects_fix_44.amxx") (native "get_pcvar_num") - debug not enabled!
L 08/10/2025 - 11:31:09: [AMXX] To enable debug mode, add "debug" after the plugin name in plugins.ini (without quotes).
L 08/10/2025 - 11:34:16: Start of error session.
L 08/10/2025 - 11:34:16: Info (map "zm_fortuna_v2") (file "addons/amxmodx/logs/error_20250810.log")
L 08/10/2025 - 11:34:16: Invalid CVAR pointer
L 08/10/2025 - 11:34:16: [AMXX] Run time error 10 (plugin "zp_effects_fix_44.amxx") (native "get_pcvar_num") - debug not enabled!
L 08/10/2025 - 11:34:16: [AMXX] To enable debug mode, add "debug" after the plugin name in plugins.ini (without quotes).
L 08/10/2025 - 11:39:05: Start of error session.
L 08/10/2025 - 11:39:05: Info (map "zm_fortuna_v2") (file "addons/amxmodx/logs/error_20250810.log")
L 08/10/2025 - 11:39:05: Invalid CVAR pointer
L 08/10/2025 - 11:39:05: [AMXX] Run time error 10 (plugin "zp_effects_fix_44.amxx") (native "get_pcvar_num") - debug not enabled!
L 08/10/2025 - 11:39:05: [AMXX] To enable debug mode, add "debug" after the plugin name in plugins.ini (without quotes).
L 08/10/2025 - 11:44:02: Start of error session.
L 08/10/2025 - 11:44:02: Info (map "zm_fortuna_v2") (file "addons/amxmodx/logs/error_20250810.log")
L 08/10/2025 - 11:44:02: Invalid CVAR pointer
L 08/10/2025 - 11:44:02: [AMXX] Run time error 10 (plugin "zp_effects_fix_44.amxx") (native "get_pcvar_num") - debug not enabled!
L 08/10/2025 - 11:44:02: [AMXX] To enable debug mode, add "debug" after the plugin name in plugins.ini (without quotes).
L 08/10/2025 - 11:52:42: Start of error session.
L 08/10/2025 - 11:52:42: Info (map "zm_fortuna_v2") (file "addons/amxmodx/logs/error_20250810.log")
L 08/10/2025 - 11:52:42: Invalid CVAR pointer
L 08/10/2025 - 11:52:42: [AMXX] Run time error 10 (plugin "zp_effects_fix_44.amxx") (native "get_pcvar_num") - debug not enabled!
L 08/10/2025 - 11:52:42: [AMXX] To enable debug mode, add "debug" after the plugin name in plugins.ini (without quotes).
L 08/10/2025 - 11:59:45: Start of error session.
L 08/10/2025 - 11:59:45: Info (map "zm_fortuna_v2") (file "addons/amxmodx/logs/error_20250810.log")
L 08/10/2025 - 11:59:45: Invalid CVAR pointer
L 08/10/2025 - 11:59:45: [AMXX] Run time error 10 (plugin "zp_effects_fix_44.amxx") (native "get_pcvar_num") - debug not enabled!
L 08/10/2025 - 11:59:45: [AMXX] To enable debug mode, add "debug" after the plugin name in plugins.ini (without quotes).
L 08/10/2025 - 12:08:46: Start of error session.
L 08/10/2025 - 12:08:46: Info (map "zm_fortuna_v2") (file "addons/amxmodx/logs/error_20250810.log")
L 08/10/2025 - 12:08:46: Invalid CVAR pointer
L 08/10/2025 - 12:08:46: [AMXX] Run time error 10 (plugin "zp_effects_fix_44.amxx") (native "get_pcvar_num") - debug not enabled!
L 08/10/2025 - 12:08:46: [AMXX] To enable debug mode, add "debug" after the plugin name in plugins.ini (without quotes).
L 08/10/2025 - 12:10:37: Start of error session.
L 08/10/2025 - 12:10:37: Info (map "zm_fortuna_v2") (file "addons/amxmodx/logs/error_20250810.log")
L 08/10/2025 - 12:10:37: Invalid CVAR pointer
L 08/10/2025 - 12:10:37: [AMXX] Run time error 10 (plugin "zp_effects_fix_44.amxx") (native "get_pcvar_num") - debug not enabled!
L 08/10/2025 - 12:10:37: [AMXX] To enable debug mode, add "debug" after the plugin name in plugins.ini (without quotes).
L 08/10/2025 - 14:09:04: Start of error session.
L 08/10/2025 - 14:09:04: Info (map "zm_fortuna_v2") (file "addons/amxmodx/logs/error_20250810.log")
L 08/10/2025 - 14:09:04: Invalid CVAR pointer
L 08/10/2025 - 14:09:04: [AMXX] Run time error 10 (plugin "zp_effects_fix_44.amxx") (native "get_pcvar_num") - debug not enabled!
L 08/10/2025 - 14:09:04: [AMXX] To enable debug mode, add "debug" after the plugin name in plugins.ini (without quotes).
L 08/10/2025 - 14:13:49: Start of error session.
L 08/10/2025 - 14:13:49: Info (map "zm_fortuna_v2") (file "addons/amxmodx/logs/error_20250810.log")
L 08/10/2025 - 14:13:49: Invalid CVAR pointer
L 08/10/2025 - 14:13:49: [AMXX] Run time error 10 (plugin "zp_effects_fix_44.amxx") (native "get_pcvar_num") - debug not enabled!
L 08/10/2025 - 14:13:49: [AMXX] To enable debug mode, add "debug" after the plugin name in plugins.ini (without quotes).
L 08/10/2025 - 14:42:18: Start of error session.
L 08/10/2025 - 14:42:18: Info (map "zm_fortuna_v2") (file "addons/amxmodx/logs/error_20250810.log")
L 08/10/2025 - 14:42:18: Invalid CVAR pointer
L 08/10/2025 - 14:42:18: [AMXX] Run time error 10 (plugin "zp_effects_fix_44.amxx") (native "get_pcvar_num") - debug not enabled!
L 08/10/2025 - 14:42:18: [AMXX] To enable debug mode, add "debug" after the plugin name in plugins.ini (without quotes).
L 08/10/2025 - 14:43:05: Start of error session.
L 08/10/2025 - 14:43:05: Info (map "zm_fortuna_v2") (file "addons/amxmodx/logs/error_20250810.log")
L 08/10/2025 - 14:43:05: Invalid CVAR pointer
L 08/10/2025 - 14:43:05: [AMXX] Run time error 10 (plugin "zp_effects_fix_44.amxx") (native "get_pcvar_num") - debug not enabled!
L 08/10/2025 - 14:43:05: [AMXX] To enable debug mode, add "debug" after the plugin name in plugins.ini (without quotes).
L 08/10/2025 - 18:43:43: Start of error session.
L 08/10/2025 - 18:43:43: Info (map "zm_fortuna_v2") (file "addons/amxmodx/logs/error_20250810.log")
L 08/10/2025 - 18:43:43: Invalid CVAR pointer
L 08/10/2025 - 18:43:43: [AMXX] Run time error 10 (plugin "zp_effects_fix_44.amxx") (native "get_pcvar_num") - debug not enabled!
L 08/10/2025 - 18:43:43: [AMXX] To enable debug mode, add "debug" after the plugin name in plugins.ini (without quotes).
L 08/10/2025 - 18:48:24: Start of error session.
L 08/10/2025 - 18:48:24: Info (map "zm_fortuna_v2") (file "addons/amxmodx/logs/error_20250810.log")
L 08/10/2025 - 18:48:24: Invalid CVAR pointer
L 08/10/2025 - 18:48:24: [AMXX] Run time error 10 (plugin "zp_effects_fix_44.amxx") (native "get_pcvar_num") - debug not enabled!
L 08/10/2025 - 18:48:24: [AMXX] To enable debug mode, add "debug" after the plugin name in plugins.ini (without quotes).
L 08/10/2025 - 18:50:24: Start of error session.
L 08/10/2025 - 18:50:24: Info (map "zm_terrible_invasion") (file "addons/amxmodx/logs/error_20250810.log")
L 08/10/2025 - 18:50:24: Invalid CVAR pointer
L 08/10/2025 - 18:50:24: [AMXX] Run time error 10 (plugin "zp_effects_fix_44.amxx") (native "get_pcvar_num") - debug not enabled!
L 08/10/2025 - 18:50:24: [AMXX] To enable debug mode, add "debug" after the plugin name in plugins.ini (without quotes).
L 08/10/2025 - 18:51:24: Start of error session.
L 08/10/2025 - 18:51:24: Info (map "zm_terrible_invasion") (file "addons/amxmodx/logs/error_20250810.log")
L 08/10/2025 - 18:51:24: Invalid CVAR pointer
L 08/10/2025 - 18:51:24: [AMXX] Run time error 10 (plugin "zp_effects_fix_44.amxx") (native "get_pcvar_num") - debug not enabled!
L 08/10/2025 - 18:51:24: [AMXX] To enable debug mode, add "debug" after the plugin name in plugins.ini (without quotes).
L 08/10/2025 - 18:52:44: Start of error session.
L 08/10/2025 - 18:52:44: Info (map "zm_pool_evil") (file "addons/amxmodx/logs/error_20250810.log")
L 08/10/2025 - 18:52:44: Invalid CVAR pointer
L 08/10/2025 - 18:52:44: [AMXX] Run time error 10 (plugin "zp_effects_fix_44.amxx") (native "get_pcvar_num") - debug not enabled!
L 08/10/2025 - 18:52:44: [AMXX] To enable debug mode, add "debug" after the plugin name in plugins.ini (without quotes).
L 08/10/2025 - 18:53:24: Start of error session.
L 08/10/2025 - 18:53:24: Info (map "zm_pacman") (file "addons/amxmodx/logs/error_20250810.log")
L 08/10/2025 - 18:53:24: Invalid CVAR pointer
L 08/10/2025 - 18:53:24: [AMXX] Run time error 10 (plugin "zp_effects_fix_44.amxx") (native "get_pcvar_num") - debug not enabled!
L 08/10/2025 - 18:53:24: [AMXX] To enable debug mode, add "debug" after the plugin name in plugins.ini (without quotes).
L 08/10/2025 - 18:53:49: Start of error session.
L 08/10/2025 - 18:53:49: Info (map "zm_pacman") (file "addons/amxmodx/logs/error_20250810.log")
L 08/10/2025 - 18:53:49: Invalid CVAR pointer
L 08/10/2025 - 18:53:49: [AMXX] Run time error 10 (plugin "zp_effects_fix_44.amxx") (native "get_pcvar_num") - debug not enabled!
L 08/10/2025 - 18:53:49: [AMXX] To enable debug mode, add "debug" after the plugin name in plugins.ini (without quotes).
L 08/10/2025 - 19:32:33: Start of error session.
L 08/10/2025 - 19:32:33: Info (map "zm_pacman") (file "addons/amxmodx/logs/error_20250810.log")
L 08/10/2025 - 19:32:33: Invalid CVAR pointer
L 08/10/2025 - 19:32:33: [AMXX] Run time error 10 (plugin "zp_effects_fix_44.amxx") (native "get_pcvar_num") - debug not enabled!
L 08/10/2025 - 19:32:33: [AMXX] To enable debug mode, add "debug" after the plugin name in plugins.ini (without quotes).
L 08/10/2025 - 19:47:14: Start of error session.
L 08/10/2025 - 19:47:14: Info (map "zm_pacman") (file "addons/amxmodx/logs/error_20250810.log")
L 08/10/2025 - 19:47:14: Invalid CVAR pointer
L 08/10/2025 - 19:47:14: [AMXX] Run time error 10 (plugin "zp_effects_fix_44.amxx") (native "get_pcvar_num") - debug not enabled!
L 08/10/2025 - 19:47:14: [AMXX] To enable debug mode, add "debug" after the plugin name in plugins.ini (without quotes).
L 08/10/2025 - 19:48:08: Start of error session.
L 08/10/2025 - 19:48:08: Info (map "zm_pacman") (file "addons/amxmodx/logs/error_20250810.log")
L 08/10/2025 - 19:48:08: Invalid CVAR pointer
L 08/10/2025 - 19:48:08: [AMXX] Run time error 10 (plugin "zp_effects_fix_44.amxx") (native "get_pcvar_num") - debug not enabled!
L 08/10/2025 - 19:48:08: [AMXX] To enable debug mode, add "debug" after the plugin name in plugins.ini (without quotes).
L 08/10/2025 - 19:49:47: Start of error session.
L 08/10/2025 - 19:49:47: Info (map "zm_gbox6") (file "addons/amxmodx/logs/error_20250810.log")
L 08/10/2025 - 19:49:47: Invalid CVAR pointer
L 08/10/2025 - 19:49:47: [AMXX] Run time error 10 (plugin "zp_effects_fix_44.amxx") (native "get_pcvar_num") - debug not enabled!
L 08/10/2025 - 19:49:47: [AMXX] To enable debug mode, add "debug" after the plugin name in plugins.ini (without quotes).
L 08/10/2025 - 20:30:05: Start of error session.
L 08/10/2025 - 20:30:05: Info (map "zm_gbox6") (file "addons/amxmodx/logs/error_20250810.log")
L 08/10/2025 - 20:30:05: Invalid CVAR pointer
L 08/10/2025 - 20:30:05: [AMXX] Run time error 10 (plugin "zp_effects_fix_44.amxx") (native "get_pcvar_num") - debug not enabled!
L 08/10/2025 - 20:30:05: [AMXX] To enable debug mode, add "debug" after the plugin name in plugins.ini (without quotes).
L 08/10/2025 - 20:41:56: Start of error session.
L 08/10/2025 - 20:41:56: Info (map "zm_gbox6") (file "addons/amxmodx/logs/error_20250810.log")
L 08/10/2025 - 20:41:56: Invalid CVAR pointer
L 08/10/2025 - 20:41:56: [AMXX] Run time error 10 (plugin "zp_effects_fix_44.amxx") (native "get_pcvar_num") - debug not enabled!
L 08/10/2025 - 20:41:56: [AMXX] To enable debug mode, add "debug" after the plugin name in plugins.ini (without quotes).
L 08/10/2025 - 20:46:49: Start of error session.
L 08/10/2025 - 20:46:49: Info (map "zm_gbox6") (file "addons/amxmodx/logs/error_20250810.log")
L 08/10/2025 - 20:46:49: Invalid CVAR pointer
L 08/10/2025 - 20:46:49: [AMXX] Run time error 10 (plugin "zp_effects_fix_44.amxx") (native "get_pcvar_num") - debug not enabled!
L 08/10/2025 - 20:46:49: [AMXX] To enable debug mode, add "debug" after the plugin name in plugins.ini (without quotes).
L 08/10/2025 - 20:49:17: Start of error session.
L 08/10/2025 - 20:49:17: Info (map "zm_gbox6") (file "addons/amxmodx/logs/error_20250810.log")
L 08/10/2025 - 20:49:17: Invalid CVAR pointer
L 08/10/2025 - 20:49:17: [AMXX] Run time error 10 (plugin "zp_effects_fix_44.amxx") (native "get_pcvar_num") - debug not enabled!
L 08/10/2025 - 20:49:17: [AMXX] To enable debug mode, add "debug" after the plugin name in plugins.ini (without quotes).
L 08/10/2025 - 20:53:31: Start of error session.
L 08/10/2025 - 20:53:31: Info (map "zm_gbox6") (file "addons/amxmodx/logs/error_20250810.log")
L 08/10/2025 - 20:53:31: Invalid CVAR pointer
L 08/10/2025 - 20:53:31: [AMXX] Run time error 10 (plugin "zp_effects_fix_44.amxx") (native "get_pcvar_num") - debug not enabled!
L 08/10/2025 - 20:53:31: [AMXX] To enable debug mode, add "debug" after the plugin name in plugins.ini (without quotes).
