L 08/11/2025 - 08:04:05: Start of error session.
L 08/11/2025 - 08:04:05: Info (map "zm_gbox6") (file "addons/amxmodx/logs/error_20250811.log")
L 08/11/2025 - 08:04:05: Invalid CVAR pointer
L 08/11/2025 - 08:04:05: [AMXX] Run time error 10 (plugin "zp_effects_fix_44.amxx") (native "get_pcvar_num") - debug not enabled!
L 08/11/2025 - 08:04:05: [AMXX] To enable debug mode, add "debug" after the plugin name in plugins.ini (without quotes).
L 08/11/2025 - 08:17:13: Start of error session.
L 08/11/2025 - 08:17:13: Info (map "zm_gbox6") (file "addons/amxmodx/logs/error_20250811.log")
L 08/11/2025 - 08:17:13: Invalid CVAR pointer
L 08/11/2025 - 08:17:13: [AMXX] Run time error 10 (plugin "zp_effects_fix_44.amxx") (native "get_pcvar_num") - debug not enabled!
L 08/11/2025 - 08:17:13: [AMXX] To enable debug mode, add "debug" after the plugin name in plugins.ini (without quotes).
L 08/11/2025 - 08:20:44: Start of error session.
L 08/11/2025 - 08:20:44: Info (map "zm_gbox6") (file "addons/amxmodx/logs/error_20250811.log")
L 08/11/2025 - 08:20:44: Invalid CVAR pointer
L 08/11/2025 - 08:20:44: [AMXX] Run time error 10 (plugin "zp_effects_fix_44.amxx") (native "get_pcvar_num") - debug not enabled!
L 08/11/2025 - 08:20:44: [AMXX] To enable debug mode, add "debug" after the plugin name in plugins.ini (without quotes).
L 08/11/2025 - 08:25:05: Start of error session.
L 08/11/2025 - 08:25:05: Info (map "zm_gbox6") (file "addons/amxmodx/logs/error_20250811.log")
L 08/11/2025 - 08:25:05: Invalid CVAR pointer
L 08/11/2025 - 08:25:05: [AMXX] Run time error 10 (plugin "zp_effects_fix_44.amxx") (native "get_pcvar_num") - debug not enabled!
L 08/11/2025 - 08:25:05: [AMXX] To enable debug mode, add "debug" after the plugin name in plugins.ini (without quotes).
L 08/11/2025 - 08:31:14: Start of error session.
L 08/11/2025 - 08:31:14: Info (map "zm_gbox6") (file "addons/amxmodx/logs/error_20250811.log")
L 08/11/2025 - 08:31:14: Invalid CVAR pointer
L 08/11/2025 - 08:31:14: [AMXX] Run time error 10 (plugin "zp_effects_fix_44.amxx") (native "get_pcvar_num") - debug not enabled!
L 08/11/2025 - 08:31:14: [AMXX] To enable debug mode, add "debug" after the plugin name in plugins.ini (without quotes).
L 08/11/2025 - 08:40:48: Start of error session.
L 08/11/2025 - 08:40:48: Info (map "zm_gbox6") (file "addons/amxmodx/logs/error_20250811.log")
L 08/11/2025 - 08:40:48: Invalid CVAR pointer
L 08/11/2025 - 08:40:48: [AMXX] Run time error 10 (plugin "zp_effects_fix_44.amxx") (native "get_pcvar_num") - debug not enabled!
L 08/11/2025 - 08:40:48: [AMXX] To enable debug mode, add "debug" after the plugin name in plugins.ini (without quotes).
L 08/11/2025 - 08:50:25: Start of error session.
L 08/11/2025 - 08:50:25: Info (map "zm_lila_panic") (file "addons/amxmodx/logs/error_20250811.log")
L 08/11/2025 - 08:50:25: Invalid CVAR pointer
L 08/11/2025 - 08:50:25: [AMXX] Run time error 10 (plugin "zp_effects_fix_44.amxx") (native "get_pcvar_num") - debug not enabled!
L 08/11/2025 - 08:50:25: [AMXX] To enable debug mode, add "debug" after the plugin name in plugins.ini (without quotes).
L 08/11/2025 - 08:50:54: Start of error session.
L 08/11/2025 - 08:50:54: Info (map "zm_lila_panic") (file "addons/amxmodx/logs/error_20250811.log")
L 08/11/2025 - 08:50:54: Invalid CVAR pointer
L 08/11/2025 - 08:50:54: [AMXX] Run time error 10 (plugin "zp_effects_fix_44.amxx") (native "get_pcvar_num") - debug not enabled!
L 08/11/2025 - 08:50:54: [AMXX] To enable debug mode, add "debug" after the plugin name in plugins.ini (without quotes).
L 08/11/2025 - 09:13:20: Start of error session.
L 08/11/2025 - 09:13:20: Info (map "zm_lila_panic") (file "addons/amxmodx/logs/error_20250811.log")
L 08/11/2025 - 09:13:20: Invalid CVAR pointer
L 08/11/2025 - 09:13:20: [AMXX] Run time error 10 (plugin "zp_effects_fix_44.amxx") (native "get_pcvar_num") - debug not enabled!
L 08/11/2025 - 09:13:20: [AMXX] To enable debug mode, add "debug" after the plugin name in plugins.ini (without quotes).
L 08/11/2025 - 09:19:20: Start of error session.
L 08/11/2025 - 09:19:20: Info (map "zm_lila_panic") (file "addons/amxmodx/logs/error_20250811.log")
L 08/11/2025 - 09:19:20: Invalid CVAR pointer
L 08/11/2025 - 09:19:20: [AMXX] Run time error 10 (plugin "zp_effects_fix_44.amxx") (native "get_pcvar_num") - debug not enabled!
L 08/11/2025 - 09:19:20: [AMXX] To enable debug mode, add "debug" after the plugin name in plugins.ini (without quotes).
L 08/11/2025 - 09:19:44: Start of error session.
L 08/11/2025 - 09:19:44: Info (map "zm_terrible_invasion") (file "addons/amxmodx/logs/error_20250811.log")
L 08/11/2025 - 09:19:44: Invalid CVAR pointer
L 08/11/2025 - 09:19:44: [AMXX] Run time error 10 (plugin "zp_effects_fix_44.amxx") (native "get_pcvar_num") - debug not enabled!
L 08/11/2025 - 09:19:44: [AMXX] To enable debug mode, add "debug" after the plugin name in plugins.ini (without quotes).
L 08/11/2025 - 09:29:49: Start of error session.
L 08/11/2025 - 09:29:49: Info (map "zm_terrible_invasion") (file "addons/amxmodx/logs/error_20250811.log")
L 08/11/2025 - 09:29:49: Invalid CVAR pointer
L 08/11/2025 - 09:29:49: [AMXX] Run time error 10 (plugin "zp_effects_fix_44.amxx") (native "get_pcvar_num") - debug not enabled!
L 08/11/2025 - 09:29:49: [AMXX] To enable debug mode, add "debug" after the plugin name in plugins.ini (without quotes).
L 08/11/2025 - 09:34:41: Start of error session.
L 08/11/2025 - 09:34:41: Info (map "zm_terrible_invasion") (file "addons/amxmodx/logs/error_20250811.log")
L 08/11/2025 - 09:34:41: Invalid CVAR pointer
L 08/11/2025 - 09:34:41: [AMXX] Run time error 10 (plugin "zp_effects_fix_44.amxx") (native "get_pcvar_num") - debug not enabled!
L 08/11/2025 - 09:34:41: [AMXX] To enable debug mode, add "debug" after the plugin name in plugins.ini (without quotes).
L 08/11/2025 - 09:41:24: Start of error session.
L 08/11/2025 - 09:41:24: Info (map "zm_terrible_invasion") (file "addons/amxmodx/logs/error_20250811.log")
L 08/11/2025 - 09:41:24: Invalid CVAR pointer
L 08/11/2025 - 09:41:24: [AMXX] Run time error 10 (plugin "zp_effects_fix_44.amxx") (native "get_pcvar_num") - debug not enabled!
L 08/11/2025 - 09:41:24: [AMXX] To enable debug mode, add "debug" after the plugin name in plugins.ini (without quotes).
L 08/11/2025 - 09:52:10: Start of error session.
L 08/11/2025 - 09:52:10: Info (map "zm_terrible_invasion") (file "addons/amxmodx/logs/error_20250811.log")
L 08/11/2025 - 09:52:10: Invalid CVAR pointer
L 08/11/2025 - 09:52:10: [AMXX] Run time error 10 (plugin "zp_effects_fix_44.amxx") (native "get_pcvar_num") - debug not enabled!
L 08/11/2025 - 09:52:10: [AMXX] To enable debug mode, add "debug" after the plugin name in plugins.ini (without quotes).
L 08/11/2025 - 09:53:11: Start of error session.
L 08/11/2025 - 09:53:11: Info (map "zm_gbox7") (file "addons/amxmodx/logs/error_20250811.log")
L 08/11/2025 - 09:53:11: Invalid CVAR pointer
L 08/11/2025 - 09:53:11: [AMXX] Run time error 10 (plugin "zp_effects_fix_44.amxx") (native "get_pcvar_num") - debug not enabled!
L 08/11/2025 - 09:53:11: [AMXX] To enable debug mode, add "debug" after the plugin name in plugins.ini (without quotes).
L 08/11/2025 - 09:53:39: Start of error session.
L 08/11/2025 - 09:53:39: Info (map "zm_gbox6") (file "addons/amxmodx/logs/error_20250811.log")
L 08/11/2025 - 09:53:39: Invalid CVAR pointer
L 08/11/2025 - 09:53:39: [AMXX] Run time error 10 (plugin "zp_effects_fix_44.amxx") (native "get_pcvar_num") - debug not enabled!
L 08/11/2025 - 09:53:39: [AMXX] To enable debug mode, add "debug" after the plugin name in plugins.ini (without quotes).
L 08/11/2025 - 10:02:35: Start of error session.
L 08/11/2025 - 10:02:35: Info (map "zm_gbox6") (file "addons/amxmodx/logs/error_20250811.log")
L 08/11/2025 - 10:02:35: Invalid CVAR pointer
L 08/11/2025 - 10:02:35: [AMXX] Run time error 10 (plugin "zp_effects_fix_44.amxx") (native "get_pcvar_num") - debug not enabled!
L 08/11/2025 - 10:02:35: [AMXX] To enable debug mode, add "debug" after the plugin name in plugins.ini (without quotes).
L 08/11/2025 - 10:14:13: Start of error session.
L 08/11/2025 - 10:14:13: Info (map "zm_gbox6") (file "addons/amxmodx/logs/error_20250811.log")
L 08/11/2025 - 10:14:13: Invalid CVAR pointer
L 08/11/2025 - 10:14:13: [AMXX] Run time error 10 (plugin "zp_effects_fix_44.amxx") (native "get_pcvar_num") - debug not enabled!
L 08/11/2025 - 10:14:13: [AMXX] To enable debug mode, add "debug" after the plugin name in plugins.ini (without quotes).
L 08/11/2025 - 10:15:28: Start of error session.
L 08/11/2025 - 10:15:28: Info (map "zm_gbox6") (file "addons/amxmodx/logs/error_20250811.log")
L 08/11/2025 - 10:15:28: Invalid CVAR pointer
L 08/11/2025 - 10:15:28: [AMXX] Run time error 10 (plugin "zp_effects_fix_44.amxx") (native "get_pcvar_num") - debug not enabled!
L 08/11/2025 - 10:15:28: [AMXX] To enable debug mode, add "debug" after the plugin name in plugins.ini (without quotes).
L 08/11/2025 - 10:19:02: Start of error session.
L 08/11/2025 - 10:19:02: Info (map "zm_gbox6") (file "addons/amxmodx/logs/error_20250811.log")
L 08/11/2025 - 10:19:02: Invalid CVAR pointer
L 08/11/2025 - 10:19:02: [AMXX] Run time error 10 (plugin "zp_effects_fix_44.amxx") (native "get_pcvar_num") - debug not enabled!
L 08/11/2025 - 10:19:02: [AMXX] To enable debug mode, add "debug" after the plugin name in plugins.ini (without quotes).
L 08/11/2025 - 10:27:43: Start of error session.
L 08/11/2025 - 10:27:43: Info (map "zm_gbox6") (file "addons/amxmodx/logs/error_20250811.log")
L 08/11/2025 - 10:27:43: Invalid CVAR pointer
L 08/11/2025 - 10:27:43: [AMXX] Run time error 10 (plugin "zp_effects_fix_44.amxx") (native "get_pcvar_num") - debug not enabled!
L 08/11/2025 - 10:27:43: [AMXX] To enable debug mode, add "debug" after the plugin name in plugins.ini (without quotes).
L 08/11/2025 - 10:28:48: Start of error session.
L 08/11/2025 - 10:28:48: Info (map "zm_gbox6") (file "addons/amxmodx/logs/error_20250811.log")
L 08/11/2025 - 10:28:48: Invalid CVAR pointer
L 08/11/2025 - 10:28:48: [AMXX] Run time error 10 (plugin "zp_effects_fix_44.amxx") (native "get_pcvar_num") - debug not enabled!
L 08/11/2025 - 10:28:48: [AMXX] To enable debug mode, add "debug" after the plugin name in plugins.ini (without quotes).
L 08/11/2025 - 10:32:18: Start of error session.
L 08/11/2025 - 10:32:18: Info (map "zm_gbox6") (file "addons/amxmodx/logs/error_20250811.log")
L 08/11/2025 - 10:32:18: Invalid CVAR pointer
L 08/11/2025 - 10:32:18: [AMXX] Run time error 10 (plugin "zp_effects_fix_44.amxx") (native "get_pcvar_num") - debug not enabled!
L 08/11/2025 - 10:32:18: [AMXX] To enable debug mode, add "debug" after the plugin name in plugins.ini (without quotes).
L 08/11/2025 - 10:53:21: Start of error session.
L 08/11/2025 - 10:53:21: Info (map "zm_gbox6") (file "addons/amxmodx/logs/error_20250811.log")
L 08/11/2025 - 10:53:21: Invalid CVAR pointer
L 08/11/2025 - 10:53:21: [AMXX] Run time error 10 (plugin "zp_effects_fix_44.amxx") (native "get_pcvar_num") - debug not enabled!
L 08/11/2025 - 10:53:21: [AMXX] To enable debug mode, add "debug" after the plugin name in plugins.ini (without quotes).
