L 08/04/2025 - 10:33:12: Start of error session.
L 08/04/2025 - 10:33:12: Info (map "zm_fortuna_v2") (file "addons/amxmodx/logs/error_20250804.log")
L 08/04/2025 - 10:33:12: [AMXX] Load error 17 (invalid file format or version) (plugin "zp_level_system.amxx")
L 08/04/2025 - 10:34:32: Start of error session.
L 08/04/2025 - 10:34:32: Info (map "zm_fortuna_v2") (file "addons/amxmodx/logs/error_20250804.log")
L 08/04/2025 - 10:34:32: [AMXX] Load error 17 (invalid file format or version) (plugin "zp_level_system.amxx")
L 08/04/2025 - 10:38:38: Start of error session.
L 08/04/2025 - 10:38:38: Info (map "zm_fortuna_v2") (file "addons/amxmodx/logs/error_20250804.log")
L 08/04/2025 - 10:38:38: [AMXX] Run time error 4 (plugin "zombie_plague44.amxx") - debug not enabled!
L 08/04/2025 - 10:38:38: [AMXX] To enable debug mode, add "debug" after the plugin name in plugins.ini (without quotes).
L 08/04/2025 - 10:38:38: [AMXX] Run time error 4 (plugin "zombie_plague44.amxx") - debug not enabled!
L 08/04/2025 - 10:38:38: [AMXX] To enable debug mode, add "debug" after the plugin name in plugins.ini (without quotes).
L 08/04/2025 - 10:38:38: [AMXX] Run time error 4 (plugin "zombie_plague44.amxx") - debug not enabled!
L 08/04/2025 - 10:38:39: [AMXX] To enable debug mode, add "debug" after the plugin name in plugins.ini (without quotes).
L 08/04/2025 - 10:38:39: [AMXX] Run time error 4 (plugin "zombie_plague44.amxx") - debug not enabled!
L 08/04/2025 - 10:38:39: [AMXX] To enable debug mode, add "debug" after the plugin name in plugins.ini (without quotes).
L 08/04/2025 - 10:38:39: [AMXX] Run time error 4 (plugin "zombie_plague44.amxx") - debug not enabled!
L 08/04/2025 - 10:38:39: [AMXX] To enable debug mode, add "debug" after the plugin name in plugins.ini (without quotes).
L 08/04/2025 - 10:38:58: [AMXX] Run time error 4 (plugin "zombie_plague44.amxx") - debug not enabled!
L 08/04/2025 - 10:38:58: [AMXX] To enable debug mode, add "debug" after the plugin name in plugins.ini (without quotes).
L 08/04/2025 - 10:38:58: [AMXX] Run time error 4 (plugin "zombie_plague44.amxx") - debug not enabled!
L 08/04/2025 - 10:38:58: [AMXX] To enable debug mode, add "debug" after the plugin name in plugins.ini (without quotes).
L 08/04/2025 - 10:38:58: [AMXX] Run time error 4 (plugin "zombie_plague44.amxx") - debug not enabled!
L 08/04/2025 - 10:38:58: [AMXX] To enable debug mode, add "debug" after the plugin name in plugins.ini (without quotes).
L 08/04/2025 - 10:38:58: [AMXX] Run time error 4 (plugin "zombie_plague44.amxx") - debug not enabled!
L 08/04/2025 - 10:38:58: [AMXX] To enable debug mode, add "debug" after the plugin name in plugins.ini (without quotes).
L 08/04/2025 - 10:39:46: [AMXX] Run time error 4 (plugin "zombie_plague44.amxx") - debug not enabled!
L 08/04/2025 - 10:39:46: [AMXX] To enable debug mode, add "debug" after the plugin name in plugins.ini (without quotes).
L 08/04/2025 - 10:39:46: [AMXX] Run time error 4 (plugin "zombie_plague44.amxx") - debug not enabled!
L 08/04/2025 - 10:39:46: [AMXX] To enable debug mode, add "debug" after the plugin name in plugins.ini (without quotes).
L 08/04/2025 - 10:39:46: [AMXX] Run time error 4 (plugin "zombie_plague44.amxx") - debug not enabled!
L 08/04/2025 - 10:39:46: [AMXX] To enable debug mode, add "debug" after the plugin name in plugins.ini (without quotes).
L 08/04/2025 - 10:39:46: [AMXX] Run time error 4 (plugin "zombie_plague44.amxx") - debug not enabled!
L 08/04/2025 - 10:39:46: [AMXX] To enable debug mode, add "debug" after the plugin name in plugins.ini (without quotes).
L 08/04/2025 - 10:39:46: [AMXX] Run time error 4 (plugin "zombie_plague44.amxx") - debug not enabled!
L 08/04/2025 - 10:39:46: [AMXX] To enable debug mode, add "debug" after the plugin name in plugins.ini (without quotes).
L 08/04/2025 - 10:39:46: [AMXX] Run time error 4 (plugin "zombie_plague44.amxx") - debug not enabled!
L 08/04/2025 - 10:39:46: [AMXX] To enable debug mode, add "debug" after the plugin name in plugins.ini (without quotes).
L 08/04/2025 - 10:39:46: [AMXX] Run time error 4 (plugin "zombie_plague44.amxx") - debug not enabled!
L 08/04/2025 - 10:39:46: [AMXX] To enable debug mode, add "debug" after the plugin name in plugins.ini (without quotes).
L 08/04/2025 - 10:39:49: [AMXX] Run time error 4 (plugin "countdown.amxx") - debug not enabled!
L 08/04/2025 - 10:39:49: [AMXX] To enable debug mode, add "debug" after the plugin name in plugins.ini (without quotes).
L 08/04/2025 - 10:39:49: [AMXX] Run time error 4 (plugin "countdown.amxx") - debug not enabled!
L 08/04/2025 - 10:39:49: [AMXX] To enable debug mode, add "debug" after the plugin name in plugins.ini (without quotes).
L 08/04/2025 - 10:39:50: [AMXX] Run time error 4 (plugin "zombie_plague44.amxx") - debug not enabled!
L 08/04/2025 - 10:39:50: [AMXX] To enable debug mode, add "debug" after the plugin name in plugins.ini (without quotes).
L 08/04/2025 - 10:39:50: [AMXX] Run time error 4 (plugin "zombie_plague44.amxx") - debug not enabled!
L 08/04/2025 - 10:39:50: [AMXX] To enable debug mode, add "debug" after the plugin name in plugins.ini (without quotes).
L 08/04/2025 - 10:39:50: [AMXX] Run time error 4 (plugin "zombie_plague44.amxx") - debug not enabled!
L 08/04/2025 - 10:39:50: [AMXX] To enable debug mode, add "debug" after the plugin name in plugins.ini (without quotes).
L 08/04/2025 - 10:39:50: [AMXX] Run time error 4 (plugin "zombie_plague44.amxx") - debug not enabled!
L 08/04/2025 - 10:39:50: [AMXX] To enable debug mode, add "debug" after the plugin name in plugins.ini (without quotes).
L 08/04/2025 - 10:39:50: [AMXX] Run time error 4 (plugin "countdown.amxx") - debug not enabled!
L 08/04/2025 - 10:39:50: [AMXX] To enable debug mode, add "debug" after the plugin name in plugins.ini (without quotes).
L 08/04/2025 - 10:39:50: [AMXX] Run time error 4 (plugin "countdown.amxx") - debug not enabled!
L 08/04/2025 - 10:39:50: [AMXX] To enable debug mode, add "debug" after the plugin name in plugins.ini (without quotes).
L 08/04/2025 - 10:39:50: [AMXX] Run time error 4 (plugin "countdown.amxx") - debug not enabled!
L 08/04/2025 - 10:39:50: [AMXX] To enable debug mode, add "debug" after the plugin name in plugins.ini (without quotes).
L 08/04/2025 - 10:39:50: [AMXX] Run time error 4 (plugin "countdown.amxx") - debug not enabled!
L 08/04/2025 - 10:39:50: [AMXX] To enable debug mode, add "debug" after the plugin name in plugins.ini (without quotes).
L 08/04/2025 - 10:39:50: [AMXX] Run time error 4 (plugin "countdown.amxx") - debug not enabled!
L 08/04/2025 - 10:39:50: [AMXX] To enable debug mode, add "debug" after the plugin name in plugins.ini (without quotes).
L 08/04/2025 - 10:39:50: [AMXX] Run time error 4 (plugin "countdown.amxx") - debug not enabled!
L 08/04/2025 - 10:39:50: [AMXX] To enable debug mode, add "debug" after the plugin name in plugins.ini (without quotes).
L 08/04/2025 - 10:39:50: [AMXX] Run time error 4 (plugin "countdown.amxx") - debug not enabled!
L 08/04/2025 - 10:39:50: [AMXX] To enable debug mode, add "debug" after the plugin name in plugins.ini (without quotes).
L 08/04/2025 - 10:39:50: [AMXX] Run time error 4 (plugin "countdown.amxx") - debug not enabled!
L 08/04/2025 - 10:39:50: [AMXX] To enable debug mode, add "debug" after the plugin name in plugins.ini (without quotes).
L 08/04/2025 - 10:39:50: [AMXX] Run time error 4 (plugin "countdown.amxx") - debug not enabled!
L 08/04/2025 - 10:39:51: [AMXX] To enable debug mode, add "debug" after the plugin name in plugins.ini (without quotes).
L 08/04/2025 - 10:40:34: [AMXX] Run time error 4 (plugin "zombie_plague44.amxx") - debug not enabled!
L 08/04/2025 - 10:40:34: [AMXX] To enable debug mode, add "debug" after the plugin name in plugins.ini (without quotes).
L 08/04/2025 - 10:40:34: [AMXX] Run time error 4 (plugin "zombie_plague44.amxx") - debug not enabled!
L 08/04/2025 - 10:40:34: [AMXX] To enable debug mode, add "debug" after the plugin name in plugins.ini (without quotes).
L 08/04/2025 - 10:40:34: [AMXX] Run time error 4 (plugin "zombie_plague44.amxx") - debug not enabled!
L 08/04/2025 - 10:40:34: [AMXX] To enable debug mode, add "debug" after the plugin name in plugins.ini (without quotes).
L 08/04/2025 - 10:40:34: [AMXX] Run time error 4 (plugin "zombie_plague44.amxx") - debug not enabled!
L 08/04/2025 - 10:40:34: [AMXX] To enable debug mode, add "debug" after the plugin name in plugins.ini (without quotes).
L 08/04/2025 - 15:09:46: Start of error session.
L 08/04/2025 - 15:09:46: Info (map "zm_fortuna_v2") (file "addons/amxmodx/logs/error_20250804.log")
L 08/04/2025 - 15:09:46: Could not find function "msg_fix_name"
L 08/04/2025 - 15:09:46: [AMXX] Run time error 19 (plugin "zp_level_system.amxx") - debug not enabled!
L 08/04/2025 - 15:09:46: [AMXX] To enable debug mode, add "debug" after the plugin name in plugins.ini (without quotes).
L 08/04/2025 - 15:09:46: Invalid CVAR pointer
L 08/04/2025 - 15:09:46: [AMXX] Run time error 10 (plugin "zp_level_system.amxx") (native "get_pcvar_num") - debug not enabled!
L 08/04/2025 - 15:09:46: [AMXX] To enable debug mode, add "debug" after the plugin name in plugins.ini (without quotes).
L 08/04/2025 - 15:09:46: Invalid CVAR pointer
L 08/04/2025 - 15:09:46: [AMXX] Run time error 10 (plugin "zp_level_system.amxx") (native "get_pcvar_num") - debug not enabled!
L 08/04/2025 - 15:09:46: [AMXX] To enable debug mode, add "debug" after the plugin name in plugins.ini (without quotes).
L 08/04/2025 - 15:09:47: Invalid CVAR pointer
L 08/04/2025 - 15:09:47: [AMXX] Run time error 10 (plugin "zp_level_system.amxx") (native "get_pcvar_float") - debug not enabled!
L 08/04/2025 - 15:09:47: [AMXX] To enable debug mode, add "debug" after the plugin name in plugins.ini (without quotes).
L 08/04/2025 - 15:09:56: Invalid CVAR pointer
L 08/04/2025 - 15:09:56: [AMXX] Run time error 10 (plugin "zp_level_system.amxx") (native "get_pcvar_num") - debug not enabled!
L 08/04/2025 - 15:09:56: [AMXX] To enable debug mode, add "debug" after the plugin name in plugins.ini (without quotes).
L 08/04/2025 - 15:09:56: Invalid CVAR pointer
L 08/04/2025 - 15:09:56: [AMXX] Run time error 10 (plugin "zp_level_system.amxx") (native "get_pcvar_num") - debug not enabled!
L 08/04/2025 - 15:09:56: [AMXX] To enable debug mode, add "debug" after the plugin name in plugins.ini (without quotes).
L 08/04/2025 - 15:09:57: Invalid CVAR pointer
L 08/04/2025 - 15:09:57: [AMXX] Run time error 10 (plugin "zp_level_system.amxx") (native "get_pcvar_num") - debug not enabled!
L 08/04/2025 - 15:09:57: [AMXX] To enable debug mode, add "debug" after the plugin name in plugins.ini (without quotes).
L 08/04/2025 - 15:09:57: Invalid CVAR pointer
L 08/04/2025 - 15:09:57: [AMXX] Run time error 10 (plugin "zp_level_system.amxx") (native "get_pcvar_num") - debug not enabled!
L 08/04/2025 - 15:09:57: [AMXX] To enable debug mode, add "debug" after the plugin name in plugins.ini (without quotes).
L 08/04/2025 - 15:09:58: Invalid CVAR pointer
L 08/04/2025 - 15:09:58: [AMXX] Run time error 10 (plugin "zp_level_system.amxx") (native "get_pcvar_num") - debug not enabled!
L 08/04/2025 - 15:09:58: [AMXX] To enable debug mode, add "debug" after the plugin name in plugins.ini (without quotes).
L 08/04/2025 - 15:09:58: Invalid CVAR pointer
L 08/04/2025 - 15:09:58: [AMXX] Run time error 10 (plugin "zp_level_system.amxx") (native "get_pcvar_num") - debug not enabled!
L 08/04/2025 - 15:09:58: [AMXX] To enable debug mode, add "debug" after the plugin name in plugins.ini (without quotes).
L 08/04/2025 - 15:09:59: Invalid CVAR pointer
L 08/04/2025 - 15:09:59: [AMXX] Run time error 10 (plugin "zp_level_system.amxx") (native "get_pcvar_num") - debug not enabled!
L 08/04/2025 - 15:09:59: [AMXX] To enable debug mode, add "debug" after the plugin name in plugins.ini (without quotes).
L 08/04/2025 - 15:09:59: Invalid CVAR pointer
L 08/04/2025 - 15:09:59: [AMXX] Run time error 10 (plugin "zp_level_system.amxx") (native "get_pcvar_num") - debug not enabled!
L 08/04/2025 - 15:09:59: [AMXX] To enable debug mode, add "debug" after the plugin name in plugins.ini (without quotes).
L 08/04/2025 - 15:10:13: Invalid CVAR pointer
L 08/04/2025 - 15:10:13: [AMXX] Run time error 10 (plugin "zp_level_system.amxx") (native "get_pcvar_float") - debug not enabled!
L 08/04/2025 - 15:10:13: [AMXX] To enable debug mode, add "debug" after the plugin name in plugins.ini (without quotes).
L 08/04/2025 - 15:10:13: Invalid CVAR pointer
L 08/04/2025 - 15:10:13: [AMXX] Run time error 10 (plugin "zp_level_system.amxx") (native "get_pcvar_num") - debug not enabled!
L 08/04/2025 - 15:10:13: [AMXX] To enable debug mode, add "debug" after the plugin name in plugins.ini (without quotes).
L 08/04/2025 - 15:10:13: Invalid CVAR pointer
L 08/04/2025 - 15:10:13: [AMXX] Run time error 10 (plugin "zp_level_system.amxx") (native "get_pcvar_num") - debug not enabled!
L 08/04/2025 - 15:10:13: [AMXX] To enable debug mode, add "debug" after the plugin name in plugins.ini (without quotes).
L 08/04/2025 - 15:10:13: Invalid CVAR pointer
L 08/04/2025 - 15:10:13: [AMXX] Run time error 10 (plugin "zp_level_system.amxx") (native "get_pcvar_num") - debug not enabled!
L 08/04/2025 - 15:10:13: [AMXX] To enable debug mode, add "debug" after the plugin name in plugins.ini (without quotes).
L 08/04/2025 - 15:10:13: Invalid CVAR pointer
L 08/04/2025 - 15:10:13: [AMXX] Run time error 10 (plugin "zp_level_system.amxx") (native "get_pcvar_num") - debug not enabled!
L 08/04/2025 - 15:10:13: [AMXX] To enable debug mode, add "debug" after the plugin name in plugins.ini (without quotes).
L 08/04/2025 - 15:10:13: Invalid CVAR pointer
L 08/04/2025 - 15:10:13: [AMXX] Run time error 10 (plugin "zp_level_system.amxx") (native "get_pcvar_num") - debug not enabled!
L 08/04/2025 - 15:10:13: [AMXX] To enable debug mode, add "debug" after the plugin name in plugins.ini (without quotes).
L 08/04/2025 - 15:10:13: Invalid CVAR pointer
L 08/04/2025 - 15:10:13: [AMXX] Run time error 10 (plugin "zp_level_system.amxx") (native "get_pcvar_num") - debug not enabled!
L 08/04/2025 - 15:10:13: [AMXX] To enable debug mode, add "debug" after the plugin name in plugins.ini (without quotes).
L 08/04/2025 - 15:10:13: Invalid CVAR pointer
L 08/04/2025 - 15:10:13: [AMXX] Run time error 10 (plugin "zp_level_system.amxx") (native "get_pcvar_num") - debug not enabled!
L 08/04/2025 - 15:10:13: [AMXX] To enable debug mode, add "debug" after the plugin name in plugins.ini (without quotes).
L 08/04/2025 - 15:10:13: Invalid CVAR pointer
L 08/04/2025 - 15:10:13: [AMXX] Run time error 10 (plugin "zp_level_system.amxx") (native "get_pcvar_num") - debug not enabled!
L 08/04/2025 - 15:10:13: [AMXX] To enable debug mode, add "debug" after the plugin name in plugins.ini (without quotes).
L 08/04/2025 - 15:11:03: Invalid CVAR pointer
L 08/04/2025 - 15:11:03: [AMXX] Run time error 10 (plugin "zp_level_system.amxx") (native "get_pcvar_num") - debug not enabled!
L 08/04/2025 - 15:11:03: [AMXX] To enable debug mode, add "debug" after the plugin name in plugins.ini (without quotes).
L 08/04/2025 - 15:11:14: Invalid CVAR pointer
L 08/04/2025 - 15:11:14: [AMXX] Run time error 10 (plugin "zp_level_system.amxx") (native "get_pcvar_num") - debug not enabled!
L 08/04/2025 - 15:11:15: [AMXX] To enable debug mode, add "debug" after the plugin name in plugins.ini (without quotes).
L 08/04/2025 - 15:11:22: Invalid CVAR pointer
L 08/04/2025 - 15:11:22: [AMXX] Run time error 10 (plugin "zp_level_system.amxx") (native "get_pcvar_num") - debug not enabled!
L 08/04/2025 - 15:11:22: [AMXX] To enable debug mode, add "debug" after the plugin name in plugins.ini (without quotes).
L 08/04/2025 - 15:11:23: Invalid CVAR pointer
L 08/04/2025 - 15:11:23: [AMXX] Run time error 10 (plugin "zp_level_system.amxx") (native "get_pcvar_num") - debug not enabled!
L 08/04/2025 - 15:11:23: [AMXX] To enable debug mode, add "debug" after the plugin name in plugins.ini (without quotes).
L 08/04/2025 - 15:11:41: Invalid CVAR pointer
L 08/04/2025 - 15:11:41: [AMXX] Run time error 10 (plugin "zp_level_system.amxx") (native "get_pcvar_num") - debug not enabled!
L 08/04/2025 - 15:11:41: [AMXX] To enable debug mode, add "debug" after the plugin name in plugins.ini (without quotes).
L 08/04/2025 - 15:11:52: Invalid CVAR pointer
L 08/04/2025 - 15:11:52: [AMXX] Run time error 10 (plugin "zp_level_system.amxx") (native "get_pcvar_num") - debug not enabled!
L 08/04/2025 - 15:11:52: [AMXX] To enable debug mode, add "debug" after the plugin name in plugins.ini (without quotes).
L 08/04/2025 - 15:12:03: Invalid CVAR pointer
L 08/04/2025 - 15:12:03: [AMXX] Run time error 10 (plugin "zp_level_system.amxx") (native "get_pcvar_num") - debug not enabled!
L 08/04/2025 - 15:12:03: [AMXX] To enable debug mode, add "debug" after the plugin name in plugins.ini (without quotes).
L 08/04/2025 - 15:12:09: Invalid CVAR pointer
L 08/04/2025 - 15:12:09: [AMXX] Run time error 10 (plugin "zp_level_system.amxx") (native "get_pcvar_num") - debug not enabled!
L 08/04/2025 - 15:12:09: [AMXX] To enable debug mode, add "debug" after the plugin name in plugins.ini (without quotes).
L 08/04/2025 - 15:12:53: Invalid CVAR pointer
L 08/04/2025 - 15:12:53: [AMXX] Run time error 10 (plugin "zp_level_system.amxx") (native "get_pcvar_num") - debug not enabled!
L 08/04/2025 - 15:12:53: [AMXX] To enable debug mode, add "debug" after the plugin name in plugins.ini (without quotes).
L 08/04/2025 - 15:13:30: Invalid CVAR pointer
L 08/04/2025 - 15:13:30: [AMXX] Run time error 10 (plugin "zp_level_system.amxx") (native "get_pcvar_num") - debug not enabled!
L 08/04/2025 - 15:13:30: [AMXX] To enable debug mode, add "debug" after the plugin name in plugins.ini (without quotes).
L 08/04/2025 - 15:13:39: Invalid CVAR pointer
L 08/04/2025 - 15:13:39: [AMXX] Run time error 10 (plugin "zp_level_system.amxx") (native "get_pcvar_num") - debug not enabled!
L 08/04/2025 - 15:13:39: [AMXX] To enable debug mode, add "debug" after the plugin name in plugins.ini (without quotes).
L 08/04/2025 - 15:13:51: Invalid CVAR pointer
L 08/04/2025 - 15:13:51: [AMXX] Run time error 10 (plugin "zp_level_system.amxx") (native "get_pcvar_num") - debug not enabled!
L 08/04/2025 - 15:13:51: [AMXX] To enable debug mode, add "debug" after the plugin name in plugins.ini (without quotes).
L 08/04/2025 - 15:13:58: Invalid CVAR pointer
L 08/04/2025 - 15:13:58: [AMXX] Run time error 10 (plugin "zp_level_system.amxx") (native "get_pcvar_num") - debug not enabled!
L 08/04/2025 - 15:13:58: [AMXX] To enable debug mode, add "debug" after the plugin name in plugins.ini (without quotes).
L 08/04/2025 - 15:14:26: Invalid CVAR pointer
L 08/04/2025 - 15:14:26: [AMXX] Run time error 10 (plugin "zp_level_system.amxx") (native "get_pcvar_num") - debug not enabled!
L 08/04/2025 - 15:14:26: [AMXX] To enable debug mode, add "debug" after the plugin name in plugins.ini (without quotes).
L 08/04/2025 - 15:14:30: Invalid CVAR pointer
L 08/04/2025 - 15:14:30: [AMXX] Run time error 10 (plugin "zp_level_system.amxx") (native "get_pcvar_num") - debug not enabled!
L 08/04/2025 - 15:14:30: [AMXX] To enable debug mode, add "debug" after the plugin name in plugins.ini (without quotes).
L 08/04/2025 - 15:14:40: Invalid CVAR pointer
L 08/04/2025 - 15:14:40: [AMXX] Run time error 10 (plugin "zp_level_system.amxx") (native "get_pcvar_num") - debug not enabled!
L 08/04/2025 - 15:14:40: [AMXX] To enable debug mode, add "debug" after the plugin name in plugins.ini (without quotes).
L 08/04/2025 - 15:15:01: Invalid CVAR pointer
L 08/04/2025 - 15:15:01: [AMXX] Run time error 10 (plugin "zp_level_system.amxx") (native "get_pcvar_num") - debug not enabled!
L 08/04/2025 - 15:15:01: [AMXX] To enable debug mode, add "debug" after the plugin name in plugins.ini (without quotes).
L 08/04/2025 - 15:17:09: Invalid CVAR pointer
L 08/04/2025 - 15:17:09: [AMXX] Run time error 10 (plugin "zp_level_system.amxx") (native "get_pcvar_num") - debug not enabled!
L 08/04/2025 - 15:17:09: [AMXX] To enable debug mode, add "debug" after the plugin name in plugins.ini (without quotes).
L 08/04/2025 - 15:17:21: Invalid CVAR pointer
L 08/04/2025 - 15:17:21: [AMXX] Run time error 10 (plugin "zp_level_system.amxx") (native "get_pcvar_num") - debug not enabled!
L 08/04/2025 - 15:17:21: [AMXX] To enable debug mode, add "debug" after the plugin name in plugins.ini (without quotes).
L 08/04/2025 - 15:17:28: Invalid CVAR pointer
L 08/04/2025 - 15:17:28: [AMXX] Run time error 10 (plugin "zp_level_system.amxx") (native "get_pcvar_num") - debug not enabled!
L 08/04/2025 - 15:17:28: [AMXX] To enable debug mode, add "debug" after the plugin name in plugins.ini (without quotes).
L 08/04/2025 - 15:17:32: Invalid CVAR pointer
L 08/04/2025 - 15:17:32: [AMXX] Run time error 10 (plugin "zp_level_system.amxx") (native "get_pcvar_num") - debug not enabled!
L 08/04/2025 - 15:17:32: [AMXX] To enable debug mode, add "debug" after the plugin name in plugins.ini (without quotes).
L 08/04/2025 - 15:17:37: Invalid CVAR pointer
L 08/04/2025 - 15:17:37: [AMXX] Run time error 10 (plugin "zp_level_system.amxx") (native "get_pcvar_num") - debug not enabled!
L 08/04/2025 - 15:17:37: [AMXX] To enable debug mode, add "debug" after the plugin name in plugins.ini (without quotes).
L 08/04/2025 - 15:17:47: Invalid CVAR pointer
L 08/04/2025 - 15:17:47: [AMXX] Run time error 10 (plugin "zp_level_system.amxx") (native "get_pcvar_num") - debug not enabled!
L 08/04/2025 - 15:17:47: [AMXX] To enable debug mode, add "debug" after the plugin name in plugins.ini (without quotes).
L 08/04/2025 - 15:17:51: Invalid CVAR pointer
L 08/04/2025 - 15:17:51: [AMXX] Run time error 10 (plugin "zp_level_system.amxx") (native "get_pcvar_num") - debug not enabled!
L 08/04/2025 - 15:17:51: [AMXX] To enable debug mode, add "debug" after the plugin name in plugins.ini (without quotes).
L 08/04/2025 - 15:18:21: Invalid CVAR pointer
L 08/04/2025 - 15:18:21: [AMXX] Run time error 10 (plugin "zp_level_system.amxx") (native "get_pcvar_num") - debug not enabled!
L 08/04/2025 - 15:18:21: [AMXX] To enable debug mode, add "debug" after the plugin name in plugins.ini (without quotes).
L 08/04/2025 - 15:18:58: Invalid CVAR pointer
L 08/04/2025 - 15:18:58: [AMXX] Run time error 10 (plugin "zp_level_system.amxx") (native "get_pcvar_num") - debug not enabled!
L 08/04/2025 - 15:18:58: [AMXX] To enable debug mode, add "debug" after the plugin name in plugins.ini (without quotes).
L 08/04/2025 - 15:18:58: Invalid CVAR pointer
L 08/04/2025 - 15:18:58: [AMXX] Run time error 10 (plugin "zp_level_system.amxx") (native "get_pcvar_num") - debug not enabled!
L 08/04/2025 - 15:18:58: [AMXX] To enable debug mode, add "debug" after the plugin name in plugins.ini (without quotes).
L 08/04/2025 - 15:19:17: Invalid CVAR pointer
L 08/04/2025 - 15:19:17: [AMXX] Run time error 10 (plugin "zp_level_system.amxx") (native "get_pcvar_num") - debug not enabled!
L 08/04/2025 - 15:19:17: [AMXX] To enable debug mode, add "debug" after the plugin name in plugins.ini (without quotes).
L 08/04/2025 - 15:19:27: Invalid CVAR pointer
L 08/04/2025 - 15:19:27: [AMXX] Run time error 10 (plugin "zp_level_system.amxx") (native "get_pcvar_num") - debug not enabled!
L 08/04/2025 - 15:19:27: [AMXX] To enable debug mode, add "debug" after the plugin name in plugins.ini (without quotes).
L 08/04/2025 - 15:19:34: Invalid CVAR pointer
L 08/04/2025 - 15:19:34: [AMXX] Run time error 10 (plugin "zp_level_system.amxx") (native "get_pcvar_num") - debug not enabled!
L 08/04/2025 - 15:19:34: [AMXX] To enable debug mode, add "debug" after the plugin name in plugins.ini (without quotes).
L 08/04/2025 - 15:20:05: Invalid CVAR pointer
L 08/04/2025 - 15:20:05: [AMXX] Run time error 10 (plugin "zp_level_system.amxx") (native "get_pcvar_num") - debug not enabled!
L 08/04/2025 - 15:20:05: [AMXX] To enable debug mode, add "debug" after the plugin name in plugins.ini (without quotes).
L 08/04/2025 - 15:20:10: Invalid CVAR pointer
L 08/04/2025 - 15:20:10: [AMXX] Run time error 10 (plugin "zp_level_system.amxx") (native "get_pcvar_num") - debug not enabled!
L 08/04/2025 - 15:20:10: [AMXX] To enable debug mode, add "debug" after the plugin name in plugins.ini (without quotes).
L 08/04/2025 - 15:20:14: Invalid CVAR pointer
L 08/04/2025 - 15:20:14: [AMXX] Run time error 10 (plugin "zp_level_system.amxx") (native "get_pcvar_num") - debug not enabled!
L 08/04/2025 - 15:20:14: [AMXX] To enable debug mode, add "debug" after the plugin name in plugins.ini (without quotes).
L 08/04/2025 - 15:20:43: Invalid CVAR pointer
L 08/04/2025 - 15:20:43: [AMXX] Run time error 10 (plugin "zp_level_system.amxx") (native "get_pcvar_num") - debug not enabled!
L 08/04/2025 - 15:20:43: [AMXX] To enable debug mode, add "debug" after the plugin name in plugins.ini (without quotes).
L 08/04/2025 - 15:20:48: Invalid CVAR pointer
L 08/04/2025 - 15:20:48: [AMXX] Run time error 10 (plugin "zp_level_system.amxx") (native "get_pcvar_num") - debug not enabled!
L 08/04/2025 - 15:20:48: [AMXX] To enable debug mode, add "debug" after the plugin name in plugins.ini (without quotes).
L 08/04/2025 - 15:20:59: Invalid CVAR pointer
L 08/04/2025 - 15:20:59: [AMXX] Run time error 10 (plugin "zp_level_system.amxx") (native "get_pcvar_num") - debug not enabled!
L 08/04/2025 - 15:20:59: [AMXX] To enable debug mode, add "debug" after the plugin name in plugins.ini (without quotes).
L 08/04/2025 - 15:21:16: Invalid CVAR pointer
L 08/04/2025 - 15:21:16: [AMXX] Run time error 10 (plugin "zp_level_system.amxx") (native "get_pcvar_num") - debug not enabled!
L 08/04/2025 - 15:21:16: [AMXX] To enable debug mode, add "debug" after the plugin name in plugins.ini (without quotes).
L 08/04/2025 - 15:21:53: Invalid CVAR pointer
L 08/04/2025 - 15:21:53: [AMXX] Run time error 10 (plugin "zp_level_system.amxx") (native "get_pcvar_num") - debug not enabled!
L 08/04/2025 - 15:21:53: [AMXX] To enable debug mode, add "debug" after the plugin name in plugins.ini (without quotes).
L 08/04/2025 - 15:22:01: Invalid CVAR pointer
L 08/04/2025 - 15:22:01: [AMXX] Run time error 10 (plugin "zp_level_system.amxx") (native "get_pcvar_num") - debug not enabled!
L 08/04/2025 - 15:22:01: [AMXX] To enable debug mode, add "debug" after the plugin name in plugins.ini (without quotes).
L 08/04/2025 - 15:22:10: Invalid CVAR pointer
L 08/04/2025 - 15:22:10: [AMXX] Run time error 10 (plugin "zp_level_system.amxx") (native "get_pcvar_num") - debug not enabled!
L 08/04/2025 - 15:22:10: [AMXX] To enable debug mode, add "debug" after the plugin name in plugins.ini (without quotes).
L 08/04/2025 - 15:22:26: Invalid CVAR pointer
L 08/04/2025 - 15:22:26: [AMXX] Run time error 10 (plugin "zp_level_system.amxx") (native "get_pcvar_num") - debug not enabled!
L 08/04/2025 - 15:22:26: [AMXX] To enable debug mode, add "debug" after the plugin name in plugins.ini (without quotes).
L 08/04/2025 - 15:22:51: Invalid CVAR pointer
L 08/04/2025 - 15:22:51: [AMXX] Run time error 10 (plugin "zp_level_system.amxx") (native "get_pcvar_num") - debug not enabled!
L 08/04/2025 - 15:22:51: [AMXX] To enable debug mode, add "debug" after the plugin name in plugins.ini (without quotes).
L 08/04/2025 - 15:23:11: Invalid CVAR pointer
L 08/04/2025 - 15:23:11: [AMXX] Run time error 10 (plugin "zp_level_system.amxx") (native "get_pcvar_num") - debug not enabled!
L 08/04/2025 - 15:23:11: [AMXX] To enable debug mode, add "debug" after the plugin name in plugins.ini (without quotes).
L 08/04/2025 - 15:23:25: Invalid CVAR pointer
L 08/04/2025 - 15:23:25: [AMXX] Run time error 10 (plugin "zp_level_system.amxx") (native "get_pcvar_num") - debug not enabled!
L 08/04/2025 - 15:23:25: [AMXX] To enable debug mode, add "debug" after the plugin name in plugins.ini (without quotes).
L 08/04/2025 - 15:23:39: Invalid CVAR pointer
L 08/04/2025 - 15:23:39: [AMXX] Run time error 10 (plugin "zp_level_system.amxx") (native "get_pcvar_num") - debug not enabled!
L 08/04/2025 - 15:23:39: [AMXX] To enable debug mode, add "debug" after the plugin name in plugins.ini (without quotes).
L 08/04/2025 - 15:23:50: Invalid CVAR pointer
L 08/04/2025 - 15:23:50: [AMXX] Run time error 10 (plugin "zp_level_system.amxx") (native "get_pcvar_num") - debug not enabled!
L 08/04/2025 - 15:23:50: [AMXX] To enable debug mode, add "debug" after the plugin name in plugins.ini (without quotes).
L 08/04/2025 - 15:24:00: Invalid CVAR pointer
L 08/04/2025 - 15:24:00: [AMXX] Run time error 10 (plugin "zp_level_system.amxx") (native "get_pcvar_num") - debug not enabled!
L 08/04/2025 - 15:24:00: [AMXX] To enable debug mode, add "debug" after the plugin name in plugins.ini (without quotes).
L 08/04/2025 - 15:24:16: Invalid CVAR pointer
L 08/04/2025 - 15:24:16: [AMXX] Run time error 10 (plugin "zp_level_system.amxx") (native "get_pcvar_num") - debug not enabled!
L 08/04/2025 - 15:24:17: [AMXX] To enable debug mode, add "debug" after the plugin name in plugins.ini (without quotes).
L 08/04/2025 - 15:24:49: Invalid CVAR pointer
L 08/04/2025 - 15:24:49: [AMXX] Run time error 10 (plugin "zp_level_system.amxx") (native "get_pcvar_num") - debug not enabled!
L 08/04/2025 - 15:24:49: [AMXX] To enable debug mode, add "debug" after the plugin name in plugins.ini (without quotes).
L 08/04/2025 - 15:24:49: [nVault] Invalid vault id: 0

L 08/04/2025 - 15:24:49: [AMXX] Run time error 10 (plugin "zp_level_system.amxx") (native "nvault_close") - debug not enabled!
L 08/04/2025 - 15:24:49: [AMXX] To enable debug mode, add "debug" after the plugin name in plugins.ini (without quotes).
L 08/04/2025 - 15:24:50: Start of error session.
L 08/04/2025 - 15:24:50: Info (map "zm_fortuna_v2") (file "addons/amxmodx/logs/error_20250804.log")
L 08/04/2025 - 15:24:50: Could not find function "msg_fix_name"
L 08/04/2025 - 15:24:50: [AMXX] Run time error 19 (plugin "zp_level_system.amxx") - debug not enabled!
L 08/04/2025 - 15:24:50: [AMXX] To enable debug mode, add "debug" after the plugin name in plugins.ini (without quotes).
L 08/04/2025 - 15:24:51: Invalid CVAR pointer
L 08/04/2025 - 15:24:51: [AMXX] Run time error 10 (plugin "zp_level_system.amxx") (native "get_pcvar_num") - debug not enabled!
L 08/04/2025 - 15:24:51: [AMXX] To enable debug mode, add "debug" after the plugin name in plugins.ini (without quotes).
L 08/04/2025 - 15:24:51: Invalid CVAR pointer
L 08/04/2025 - 15:24:51: [AMXX] Run time error 10 (plugin "zp_level_system.amxx") (native "get_pcvar_num") - debug not enabled!
L 08/04/2025 - 15:24:51: [AMXX] To enable debug mode, add "debug" after the plugin name in plugins.ini (without quotes).
L 08/04/2025 - 15:24:52: Invalid CVAR pointer
L 08/04/2025 - 15:24:52: [AMXX] Run time error 10 (plugin "zp_level_system.amxx") (native "get_pcvar_float") - debug not enabled!
L 08/04/2025 - 15:24:52: [AMXX] To enable debug mode, add "debug" after the plugin name in plugins.ini (without quotes).
L 08/04/2025 - 15:25:00: Invalid CVAR pointer
L 08/04/2025 - 15:25:00: [AMXX] Run time error 10 (plugin "zp_level_system.amxx") (native "get_pcvar_num") - debug not enabled!
L 08/04/2025 - 15:25:00: [AMXX] To enable debug mode, add "debug" after the plugin name in plugins.ini (without quotes).
L 08/04/2025 - 15:25:00: Invalid CVAR pointer
L 08/04/2025 - 15:25:00: [AMXX] Run time error 10 (plugin "zp_level_system.amxx") (native "get_pcvar_num") - debug not enabled!
L 08/04/2025 - 15:25:00: [AMXX] To enable debug mode, add "debug" after the plugin name in plugins.ini (without quotes).
L 08/04/2025 - 15:25:01: Invalid CVAR pointer
L 08/04/2025 - 15:25:01: [AMXX] Run time error 10 (plugin "zp_level_system.amxx") (native "get_pcvar_num") - debug not enabled!
L 08/04/2025 - 15:25:01: [AMXX] To enable debug mode, add "debug" after the plugin name in plugins.ini (without quotes).
L 08/04/2025 - 15:25:01: Invalid CVAR pointer
L 08/04/2025 - 15:25:01: [AMXX] Run time error 10 (plugin "zp_level_system.amxx") (native "get_pcvar_num") - debug not enabled!
L 08/04/2025 - 15:25:01: [AMXX] To enable debug mode, add "debug" after the plugin name in plugins.ini (without quotes).
L 08/04/2025 - 15:25:02: Invalid CVAR pointer
L 08/04/2025 - 15:25:02: [AMXX] Run time error 10 (plugin "zp_level_system.amxx") (native "get_pcvar_num") - debug not enabled!
L 08/04/2025 - 15:25:02: [AMXX] To enable debug mode, add "debug" after the plugin name in plugins.ini (without quotes).
L 08/04/2025 - 15:25:02: Invalid CVAR pointer
L 08/04/2025 - 15:25:02: [AMXX] Run time error 10 (plugin "zp_level_system.amxx") (native "get_pcvar_num") - debug not enabled!
L 08/04/2025 - 15:25:02: [AMXX] To enable debug mode, add "debug" after the plugin name in plugins.ini (without quotes).
L 08/04/2025 - 15:25:03: Invalid CVAR pointer
L 08/04/2025 - 15:25:03: [AMXX] Run time error 10 (plugin "zp_level_system.amxx") (native "get_pcvar_num") - debug not enabled!
L 08/04/2025 - 15:25:03: [AMXX] To enable debug mode, add "debug" after the plugin name in plugins.ini (without quotes).
L 08/04/2025 - 15:25:03: Invalid CVAR pointer
L 08/04/2025 - 15:25:03: [AMXX] Run time error 10 (plugin "zp_level_system.amxx") (native "get_pcvar_num") - debug not enabled!
L 08/04/2025 - 15:25:03: [AMXX] To enable debug mode, add "debug" after the plugin name in plugins.ini (without quotes).
L 08/04/2025 - 15:25:17: Invalid CVAR pointer
L 08/04/2025 - 15:25:17: [AMXX] Run time error 10 (plugin "zp_level_system.amxx") (native "get_pcvar_num") - debug not enabled!
L 08/04/2025 - 15:25:17: [AMXX] To enable debug mode, add "debug" after the plugin name in plugins.ini (without quotes).
L 08/04/2025 - 15:25:32: Invalid CVAR pointer
L 08/04/2025 - 15:25:32: [AMXX] Run time error 10 (plugin "zp_level_system.amxx") (native "get_pcvar_num") - debug not enabled!
L 08/04/2025 - 15:25:32: [AMXX] To enable debug mode, add "debug" after the plugin name in plugins.ini (without quotes).
L 08/04/2025 - 15:25:35: Invalid CVAR pointer
L 08/04/2025 - 15:25:35: [AMXX] Run time error 10 (plugin "zp_level_system.amxx") (native "get_pcvar_num") - debug not enabled!
L 08/04/2025 - 15:25:35: [AMXX] To enable debug mode, add "debug" after the plugin name in plugins.ini (without quotes).
L 08/04/2025 - 15:25:38: Invalid CVAR pointer
L 08/04/2025 - 15:25:38: [AMXX] Run time error 10 (plugin "zp_level_system.amxx") (native "get_pcvar_num") - debug not enabled!
L 08/04/2025 - 15:25:38: [AMXX] To enable debug mode, add "debug" after the plugin name in plugins.ini (without quotes).
L 08/04/2025 - 15:25:41: Invalid CVAR pointer
L 08/04/2025 - 15:25:41: [AMXX] Run time error 10 (plugin "zp_level_system.amxx") (native "get_pcvar_num") - debug not enabled!
L 08/04/2025 - 15:25:41: [AMXX] To enable debug mode, add "debug" after the plugin name in plugins.ini (without quotes).
L 08/04/2025 - 15:25:45: Invalid CVAR pointer
L 08/04/2025 - 15:25:45: [AMXX] Run time error 10 (plugin "zp_level_system.amxx") (native "get_pcvar_num") - debug not enabled!
L 08/04/2025 - 15:25:45: [AMXX] To enable debug mode, add "debug" after the plugin name in plugins.ini (without quotes).
L 08/04/2025 - 15:25:54: Invalid CVAR pointer
L 08/04/2025 - 15:25:54: [AMXX] Run time error 10 (plugin "zp_level_system.amxx") (native "get_pcvar_num") - debug not enabled!
L 08/04/2025 - 15:25:54: [AMXX] To enable debug mode, add "debug" after the plugin name in plugins.ini (without quotes).
L 08/04/2025 - 15:26:07: Invalid CVAR pointer
L 08/04/2025 - 15:26:07: [AMXX] Run time error 10 (plugin "zp_level_system.amxx") (native "get_pcvar_num") - debug not enabled!
L 08/04/2025 - 15:26:07: [AMXX] To enable debug mode, add "debug" after the plugin name in plugins.ini (without quotes).
L 08/04/2025 - 15:26:37: Invalid CVAR pointer
L 08/04/2025 - 15:26:37: [AMXX] Run time error 10 (plugin "zp_level_system.amxx") (native "get_pcvar_num") - debug not enabled!
L 08/04/2025 - 15:26:37: [AMXX] To enable debug mode, add "debug" after the plugin name in plugins.ini (without quotes).
L 08/04/2025 - 15:26:59: Invalid CVAR pointer
L 08/04/2025 - 15:26:59: [AMXX] Run time error 10 (plugin "zp_level_system.amxx") (native "get_pcvar_num") - debug not enabled!
L 08/04/2025 - 15:26:59: [AMXX] To enable debug mode, add "debug" after the plugin name in plugins.ini (without quotes).
L 08/04/2025 - 15:27:00: [nVault] Invalid vault id: 0

L 08/04/2025 - 15:27:00: [AMXX] Run time error 10 (plugin "zp_level_system.amxx") (native "nvault_close") - debug not enabled!
L 08/04/2025 - 15:27:00: [AMXX] To enable debug mode, add "debug" after the plugin name in plugins.ini (without quotes).
L 08/04/2025 - 15:27:00: Start of error session.
L 08/04/2025 - 15:27:00: Info (map "zm_fortuna_v2") (file "addons/amxmodx/logs/error_20250804.log")
L 08/04/2025 - 15:27:00: Could not find function "msg_fix_name"
L 08/04/2025 - 15:27:00: [AMXX] Run time error 19 (plugin "zp_level_system.amxx") - debug not enabled!
L 08/04/2025 - 15:27:00: [AMXX] To enable debug mode, add "debug" after the plugin name in plugins.ini (without quotes).
L 08/04/2025 - 15:27:01: Invalid CVAR pointer
L 08/04/2025 - 15:27:01: [AMXX] Run time error 10 (plugin "zp_level_system.amxx") (native "get_pcvar_num") - debug not enabled!
L 08/04/2025 - 15:27:01: [AMXX] To enable debug mode, add "debug" after the plugin name in plugins.ini (without quotes).
L 08/04/2025 - 15:27:01: Invalid CVAR pointer
L 08/04/2025 - 15:27:01: [AMXX] Run time error 10 (plugin "zp_level_system.amxx") (native "get_pcvar_num") - debug not enabled!
L 08/04/2025 - 15:27:01: [AMXX] To enable debug mode, add "debug" after the plugin name in plugins.ini (without quotes).
L 08/04/2025 - 15:27:01: Invalid CVAR pointer
L 08/04/2025 - 15:27:01: [AMXX] Run time error 10 (plugin "zp_level_system.amxx") (native "get_pcvar_float") - debug not enabled!
L 08/04/2025 - 15:27:01: [AMXX] To enable debug mode, add "debug" after the plugin name in plugins.ini (without quotes).
L 08/04/2025 - 15:27:10: Invalid CVAR pointer
L 08/04/2025 - 15:27:10: [AMXX] Run time error 10 (plugin "zp_level_system.amxx") (native "get_pcvar_num") - debug not enabled!
L 08/04/2025 - 15:27:10: [AMXX] To enable debug mode, add "debug" after the plugin name in plugins.ini (without quotes).
L 08/04/2025 - 15:27:10: Invalid CVAR pointer
L 08/04/2025 - 15:27:10: [AMXX] Run time error 10 (plugin "zp_level_system.amxx") (native "get_pcvar_num") - debug not enabled!
L 08/04/2025 - 15:27:10: [AMXX] To enable debug mode, add "debug" after the plugin name in plugins.ini (without quotes).
L 08/04/2025 - 15:27:11: Invalid CVAR pointer
L 08/04/2025 - 15:27:11: [AMXX] Run time error 10 (plugin "zp_level_system.amxx") (native "get_pcvar_num") - debug not enabled!
L 08/04/2025 - 15:27:11: [AMXX] To enable debug mode, add "debug" after the plugin name in plugins.ini (without quotes).
L 08/04/2025 - 15:27:11: Invalid CVAR pointer
L 08/04/2025 - 15:27:11: [AMXX] Run time error 10 (plugin "zp_level_system.amxx") (native "get_pcvar_num") - debug not enabled!
L 08/04/2025 - 15:27:11: [AMXX] To enable debug mode, add "debug" after the plugin name in plugins.ini (without quotes).
L 08/04/2025 - 15:27:12: Invalid CVAR pointer
L 08/04/2025 - 15:27:12: [AMXX] Run time error 10 (plugin "zp_level_system.amxx") (native "get_pcvar_num") - debug not enabled!
L 08/04/2025 - 15:27:12: [AMXX] To enable debug mode, add "debug" after the plugin name in plugins.ini (without quotes).
L 08/04/2025 - 15:27:12: Invalid CVAR pointer
L 08/04/2025 - 15:27:12: [AMXX] Run time error 10 (plugin "zp_level_system.amxx") (native "get_pcvar_num") - debug not enabled!
L 08/04/2025 - 15:27:12: [AMXX] To enable debug mode, add "debug" after the plugin name in plugins.ini (without quotes).
L 08/04/2025 - 15:27:13: Invalid CVAR pointer
L 08/04/2025 - 15:27:13: [AMXX] Run time error 10 (plugin "zp_level_system.amxx") (native "get_pcvar_num") - debug not enabled!
L 08/04/2025 - 15:27:13: [AMXX] To enable debug mode, add "debug" after the plugin name in plugins.ini (without quotes).
L 08/04/2025 - 15:27:13: Invalid CVAR pointer
L 08/04/2025 - 15:27:13: [AMXX] Run time error 10 (plugin "zp_level_system.amxx") (native "get_pcvar_num") - debug not enabled!
L 08/04/2025 - 15:27:13: [AMXX] To enable debug mode, add "debug" after the plugin name in plugins.ini (without quotes).
L 08/04/2025 - 15:27:30: Invalid CVAR pointer
L 08/04/2025 - 15:27:30: [AMXX] Run time error 10 (plugin "zp_level_system.amxx") (native "get_pcvar_num") - debug not enabled!
L 08/04/2025 - 15:27:30: [AMXX] To enable debug mode, add "debug" after the plugin name in plugins.ini (without quotes).
L 08/04/2025 - 15:28:23: Invalid CVAR pointer
L 08/04/2025 - 15:28:23: [AMXX] Run time error 10 (plugin "zp_level_system.amxx") (native "get_pcvar_num") - debug not enabled!
L 08/04/2025 - 15:28:23: [AMXX] To enable debug mode, add "debug" after the plugin name in plugins.ini (without quotes).
L 08/04/2025 - 15:28:23: Invalid CVAR pointer
L 08/04/2025 - 15:28:23: [AMXX] Run time error 10 (plugin "zp_level_system.amxx") (native "get_pcvar_num") - debug not enabled!
L 08/04/2025 - 15:28:23: [AMXX] To enable debug mode, add "debug" after the plugin name in plugins.ini (without quotes).
L 08/04/2025 - 15:28:23: [nVault] Invalid vault id: 0

L 08/04/2025 - 15:28:23: [AMXX] Run time error 10 (plugin "zp_level_system.amxx") (native "nvault_close") - debug not enabled!
L 08/04/2025 - 15:28:23: [AMXX] To enable debug mode, add "debug" after the plugin name in plugins.ini (without quotes).
L 08/04/2025 - 15:28:25: Start of error session.
L 08/04/2025 - 15:28:25: Info (map "zm_fortuna_v2") (file "addons/amxmodx/logs/error_20250804.log")
L 08/04/2025 - 15:28:25: Could not find function "msg_fix_name"
L 08/04/2025 - 15:28:25: [AMXX] Run time error 19 (plugin "zp_level_system.amxx") - debug not enabled!
L 08/04/2025 - 15:28:25: [AMXX] To enable debug mode, add "debug" after the plugin name in plugins.ini (without quotes).
L 08/04/2025 - 15:28:25: Invalid CVAR pointer
L 08/04/2025 - 15:28:25: [AMXX] Run time error 10 (plugin "zp_level_system.amxx") (native "get_pcvar_num") - debug not enabled!
L 08/04/2025 - 15:28:25: [AMXX] To enable debug mode, add "debug" after the plugin name in plugins.ini (without quotes).
L 08/04/2025 - 15:28:25: Invalid CVAR pointer
L 08/04/2025 - 15:28:25: [AMXX] Run time error 10 (plugin "zp_level_system.amxx") (native "get_pcvar_num") - debug not enabled!
L 08/04/2025 - 15:28:25: [AMXX] To enable debug mode, add "debug" after the plugin name in plugins.ini (without quotes).
L 08/04/2025 - 15:28:26: Invalid CVAR pointer
L 08/04/2025 - 15:28:26: [AMXX] Run time error 10 (plugin "zp_level_system.amxx") (native "get_pcvar_float") - debug not enabled!
L 08/04/2025 - 15:28:26: [AMXX] To enable debug mode, add "debug" after the plugin name in plugins.ini (without quotes).
L 08/04/2025 - 15:28:34: Invalid CVAR pointer
L 08/04/2025 - 15:28:34: [AMXX] Run time error 10 (plugin "zp_level_system.amxx") (native "get_pcvar_num") - debug not enabled!
L 08/04/2025 - 15:28:34: [AMXX] To enable debug mode, add "debug" after the plugin name in plugins.ini (without quotes).
L 08/04/2025 - 15:28:35: Invalid CVAR pointer
L 08/04/2025 - 15:28:35: [AMXX] Run time error 10 (plugin "zp_level_system.amxx") (native "get_pcvar_num") - debug not enabled!
L 08/04/2025 - 15:28:35: [AMXX] To enable debug mode, add "debug" after the plugin name in plugins.ini (without quotes).
L 08/04/2025 - 15:28:35: Invalid CVAR pointer
L 08/04/2025 - 15:28:35: [AMXX] Run time error 10 (plugin "zp_level_system.amxx") (native "get_pcvar_num") - debug not enabled!
L 08/04/2025 - 15:28:35: [AMXX] To enable debug mode, add "debug" after the plugin name in plugins.ini (without quotes).
L 08/04/2025 - 15:28:36: Invalid CVAR pointer
L 08/04/2025 - 15:28:36: [AMXX] Run time error 10 (plugin "zp_level_system.amxx") (native "get_pcvar_num") - debug not enabled!
L 08/04/2025 - 15:28:36: [AMXX] To enable debug mode, add "debug" after the plugin name in plugins.ini (without quotes).
L 08/04/2025 - 15:28:36: Invalid CVAR pointer
L 08/04/2025 - 15:28:36: [AMXX] Run time error 10 (plugin "zp_level_system.amxx") (native "get_pcvar_num") - debug not enabled!
L 08/04/2025 - 15:28:36: [AMXX] To enable debug mode, add "debug" after the plugin name in plugins.ini (without quotes).
L 08/04/2025 - 15:28:37: Invalid CVAR pointer
L 08/04/2025 - 15:28:37: [AMXX] Run time error 10 (plugin "zp_level_system.amxx") (native "get_pcvar_num") - debug not enabled!
L 08/04/2025 - 15:28:37: [AMXX] To enable debug mode, add "debug" after the plugin name in plugins.ini (without quotes).
L 08/04/2025 - 15:28:37: Invalid CVAR pointer
L 08/04/2025 - 15:28:37: [AMXX] Run time error 10 (plugin "zp_level_system.amxx") (native "get_pcvar_num") - debug not enabled!
L 08/04/2025 - 15:28:37: [AMXX] To enable debug mode, add "debug" after the plugin name in plugins.ini (without quotes).
L 08/04/2025 - 15:28:38: Invalid CVAR pointer
L 08/04/2025 - 15:28:38: [AMXX] Run time error 10 (plugin "zp_level_system.amxx") (native "get_pcvar_num") - debug not enabled!
L 08/04/2025 - 15:28:38: [AMXX] To enable debug mode, add "debug" after the plugin name in plugins.ini (without quotes).
L 08/04/2025 - 15:28:51: Invalid CVAR pointer
L 08/04/2025 - 15:28:51: [AMXX] Run time error 10 (plugin "zp_level_system.amxx") (native "get_pcvar_num") - debug not enabled!
L 08/04/2025 - 15:28:52: [AMXX] To enable debug mode, add "debug" after the plugin name in plugins.ini (without quotes).
L 08/04/2025 - 15:28:55: Invalid CVAR pointer
L 08/04/2025 - 15:28:55: [AMXX] Run time error 10 (plugin "zp_level_system.amxx") (native "get_pcvar_num") - debug not enabled!
L 08/04/2025 - 15:28:55: [AMXX] To enable debug mode, add "debug" after the plugin name in plugins.ini (without quotes).
L 08/04/2025 - 15:28:55: [nVault] Invalid vault id: 0

L 08/04/2025 - 15:28:55: [AMXX] Run time error 10 (plugin "zp_level_system.amxx") (native "nvault_close") - debug not enabled!
L 08/04/2025 - 15:28:55: [AMXX] To enable debug mode, add "debug" after the plugin name in plugins.ini (without quotes).
L 08/04/2025 - 15:28:56: Start of error session.
L 08/04/2025 - 15:28:56: Info (map "zm_fortuna_v2") (file "addons/amxmodx/logs/error_20250804.log")
L 08/04/2025 - 15:28:56: Could not find function "msg_fix_name"
L 08/04/2025 - 15:28:56: [AMXX] Run time error 19 (plugin "zp_level_system.amxx") - debug not enabled!
L 08/04/2025 - 15:28:56: [AMXX] To enable debug mode, add "debug" after the plugin name in plugins.ini (without quotes).
L 08/04/2025 - 15:28:56: Invalid CVAR pointer
L 08/04/2025 - 15:28:56: [AMXX] Run time error 10 (plugin "zp_level_system.amxx") (native "get_pcvar_num") - debug not enabled!
L 08/04/2025 - 15:28:56: [AMXX] To enable debug mode, add "debug" after the plugin name in plugins.ini (without quotes).
L 08/04/2025 - 15:28:56: Invalid CVAR pointer
L 08/04/2025 - 15:28:56: [AMXX] Run time error 10 (plugin "zp_level_system.amxx") (native "get_pcvar_num") - debug not enabled!
L 08/04/2025 - 15:28:56: [AMXX] To enable debug mode, add "debug" after the plugin name in plugins.ini (without quotes).
L 08/04/2025 - 15:28:57: Invalid CVAR pointer
L 08/04/2025 - 15:28:57: [AMXX] Run time error 10 (plugin "zp_level_system.amxx") (native "get_pcvar_float") - debug not enabled!
L 08/04/2025 - 15:28:57: [AMXX] To enable debug mode, add "debug" after the plugin name in plugins.ini (without quotes).
L 08/04/2025 - 15:29:05: Invalid CVAR pointer
L 08/04/2025 - 15:29:05: [AMXX] Run time error 10 (plugin "zp_level_system.amxx") (native "get_pcvar_num") - debug not enabled!
L 08/04/2025 - 15:29:05: [AMXX] To enable debug mode, add "debug" after the plugin name in plugins.ini (without quotes).
L 08/04/2025 - 15:29:06: Invalid CVAR pointer
L 08/04/2025 - 15:29:06: [AMXX] Run time error 10 (plugin "zp_level_system.amxx") (native "get_pcvar_num") - debug not enabled!
L 08/04/2025 - 15:29:06: [AMXX] To enable debug mode, add "debug" after the plugin name in plugins.ini (without quotes).
L 08/04/2025 - 15:29:06: Invalid CVAR pointer
L 08/04/2025 - 15:29:06: [AMXX] Run time error 10 (plugin "zp_level_system.amxx") (native "get_pcvar_num") - debug not enabled!
L 08/04/2025 - 15:29:06: [AMXX] To enable debug mode, add "debug" after the plugin name in plugins.ini (without quotes).
L 08/04/2025 - 15:29:07: Invalid CVAR pointer
L 08/04/2025 - 15:29:07: [AMXX] Run time error 10 (plugin "zp_level_system.amxx") (native "get_pcvar_num") - debug not enabled!
L 08/04/2025 - 15:29:07: [AMXX] To enable debug mode, add "debug" after the plugin name in plugins.ini (without quotes).
L 08/04/2025 - 15:29:07: Invalid CVAR pointer
L 08/04/2025 - 15:29:07: [AMXX] Run time error 10 (plugin "zp_level_system.amxx") (native "get_pcvar_num") - debug not enabled!
L 08/04/2025 - 15:29:07: [AMXX] To enable debug mode, add "debug" after the plugin name in plugins.ini (without quotes).
L 08/04/2025 - 15:29:08: Invalid CVAR pointer
L 08/04/2025 - 15:29:08: [AMXX] Run time error 10 (plugin "zp_level_system.amxx") (native "get_pcvar_num") - debug not enabled!
L 08/04/2025 - 15:29:08: [AMXX] To enable debug mode, add "debug" after the plugin name in plugins.ini (without quotes).
L 08/04/2025 - 15:29:08: Invalid CVAR pointer
L 08/04/2025 - 15:29:08: [AMXX] Run time error 10 (plugin "zp_level_system.amxx") (native "get_pcvar_num") - debug not enabled!
L 08/04/2025 - 15:29:09: [AMXX] To enable debug mode, add "debug" after the plugin name in plugins.ini (without quotes).
L 08/04/2025 - 15:29:09: Invalid CVAR pointer
L 08/04/2025 - 15:29:09: [AMXX] Run time error 10 (plugin "zp_level_system.amxx") (native "get_pcvar_num") - debug not enabled!
L 08/04/2025 - 15:29:09: [AMXX] To enable debug mode, add "debug" after the plugin name in plugins.ini (without quotes).
L 08/04/2025 - 15:29:23: Invalid CVAR pointer
L 08/04/2025 - 15:29:23: [AMXX] Run time error 10 (plugin "zp_level_system.amxx") (native "get_pcvar_num") - debug not enabled!
L 08/04/2025 - 15:29:23: [AMXX] To enable debug mode, add "debug" after the plugin name in plugins.ini (without quotes).
L 08/04/2025 - 15:29:52: Invalid CVAR pointer
L 08/04/2025 - 15:29:52: [AMXX] Run time error 10 (plugin "zp_level_system.amxx") (native "get_pcvar_num") - debug not enabled!
L 08/04/2025 - 15:29:52: [AMXX] To enable debug mode, add "debug" after the plugin name in plugins.ini (without quotes).
L 08/04/2025 - 15:30:10: Invalid CVAR pointer
L 08/04/2025 - 15:30:10: [AMXX] Run time error 10 (plugin "zp_level_system.amxx") (native "get_pcvar_num") - debug not enabled!
L 08/04/2025 - 15:30:10: [AMXX] To enable debug mode, add "debug" after the plugin name in plugins.ini (without quotes).
L 08/04/2025 - 15:30:12: Invalid CVAR pointer
L 08/04/2025 - 15:30:12: [AMXX] Run time error 10 (plugin "zp_level_system.amxx") (native "get_pcvar_num") - debug not enabled!
L 08/04/2025 - 15:30:12: [AMXX] To enable debug mode, add "debug" after the plugin name in plugins.ini (without quotes).
L 08/04/2025 - 15:30:15: Invalid CVAR pointer
L 08/04/2025 - 15:30:15: [AMXX] Run time error 10 (plugin "zp_level_system.amxx") (native "get_pcvar_num") - debug not enabled!
L 08/04/2025 - 15:30:15: [AMXX] To enable debug mode, add "debug" after the plugin name in plugins.ini (without quotes).
L 08/04/2025 - 15:30:17: Invalid CVAR pointer
L 08/04/2025 - 15:30:17: [AMXX] Run time error 10 (plugin "zp_level_system.amxx") (native "get_pcvar_num") - debug not enabled!
L 08/04/2025 - 15:30:17: [AMXX] To enable debug mode, add "debug" after the plugin name in plugins.ini (without quotes).
L 08/04/2025 - 15:30:32: Invalid CVAR pointer
L 08/04/2025 - 15:30:32: [AMXX] Run time error 10 (plugin "zp_level_system.amxx") (native "get_pcvar_num") - debug not enabled!
L 08/04/2025 - 15:30:32: [AMXX] To enable debug mode, add "debug" after the plugin name in plugins.ini (without quotes).
L 08/04/2025 - 15:30:33: Invalid CVAR pointer
L 08/04/2025 - 15:30:33: [AMXX] Run time error 10 (plugin "zp_level_system.amxx") (native "get_pcvar_num") - debug not enabled!
L 08/04/2025 - 15:30:33: [AMXX] To enable debug mode, add "debug" after the plugin name in plugins.ini (without quotes).
L 08/04/2025 - 15:31:20: Invalid CVAR pointer
L 08/04/2025 - 15:31:20: [AMXX] Run time error 10 (plugin "zp_level_system.amxx") (native "get_pcvar_num") - debug not enabled!
L 08/04/2025 - 15:31:20: [AMXX] To enable debug mode, add "debug" after the plugin name in plugins.ini (without quotes).
L 08/04/2025 - 15:31:34: Invalid CVAR pointer
L 08/04/2025 - 15:31:34: [AMXX] Run time error 10 (plugin "zp_level_system.amxx") (native "get_pcvar_num") - debug not enabled!
L 08/04/2025 - 15:31:34: [AMXX] To enable debug mode, add "debug" after the plugin name in plugins.ini (without quotes).
L 08/04/2025 - 15:32:30: Invalid CVAR pointer
L 08/04/2025 - 15:32:30: [AMXX] Run time error 10 (plugin "zp_level_system.amxx") (native "get_pcvar_num") - debug not enabled!
L 08/04/2025 - 15:32:30: [AMXX] To enable debug mode, add "debug" after the plugin name in plugins.ini (without quotes).
L 08/04/2025 - 15:32:45: Invalid CVAR pointer
L 08/04/2025 - 15:32:45: [AMXX] Run time error 10 (plugin "zp_level_system.amxx") (native "get_pcvar_num") - debug not enabled!
L 08/04/2025 - 15:32:45: [AMXX] To enable debug mode, add "debug" after the plugin name in plugins.ini (without quotes).
L 08/04/2025 - 15:32:46: Invalid CVAR pointer
L 08/04/2025 - 15:32:46: [AMXX] Run time error 10 (plugin "zp_level_system.amxx") (native "get_pcvar_num") - debug not enabled!
L 08/04/2025 - 15:32:46: [AMXX] To enable debug mode, add "debug" after the plugin name in plugins.ini (without quotes).
L 08/04/2025 - 15:32:57: Invalid CVAR pointer
L 08/04/2025 - 15:32:57: [AMXX] Run time error 10 (plugin "zp_level_system.amxx") (native "get_pcvar_num") - debug not enabled!
L 08/04/2025 - 15:32:57: [AMXX] To enable debug mode, add "debug" after the plugin name in plugins.ini (without quotes).
L 08/04/2025 - 15:33:29: Invalid CVAR pointer
L 08/04/2025 - 15:33:29: [AMXX] Run time error 10 (plugin "zp_level_system.amxx") (native "get_pcvar_num") - debug not enabled!
L 08/04/2025 - 15:33:30: [AMXX] To enable debug mode, add "debug" after the plugin name in plugins.ini (without quotes).
L 08/04/2025 - 15:33:30: Invalid CVAR pointer
L 08/04/2025 - 15:33:30: [AMXX] Run time error 10 (plugin "zp_level_system.amxx") (native "get_pcvar_num") - debug not enabled!
L 08/04/2025 - 15:33:30: [AMXX] To enable debug mode, add "debug" after the plugin name in plugins.ini (without quotes).
L 08/04/2025 - 15:33:30: Invalid CVAR pointer
L 08/04/2025 - 15:33:30: [AMXX] Run time error 10 (plugin "zp_level_system.amxx") (native "get_pcvar_num") - debug not enabled!
L 08/04/2025 - 15:33:30: [AMXX] To enable debug mode, add "debug" after the plugin name in plugins.ini (without quotes).
L 08/04/2025 - 15:33:30: Invalid CVAR pointer
L 08/04/2025 - 15:33:30: [AMXX] Run time error 10 (plugin "zp_level_system.amxx") (native "get_pcvar_num") - debug not enabled!
L 08/04/2025 - 15:33:30: [AMXX] To enable debug mode, add "debug" after the plugin name in plugins.ini (without quotes).
L 08/04/2025 - 15:33:30: Invalid CVAR pointer
L 08/04/2025 - 15:33:30: [AMXX] Run time error 10 (plugin "zp_level_system.amxx") (native "get_pcvar_num") - debug not enabled!
L 08/04/2025 - 15:33:30: [AMXX] To enable debug mode, add "debug" after the plugin name in plugins.ini (without quotes).
L 08/04/2025 - 15:33:30: Invalid CVAR pointer
L 08/04/2025 - 15:33:30: [AMXX] Run time error 10 (plugin "zp_level_system.amxx") (native "get_pcvar_float") - debug not enabled!
L 08/04/2025 - 15:33:30: [AMXX] To enable debug mode, add "debug" after the plugin name in plugins.ini (without quotes).
L 08/04/2025 - 15:33:30: Invalid CVAR pointer
L 08/04/2025 - 15:33:30: [AMXX] Run time error 10 (plugin "zp_level_system.amxx") (native "get_pcvar_float") - debug not enabled!
L 08/04/2025 - 15:33:30: [AMXX] To enable debug mode, add "debug" after the plugin name in plugins.ini (without quotes).
L 08/04/2025 - 15:33:30: Invalid CVAR pointer
L 08/04/2025 - 15:33:30: [AMXX] Run time error 10 (plugin "zp_level_system.amxx") (native "get_pcvar_float") - debug not enabled!
L 08/04/2025 - 15:33:30: [AMXX] To enable debug mode, add "debug" after the plugin name in plugins.ini (without quotes).
L 08/04/2025 - 15:33:30: Invalid CVAR pointer
L 08/04/2025 - 15:33:30: [AMXX] Run time error 10 (plugin "zp_level_system.amxx") (native "get_pcvar_float") - debug not enabled!
L 08/04/2025 - 15:33:30: [AMXX] To enable debug mode, add "debug" after the plugin name in plugins.ini (without quotes).
L 08/04/2025 - 15:34:10: Invalid CVAR pointer
L 08/04/2025 - 15:34:10: [AMXX] Run time error 10 (plugin "zp_level_system.amxx") (native "get_pcvar_num") - debug not enabled!
L 08/04/2025 - 15:34:10: [AMXX] To enable debug mode, add "debug" after the plugin name in plugins.ini (without quotes).
L 08/04/2025 - 15:34:10: [nVault] Invalid vault id: 0

L 08/04/2025 - 15:34:10: [AMXX] Run time error 10 (plugin "zp_level_system.amxx") (native "nvault_close") - debug not enabled!
L 08/04/2025 - 15:34:10: [AMXX] To enable debug mode, add "debug" after the plugin name in plugins.ini (without quotes).
L 08/04/2025 - 15:34:11: Start of error session.
L 08/04/2025 - 15:34:11: Info (map "zm_fortuna_v2") (file "addons/amxmodx/logs/error_20250804.log")
L 08/04/2025 - 15:34:11: Could not find function "msg_fix_name"
L 08/04/2025 - 15:34:11: [AMXX] Run time error 19 (plugin "zp_level_system.amxx") - debug not enabled!
L 08/04/2025 - 15:34:11: [AMXX] To enable debug mode, add "debug" after the plugin name in plugins.ini (without quotes).
L 08/04/2025 - 15:34:11: Invalid CVAR pointer
L 08/04/2025 - 15:34:11: [AMXX] Run time error 10 (plugin "zp_level_system.amxx") (native "get_pcvar_num") - debug not enabled!
L 08/04/2025 - 15:34:11: [AMXX] To enable debug mode, add "debug" after the plugin name in plugins.ini (without quotes).
L 08/04/2025 - 15:34:11: Invalid CVAR pointer
L 08/04/2025 - 15:34:11: [AMXX] Run time error 10 (plugin "zp_level_system.amxx") (native "get_pcvar_num") - debug not enabled!
L 08/04/2025 - 15:34:11: [AMXX] To enable debug mode, add "debug" after the plugin name in plugins.ini (without quotes).
L 08/04/2025 - 15:34:12: Invalid CVAR pointer
L 08/04/2025 - 15:34:12: [AMXX] Run time error 10 (plugin "zp_level_system.amxx") (native "get_pcvar_float") - debug not enabled!
L 08/04/2025 - 15:34:12: [AMXX] To enable debug mode, add "debug" after the plugin name in plugins.ini (without quotes).
L 08/04/2025 - 15:34:21: Invalid CVAR pointer
L 08/04/2025 - 15:34:21: [AMXX] Run time error 10 (plugin "zp_level_system.amxx") (native "get_pcvar_num") - debug not enabled!
L 08/04/2025 - 15:34:21: [AMXX] To enable debug mode, add "debug" after the plugin name in plugins.ini (without quotes).
L 08/04/2025 - 15:34:21: Invalid CVAR pointer
L 08/04/2025 - 15:34:21: [AMXX] Run time error 10 (plugin "zp_level_system.amxx") (native "get_pcvar_num") - debug not enabled!
L 08/04/2025 - 15:34:21: [AMXX] To enable debug mode, add "debug" after the plugin name in plugins.ini (without quotes).
L 08/04/2025 - 15:34:22: Invalid CVAR pointer
L 08/04/2025 - 15:34:22: [AMXX] Run time error 10 (plugin "zp_level_system.amxx") (native "get_pcvar_num") - debug not enabled!
L 08/04/2025 - 15:34:22: [AMXX] To enable debug mode, add "debug" after the plugin name in plugins.ini (without quotes).
L 08/04/2025 - 15:34:22: Invalid CVAR pointer
L 08/04/2025 - 15:34:22: [AMXX] Run time error 10 (plugin "zp_level_system.amxx") (native "get_pcvar_num") - debug not enabled!
L 08/04/2025 - 15:34:22: [AMXX] To enable debug mode, add "debug" after the plugin name in plugins.ini (without quotes).
L 08/04/2025 - 15:34:23: Invalid CVAR pointer
L 08/04/2025 - 15:34:23: [AMXX] Run time error 10 (plugin "zp_level_system.amxx") (native "get_pcvar_num") - debug not enabled!
L 08/04/2025 - 15:34:23: [AMXX] To enable debug mode, add "debug" after the plugin name in plugins.ini (without quotes).
L 08/04/2025 - 15:34:23: Invalid CVAR pointer
L 08/04/2025 - 15:34:23: [AMXX] Run time error 10 (plugin "zp_level_system.amxx") (native "get_pcvar_num") - debug not enabled!
L 08/04/2025 - 15:34:23: [AMXX] To enable debug mode, add "debug" after the plugin name in plugins.ini (without quotes).
L 08/04/2025 - 15:34:24: Invalid CVAR pointer
L 08/04/2025 - 15:34:24: [AMXX] Run time error 10 (plugin "zp_level_system.amxx") (native "get_pcvar_num") - debug not enabled!
L 08/04/2025 - 15:34:24: [AMXX] To enable debug mode, add "debug" after the plugin name in plugins.ini (without quotes).
L 08/04/2025 - 15:34:24: Invalid CVAR pointer
L 08/04/2025 - 15:34:24: [AMXX] Run time error 10 (plugin "zp_level_system.amxx") (native "get_pcvar_num") - debug not enabled!
L 08/04/2025 - 15:34:24: [AMXX] To enable debug mode, add "debug" after the plugin name in plugins.ini (without quotes).
L 08/04/2025 - 15:34:38: Invalid CVAR pointer
L 08/04/2025 - 15:34:38: [AMXX] Run time error 10 (plugin "zp_level_system.amxx") (native "get_pcvar_num") - debug not enabled!
L 08/04/2025 - 15:34:38: [AMXX] To enable debug mode, add "debug" after the plugin name in plugins.ini (without quotes).
L 08/04/2025 - 15:35:14: Invalid CVAR pointer
L 08/04/2025 - 15:35:14: [AMXX] Run time error 10 (plugin "zp_level_system.amxx") (native "get_pcvar_num") - debug not enabled!
L 08/04/2025 - 15:35:14: [AMXX] To enable debug mode, add "debug" after the plugin name in plugins.ini (without quotes).
L 08/04/2025 - 15:35:19: Invalid CVAR pointer
L 08/04/2025 - 15:35:19: [AMXX] Run time error 10 (plugin "zp_level_system.amxx") (native "get_pcvar_num") - debug not enabled!
L 08/04/2025 - 15:35:19: [AMXX] To enable debug mode, add "debug" after the plugin name in plugins.ini (without quotes).
L 08/04/2025 - 15:35:20: Invalid CVAR pointer
L 08/04/2025 - 15:35:20: [AMXX] Run time error 10 (plugin "zp_level_system.amxx") (native "get_pcvar_num") - debug not enabled!
L 08/04/2025 - 15:35:20: [AMXX] To enable debug mode, add "debug" after the plugin name in plugins.ini (without quotes).
L 08/04/2025 - 15:35:27: Invalid CVAR pointer
L 08/04/2025 - 15:35:27: [AMXX] Run time error 10 (plugin "zp_level_system.amxx") (native "get_pcvar_num") - debug not enabled!
L 08/04/2025 - 15:35:27: [AMXX] To enable debug mode, add "debug" after the plugin name in plugins.ini (without quotes).
L 08/04/2025 - 15:35:38: Invalid CVAR pointer
L 08/04/2025 - 15:35:38: [AMXX] Run time error 10 (plugin "zp_level_system.amxx") (native "get_pcvar_num") - debug not enabled!
L 08/04/2025 - 15:35:38: [AMXX] To enable debug mode, add "debug" after the plugin name in plugins.ini (without quotes).
L 08/04/2025 - 15:35:46: Invalid CVAR pointer
L 08/04/2025 - 15:35:46: [AMXX] Run time error 10 (plugin "zp_level_system.amxx") (native "get_pcvar_num") - debug not enabled!
L 08/04/2025 - 15:35:46: [AMXX] To enable debug mode, add "debug" after the plugin name in plugins.ini (without quotes).
L 08/04/2025 - 15:36:11: Invalid CVAR pointer
L 08/04/2025 - 15:36:11: [AMXX] Run time error 10 (plugin "zp_level_system.amxx") (native "get_pcvar_num") - debug not enabled!
L 08/04/2025 - 15:36:11: [AMXX] To enable debug mode, add "debug" after the plugin name in plugins.ini (without quotes).
L 08/04/2025 - 15:36:16: Invalid CVAR pointer
L 08/04/2025 - 15:36:16: [AMXX] Run time error 10 (plugin "zp_level_system.amxx") (native "get_pcvar_num") - debug not enabled!
L 08/04/2025 - 15:36:16: [AMXX] To enable debug mode, add "debug" after the plugin name in plugins.ini (without quotes).
L 08/04/2025 - 15:36:16: [nVault] Invalid vault id: 0

L 08/04/2025 - 15:36:16: [AMXX] Run time error 10 (plugin "zp_level_system.amxx") (native "nvault_close") - debug not enabled!
L 08/04/2025 - 15:36:16: [AMXX] To enable debug mode, add "debug" after the plugin name in plugins.ini (without quotes).
L 08/04/2025 - 15:36:19: Start of error session.
L 08/04/2025 - 15:36:19: Info (map "zm_fortuna_v2") (file "addons/amxmodx/logs/error_20250804.log")
L 08/04/2025 - 15:36:19: [AMXX] Run time error 4 (plugin "zp_level_system.amxx") - debug not enabled!
L 08/04/2025 - 15:36:19: [AMXX] To enable debug mode, add "debug" after the plugin name in plugins.ini (without quotes).
L 08/04/2025 - 15:36:20: [AMXX] Run time error 4 (plugin "zp_level_system.amxx") - debug not enabled!
L 08/04/2025 - 15:36:20: [AMXX] To enable debug mode, add "debug" after the plugin name in plugins.ini (without quotes).
L 08/04/2025 - 15:36:21: [AMXX] Run time error 4 (plugin "zp_level_system.amxx") - debug not enabled!
L 08/04/2025 - 15:36:21: [AMXX] To enable debug mode, add "debug" after the plugin name in plugins.ini (without quotes).
L 08/04/2025 - 15:36:22: [AMXX] Run time error 4 (plugin "zp_level_system.amxx") - debug not enabled!
L 08/04/2025 - 15:36:22: [AMXX] To enable debug mode, add "debug" after the plugin name in plugins.ini (without quotes).
L 08/04/2025 - 15:36:23: [AMXX] Run time error 4 (plugin "zp_level_system.amxx") - debug not enabled!
L 08/04/2025 - 15:36:23: [AMXX] To enable debug mode, add "debug" after the plugin name in plugins.ini (without quotes).
L 08/04/2025 - 15:36:24: [AMXX] Run time error 4 (plugin "zp_level_system.amxx") - debug not enabled!
L 08/04/2025 - 15:36:24: [AMXX] To enable debug mode, add "debug" after the plugin name in plugins.ini (without quotes).
L 08/04/2025 - 15:36:25: [AMXX] Run time error 4 (plugin "zp_level_system.amxx") - debug not enabled!
L 08/04/2025 - 15:36:25: [AMXX] To enable debug mode, add "debug" after the plugin name in plugins.ini (without quotes).
L 08/04/2025 - 15:36:26: [AMXX] Run time error 4 (plugin "zp_level_system.amxx") - debug not enabled!
L 08/04/2025 - 15:36:26: [AMXX] To enable debug mode, add "debug" after the plugin name in plugins.ini (without quotes).
L 08/04/2025 - 15:36:27: [AMXX] Run time error 4 (plugin "zp_level_system.amxx") - debug not enabled!
L 08/04/2025 - 15:36:27: [AMXX] To enable debug mode, add "debug" after the plugin name in plugins.ini (without quotes).
L 08/04/2025 - 15:36:28: [AMXX] Run time error 4 (plugin "zp_level_system.amxx") - debug not enabled!
L 08/04/2025 - 15:36:28: [AMXX] To enable debug mode, add "debug" after the plugin name in plugins.ini (without quotes).
L 08/04/2025 - 15:36:29: [AMXX] Run time error 4 (plugin "zp_level_system.amxx") - debug not enabled!
L 08/04/2025 - 15:36:29: [AMXX] To enable debug mode, add "debug" after the plugin name in plugins.ini (without quotes).
L 08/04/2025 - 15:36:30: [AMXX] Run time error 4 (plugin "zp_level_system.amxx") - debug not enabled!
L 08/04/2025 - 15:36:30: [AMXX] To enable debug mode, add "debug" after the plugin name in plugins.ini (without quotes).
L 08/04/2025 - 15:36:31: [AMXX] Run time error 4 (plugin "zp_level_system.amxx") - debug not enabled!
L 08/04/2025 - 15:36:31: [AMXX] To enable debug mode, add "debug" after the plugin name in plugins.ini (without quotes).
L 08/04/2025 - 15:36:32: [AMXX] Run time error 4 (plugin "zp_level_system.amxx") - debug not enabled!
L 08/04/2025 - 15:36:32: [AMXX] To enable debug mode, add "debug" after the plugin name in plugins.ini (without quotes).
L 08/04/2025 - 15:36:33: [AMXX] Run time error 4 (plugin "zp_level_system.amxx") - debug not enabled!
L 08/04/2025 - 15:36:33: [AMXX] To enable debug mode, add "debug" after the plugin name in plugins.ini (without quotes).
L 08/04/2025 - 15:36:34: [AMXX] Run time error 4 (plugin "zp_level_system.amxx") - debug not enabled!
L 08/04/2025 - 15:36:34: [AMXX] To enable debug mode, add "debug" after the plugin name in plugins.ini (without quotes).
L 08/04/2025 - 15:36:35: [AMXX] Run time error 4 (plugin "zp_level_system.amxx") - debug not enabled!
L 08/04/2025 - 15:36:35: [AMXX] To enable debug mode, add "debug" after the plugin name in plugins.ini (without quotes).
L 08/04/2025 - 15:36:36: [AMXX] Run time error 4 (plugin "zp_level_system.amxx") - debug not enabled!
L 08/04/2025 - 15:36:36: [AMXX] To enable debug mode, add "debug" after the plugin name in plugins.ini (without quotes).
L 08/04/2025 - 15:36:37: [AMXX] Run time error 4 (plugin "zp_level_system.amxx") - debug not enabled!
L 08/04/2025 - 15:36:37: [AMXX] To enable debug mode, add "debug" after the plugin name in plugins.ini (without quotes).
L 08/04/2025 - 15:36:38: [AMXX] Run time error 4 (plugin "zp_level_system.amxx") - debug not enabled!
L 08/04/2025 - 15:36:38: [AMXX] To enable debug mode, add "debug" after the plugin name in plugins.ini (without quotes).
L 08/04/2025 - 15:36:39: [AMXX] Run time error 4 (plugin "zp_level_system.amxx") - debug not enabled!
L 08/04/2025 - 15:36:39: [AMXX] To enable debug mode, add "debug" after the plugin name in plugins.ini (without quotes).
L 08/04/2025 - 15:36:40: [AMXX] Run time error 4 (plugin "zp_level_system.amxx") - debug not enabled!
L 08/04/2025 - 15:36:40: [AMXX] To enable debug mode, add "debug" after the plugin name in plugins.ini (without quotes).
L 08/04/2025 - 15:36:41: [AMXX] Run time error 4 (plugin "zp_level_system.amxx") - debug not enabled!
L 08/04/2025 - 15:36:41: [AMXX] To enable debug mode, add "debug" after the plugin name in plugins.ini (without quotes).
L 08/04/2025 - 15:36:42: [AMXX] Run time error 4 (plugin "zp_level_system.amxx") - debug not enabled!
L 08/04/2025 - 15:36:42: [AMXX] To enable debug mode, add "debug" after the plugin name in plugins.ini (without quotes).
L 08/04/2025 - 15:36:43: [AMXX] Run time error 4 (plugin "zp_level_system.amxx") - debug not enabled!
L 08/04/2025 - 15:36:43: [AMXX] To enable debug mode, add "debug" after the plugin name in plugins.ini (without quotes).
L 08/04/2025 - 15:36:44: [AMXX] Run time error 4 (plugin "zp_level_system.amxx") - debug not enabled!
L 08/04/2025 - 15:36:44: [AMXX] To enable debug mode, add "debug" after the plugin name in plugins.ini (without quotes).
L 08/04/2025 - 15:36:45: [AMXX] Run time error 4 (plugin "zp_level_system.amxx") - debug not enabled!
L 08/04/2025 - 15:36:45: [AMXX] To enable debug mode, add "debug" after the plugin name in plugins.ini (without quotes).
L 08/04/2025 - 15:36:46: [AMXX] Run time error 4 (plugin "zp_level_system.amxx") - debug not enabled!
L 08/04/2025 - 15:36:46: [AMXX] To enable debug mode, add "debug" after the plugin name in plugins.ini (without quotes).
L 08/04/2025 - 15:36:47: [AMXX] Run time error 4 (plugin "zp_level_system.amxx") - debug not enabled!
L 08/04/2025 - 15:36:47: [AMXX] To enable debug mode, add "debug" after the plugin name in plugins.ini (without quotes).
L 08/04/2025 - 15:36:48: [AMXX] Run time error 4 (plugin "zp_level_system.amxx") - debug not enabled!
L 08/04/2025 - 15:36:48: [AMXX] To enable debug mode, add "debug" after the plugin name in plugins.ini (without quotes).
L 08/04/2025 - 15:36:49: [AMXX] Run time error 4 (plugin "zp_level_system.amxx") - debug not enabled!
L 08/04/2025 - 15:36:49: [AMXX] To enable debug mode, add "debug" after the plugin name in plugins.ini (without quotes).
L 08/04/2025 - 15:36:50: [AMXX] Run time error 4 (plugin "zp_level_system.amxx") - debug not enabled!
L 08/04/2025 - 15:36:50: [AMXX] To enable debug mode, add "debug" after the plugin name in plugins.ini (without quotes).
L 08/04/2025 - 15:36:51: [AMXX] Run time error 4 (plugin "zp_level_system.amxx") - debug not enabled!
L 08/04/2025 - 15:36:51: [AMXX] To enable debug mode, add "debug" after the plugin name in plugins.ini (without quotes).
L 08/04/2025 - 15:36:52: [AMXX] Run time error 4 (plugin "zp_level_system.amxx") - debug not enabled!
L 08/04/2025 - 15:36:52: [AMXX] To enable debug mode, add "debug" after the plugin name in plugins.ini (without quotes).
L 08/04/2025 - 15:36:53: [AMXX] Run time error 4 (plugin "zp_level_system.amxx") - debug not enabled!
L 08/04/2025 - 15:36:53: [AMXX] To enable debug mode, add "debug" after the plugin name in plugins.ini (without quotes).
L 08/04/2025 - 15:36:54: [AMXX] Run time error 4 (plugin "zp_level_system.amxx") - debug not enabled!
L 08/04/2025 - 15:36:54: [AMXX] To enable debug mode, add "debug" after the plugin name in plugins.ini (without quotes).
L 08/04/2025 - 15:36:55: [AMXX] Run time error 4 (plugin "zp_level_system.amxx") - debug not enabled!
L 08/04/2025 - 15:36:55: [AMXX] To enable debug mode, add "debug" after the plugin name in plugins.ini (without quotes).
L 08/04/2025 - 15:36:56: [AMXX] Run time error 4 (plugin "zp_level_system.amxx") - debug not enabled!
L 08/04/2025 - 15:36:56: [AMXX] To enable debug mode, add "debug" after the plugin name in plugins.ini (without quotes).
L 08/04/2025 - 15:36:57: [AMXX] Run time error 4 (plugin "zp_level_system.amxx") - debug not enabled!
L 08/04/2025 - 15:36:57: [AMXX] To enable debug mode, add "debug" after the plugin name in plugins.ini (without quotes).
L 08/04/2025 - 15:36:58: [AMXX] Run time error 4 (plugin "zp_level_system.amxx") - debug not enabled!
L 08/04/2025 - 15:36:58: [AMXX] To enable debug mode, add "debug" after the plugin name in plugins.ini (without quotes).
L 08/04/2025 - 15:36:59: [AMXX] Run time error 4 (plugin "zp_level_system.amxx") - debug not enabled!
L 08/04/2025 - 15:36:59: [AMXX] To enable debug mode, add "debug" after the plugin name in plugins.ini (without quotes).
L 08/04/2025 - 15:37:00: [AMXX] Run time error 4 (plugin "zp_level_system.amxx") - debug not enabled!
L 08/04/2025 - 15:37:00: [AMXX] To enable debug mode, add "debug" after the plugin name in plugins.ini (without quotes).
L 08/04/2025 - 15:37:01: [AMXX] Run time error 4 (plugin "zp_level_system.amxx") - debug not enabled!
L 08/04/2025 - 15:37:01: [AMXX] To enable debug mode, add "debug" after the plugin name in plugins.ini (without quotes).
L 08/04/2025 - 15:37:02: [AMXX] Run time error 4 (plugin "zp_level_system.amxx") - debug not enabled!
L 08/04/2025 - 15:37:02: [AMXX] To enable debug mode, add "debug" after the plugin name in plugins.ini (without quotes).
L 08/04/2025 - 15:37:03: [AMXX] Run time error 4 (plugin "zp_level_system.amxx") - debug not enabled!
L 08/04/2025 - 15:37:03: [AMXX] To enable debug mode, add "debug" after the plugin name in plugins.ini (without quotes).
L 08/04/2025 - 15:37:04: [AMXX] Run time error 4 (plugin "zp_level_system.amxx") - debug not enabled!
L 08/04/2025 - 15:37:04: [AMXX] To enable debug mode, add "debug" after the plugin name in plugins.ini (without quotes).
L 08/04/2025 - 15:37:05: [AMXX] Run time error 4 (plugin "zp_level_system.amxx") - debug not enabled!
L 08/04/2025 - 15:37:05: [AMXX] To enable debug mode, add "debug" after the plugin name in plugins.ini (without quotes).
L 08/04/2025 - 15:37:06: [AMXX] Run time error 4 (plugin "zp_level_system.amxx") - debug not enabled!
L 08/04/2025 - 15:37:06: [AMXX] To enable debug mode, add "debug" after the plugin name in plugins.ini (without quotes).
L 08/04/2025 - 15:37:07: [AMXX] Run time error 4 (plugin "zp_level_system.amxx") - debug not enabled!
L 08/04/2025 - 15:37:07: [AMXX] To enable debug mode, add "debug" after the plugin name in plugins.ini (without quotes).
L 08/04/2025 - 15:37:08: [AMXX] Run time error 4 (plugin "zp_level_system.amxx") - debug not enabled!
L 08/04/2025 - 15:37:08: [AMXX] To enable debug mode, add "debug" after the plugin name in plugins.ini (without quotes).
L 08/04/2025 - 15:37:09: [AMXX] Run time error 4 (plugin "zp_level_system.amxx") - debug not enabled!
L 08/04/2025 - 15:37:09: [AMXX] To enable debug mode, add "debug" after the plugin name in plugins.ini (without quotes).
L 08/04/2025 - 15:37:10: [AMXX] Run time error 4 (plugin "zp_level_system.amxx") - debug not enabled!
L 08/04/2025 - 15:37:10: [AMXX] To enable debug mode, add "debug" after the plugin name in plugins.ini (without quotes).
L 08/04/2025 - 15:37:11: [AMXX] Run time error 4 (plugin "zp_level_system.amxx") - debug not enabled!
L 08/04/2025 - 15:37:11: [AMXX] To enable debug mode, add "debug" after the plugin name in plugins.ini (without quotes).
L 08/04/2025 - 15:37:12: [AMXX] Run time error 4 (plugin "zp_level_system.amxx") - debug not enabled!
L 08/04/2025 - 15:37:12: [AMXX] To enable debug mode, add "debug" after the plugin name in plugins.ini (without quotes).
L 08/04/2025 - 15:37:13: [AMXX] Run time error 4 (plugin "zp_level_system.amxx") - debug not enabled!
L 08/04/2025 - 15:37:13: [AMXX] To enable debug mode, add "debug" after the plugin name in plugins.ini (without quotes).
L 08/04/2025 - 15:37:14: [AMXX] Run time error 4 (plugin "zp_level_system.amxx") - debug not enabled!
L 08/04/2025 - 15:37:14: [AMXX] To enable debug mode, add "debug" after the plugin name in plugins.ini (without quotes).
L 08/04/2025 - 15:37:15: [AMXX] Run time error 4 (plugin "zp_level_system.amxx") - debug not enabled!
L 08/04/2025 - 15:37:15: [AMXX] To enable debug mode, add "debug" after the plugin name in plugins.ini (without quotes).
L 08/04/2025 - 15:37:16: [AMXX] Run time error 4 (plugin "zp_level_system.amxx") - debug not enabled!
L 08/04/2025 - 15:37:16: [AMXX] To enable debug mode, add "debug" after the plugin name in plugins.ini (without quotes).
L 08/04/2025 - 15:37:17: [AMXX] Run time error 4 (plugin "zp_level_system.amxx") - debug not enabled!
L 08/04/2025 - 15:37:17: [AMXX] To enable debug mode, add "debug" after the plugin name in plugins.ini (without quotes).
L 08/04/2025 - 15:37:18: [AMXX] Run time error 4 (plugin "zp_level_system.amxx") - debug not enabled!
L 08/04/2025 - 15:37:18: [AMXX] To enable debug mode, add "debug" after the plugin name in plugins.ini (without quotes).
L 08/04/2025 - 15:37:19: [AMXX] Run time error 4 (plugin "zp_level_system.amxx") - debug not enabled!
L 08/04/2025 - 15:37:19: [AMXX] To enable debug mode, add "debug" after the plugin name in plugins.ini (without quotes).
L 08/04/2025 - 15:37:20: [AMXX] Run time error 4 (plugin "zp_level_system.amxx") - debug not enabled!
L 08/04/2025 - 15:37:20: [AMXX] To enable debug mode, add "debug" after the plugin name in plugins.ini (without quotes).
L 08/04/2025 - 15:37:21: [AMXX] Run time error 4 (plugin "zp_level_system.amxx") - debug not enabled!
L 08/04/2025 - 15:37:21: [AMXX] To enable debug mode, add "debug" after the plugin name in plugins.ini (without quotes).
L 08/04/2025 - 15:37:22: [AMXX] Run time error 4 (plugin "zp_level_system.amxx") - debug not enabled!
L 08/04/2025 - 15:37:22: [AMXX] To enable debug mode, add "debug" after the plugin name in plugins.ini (without quotes).
L 08/04/2025 - 15:37:23: [AMXX] Run time error 4 (plugin "zp_level_system.amxx") - debug not enabled!
L 08/04/2025 - 15:37:23: [AMXX] To enable debug mode, add "debug" after the plugin name in plugins.ini (without quotes).
L 08/04/2025 - 15:37:24: [AMXX] Run time error 4 (plugin "zp_level_system.amxx") - debug not enabled!
L 08/04/2025 - 15:37:24: [AMXX] To enable debug mode, add "debug" after the plugin name in plugins.ini (without quotes).
L 08/04/2025 - 15:37:25: [AMXX] Run time error 4 (plugin "zp_level_system.amxx") - debug not enabled!
L 08/04/2025 - 15:37:25: [AMXX] To enable debug mode, add "debug" after the plugin name in plugins.ini (without quotes).
L 08/04/2025 - 15:37:26: [AMXX] Run time error 4 (plugin "zp_level_system.amxx") - debug not enabled!
L 08/04/2025 - 15:37:26: [AMXX] To enable debug mode, add "debug" after the plugin name in plugins.ini (without quotes).
L 08/04/2025 - 15:37:27: [AMXX] Run time error 4 (plugin "zp_level_system.amxx") - debug not enabled!
L 08/04/2025 - 15:37:27: [AMXX] To enable debug mode, add "debug" after the plugin name in plugins.ini (without quotes).
L 08/04/2025 - 15:37:28: [AMXX] Run time error 4 (plugin "zp_level_system.amxx") - debug not enabled!
L 08/04/2025 - 15:37:28: [AMXX] To enable debug mode, add "debug" after the plugin name in plugins.ini (without quotes).
L 08/04/2025 - 15:37:29: [AMXX] Run time error 4 (plugin "zp_level_system.amxx") - debug not enabled!
L 08/04/2025 - 15:37:29: [AMXX] To enable debug mode, add "debug" after the plugin name in plugins.ini (without quotes).
L 08/04/2025 - 15:37:30: [AMXX] Run time error 4 (plugin "zp_level_system.amxx") - debug not enabled!
L 08/04/2025 - 15:37:30: [AMXX] To enable debug mode, add "debug" after the plugin name in plugins.ini (without quotes).
L 08/04/2025 - 15:37:31: [AMXX] Run time error 4 (plugin "zp_level_system.amxx") - debug not enabled!
L 08/04/2025 - 15:37:31: [AMXX] To enable debug mode, add "debug" after the plugin name in plugins.ini (without quotes).
L 08/04/2025 - 15:37:32: [AMXX] Run time error 4 (plugin "zp_level_system.amxx") - debug not enabled!
L 08/04/2025 - 15:37:32: [AMXX] To enable debug mode, add "debug" after the plugin name in plugins.ini (without quotes).
L 08/04/2025 - 15:37:33: [AMXX] Run time error 4 (plugin "zp_level_system.amxx") - debug not enabled!
L 08/04/2025 - 15:37:33: [AMXX] To enable debug mode, add "debug" after the plugin name in plugins.ini (without quotes).
L 08/04/2025 - 15:37:34: [AMXX] Run time error 4 (plugin "zp_level_system.amxx") - debug not enabled!
L 08/04/2025 - 15:37:34: [AMXX] To enable debug mode, add "debug" after the plugin name in plugins.ini (without quotes).
L 08/04/2025 - 15:37:35: [AMXX] Run time error 4 (plugin "zp_level_system.amxx") - debug not enabled!
L 08/04/2025 - 15:37:35: [AMXX] To enable debug mode, add "debug" after the plugin name in plugins.ini (without quotes).
L 08/04/2025 - 15:37:43: Start of error session.
L 08/04/2025 - 15:37:43: Info (map "zm_fortuna_v2") (file "addons/amxmodx/logs/error_20250804.log")
L 08/04/2025 - 15:37:43: [AMXX] Run time error 4 (plugin "zp_level_system.amxx") - debug not enabled!
L 08/04/2025 - 15:37:43: [AMXX] To enable debug mode, add "debug" after the plugin name in plugins.ini (without quotes).
L 08/04/2025 - 15:37:44: [AMXX] Run time error 4 (plugin "zp_level_system.amxx") - debug not enabled!
L 08/04/2025 - 15:37:44: [AMXX] To enable debug mode, add "debug" after the plugin name in plugins.ini (without quotes).
L 08/04/2025 - 15:37:45: [AMXX] Run time error 4 (plugin "zp_level_system.amxx") - debug not enabled!
L 08/04/2025 - 15:37:45: [AMXX] To enable debug mode, add "debug" after the plugin name in plugins.ini (without quotes).
L 08/04/2025 - 15:37:46: [AMXX] Run time error 4 (plugin "zp_level_system.amxx") - debug not enabled!
L 08/04/2025 - 15:37:46: [AMXX] To enable debug mode, add "debug" after the plugin name in plugins.ini (without quotes).
L 08/04/2025 - 15:37:47: [AMXX] Run time error 4 (plugin "zp_level_system.amxx") - debug not enabled!
L 08/04/2025 - 15:37:47: [AMXX] To enable debug mode, add "debug" after the plugin name in plugins.ini (without quotes).
L 08/04/2025 - 15:37:48: [AMXX] Run time error 4 (plugin "zp_level_system.amxx") - debug not enabled!
L 08/04/2025 - 15:37:48: [AMXX] To enable debug mode, add "debug" after the plugin name in plugins.ini (without quotes).
L 08/04/2025 - 15:37:49: [AMXX] Run time error 4 (plugin "zp_level_system.amxx") - debug not enabled!
L 08/04/2025 - 15:37:49: [AMXX] To enable debug mode, add "debug" after the plugin name in plugins.ini (without quotes).
L 08/04/2025 - 15:37:50: [AMXX] Run time error 4 (plugin "zp_level_system.amxx") - debug not enabled!
L 08/04/2025 - 15:37:50: [AMXX] To enable debug mode, add "debug" after the plugin name in plugins.ini (without quotes).
L 08/04/2025 - 15:37:51: [AMXX] Run time error 4 (plugin "zp_level_system.amxx") - debug not enabled!
L 08/04/2025 - 15:37:51: [AMXX] To enable debug mode, add "debug" after the plugin name in plugins.ini (without quotes).
L 08/04/2025 - 15:37:52: [AMXX] Run time error 4 (plugin "zp_level_system.amxx") - debug not enabled!
L 08/04/2025 - 15:37:52: [AMXX] To enable debug mode, add "debug" after the plugin name in plugins.ini (without quotes).
L 08/04/2025 - 15:37:53: [AMXX] Run time error 4 (plugin "zp_level_system.amxx") - debug not enabled!
L 08/04/2025 - 15:37:53: [AMXX] To enable debug mode, add "debug" after the plugin name in plugins.ini (without quotes).
L 08/04/2025 - 15:37:54: [AMXX] Run time error 4 (plugin "zp_level_system.amxx") - debug not enabled!
L 08/04/2025 - 15:37:54: [AMXX] To enable debug mode, add "debug" after the plugin name in plugins.ini (without quotes).
L 08/04/2025 - 15:37:55: [AMXX] Run time error 4 (plugin "zp_level_system.amxx") - debug not enabled!
L 08/04/2025 - 15:37:55: [AMXX] To enable debug mode, add "debug" after the plugin name in plugins.ini (without quotes).
L 08/04/2025 - 15:37:56: [AMXX] Run time error 4 (plugin "zp_level_system.amxx") - debug not enabled!
L 08/04/2025 - 15:37:56: [AMXX] To enable debug mode, add "debug" after the plugin name in plugins.ini (without quotes).
L 08/04/2025 - 15:37:57: [AMXX] Run time error 4 (plugin "zp_level_system.amxx") - debug not enabled!
L 08/04/2025 - 15:37:57: [AMXX] To enable debug mode, add "debug" after the plugin name in plugins.ini (without quotes).
L 08/04/2025 - 15:37:58: [AMXX] Run time error 4 (plugin "zp_level_system.amxx") - debug not enabled!
L 08/04/2025 - 15:37:58: [AMXX] To enable debug mode, add "debug" after the plugin name in plugins.ini (without quotes).
L 08/04/2025 - 15:37:59: [AMXX] Run time error 4 (plugin "zp_level_system.amxx") - debug not enabled!
L 08/04/2025 - 15:37:59: [AMXX] To enable debug mode, add "debug" after the plugin name in plugins.ini (without quotes).
L 08/04/2025 - 15:38:00: [AMXX] Run time error 4 (plugin "zp_level_system.amxx") - debug not enabled!
L 08/04/2025 - 15:38:00: [AMXX] To enable debug mode, add "debug" after the plugin name in plugins.ini (without quotes).
L 08/04/2025 - 15:38:01: [AMXX] Run time error 4 (plugin "zp_level_system.amxx") - debug not enabled!
L 08/04/2025 - 15:38:01: [AMXX] To enable debug mode, add "debug" after the plugin name in plugins.ini (without quotes).
L 08/04/2025 - 15:38:02: [AMXX] Run time error 4 (plugin "zp_level_system.amxx") - debug not enabled!
L 08/04/2025 - 15:38:02: [AMXX] To enable debug mode, add "debug" after the plugin name in plugins.ini (without quotes).
L 08/04/2025 - 15:38:03: [AMXX] Run time error 4 (plugin "zp_level_system.amxx") - debug not enabled!
L 08/04/2025 - 15:38:03: [AMXX] To enable debug mode, add "debug" after the plugin name in plugins.ini (without quotes).
L 08/04/2025 - 15:38:04: [AMXX] Run time error 4 (plugin "zp_level_system.amxx") - debug not enabled!
L 08/04/2025 - 15:38:04: [AMXX] To enable debug mode, add "debug" after the plugin name in plugins.ini (without quotes).
L 08/04/2025 - 15:38:05: [AMXX] Run time error 4 (plugin "zp_level_system.amxx") - debug not enabled!
L 08/04/2025 - 15:38:05: [AMXX] To enable debug mode, add "debug" after the plugin name in plugins.ini (without quotes).
L 08/04/2025 - 15:38:06: [AMXX] Run time error 4 (plugin "zp_level_system.amxx") - debug not enabled!
L 08/04/2025 - 15:38:06: [AMXX] To enable debug mode, add "debug" after the plugin name in plugins.ini (without quotes).
L 08/04/2025 - 15:38:07: [AMXX] Run time error 4 (plugin "zp_level_system.amxx") - debug not enabled!
L 08/04/2025 - 15:38:07: [AMXX] To enable debug mode, add "debug" after the plugin name in plugins.ini (without quotes).
L 08/04/2025 - 15:38:08: [AMXX] Run time error 4 (plugin "zp_level_system.amxx") - debug not enabled!
L 08/04/2025 - 15:38:08: [AMXX] To enable debug mode, add "debug" after the plugin name in plugins.ini (without quotes).
L 08/04/2025 - 15:38:09: [AMXX] Run time error 4 (plugin "zp_level_system.amxx") - debug not enabled!
L 08/04/2025 - 15:38:09: [AMXX] To enable debug mode, add "debug" after the plugin name in plugins.ini (without quotes).
L 08/04/2025 - 15:38:10: [AMXX] Run time error 4 (plugin "zp_level_system.amxx") - debug not enabled!
L 08/04/2025 - 15:38:10: [AMXX] To enable debug mode, add "debug" after the plugin name in plugins.ini (without quotes).
L 08/04/2025 - 15:38:11: [AMXX] Run time error 4 (plugin "zp_level_system.amxx") - debug not enabled!
L 08/04/2025 - 15:38:11: [AMXX] To enable debug mode, add "debug" after the plugin name in plugins.ini (without quotes).
L 08/04/2025 - 15:38:12: [AMXX] Run time error 4 (plugin "zp_level_system.amxx") - debug not enabled!
L 08/04/2025 - 15:38:12: [AMXX] To enable debug mode, add "debug" after the plugin name in plugins.ini (without quotes).
L 08/04/2025 - 15:38:13: [AMXX] Run time error 4 (plugin "zp_level_system.amxx") - debug not enabled!
L 08/04/2025 - 15:38:13: [AMXX] To enable debug mode, add "debug" after the plugin name in plugins.ini (without quotes).
L 08/04/2025 - 15:38:14: [AMXX] Run time error 4 (plugin "zp_level_system.amxx") - debug not enabled!
L 08/04/2025 - 15:38:14: [AMXX] To enable debug mode, add "debug" after the plugin name in plugins.ini (without quotes).
L 08/04/2025 - 15:38:15: [AMXX] Run time error 4 (plugin "zp_level_system.amxx") - debug not enabled!
L 08/04/2025 - 15:38:15: [AMXX] To enable debug mode, add "debug" after the plugin name in plugins.ini (without quotes).
L 08/04/2025 - 15:38:16: [AMXX] Run time error 4 (plugin "zp_level_system.amxx") - debug not enabled!
L 08/04/2025 - 15:38:16: [AMXX] To enable debug mode, add "debug" after the plugin name in plugins.ini (without quotes).
L 08/04/2025 - 15:38:17: [AMXX] Run time error 4 (plugin "zp_level_system.amxx") - debug not enabled!
L 08/04/2025 - 15:38:17: [AMXX] To enable debug mode, add "debug" after the plugin name in plugins.ini (without quotes).
L 08/04/2025 - 15:38:18: [AMXX] Run time error 4 (plugin "zp_level_system.amxx") - debug not enabled!
L 08/04/2025 - 15:38:18: [AMXX] To enable debug mode, add "debug" after the plugin name in plugins.ini (without quotes).
L 08/04/2025 - 15:38:19: [AMXX] Run time error 4 (plugin "zp_level_system.amxx") - debug not enabled!
L 08/04/2025 - 15:38:19: [AMXX] To enable debug mode, add "debug" after the plugin name in plugins.ini (without quotes).
L 08/04/2025 - 15:38:20: [AMXX] Run time error 4 (plugin "zp_level_system.amxx") - debug not enabled!
L 08/04/2025 - 15:38:20: [AMXX] To enable debug mode, add "debug" after the plugin name in plugins.ini (without quotes).
L 08/04/2025 - 15:38:21: [AMXX] Run time error 4 (plugin "zp_level_system.amxx") - debug not enabled!
L 08/04/2025 - 15:38:21: [AMXX] To enable debug mode, add "debug" after the plugin name in plugins.ini (without quotes).
L 08/04/2025 - 15:38:22: Start of error session.
L 08/04/2025 - 15:38:22: Info (map "zm_fortuna_v2") (file "addons/amxmodx/logs/error_20250804.log")
L 08/04/2025 - 15:38:22: Could not find function "msg_fix_name"
L 08/04/2025 - 15:38:22: [AMXX] Run time error 19 (plugin "zp_level_system.amxx") - debug not enabled!
L 08/04/2025 - 15:38:22: [AMXX] To enable debug mode, add "debug" after the plugin name in plugins.ini (without quotes).
L 08/04/2025 - 15:38:22: Invalid CVAR pointer
L 08/04/2025 - 15:38:22: [AMXX] Run time error 10 (plugin "zp_level_system.amxx") (native "get_pcvar_num") - debug not enabled!
L 08/04/2025 - 15:38:23: [AMXX] To enable debug mode, add "debug" after the plugin name in plugins.ini (without quotes).
L 08/04/2025 - 15:38:23: Invalid CVAR pointer
L 08/04/2025 - 15:38:23: [AMXX] Run time error 10 (plugin "zp_level_system.amxx") (native "get_pcvar_num") - debug not enabled!
L 08/04/2025 - 15:38:23: [AMXX] To enable debug mode, add "debug" after the plugin name in plugins.ini (without quotes).
L 08/04/2025 - 15:38:23: Invalid CVAR pointer
L 08/04/2025 - 15:38:23: [AMXX] Run time error 10 (plugin "zp_level_system.amxx") (native "get_pcvar_float") - debug not enabled!
L 08/04/2025 - 15:38:23: [AMXX] To enable debug mode, add "debug" after the plugin name in plugins.ini (without quotes).
L 08/04/2025 - 15:38:32: Invalid CVAR pointer
L 08/04/2025 - 15:38:32: [AMXX] Run time error 10 (plugin "zp_level_system.amxx") (native "get_pcvar_num") - debug not enabled!
L 08/04/2025 - 15:38:32: [AMXX] To enable debug mode, add "debug" after the plugin name in plugins.ini (without quotes).
L 08/04/2025 - 15:38:32: Invalid CVAR pointer
L 08/04/2025 - 15:38:32: [AMXX] Run time error 10 (plugin "zp_level_system.amxx") (native "get_pcvar_num") - debug not enabled!
L 08/04/2025 - 15:38:32: [AMXX] To enable debug mode, add "debug" after the plugin name in plugins.ini (without quotes).
L 08/04/2025 - 15:38:33: Invalid CVAR pointer
L 08/04/2025 - 15:38:33: [AMXX] Run time error 10 (plugin "zp_level_system.amxx") (native "get_pcvar_num") - debug not enabled!
L 08/04/2025 - 15:38:33: [AMXX] To enable debug mode, add "debug" after the plugin name in plugins.ini (without quotes).
L 08/04/2025 - 15:38:33: Invalid CVAR pointer
L 08/04/2025 - 15:38:33: [AMXX] Run time error 10 (plugin "zp_level_system.amxx") (native "get_pcvar_num") - debug not enabled!
L 08/04/2025 - 15:38:33: [AMXX] To enable debug mode, add "debug" after the plugin name in plugins.ini (without quotes).
L 08/04/2025 - 15:38:34: Invalid CVAR pointer
L 08/04/2025 - 15:38:34: [AMXX] Run time error 10 (plugin "zp_level_system.amxx") (native "get_pcvar_num") - debug not enabled!
L 08/04/2025 - 15:38:34: [AMXX] To enable debug mode, add "debug" after the plugin name in plugins.ini (without quotes).
L 08/04/2025 - 15:38:34: Invalid CVAR pointer
L 08/04/2025 - 15:38:34: [AMXX] Run time error 10 (plugin "zp_level_system.amxx") (native "get_pcvar_num") - debug not enabled!
L 08/04/2025 - 15:38:34: [AMXX] To enable debug mode, add "debug" after the plugin name in plugins.ini (without quotes).
L 08/04/2025 - 15:38:35: Invalid CVAR pointer
L 08/04/2025 - 15:38:35: [AMXX] Run time error 10 (plugin "zp_level_system.amxx") (native "get_pcvar_num") - debug not enabled!
L 08/04/2025 - 15:38:35: [AMXX] To enable debug mode, add "debug" after the plugin name in plugins.ini (without quotes).
L 08/04/2025 - 15:38:35: Invalid CVAR pointer
L 08/04/2025 - 15:38:35: [AMXX] Run time error 10 (plugin "zp_level_system.amxx") (native "get_pcvar_num") - debug not enabled!
L 08/04/2025 - 15:38:35: [AMXX] To enable debug mode, add "debug" after the plugin name in plugins.ini (without quotes).
L 08/04/2025 - 15:38:49: Invalid CVAR pointer
L 08/04/2025 - 15:38:49: [AMXX] Run time error 10 (plugin "zp_level_system.amxx") (native "get_pcvar_num") - debug not enabled!
L 08/04/2025 - 15:38:49: [AMXX] To enable debug mode, add "debug" after the plugin name in plugins.ini (without quotes).
L 08/04/2025 - 15:38:49: Invalid CVAR pointer
L 08/04/2025 - 15:38:49: [AMXX] Run time error 10 (plugin "zp_level_system.amxx") (native "get_pcvar_num") - debug not enabled!
L 08/04/2025 - 15:38:49: [AMXX] To enable debug mode, add "debug" after the plugin name in plugins.ini (without quotes).
L 08/04/2025 - 15:38:51: Invalid CVAR pointer
L 08/04/2025 - 15:38:51: [AMXX] Run time error 10 (plugin "zp_level_system.amxx") (native "get_pcvar_num") - debug not enabled!
L 08/04/2025 - 15:38:51: [AMXX] To enable debug mode, add "debug" after the plugin name in plugins.ini (without quotes).
L 08/04/2025 - 15:38:51: [nVault] Invalid vault id: 0

L 08/04/2025 - 15:38:51: [AMXX] Run time error 10 (plugin "zp_level_system.amxx") (native "nvault_close") - debug not enabled!
L 08/04/2025 - 15:38:51: [AMXX] To enable debug mode, add "debug" after the plugin name in plugins.ini (without quotes).
L 08/04/2025 - 15:38:51: Start of error session.
L 08/04/2025 - 15:38:51: Info (map "zm_fortuna_v2") (file "addons/amxmodx/logs/error_20250804.log")
L 08/04/2025 - 15:38:51: Could not find function "msg_fix_name"
L 08/04/2025 - 15:38:51: [AMXX] Run time error 19 (plugin "zp_level_system.amxx") - debug not enabled!
L 08/04/2025 - 15:38:51: [AMXX] To enable debug mode, add "debug" after the plugin name in plugins.ini (without quotes).
L 08/04/2025 - 15:38:52: Invalid CVAR pointer
L 08/04/2025 - 15:38:52: [AMXX] Run time error 10 (plugin "zp_level_system.amxx") (native "get_pcvar_num") - debug not enabled!
L 08/04/2025 - 15:38:52: [AMXX] To enable debug mode, add "debug" after the plugin name in plugins.ini (without quotes).
L 08/04/2025 - 15:38:52: Invalid CVAR pointer
L 08/04/2025 - 15:38:52: [AMXX] Run time error 10 (plugin "zp_level_system.amxx") (native "get_pcvar_num") - debug not enabled!
L 08/04/2025 - 15:38:52: [AMXX] To enable debug mode, add "debug" after the plugin name in plugins.ini (without quotes).
L 08/04/2025 - 15:38:53: Invalid CVAR pointer
L 08/04/2025 - 15:38:53: [AMXX] Run time error 10 (plugin "zp_level_system.amxx") (native "get_pcvar_float") - debug not enabled!
L 08/04/2025 - 15:38:53: [AMXX] To enable debug mode, add "debug" after the plugin name in plugins.ini (without quotes).
L 08/04/2025 - 15:39:01: Invalid CVAR pointer
L 08/04/2025 - 15:39:01: [AMXX] Run time error 10 (plugin "zp_level_system.amxx") (native "get_pcvar_num") - debug not enabled!
L 08/04/2025 - 15:39:01: [AMXX] To enable debug mode, add "debug" after the plugin name in plugins.ini (without quotes).
L 08/04/2025 - 15:39:01: Invalid CVAR pointer
L 08/04/2025 - 15:39:01: [AMXX] Run time error 10 (plugin "zp_level_system.amxx") (native "get_pcvar_num") - debug not enabled!
L 08/04/2025 - 15:39:01: [AMXX] To enable debug mode, add "debug" after the plugin name in plugins.ini (without quotes).
L 08/04/2025 - 15:39:02: Invalid CVAR pointer
L 08/04/2025 - 15:39:02: [AMXX] Run time error 10 (plugin "zp_level_system.amxx") (native "get_pcvar_num") - debug not enabled!
L 08/04/2025 - 15:39:02: [AMXX] To enable debug mode, add "debug" after the plugin name in plugins.ini (without quotes).
L 08/04/2025 - 15:39:02: Invalid CVAR pointer
L 08/04/2025 - 15:39:02: [AMXX] Run time error 10 (plugin "zp_level_system.amxx") (native "get_pcvar_num") - debug not enabled!
L 08/04/2025 - 15:39:02: [AMXX] To enable debug mode, add "debug" after the plugin name in plugins.ini (without quotes).
L 08/04/2025 - 15:39:03: Invalid CVAR pointer
L 08/04/2025 - 15:39:03: [AMXX] Run time error 10 (plugin "zp_level_system.amxx") (native "get_pcvar_num") - debug not enabled!
L 08/04/2025 - 15:39:03: [AMXX] To enable debug mode, add "debug" after the plugin name in plugins.ini (without quotes).
L 08/04/2025 - 15:39:03: Invalid CVAR pointer
L 08/04/2025 - 15:39:03: [AMXX] Run time error 10 (plugin "zp_level_system.amxx") (native "get_pcvar_num") - debug not enabled!
L 08/04/2025 - 15:39:03: [AMXX] To enable debug mode, add "debug" after the plugin name in plugins.ini (without quotes).
L 08/04/2025 - 15:39:04: Invalid CVAR pointer
L 08/04/2025 - 15:39:04: [AMXX] Run time error 10 (plugin "zp_level_system.amxx") (native "get_pcvar_num") - debug not enabled!
L 08/04/2025 - 15:39:04: [AMXX] To enable debug mode, add "debug" after the plugin name in plugins.ini (without quotes).
L 08/04/2025 - 15:39:04: Invalid CVAR pointer
L 08/04/2025 - 15:39:04: [AMXX] Run time error 10 (plugin "zp_level_system.amxx") (native "get_pcvar_num") - debug not enabled!
L 08/04/2025 - 15:39:04: [AMXX] To enable debug mode, add "debug" after the plugin name in plugins.ini (without quotes).
L 08/04/2025 - 15:39:19: Invalid CVAR pointer
L 08/04/2025 - 15:39:19: [AMXX] Run time error 10 (plugin "zp_level_system.amxx") (native "get_pcvar_num") - debug not enabled!
L 08/04/2025 - 15:39:19: [AMXX] To enable debug mode, add "debug" after the plugin name in plugins.ini (without quotes).
L 08/04/2025 - 15:39:26: Invalid CVAR pointer
L 08/04/2025 - 15:39:26: [AMXX] Run time error 10 (plugin "zp_level_system.amxx") (native "get_pcvar_num") - debug not enabled!
L 08/04/2025 - 15:39:26: [AMXX] To enable debug mode, add "debug" after the plugin name in plugins.ini (without quotes).
L 08/04/2025 - 15:39:32: Invalid CVAR pointer
L 08/04/2025 - 15:39:32: [AMXX] Run time error 10 (plugin "zp_level_system.amxx") (native "get_pcvar_num") - debug not enabled!
L 08/04/2025 - 15:39:32: [AMXX] To enable debug mode, add "debug" after the plugin name in plugins.ini (without quotes).
L 08/04/2025 - 15:39:32: [nVault] Invalid vault id: 0

L 08/04/2025 - 15:39:32: [AMXX] Run time error 10 (plugin "zp_level_system.amxx") (native "nvault_close") - debug not enabled!
L 08/04/2025 - 15:39:32: [AMXX] To enable debug mode, add "debug" after the plugin name in plugins.ini (without quotes).
L 08/04/2025 - 20:57:29: Start of error session.
L 08/04/2025 - 20:57:29: Info (map "zm_escapetrain") (file "addons/amxmodx/logs/error_20250804.log")
L 08/04/2025 - 20:57:29: [AMXX] Run time error 4 (plugin "zombie_plague44.amxx") - debug not enabled!
L 08/04/2025 - 20:57:29: [AMXX] To enable debug mode, add "debug" after the plugin name in plugins.ini (without quotes).
