L 07/29/2025 - 07:45:47: -------- Mapchange to de_dust --------
L 07/29/2025 - 07:45:56: [admin.amxx] Login: "ErenZP<1><STEAM_0:0:1776161912><>" became an admin (account "loopback") (access "abcdefghijklmnopqrstu") (address "loopback")
L 07/29/2025 - 07:45:59: [admin.amxx] Login: "ErenZP<1><STEAM_0:0:1776161912><>" became an admin (account "loopback") (access "abcdefghijklmnopqrstu") (address "loopback")
L 07/29/2025 - 07:47:34: -------- Mapchange to de_dust --------
L 07/29/2025 - 07:47:35: [admin.amxx] Login: "ErenZP<20><STEAM_0:0:1776161912><>" became an admin (account "loopback") (access "abcdefghijklmnopqrstu") (address "loopback")
L 07/29/2025 - 07:47:36: [admin.amxx] Login: "ErenZP<20><STEAM_0:0:1776161912><>" became an admin (account "loopback") (access "abcdefghijklmnopqrstu") (address "loopback")
L 07/29/2025 - 07:51:03: -------- Mapchange to de_dust --------
L 07/29/2025 - 07:51:04: [admin.amxx] Login: "ErenZP<39><STEAM_0:0:1776161912><>" became an admin (account "loopback") (access "abcdefghijklmnopqrstu") (address "loopback")
L 07/29/2025 - 07:51:05: [admin.amxx] Login: "ErenZP<39><STEAM_0:0:1776161912><>" became an admin (account "loopback") (access "abcdefghijklmnopqrstu") (address "loopback")
L 07/29/2025 - 08:06:22: -------- Mapchange to de_dust --------
L 07/29/2025 - 08:06:24: [admin.amxx] Login: "ErenZP<1><STEAM_0:0:1776161912><>" became an admin (account "loopback") (access "abcdefghijklmnopqrstu") (address "loopback")
L 07/29/2025 - 08:06:25: [admin.amxx] Login: "ErenZP<1><STEAM_0:0:1776161912><>" became an admin (account "loopback") (access "abcdefghijklmnopqrstu") (address "loopback")
L 07/29/2025 - 08:31:01: -------- Mapchange to de_dust --------
L 07/29/2025 - 08:31:02: [admin.amxx] Login: "ErenZP<20><STEAM_0:0:1776161912><>" became an admin (account "loopback") (access "abcdefghijklmnopqrstu") (address "loopback")
L 07/29/2025 - 08:31:03: [admin.amxx] Login: "ErenZP<20><STEAM_0:0:1776161912><>" became an admin (account "loopback") (access "abcdefghijklmnopqrstu") (address "loopback")
L 07/29/2025 - 08:34:59: -------- Mapchange to de_dust --------
L 07/29/2025 - 08:35:01: [admin.amxx] Login: "ErenZP<39><STEAM_0:0:1776161912><>" became an admin (account "loopback") (access "abcdefghijklmnopqrstu") (address "loopback")
L 07/29/2025 - 08:35:02: [admin.amxx] Login: "ErenZP<39><STEAM_0:0:1776161912><>" became an admin (account "loopback") (access "abcdefghijklmnopqrstu") (address "loopback")
L 07/29/2025 - 08:36:07: -------- Mapchange to de_dust --------
L 07/29/2025 - 08:36:07: [admin.amxx] Login: "ErenZP<58><STEAM_0:0:1776161912><>" became an admin (account "loopback") (access "abcdefghijklmnopqrstu") (address "loopback")
L 07/29/2025 - 08:36:08: [admin.amxx] Login: "ErenZP<58><STEAM_0:0:1776161912><>" became an admin (account "loopback") (access "abcdefghijklmnopqrstu") (address "loopback")
L 07/29/2025 - 08:36:48: -------- Mapchange to de_dust --------
L 07/29/2025 - 08:36:49: [admin.amxx] Login: "ErenZP<77><STEAM_0:0:1776161912><>" became an admin (account "loopback") (access "abcdefghijklmnopqrstu") (address "loopback")
L 07/29/2025 - 08:36:50: [admin.amxx] Login: "ErenZP<77><STEAM_0:0:1776161912><>" became an admin (account "loopback") (access "abcdefghijklmnopqrstu") (address "loopback")
L 07/29/2025 - 08:40:43: -------- Mapchange to de_dust --------
L 07/29/2025 - 08:40:45: [admin.amxx] Login: "ErenZP<1><STEAM_0:0:1776161912><>" became an admin (account "loopback") (access "abcdefghijklmnopqrstu") (address "loopback")
L 07/29/2025 - 08:40:46: [admin.amxx] Login: "ErenZP<1><STEAM_0:0:1776161912><>" became an admin (account "loopback") (access "abcdefghijklmnopqrstu") (address "loopback")
L 07/29/2025 - 08:45:40: -------- Mapchange to de_dust --------
L 07/29/2025 - 08:45:42: [admin.amxx] Login: "ErenZP<15><STEAM_0:0:1776161912><>" became an admin (account "loopback") (access "abcdefghijklmnopqrstu") (address "loopback")
L 07/29/2025 - 08:45:43: [admin.amxx] Login: "ErenZP<15><STEAM_0:0:1776161912><>" became an admin (account "loopback") (access "abcdefghijklmnopqrstu") (address "loopback")
L 07/29/2025 - 08:52:16: -------- Mapchange to de_dust2 --------
L 07/29/2025 - 08:52:18: [admin.amxx] Login: "ErenZP<29><STEAM_0:0:1776161912><>" became an admin (account "loopback") (access "abcdefghijklmnopqrstu") (address "loopback")
L 07/29/2025 - 08:52:18: [admin.amxx] Login: "ErenZP<29><STEAM_0:0:1776161912><>" became an admin (account "loopback") (access "abcdefghijklmnopqrstu") (address "loopback")
L 07/29/2025 - 09:06:19: -------- Mapchange to de_dust2 --------
L 07/29/2025 - 09:06:22: [admin.amxx] Login: "ErenZP<43><STEAM_0:0:1776161912><>" became an admin (account "loopback") (access "abcdefghijklmnopqrstu") (address "loopback")
L 07/29/2025 - 09:06:24: [admin.amxx] Login: "ErenZP<43><STEAM_0:0:1776161912><>" became an admin (account "loopback") (access "abcdefghijklmnopqrstu") (address "loopback")
L 07/29/2025 - 09:06:50: -------- Mapchange to de_dust2 --------
L 07/29/2025 - 09:06:50: [admin.amxx] Login: "ErenZP<57><STEAM_0:0:1776161912><>" became an admin (account "loopback") (access "abcdefghijklmnopqrstu") (address "loopback")
L 07/29/2025 - 09:06:51: [admin.amxx] Login: "ErenZP<57><STEAM_0:0:1776161912><>" became an admin (account "loopback") (access "abcdefghijklmnopqrstu") (address "loopback")
L 07/29/2025 - 09:26:20: -------- Mapchange to de_dust2 --------
L 07/29/2025 - 09:26:20: [AMXX] Plugin "zp_enhanced_damage_display.amxx" failed to load: Plugin uses an unknown function (name "zp_is_user_zombie") - check your modules.ini.
L 07/29/2025 - 09:26:22: [admin.amxx] Login: "ErenZP<1><STEAM_0:0:1776161912><>" became an admin (account "loopback") (access "abcdefghijklmnopqrstu") (address "loopback")
L 07/29/2025 - 09:26:23: [admin.amxx] Login: "ErenZP<1><STEAM_0:0:1776161912><>" became an admin (account "loopback") (access "abcdefghijklmnopqrstu") (address "loopback")
L 07/29/2025 - 09:29:48: -------- Mapchange to de_dust2 --------
L 07/29/2025 - 09:29:48: [AMXX] Plugin "zp_enhanced_damage_display.amxx" failed to load: Plugin uses an unknown function (name "zp_core_is_zombie") - check your modules.ini.
L 07/29/2025 - 09:29:49: [admin.amxx] Login: "ErenZP<15><STEAM_0:0:1776161912><>" became an admin (account "loopback") (access "abcdefghijklmnopqrstu") (address "loopback")
L 07/29/2025 - 09:29:50: [admin.amxx] Login: "ErenZP<15><STEAM_0:0:1776161912><>" became an admin (account "loopback") (access "abcdefghijklmnopqrstu") (address "loopback")
L 07/29/2025 - 09:35:23: -------- Mapchange to de_dust2 --------
L 07/29/2025 - 09:35:24: [admin.amxx] Login: "ErenZP<29><STEAM_0:0:1776161912><>" became an admin (account "loopback") (access "abcdefghijklmnopqrstu") (address "loopback")
L 07/29/2025 - 09:35:25: [admin.amxx] Login: "ErenZP<29><STEAM_0:0:1776161912><>" became an admin (account "loopback") (access "abcdefghijklmnopqrstu") (address "loopback")
L 07/29/2025 - 09:42:56: -------- Mapchange to de_dust2 --------
L 07/29/2025 - 09:42:56: [admin.amxx] Login: "ErenZP<43><STEAM_0:0:1776161912><>" became an admin (account "loopback") (access "abcdefghijklmnopqrstu") (address "loopback")
L 07/29/2025 - 09:42:57: [admin.amxx] Login: "ErenZP<43><STEAM_0:0:1776161912><>" became an admin (account "loopback") (access "abcdefghijklmnopqrstu") (address "loopback")
L 07/29/2025 - 09:46:10: -------- Mapchange to de_dust2 --------
L 07/29/2025 - 09:46:10: [admin.amxx] Login: "ErenZP<57><STEAM_0:0:1776161912><>" became an admin (account "loopback") (access "abcdefghijklmnopqrstu") (address "loopback")
L 07/29/2025 - 09:46:11: [admin.amxx] Login: "ErenZP<57><STEAM_0:0:1776161912><>" became an admin (account "loopback") (access "abcdefghijklmnopqrstu") (address "loopback")
L 07/29/2025 - 09:56:12: -------- Mapchange to de_dust2 --------
L 07/29/2025 - 09:56:13: [admin.amxx] Login: "ErenZP<71><STEAM_0:0:1776161912><>" became an admin (account "loopback") (access "abcdefghijklmnopqrstu") (address "loopback")
L 07/29/2025 - 09:56:14: [admin.amxx] Login: "ErenZP<71><STEAM_0:0:1776161912><>" became an admin (account "loopback") (access "abcdefghijklmnopqrstu") (address "loopback")
L 07/29/2025 - 10:00:59: -------- Mapchange to de_dust2 --------
L 07/29/2025 - 10:01:00: [admin.amxx] Login: "ErenZP<85><STEAM_0:0:1776161912><>" became an admin (account "loopback") (access "abcdefghijklmnopqrstu") (address "loopback")
L 07/29/2025 - 10:01:01: [admin.amxx] Login: "ErenZP<85><STEAM_0:0:1776161912><>" became an admin (account "loopback") (access "abcdefghijklmnopqrstu") (address "loopback")
L 07/29/2025 - 10:05:57: -------- Mapchange to de_dust2 --------
L 07/29/2025 - 10:05:59: [admin.amxx] Login: "ErenZP<99><STEAM_0:0:1776161912><>" became an admin (account "loopback") (access "abcdefghijklmnopqrstu") (address "loopback")
L 07/29/2025 - 10:06:00: [admin.amxx] Login: "ErenZP<99><STEAM_0:0:1776161912><>" became an admin (account "loopback") (access "abcdefghijklmnopqrstu") (address "loopback")
L 07/29/2025 - 10:07:33: -------- Mapchange to de_dust2 --------
L 07/29/2025 - 10:07:35: [admin.amxx] Login: "ErenZP<113><STEAM_0:0:1776161912><>" became an admin (account "loopback") (access "abcdefghijklmnopqrstu") (address "loopback")
L 07/29/2025 - 10:07:36: [admin.amxx] Login: "ErenZP<113><STEAM_0:0:1776161912><>" became an admin (account "loopback") (access "abcdefghijklmnopqrstu") (address "loopback")
L 07/29/2025 - 10:12:05: -------- Mapchange to de_dust2 --------
L 07/29/2025 - 10:12:07: [admin.amxx] Login: "ErenZP<127><STEAM_0:0:1776161912><>" became an admin (account "loopback") (access "abcdefghijklmnopqrstu") (address "loopback")
L 07/29/2025 - 10:12:08: [admin.amxx] Login: "ErenZP<127><STEAM_0:0:1776161912><>" became an admin (account "loopback") (access "abcdefghijklmnopqrstu") (address "loopback")
L 07/29/2025 - 10:14:27: -------- Mapchange to de_dust2 --------
L 07/29/2025 - 10:14:28: [admin.amxx] Login: "ErenZP<141><STEAM_0:0:1776161912><>" became an admin (account "loopback") (access "abcdefghijklmnopqrstu") (address "loopback")
L 07/29/2025 - 10:14:29: [admin.amxx] Login: "ErenZP<141><STEAM_0:0:1776161912><>" became an admin (account "loopback") (access "abcdefghijklmnopqrstu") (address "loopback")
L 07/29/2025 - 10:14:50: -------- Mapchange to de_dust2 --------
L 07/29/2025 - 10:14:51: [admin.amxx] Login: "ErenZP<155><STEAM_0:0:1776161912><>" became an admin (account "loopback") (access "abcdefghijklmnopqrstu") (address "loopback")
L 07/29/2025 - 10:14:51: [admin.amxx] Login: "ErenZP<155><STEAM_0:0:1776161912><>" became an admin (account "loopback") (access "abcdefghijklmnopqrstu") (address "loopback")
L 07/29/2025 - 10:18:39: -------- Mapchange to de_dust2 --------
L 07/29/2025 - 10:18:41: [admin.amxx] Login: "ErenZP<169><STEAM_0:0:1776161912><>" became an admin (account "loopback") (access "abcdefghijklmnopqrstu") (address "loopback")
L 07/29/2025 - 10:18:43: [admin.amxx] Login: "ErenZP<169><STEAM_0:0:1776161912><>" became an admin (account "loopback") (access "abcdefghijklmnopqrstu") (address "loopback")
L 07/29/2025 - 10:20:32: -------- Mapchange to de_dust2 --------
L 07/29/2025 - 10:20:33: [admin.amxx] Login: "ErenZP<183><STEAM_0:0:1776161912><>" became an admin (account "loopback") (access "abcdefghijklmnopqrstu") (address "loopback")
L 07/29/2025 - 10:20:34: [admin.amxx] Login: "ErenZP<183><STEAM_0:0:1776161912><>" became an admin (account "loopback") (access "abcdefghijklmnopqrstu") (address "loopback")
L 07/29/2025 - 10:21:26: -------- Mapchange to de_dust2 --------
L 07/29/2025 - 10:21:27: [admin.amxx] Login: "ErenZP<197><STEAM_0:0:1776161912><>" became an admin (account "loopback") (access "abcdefghijklmnopqrstu") (address "loopback")
L 07/29/2025 - 10:21:29: [admin.amxx] Login: "ErenZP<197><STEAM_0:0:1776161912><>" became an admin (account "loopback") (access "abcdefghijklmnopqrstu") (address "loopback")
L 07/29/2025 - 10:24:52: -------- Mapchange to de_dust2 --------
L 07/29/2025 - 10:24:54: [admin.amxx] Login: "ErenZP<211><STEAM_0:0:1776161912><>" became an admin (account "loopback") (access "abcdefghijklmnopqrstu") (address "loopback")
L 07/29/2025 - 10:24:55: [admin.amxx] Login: "ErenZP<211><STEAM_0:0:1776161912><>" became an admin (account "loopback") (access "abcdefghijklmnopqrstu") (address "loopback")
L 07/29/2025 - 10:27:08: -------- Mapchange to de_dust2 --------
L 07/29/2025 - 10:27:09: [admin.amxx] Login: "ErenZP<225><STEAM_0:0:1776161912><>" became an admin (account "loopback") (access "abcdefghijklmnopqrstu") (address "loopback")
L 07/29/2025 - 10:27:10: [admin.amxx] Login: "ErenZP<225><STEAM_0:0:1776161912><>" became an admin (account "loopback") (access "abcdefghijklmnopqrstu") (address "loopback")
L 07/29/2025 - 10:45:43: -------- Mapchange to de_dust2 --------
L 07/29/2025 - 10:49:11: -------- Mapchange to de_dust2 --------
L 07/29/2025 - 11:23:44: -------- Mapchange to de_dust2 --------
L 07/29/2025 - 11:23:46: [admin.amxx] Login: "ErenZP<1><STEAM_0:0:1776161912><>" became an admin (account "loopback") (access "abcdefghijklmnopqrstu") (address "loopback")
L 07/29/2025 - 11:23:47: [admin.amxx] Login: "ErenZP<1><STEAM_0:0:1776161912><>" became an admin (account "loopback") (access "abcdefghijklmnopqrstu") (address "loopback")
L 07/29/2025 - 12:10:13: -------- Mapchange to de_dust2 --------
L 07/29/2025 - 12:10:45: -------- Mapchange to de_dust2 --------
L 07/29/2025 - 12:10:47: [admin.amxx] Login: "ErenZP<1><STEAM_0:0:1776161912><>" became an admin (account "loopback") (access "abcdefghijklmnopqrstu") (address "loopback")
L 07/29/2025 - 12:10:48: [admin.amxx] Login: "ErenZP<1><STEAM_0:0:1776161912><>" became an admin (account "loopback") (access "abcdefghijklmnopqrstu") (address "loopback")
L 07/29/2025 - 12:17:29: -------- Mapchange to de_dust2 --------
L 07/29/2025 - 12:17:31: [admin.amxx] Login: "ErenZP<15><STEAM_0:0:1776161912><>" became an admin (account "loopback") (access "abcdefghijklmnopqrstu") (address "loopback")
L 07/29/2025 - 12:17:32: [admin.amxx] Login: "ErenZP<15><STEAM_0:0:1776161912><>" became an admin (account "loopback") (access "abcdefghijklmnopqrstu") (address "loopback")
L 07/29/2025 - 12:24:13: -------- Mapchange to de_dust2 --------
L 07/29/2025 - 12:24:15: Invalid multi-lingual line (file "cstrike\addons\amxmodx\data\lang\lasermine_perfect.txt" line 1)
L 07/29/2025 - 12:24:15: [admin.amxx] Login: "ErenZP<29><STEAM_0:0:1776161912><>" became an admin (account "loopback") (access "abcdefghijklmnopqrstu") (address "loopback")
L 07/29/2025 - 12:24:17: [admin.amxx] Login: "ErenZP<29><STEAM_0:0:1776161912><>" became an admin (account "loopback") (access "abcdefghijklmnopqrstu") (address "loopback")
L 07/29/2025 - 12:51:06: -------- Mapchange to zm_fortuna_v2 --------
L 07/29/2025 - 12:51:13: Invalid multi-lingual line (file "cstrike\addons\amxmodx\data\lang\lasermine_perfect.txt" line 1)
L 07/29/2025 - 12:51:14: [admin.amxx] Login: "ErenZP<1><STEAM_0:0:1776161912><>" became an admin (account "loopback") (access "abcdefghijklmnopqrstu") (address "loopback")
L 07/29/2025 - 12:51:17: [admin.amxx] Login: "ErenZP<1><STEAM_0:0:1776161912><>" became an admin (account "loopback") (access "abcdefghijklmnopqrstu") (address "loopback")
L 07/29/2025 - 12:53:52: -------- Mapchange to zm_fortuna_v2 --------
L 07/29/2025 - 12:53:54: Invalid multi-lingual line (file "cstrike\addons\amxmodx\data\lang\lasermine_perfect.txt" line 1)
L 07/29/2025 - 12:53:54: [admin.amxx] Login: "ErenZP<1><STEAM_0:0:1776161912><>" became an admin (account "loopback") (access "abcdefghijklmnopqrstu") (address "loopback")
L 07/29/2025 - 12:53:56: [admin.amxx] Login: "ErenZP<1><STEAM_0:0:1776161912><>" became an admin (account "loopback") (access "abcdefghijklmnopqrstu") (address "loopback")
L 07/29/2025 - 12:56:19: -------- Mapchange to zm_fortuna_v2 --------
L 07/29/2025 - 12:56:21: Invalid multi-lingual line (file "cstrike\addons\amxmodx\data\lang\lasermine_perfect.txt" line 1)
L 07/29/2025 - 12:56:21: [admin.amxx] Login: "ErenZP<1><STEAM_0:0:1776161912><>" became an admin (account "loopback") (access "abcdefghijklmnopqrstu") (address "loopback")
L 07/29/2025 - 12:56:22: [admin.amxx] Login: "ErenZP<1><STEAM_0:0:1776161912><>" became an admin (account "loopback") (access "abcdefghijklmnopqrstu") (address "loopback")
L 07/29/2025 - 13:02:16: -------- Mapchange to zm_fortuna_v2 --------
L 07/29/2025 - 13:02:17: [admin.amxx] Login: "ErenZP<10><STEAM_0:0:1776161912><>" became an admin (account "loopback") (access "abcdefghijklmnopqrstu") (address "loopback")
L 07/29/2025 - 13:02:18: [admin.amxx] Login: "ErenZP<10><STEAM_0:0:1776161912><>" became an admin (account "loopback") (access "abcdefghijklmnopqrstu") (address "loopback")
L 07/29/2025 - 13:05:06: -------- Mapchange to zm_fortuna_v2 --------
L 07/29/2025 - 13:05:07: [admin.amxx] Login: "ErenZP<19><STEAM_0:0:1776161912><>" became an admin (account "loopback") (access "abcdefghijklmnopqrstu") (address "loopback")
L 07/29/2025 - 13:05:08: [admin.amxx] Login: "ErenZP<19><STEAM_0:0:1776161912><>" became an admin (account "loopback") (access "abcdefghijklmnopqrstu") (address "loopback")
L 07/29/2025 - 13:06:56: -------- Mapchange to zm_fortuna_v2 --------
L 07/29/2025 - 13:06:57: [admin.amxx] Login: "ErenZP<28><STEAM_0:0:1776161912><>" became an admin (account "loopback") (access "abcdefghijklmnopqrstu") (address "loopback")
L 07/29/2025 - 13:06:58: [admin.amxx] Login: "ErenZP<28><STEAM_0:0:1776161912><>" became an admin (account "loopback") (access "abcdefghijklmnopqrstu") (address "loopback")
L 07/29/2025 - 13:09:48: -------- Mapchange to zm_fortuna_v2 --------
L 07/29/2025 - 13:09:48: [admin.amxx] Login: "ErenZP<37><STEAM_0:0:1776161912><>" became an admin (account "loopback") (access "abcdefghijklmnopqrstu") (address "loopback")
L 07/29/2025 - 13:09:49: [admin.amxx] Login: "ErenZP<37><STEAM_0:0:1776161912><>" became an admin (account "loopback") (access "abcdefghijklmnopqrstu") (address "loopback")
L 07/29/2025 - 13:13:32: -------- Mapchange to zm_fortuna_v2 --------
L 07/29/2025 - 13:13:32: [admin.amxx] Login: "ErenZP<46><STEAM_0:0:1776161912><>" became an admin (account "loopback") (access "abcdefghijklmnopqrstu") (address "loopback")
L 07/29/2025 - 13:13:33: [admin.amxx] Login: "ErenZP<46><STEAM_0:0:1776161912><>" became an admin (account "loopback") (access "abcdefghijklmnopqrstu") (address "loopback")
L 07/29/2025 - 13:19:23: -------- Mapchange to zm_fortuna_v2 --------
L 07/29/2025 - 13:19:24: [admin.amxx] Login: "ErenZP<55><STEAM_0:0:1776161912><>" became an admin (account "loopback") (access "abcdefghijklmnopqrstu") (address "loopback")
L 07/29/2025 - 13:19:24: [admin.amxx] Login: "ErenZP<55><STEAM_0:0:1776161912><>" became an admin (account "loopback") (access "abcdefghijklmnopqrstu") (address "loopback")
L 07/29/2025 - 13:24:00: -------- Mapchange to zm_fortuna_v2 --------
L 07/29/2025 - 13:24:01: [admin.amxx] Login: "ErenZP<64><STEAM_0:0:1776161912><>" became an admin (account "loopback") (access "abcdefghijklmnopqrstu") (address "loopback")
L 07/29/2025 - 13:24:02: [admin.amxx] Login: "ErenZP<64><STEAM_0:0:1776161912><>" became an admin (account "loopback") (access "abcdefghijklmnopqrstu") (address "loopback")
L 07/29/2025 - 13:36:59: -------- Mapchange to zm_fortuna_v2 --------
L 07/29/2025 - 13:37:00: [admin.amxx] Login: "ErenZP<73><STEAM_0:0:1776161912><>" became an admin (account "loopback") (access "abcdefghijklmnopqrstu") (address "loopback")
L 07/29/2025 - 13:37:01: [admin.amxx] Login: "ErenZP<73><STEAM_0:0:1776161912><>" became an admin (account "loopback") (access "abcdefghijklmnopqrstu") (address "loopback")
L 07/29/2025 - 13:40:19: -------- Mapchange to zm_fortuna_v2 --------
L 07/29/2025 - 13:40:20: [admin.amxx] Login: "ErenZP<82><STEAM_0:0:1776161912><>" became an admin (account "loopback") (access "abcdefghijklmnopqrstu") (address "loopback")
L 07/29/2025 - 13:40:21: [admin.amxx] Login: "ErenZP<82><STEAM_0:0:1776161912><>" became an admin (account "loopback") (access "abcdefghijklmnopqrstu") (address "loopback")
L 07/29/2025 - 13:43:20: -------- Mapchange to zm_fortuna_v2 --------
L 07/29/2025 - 13:43:21: [admin.amxx] Login: "ErenZP<91><STEAM_0:0:1776161912><>" became an admin (account "loopback") (access "abcdefghijklmnopqrstu") (address "loopback")
L 07/29/2025 - 13:43:21: [admin.amxx] Login: "ErenZP<91><STEAM_0:0:1776161912><>" became an admin (account "loopback") (access "abcdefghijklmnopqrstu") (address "loopback")
L 07/29/2025 - 13:51:55: -------- Mapchange to zm_fortuna_v2 --------
L 07/29/2025 - 13:51:56: [admin.amxx] Login: "ErenZP<100><STEAM_0:0:1776161912><>" became an admin (account "loopback") (access "abcdefghijklmnopqrstu") (address "loopback")
L 07/29/2025 - 13:51:57: [admin.amxx] Login: "ErenZP<100><STEAM_0:0:1776161912><>" became an admin (account "loopback") (access "abcdefghijklmnopqrstu") (address "loopback")
L 07/29/2025 - 13:53:56: -------- Mapchange to zm_fortuna_v2 --------
L 07/29/2025 - 13:53:57: [admin.amxx] Login: "ErenZP<109><STEAM_0:0:1776161912><>" became an admin (account "loopback") (access "abcdefghijklmnopqrstu") (address "loopback")
L 07/29/2025 - 13:53:58: [admin.amxx] Login: "ErenZP<109><STEAM_0:0:1776161912><>" became an admin (account "loopback") (access "abcdefghijklmnopqrstu") (address "loopback")
L 07/29/2025 - 13:56:54: -------- Mapchange to zm_fortuna_v2 --------
L 07/29/2025 - 13:56:55: [admin.amxx] Login: "ErenZP<118><STEAM_0:0:1776161912><>" became an admin (account "loopback") (access "abcdefghijklmnopqrstu") (address "loopback")
L 07/29/2025 - 13:56:56: [admin.amxx] Login: "ErenZP<118><STEAM_0:0:1776161912><>" became an admin (account "loopback") (access "abcdefghijklmnopqrstu") (address "loopback")
L 07/29/2025 - 14:02:51: -------- Mapchange to zm_fortuna_v2 --------
L 07/29/2025 - 14:02:52: [admin.amxx] Login: "ErenZP<127><STEAM_0:0:1776161912><>" became an admin (account "loopback") (access "abcdefghijklmnopqrstu") (address "loopback")
L 07/29/2025 - 14:02:53: [admin.amxx] Login: "ErenZP<127><STEAM_0:0:1776161912><>" became an admin (account "loopback") (access "abcdefghijklmnopqrstu") (address "loopback")
L 07/29/2025 - 14:07:55: -------- Mapchange to zm_fortuna_v2 --------
L 07/29/2025 - 14:07:56: [admin.amxx] Login: "ErenZP<136><STEAM_0:0:1776161912><>" became an admin (account "loopback") (access "abcdefghijklmnopqrstu") (address "loopback")
L 07/29/2025 - 14:07:57: [admin.amxx] Login: "ErenZP<136><STEAM_0:0:1776161912><>" became an admin (account "loopback") (access "abcdefghijklmnopqrstu") (address "loopback")
L 07/29/2025 - 14:09:02: -------- Mapchange to de_dust2 --------
L 07/29/2025 - 14:09:03: [admin.amxx] Login: "ErenZP<145><STEAM_0:0:1776161912><>" became an admin (account "loopback") (access "abcdefghijklmnopqrstu") (address "loopback")
L 07/29/2025 - 14:09:03: [admin.amxx] Login: "ErenZP<145><STEAM_0:0:1776161912><>" became an admin (account "loopback") (access "abcdefghijklmnopqrstu") (address "loopback")
L 07/29/2025 - 14:18:51: -------- Mapchange to zm_fortuna_v2 --------
L 07/29/2025 - 14:18:53: Invalid multi-lingual line (file "cstrike\addons\amxmodx\data\lang\lasermine_perfect.txt" line 1)
L 07/29/2025 - 14:18:53: [admin.amxx] Login: "ErenZP<1><STEAM_0:0:1776161912><>" became an admin (account "loopback") (access "abcdefghijklmnopqrstu") (address "loopback")
L 07/29/2025 - 14:18:54: [admin.amxx] Login: "ErenZP<1><STEAM_0:0:1776161912><>" became an admin (account "loopback") (access "abcdefghijklmnopqrstu") (address "loopback")
L 07/29/2025 - 14:24:10: -------- Mapchange to zm_fortuna_v2 --------
L 07/29/2025 - 14:24:11: [admin.amxx] Login: "ErenZP<10><STEAM_0:0:1776161912><>" became an admin (account "loopback") (access "abcdefghijklmnopqrstu") (address "loopback")
L 07/29/2025 - 14:24:12: [admin.amxx] Login: "ErenZP<10><STEAM_0:0:1776161912><>" became an admin (account "loopback") (access "abcdefghijklmnopqrstu") (address "loopback")
L 07/29/2025 - 14:28:42: -------- Mapchange to zm_fortuna_v2 --------
L 07/29/2025 - 14:28:43: [admin.amxx] Login: "ErenZP<19><STEAM_0:0:1776161912><>" became an admin (account "loopback") (access "abcdefghijklmnopqrstu") (address "loopback")
L 07/29/2025 - 14:28:44: [admin.amxx] Login: "ErenZP<19><STEAM_0:0:1776161912><>" became an admin (account "loopback") (access "abcdefghijklmnopqrstu") (address "loopback")
L 07/29/2025 - 14:33:31: -------- Mapchange to zm_fortuna_v2 --------
L 07/29/2025 - 14:33:32: [admin.amxx] Login: "ErenZP<28><STEAM_0:0:1776161912><>" became an admin (account "loopback") (access "abcdefghijklmnopqrstu") (address "loopback")
L 07/29/2025 - 14:33:33: [admin.amxx] Login: "ErenZP<28><STEAM_0:0:1776161912><>" became an admin (account "loopback") (access "abcdefghijklmnopqrstu") (address "loopback")
L 07/29/2025 - 14:36:47: -------- Mapchange to zm_fortuna_v2 --------
L 07/29/2025 - 14:36:48: [admin.amxx] Login: "ErenZP<37><STEAM_0:0:1776161912><>" became an admin (account "loopback") (access "abcdefghijklmnopqrstu") (address "loopback")
L 07/29/2025 - 14:36:49: [admin.amxx] Login: "ErenZP<37><STEAM_0:0:1776161912><>" became an admin (account "loopback") (access "abcdefghijklmnopqrstu") (address "loopback")
L 07/29/2025 - 14:38:32: -------- Mapchange to zm_fortuna_v2 --------
L 07/29/2025 - 14:38:33: [admin.amxx] Login: "ErenZP<46><STEAM_0:0:1776161912><>" became an admin (account "loopback") (access "abcdefghijklmnopqrstu") (address "loopback")
L 07/29/2025 - 14:38:34: [admin.amxx] Login: "ErenZP<46><STEAM_0:0:1776161912><>" became an admin (account "loopback") (access "abcdefghijklmnopqrstu") (address "loopback")
L 07/29/2025 - 14:42:15: -------- Mapchange to zm_fortuna_v2 --------
L 07/29/2025 - 14:42:16: [admin.amxx] Login: "ErenZP<55><STEAM_0:0:1776161912><>" became an admin (account "loopback") (access "abcdefghijklmnopqrstu") (address "loopback")
L 07/29/2025 - 14:42:17: [admin.amxx] Login: "ErenZP<55><STEAM_0:0:1776161912><>" became an admin (account "loopback") (access "abcdefghijklmnopqrstu") (address "loopback")
L 07/29/2025 - 14:45:51: -------- Mapchange to zm_fortuna_v2 --------
L 07/29/2025 - 14:45:52: [admin.amxx] Login: "ErenZP<64><STEAM_0:0:1776161912><>" became an admin (account "loopback") (access "abcdefghijklmnopqrstu") (address "loopback")
L 07/29/2025 - 14:45:53: [admin.amxx] Login: "ErenZP<64><STEAM_0:0:1776161912><>" became an admin (account "loopback") (access "abcdefghijklmnopqrstu") (address "loopback")
L 07/29/2025 - 14:53:06: -------- Mapchange to zm_fortuna_v2 --------
L 07/29/2025 - 14:53:07: [admin.amxx] Login: "ErenZP<73><STEAM_0:0:1776161912><>" became an admin (account "loopback") (access "abcdefghijklmnopqrstu") (address "loopback")
L 07/29/2025 - 14:53:08: [admin.amxx] Login: "ErenZP<73><STEAM_0:0:1776161912><>" became an admin (account "loopback") (access "abcdefghijklmnopqrstu") (address "loopback")
L 07/29/2025 - 14:55:45: -------- Mapchange to zm_fortuna_v2 --------
L 07/29/2025 - 14:55:46: [admin.amxx] Login: "ErenZP<82><STEAM_0:0:1776161912><>" became an admin (account "loopback") (access "abcdefghijklmnopqrstu") (address "loopback")
L 07/29/2025 - 14:55:46: [admin.amxx] Login: "ErenZP<82><STEAM_0:0:1776161912><>" became an admin (account "loopback") (access "abcdefghijklmnopqrstu") (address "loopback")
L 07/29/2025 - 14:56:48: -------- Mapchange to zm_fortuna_v2 --------
L 07/29/2025 - 14:56:48: [admin.amxx] Login: "ErenZP<91><STEAM_0:0:1776161912><>" became an admin (account "loopback") (access "abcdefghijklmnopqrstu") (address "loopback")
L 07/29/2025 - 14:56:49: [admin.amxx] Login: "ErenZP<91><STEAM_0:0:1776161912><>" became an admin (account "loopback") (access "abcdefghijklmnopqrstu") (address "loopback")
L 07/29/2025 - 14:58:51: -------- Mapchange to zm_fortuna_v2 --------
L 07/29/2025 - 14:58:52: [admin.amxx] Login: "ErenZP<100><STEAM_0:0:1776161912><>" became an admin (account "loopback") (access "abcdefghijklmnopqrstu") (address "loopback")
L 07/29/2025 - 14:58:52: [admin.amxx] Login: "ErenZP<100><STEAM_0:0:1776161912><>" became an admin (account "loopback") (access "abcdefghijklmnopqrstu") (address "loopback")
L 07/29/2025 - 15:00:22: -------- Mapchange to zm_fortuna_v2 --------
L 07/29/2025 - 15:00:23: [admin.amxx] Login: "ErenZP<109><STEAM_0:0:1776161912><>" became an admin (account "loopback") (access "abcdefghijklmnopqrstu") (address "loopback")
L 07/29/2025 - 15:00:24: [admin.amxx] Login: "ErenZP<109><STEAM_0:0:1776161912><>" became an admin (account "loopback") (access "abcdefghijklmnopqrstu") (address "loopback")
L 07/29/2025 - 15:00:48: -------- Mapchange to de_dust2 --------
L 07/29/2025 - 15:00:50: [admin.amxx] Login: "ErenZP<1><STEAM_0:0:1776161912><>" became an admin (account "loopback") (access "abcdefghijklmnopqrstu") (address "loopback")
L 07/29/2025 - 15:00:50: [admin.amxx] Login: "ErenZP<1><STEAM_0:0:1776161912><>" became an admin (account "loopback") (access "abcdefghijklmnopqrstu") (address "loopback")
L 07/29/2025 - 15:03:44: -------- Mapchange to de_dust2 --------
L 07/29/2025 - 15:03:45: [admin.amxx] Login: "ErenZP<15><STEAM_0:0:1776161912><>" became an admin (account "loopback") (access "abcdefghijklmnopqrstu") (address "loopback")
L 07/29/2025 - 15:03:46: [admin.amxx] Login: "ErenZP<15><STEAM_0:0:1776161912><>" became an admin (account "loopback") (access "abcdefghijklmnopqrstu") (address "loopback")
L 07/29/2025 - 15:10:34: -------- Mapchange to de_dust2 --------
L 07/29/2025 - 15:10:35: [admin.amxx] Login: "ErenZP<24><STEAM_0:0:1776161912><>" became an admin (account "loopback") (access "abcdefghijklmnopqrstu") (address "loopback")
L 07/29/2025 - 15:10:35: [admin.amxx] Login: "ErenZP<24><STEAM_0:0:1776161912><>" became an admin (account "loopback") (access "abcdefghijklmnopqrstu") (address "loopback")
L 07/29/2025 - 15:14:12: -------- Mapchange to de_dust2 --------
L 07/29/2025 - 15:14:13: [admin.amxx] Login: "ErenZP<33><STEAM_0:0:1776161912><>" became an admin (account "loopback") (access "abcdefghijklmnopqrstu") (address "loopback")
L 07/29/2025 - 15:14:14: [admin.amxx] Login: "ErenZP<33><STEAM_0:0:1776161912><>" became an admin (account "loopback") (access "abcdefghijklmnopqrstu") (address "loopback")
L 07/29/2025 - 15:16:39: -------- Mapchange to de_dust2 --------
L 07/29/2025 - 15:16:41: [admin.amxx] Login: "ErenZP<42><STEAM_0:0:1776161912><>" became an admin (account "loopback") (access "abcdefghijklmnopqrstu") (address "loopback")
L 07/29/2025 - 15:16:42: [admin.amxx] Login: "ErenZP<42><STEAM_0:0:1776161912><>" became an admin (account "loopback") (access "abcdefghijklmnopqrstu") (address "loopback")
L 07/29/2025 - 15:19:01: -------- Mapchange to de_dust2 --------
L 07/29/2025 - 15:19:02: [admin.amxx] Login: "ErenZP<51><STEAM_0:0:1776161912><>" became an admin (account "loopback") (access "abcdefghijklmnopqrstu") (address "loopback")
L 07/29/2025 - 15:19:04: [admin.amxx] Login: "ErenZP<51><STEAM_0:0:1776161912><>" became an admin (account "loopback") (access "abcdefghijklmnopqrstu") (address "loopback")
L 07/29/2025 - 15:20:35: -------- Mapchange to de_dust2 --------
L 07/29/2025 - 15:20:36: [admin.amxx] Login: "ErenZP<60><STEAM_0:0:1776161912><>" became an admin (account "loopback") (access "abcdefghijklmnopqrstu") (address "loopback")
L 07/29/2025 - 15:20:37: [admin.amxx] Login: "ErenZP<60><STEAM_0:0:1776161912><>" became an admin (account "loopback") (access "abcdefghijklmnopqrstu") (address "loopback")
L 07/29/2025 - 15:27:35: -------- Mapchange to de_dust2 --------
L 07/29/2025 - 15:27:36: [admin.amxx] Login: "ErenZP<69><STEAM_0:0:1776161912><>" became an admin (account "loopback") (access "abcdefghijklmnopqrstu") (address "loopback")
L 07/29/2025 - 15:27:37: [admin.amxx] Login: "ErenZP<69><STEAM_0:0:1776161912><>" became an admin (account "loopback") (access "abcdefghijklmnopqrstu") (address "loopback")
L 07/29/2025 - 15:55:00: -------- Mapchange to de_dust2 --------
L 07/29/2025 - 15:55:07: [admin.amxx] Login: "ErenZP<1><STEAM_0:0:1776161912><>" became an admin (account "loopback") (access "abcdefghijklmnopqrstu") (address "loopback")
L 07/29/2025 - 15:55:09: [admin.amxx] Login: "ErenZP<1><STEAM_0:0:1776161912><>" became an admin (account "loopback") (access "abcdefghijklmnopqrstu") (address "loopback")
L 07/29/2025 - 16:01:01: -------- Mapchange to de_dust2 --------
L 07/29/2025 - 16:01:03: [admin.amxx] Login: "ErenZP<10><STEAM_0:0:1776161912><>" became an admin (account "loopback") (access "abcdefghijklmnopqrstu") (address "loopback")
L 07/29/2025 - 16:01:04: [admin.amxx] Login: "ErenZP<10><STEAM_0:0:1776161912><>" became an admin (account "loopback") (access "abcdefghijklmnopqrstu") (address "loopback")
L 07/29/2025 - 16:10:18: -------- Mapchange to de_dust2 --------
L 07/29/2025 - 16:10:19: [admin.amxx] Login: "ErenZP<19><STEAM_0:0:1776161912><>" became an admin (account "loopback") (access "abcdefghijklmnopqrstu") (address "loopback")
L 07/29/2025 - 16:10:20: [admin.amxx] Login: "ErenZP<19><STEAM_0:0:1776161912><>" became an admin (account "loopback") (access "abcdefghijklmnopqrstu") (address "loopback")
L 07/29/2025 - 16:12:13: -------- Mapchange to de_dust2 --------
L 07/29/2025 - 16:12:14: [admin.amxx] Login: "ErenZP<28><STEAM_0:0:1776161912><>" became an admin (account "loopback") (access "abcdefghijklmnopqrstu") (address "loopback")
L 07/29/2025 - 16:12:15: [admin.amxx] Login: "ErenZP<28><STEAM_0:0:1776161912><>" became an admin (account "loopback") (access "abcdefghijklmnopqrstu") (address "loopback")
L 07/29/2025 - 18:37:33: -------- Mapchange to de_dust2 --------
L 07/29/2025 - 18:37:35: [admin.amxx] Login: "ErenZP<1><STEAM_0:0:1776161912><>" became an admin (account "loopback") (access "abcdefghijklmnopqrstu") (address "loopback")
L 07/29/2025 - 18:37:35: [admin.amxx] Login: "ErenZP<1><STEAM_0:0:1776161912><>" became an admin (account "loopback") (access "abcdefghijklmnopqrstu") (address "loopback")
L 07/29/2025 - 19:08:28: -------- Mapchange to de_dust2 --------
L 07/29/2025 - 19:08:31: [zp44_hud_fix_manager.amxx] [ZP HUD Fix] Plugin inicializado com sucesso
L 07/29/2025 - 19:08:31: [admin.amxx] Login: "ErenZP<1><STEAM_0:0:1776161912><>" became an admin (account "loopback") (access "abcdefghijklmnopqrstu") (address "loopback")
L 07/29/2025 - 19:08:33: [admin.amxx] Login: "ErenZP<1><STEAM_0:0:1776161912><>" became an admin (account "loopback") (access "abcdefghijklmnopqrstu") (address "loopback")
L 07/29/2025 - 19:16:19: -------- Mapchange to de_dust2 --------
L 07/29/2025 - 19:16:23: [zp44_hud_fix_manager.amxx] [ZP HUD Fix] Plugin inicializado com sucesso
L 07/29/2025 - 19:16:24: [admin.amxx] Login: "ErenZP<1><STEAM_0:0:1776161912><>" became an admin (account "loopback") (access "abcdefghijklmnopqrstu") (address "loopback")
L 07/29/2025 - 19:16:26: [admin.amxx] Login: "ErenZP<1><STEAM_0:0:1776161912><>" became an admin (account "loopback") (access "abcdefghijklmnopqrstu") (address "loopback")
L 07/29/2025 - 19:20:44: -------- Mapchange to de_dust2 --------
L 07/29/2025 - 19:20:45: [zp44_hud_fix_manager.amxx] [ZP HUD Fix] Plugin inicializado com sucesso
L 07/29/2025 - 19:20:46: [admin.amxx] Login: "ErenZP<10><STEAM_0:0:1776161912><>" became an admin (account "loopback") (access "abcdefghijklmnopqrstu") (address "loopback")
L 07/29/2025 - 19:20:47: [admin.amxx] Login: "ErenZP<10><STEAM_0:0:1776161912><>" became an admin (account "loopback") (access "abcdefghijklmnopqrstu") (address "loopback")
L 07/29/2025 - 19:21:36: -------- Mapchange to de_dust2 --------
L 07/29/2025 - 19:21:37: [zp44_hud_fix_manager.amxx] [ZP HUD Fix] Plugin inicializado com sucesso
L 07/29/2025 - 19:21:37: [admin.amxx] Login: "ErenZP<19><STEAM_0:0:1776161912><>" became an admin (account "loopback") (access "abcdefghijklmnopqrstu") (address "loopback")
L 07/29/2025 - 19:21:38: [admin.amxx] Login: "ErenZP<19><STEAM_0:0:1776161912><>" became an admin (account "loopback") (access "abcdefghijklmnopqrstu") (address "loopback")
L 07/29/2025 - 19:22:01: -------- Mapchange to de_dust2 --------
L 07/29/2025 - 19:22:03: [zp44_hud_fix_manager.amxx] [ZP HUD Fix] Plugin inicializado com sucesso
L 07/29/2025 - 19:22:03: [admin.amxx] Login: "ErenZP<1><STEAM_0:0:1776161912><>" became an admin (account "loopback") (access "abcdefghijklmnopqrstu") (address "loopback")
L 07/29/2025 - 19:22:05: [admin.amxx] Login: "ErenZP<1><STEAM_0:0:1776161912><>" became an admin (account "loopback") (access "abcdefghijklmnopqrstu") (address "loopback")
L 07/29/2025 - 19:43:04: -------- Mapchange to de_dust2 --------
L 07/29/2025 - 19:43:05: [zp44_hud_fix_manager.amxx] [ZP HUD Fix] Plugin inicializado com sucesso
L 07/29/2025 - 19:43:06: [admin.amxx] Login: "ErenZP<1><STEAM_0:0:1776161912><>" became an admin (account "loopback") (access "abcdefghijklmnopqrstu") (address "loopback")
L 07/29/2025 - 19:43:06: [admin.amxx] Login: "ErenZP<1><STEAM_0:0:1776161912><>" became an admin (account "loopback") (access "abcdefghijklmnopqrstu") (address "loopback")
L 07/29/2025 - 21:45:45: -------- Mapchange to de_dust2 --------
L 07/29/2025 - 21:45:55: [admin.amxx] Login: "ErenZP<1><STEAM_0:0:1776161912><>" became an admin (account "loopback") (access "abcdefghijklmnopqrstu") (address "loopback")
L 07/29/2025 - 21:45:58: [admin.amxx] Login: "ErenZP<1><STEAM_0:0:1776161912><>" became an admin (account "loopback") (access "abcdefghijklmnopqrstu") (address "loopback")
L 07/29/2025 - 21:46:32: -------- Mapchange to de_dust2 --------
L 07/29/2025 - 21:46:32: [admin.amxx] Login: "ErenZP<10><STEAM_0:0:1776161912><>" became an admin (account "loopback") (access "abcdefghijklmnopqrstu") (address "loopback")
L 07/29/2025 - 21:46:33: [admin.amxx] Login: "ErenZP<10><STEAM_0:0:1776161912><>" became an admin (account "loopback") (access "abcdefghijklmnopqrstu") (address "loopback")
L 07/29/2025 - 21:56:07: -------- Mapchange to de_dust2 --------
L 07/29/2025 - 21:56:08: [admin.amxx] Login: "ErenZP<19><STEAM_0:0:1776161912><>" became an admin (account "loopback") (access "abcdefghijklmnopqrstu") (address "loopback")
L 07/29/2025 - 21:56:09: [admin.amxx] Login: "ErenZP<19><STEAM_0:0:1776161912><>" became an admin (account "loopback") (access "abcdefghijklmnopqrstu") (address "loopback")
L 07/29/2025 - 21:57:03: -------- Mapchange to de_dust2 --------
L 07/29/2025 - 21:57:06: [admin.amxx] Login: "ErenZP<1><STEAM_0:0:1776161912><>" became an admin (account "loopback") (access "abcdefghijklmnopqrstu") (address "loopback")
L 07/29/2025 - 21:57:07: [admin.amxx] Login: "ErenZP<1><STEAM_0:0:1776161912><>" became an admin (account "loopback") (access "abcdefghijklmnopqrstu") (address "loopback")
L 07/29/2025 - 21:58:13: -------- Mapchange to de_dust2 --------
L 07/29/2025 - 21:58:14: [admin.amxx] Login: "ErenZP<10><STEAM_0:0:1776161912><>" became an admin (account "loopback") (access "abcdefghijklmnopqrstu") (address "loopback")
L 07/29/2025 - 21:58:15: [admin.amxx] Login: "ErenZP<10><STEAM_0:0:1776161912><>" became an admin (account "loopback") (access "abcdefghijklmnopqrstu") (address "loopback")
