L 07/27/2025 - 17:31:49: -------- Mapchange to de_dust2_2x2 --------
L 07/27/2025 - 17:31:52: [admin.amxx] Login: "Cyber | WaRzOnE player<1><STEAM_0:0:1776161912><>" became an admin (account "loopback") (access "abcdefghijklmnopqrstu") (address "loopback")
L 07/27/2025 - 17:31:53: [admin.amxx] Login: "Cyber | WaRzOnE player<1><STEAM_0:0:1776161912><>" became an admin (account "loopback") (access "abcdefghijklmnopqrstu") (address "loopback")
L 07/27/2025 - 17:33:04: -------- Mapchange to de_dust2 --------
L 07/27/2025 - 17:33:05: [admin.amxx] Login: "Cyber | WaRzOnE player<2><STEAM_0:0:1776161912><>" became an admin (account "loopback") (access "abcdefghijklmnopqrstu") (address "loopback")
L 07/27/2025 - 17:33:05: [admin.amxx] Login: "Cyber | WaRzOnE player<2><STEAM_0:0:1776161912><>" became an admin (account "loopback") (access "abcdefghijklmnopqrstu") (address "loopback")
L 07/27/2025 - 17:36:44: -------- Mapchange to de_dust2_2x2 --------
L 07/27/2025 - 17:38:36: -------- Mapchange to de_inferno --------
L 07/27/2025 - 17:39:35: -------- Mapchange to de_nuke --------
L 07/27/2025 - 17:40:25: -------- Mapchange to de_inferno --------
L 07/27/2025 - 17:40:53: -------- Mapchange to fy_snow --------
L 07/27/2025 - 17:41:48: -------- Mapchange to cs_italy --------
L 07/27/2025 - 17:42:24: -------- Mapchange to de_inferno --------
L 07/27/2025 - 17:42:57: -------- Mapchange to fy_snow --------
L 07/27/2025 - 17:43:00: [admin.amxx] Login: "Cyber | WaRzOnE player<1><STEAM_0:0:1776161912><>" became an admin (account "loopback") (access "abcdefghijklmnopqrstu") (address "loopback")
L 07/27/2025 - 17:43:01: [admin.amxx] Login: "Cyber | WaRzOnE player<1><STEAM_0:0:1776161912><>" became an admin (account "loopback") (access "abcdefghijklmnopqrstu") (address "loopback")
L 07/27/2025 - 17:43:34: -------- Mapchange to de_dust2_2x2 --------
L 07/27/2025 - 17:43:35: [admin.amxx] Login: "Cyber | WaRzOnE player<2><STEAM_0:0:1776161912><>" became an admin (account "loopback") (access "abcdefghijklmnopqrstu") (address "loopback")
L 07/27/2025 - 17:43:35: [admin.amxx] Login: "Cyber | WaRzOnE player<2><STEAM_0:0:1776161912><>" became an admin (account "loopback") (access "abcdefghijklmnopqrstu") (address "loopback")
L 07/27/2025 - 17:43:43: -------- Mapchange to de_dust2_2x2 --------
L 07/27/2025 - 17:43:43: [admin.amxx] Login: "Cyber | WaRzOnE player<4><STEAM_0:0:1776161912><>" became an admin (account "loopback") (access "abcdefghijklmnopqrstu") (address "loopback")
L 07/27/2025 - 17:43:44: [admin.amxx] Login: "Cyber | WaRzOnE player<4><STEAM_0:0:1776161912><>" became an admin (account "loopback") (access "abcdefghijklmnopqrstu") (address "loopback")
L 07/27/2025 - 17:57:48: -------- Mapchange to de_dust2_2x2 --------
L 07/27/2025 - 17:57:49: [admin.amxx] Login: "Cyber | WaRzOnE player<9><STEAM_0:0:1776161912><>" became an admin (account "loopback") (access "abcdefghijklmnopqrstu") (address "loopback")
L 07/27/2025 - 17:57:49: [admin.amxx] Login: "Cyber | WaRzOnE player<9><STEAM_0:0:1776161912><>" became an admin (account "loopback") (access "abcdefghijklmnopqrstu") (address "loopback")
L 07/27/2025 - 18:53:33: -------- Mapchange to de_dust2_2x2 --------
L 07/27/2025 - 18:53:36: [admin.amxx] Login: "Cyber | WaRzOnE player<1><STEAM_0:0:1776161912><>" became an admin (account "loopback") (access "abcdefghijklmnopqrstu") (address "loopback")
L 07/27/2025 - 18:53:38: [admin.amxx] Login: "Cyber | WaRzOnE player<1><STEAM_0:0:1776161912><>" became an admin (account "loopback") (access "abcdefghijklmnopqrstu") (address "loopback")
L 07/27/2025 - 19:00:55: -------- Mapchange to de_dust2_2x2 --------
L 07/27/2025 - 19:00:57: [admin.amxx] Login: "Cyber | WaRzOnE player<1><STEAM_0:0:1776161912><>" became an admin (account "loopback") (access "abcdefghijklmnopqrstu") (address "loopback")
L 07/27/2025 - 19:00:58: [admin.amxx] Login: "Cyber | WaRzOnE player<1><STEAM_0:0:1776161912><>" became an admin (account "loopback") (access "abcdefghijklmnopqrstu") (address "loopback")
L 07/27/2025 - 20:09:54: -------- Mapchange to de_dust2 --------
L 07/27/2025 - 20:10:00: [admin.amxx] Login: "Cyber | WaRzOnE player<1><STEAM_0:0:1776161912><>" became an admin (account "loopback") (access "abcdefghijklmnopqrstu") (address "loopback")
L 07/27/2025 - 20:10:03: [admin.amxx] Login: "Cyber | WaRzOnE player<1><STEAM_0:0:1776161912><>" became an admin (account "loopback") (access "abcdefghijklmnopqrstu") (address "loopback")
L 07/27/2025 - 21:05:21: -------- Mapchange to de_dust2 --------
L 07/27/2025 - 21:05:23: [admin.amxx] Login: "Cyber | WaRzOnE player<1><STEAM_0:0:1776161912><>" became an admin (account "loopback") (access "abcdefghijklmnopqrstu") (address "loopback")
L 07/27/2025 - 21:05:23: [admin.amxx] Login: "Cyber | WaRzOnE player<1><STEAM_0:0:1776161912><>" became an admin (account "loopback") (access "abcdefghijklmnopqrstu") (address "loopback")
