L 08/09/2025 - 07:48:27: -------- Mapchange to zm_gg --------
L 08/09/2025 - 07:48:34: [nextmap.amxx] WARNING: Couldn't find a valid map or the file doesn't exist (file "mapcycle.txt")
L 08/09/2025 - 07:48:34: Invalid multi-lingual line (file "cstrike\addons\amxmodx\data\lang\lasermine_perfect.txt" line 1)
L 08/09/2025 - 07:48:34: [zp_level_system.amxx] [ZP Level] Plugin iniciando...
L 08/09/2025 - 07:48:34: [zp_level_system.amxx] [ZP Level] Plugin inicializado com sucesso!
L 08/09/2025 - 07:48:34: [zm_vip.amxx] ErenZP become VIP. (SteamID: "STEAM_0:0:1776161912") (IP: "loopback") (Flags: "abcde")
L 08/09/2025 - 07:48:34: [admin.amxx] Login: "ErenZP<1><STEAM_0:0:1776161912><>" became an admin (account "loopback") (access "abcdefghijklmnopqrstu") (address "loopback")
L 08/09/2025 - 07:48:39: [admin.amxx] Login: "ErenZP<1><STEAM_0:0:1776161912><>" became an admin (account "loopback") (access "abcdefghijklmnopqrstu") (address "loopback")
L 08/09/2025 - 07:49:48: -------- Mapchange to zm_gg --------
L 08/09/2025 - 07:49:48: [nextmap.amxx] WARNING: Couldn't find a valid map or the file doesn't exist (file "mapcycle.txt")
L 08/09/2025 - 07:49:48: [zp_level_system.amxx] [ZP Level] Plugin iniciando...
L 08/09/2025 - 07:49:48: [zp_level_system.amxx] [ZP Level] Plugin inicializado com sucesso!
L 08/09/2025 - 07:49:49: [zm_vip.amxx] ErenZP become VIP. (SteamID: "STEAM_0:0:1776161912") (IP: "loopback") (Flags: "abcde")
L 08/09/2025 - 07:49:49: [admin.amxx] Login: "ErenZP<12><STEAM_0:0:1776161912><>" became an admin (account "loopback") (access "abcdefghijklmnopqrstu") (address "loopback")
L 08/09/2025 - 07:49:50: [admin.amxx] Login: "ErenZP<12><STEAM_0:0:1776161912><>" became an admin (account "loopback") (access "abcdefghijklmnopqrstu") (address "loopback")
L 08/09/2025 - 08:17:59: [mapchooser.amxx] Vote: Voting for the nextmap started
L 08/09/2025 - 08:18:14: [mapchooser.amxx] Vote: Voting for the nextmap finished. The nextmap will be zm_gg
L 08/09/2025 - 08:20:16: -------- Mapchange to zm_gg --------
L 08/09/2025 - 08:20:18: [nextmap.amxx] WARNING: Couldn't find a valid map or the file doesn't exist (file "mapcycle.txt")
L 08/09/2025 - 08:20:18: [zp_level_system.amxx] [ZP Level] Plugin iniciando...
L 08/09/2025 - 08:20:18: [zp_level_system.amxx] [ZP Level] Plugin inicializado com sucesso!
L 08/09/2025 - 08:20:18: [zm_vip.amxx] ErenZP become VIP. (SteamID: "STEAM_0:0:1776161912") (IP: "loopback") (Flags: "abcde")
L 08/09/2025 - 08:20:18: [admin.amxx] Login: "ErenZP<12><STEAM_0:0:1776161912><>" became an admin (account "loopback") (access "abcdefghijklmnopqrstu") (address "loopback")
L 08/09/2025 - 08:25:35: -------- Mapchange to zm_gg --------
L 08/09/2025 - 08:25:38: [nextmap.amxx] WARNING: Couldn't find a valid map or the file doesn't exist (file "mapcycle.txt")
L 08/09/2025 - 08:25:38: Invalid multi-lingual line (file "cstrike\addons\amxmodx\data\lang\lasermine_perfect.txt" line 1)
L 08/09/2025 - 08:25:38: [zp_level_system.amxx] [ZP Level] Plugin iniciando...
L 08/09/2025 - 08:25:38: [zp_level_system.amxx] [ZP Level] Plugin inicializado com sucesso!
L 08/09/2025 - 08:25:38: [zm_vip.amxx] ErenZP become VIP. (SteamID: "STEAM_0:0:1776161912") (IP: "loopback") (Flags: "abcde")
L 08/09/2025 - 08:25:38: [admin.amxx] Login: "ErenZP<1><STEAM_0:0:1776161912><>" became an admin (account "loopback") (access "abcdefghijklmnopqrstu") (address "loopback")
L 08/09/2025 - 08:25:39: [admin.amxx] Login: "ErenZP<1><STEAM_0:0:1776161912><>" became an admin (account "loopback") (access "abcdefghijklmnopqrstu") (address "loopback")
L 08/09/2025 - 08:26:09: [admin.amxx] Login: "ErenZPz<1><STEAM_0:0:1776161912><>" became an admin (account "loopback") (access "abcdefghijklmnopqrstu") (address "loopback")
L 08/09/2025 - 08:26:32: -------- Mapchange to zm_gg --------
L 08/09/2025 - 08:26:33: [nextmap.amxx] WARNING: Couldn't find a valid map or the file doesn't exist (file "mapcycle.txt")
L 08/09/2025 - 08:26:33: [zp_level_system.amxx] [ZP Level] Plugin iniciando...
L 08/09/2025 - 08:26:33: [zp_level_system.amxx] [ZP Level] Plugin inicializado com sucesso!
L 08/09/2025 - 08:26:33: [zm_vip.amxx] ErenZPz become VIP. (SteamID: "STEAM_0:0:1776161912") (IP: "loopback") (Flags: "abcde")
L 08/09/2025 - 08:32:13: -------- Mapchange to zm_gg --------
L 08/09/2025 - 08:32:14: [nextmap.amxx] WARNING: Couldn't find a valid map or the file doesn't exist (file "mapcycle.txt")
L 08/09/2025 - 08:32:15: [zp_level_system.amxx] [ZP Level] Plugin iniciando...
L 08/09/2025 - 08:32:15: [zp_level_system.amxx] [ZP Level] Plugin inicializado com sucesso!
L 08/09/2025 - 08:32:15: [zm_vip.amxx] ErenZPz become VIP. (SteamID: "STEAM_0:0:1776161912") (IP: "loopback") (Flags: "abcde")
L 08/09/2025 - 08:41:56: -------- Mapchange to zm_gg --------
L 08/09/2025 - 08:41:56: [nextmap.amxx] WARNING: Couldn't find a valid map or the file doesn't exist (file "mapcycle.txt")
L 08/09/2025 - 08:41:56: [zp_level_system.amxx] [ZP Level] Plugin iniciando...
L 08/09/2025 - 08:41:56: [zp_level_system.amxx] [ZP Level] Plugin inicializado com sucesso!
L 08/09/2025 - 08:41:57: [zm_vip.amxx] ErenZPz become VIP. (SteamID: "STEAM_0:0:1776161912") (IP: "loopback") (Flags: "abcde")
L 08/09/2025 - 09:09:58: [mapchooser.amxx] Vote: Voting for the nextmap started
L 08/09/2025 - 09:10:13: [mapchooser.amxx] Vote: Voting for the nextmap finished. The nextmap will be zm_gg
L 08/09/2025 - 09:12:15: -------- Mapchange to zm_gg --------
L 08/09/2025 - 09:12:17: [nextmap.amxx] WARNING: Couldn't find a valid map or the file doesn't exist (file "mapcycle.txt")
L 08/09/2025 - 09:12:17: [zp_level_system.amxx] [ZP Level] Plugin iniciando...
L 08/09/2025 - 09:12:17: [zp_level_system.amxx] [ZP Level] Plugin inicializado com sucesso!
L 08/09/2025 - 09:12:17: [zm_vip.amxx] ErenZPz become VIP. (SteamID: "STEAM_0:0:1776161912") (IP: "loopback") (Flags: "abcde")
L 08/09/2025 - 09:20:52: -------- Mapchange to zm_gg --------
L 08/09/2025 - 09:20:55: [nextmap.amxx] WARNING: Couldn't find a valid map or the file doesn't exist (file "mapcycle.txt")
L 08/09/2025 - 09:20:55: [zp_level_system.amxx] [ZP Level] Plugin iniciando...
L 08/09/2025 - 09:20:56: [zm_vip.amxx] ErenZPz become VIP. (SteamID: "STEAM_0:0:1776161912") (IP: "loopback") (Flags: "abcde")
L 08/09/2025 - 09:24:28: -------- Mapchange to zm_gg --------
L 08/09/2025 - 09:24:29: [nextmap.amxx] WARNING: Couldn't find a valid map or the file doesn't exist (file "mapcycle.txt")
L 08/09/2025 - 09:24:29: [zp_level_system.amxx] [ZP Level] Plugin iniciando...
L 08/09/2025 - 09:24:29: [zp_level_system.amxx] [ZP Level] Plugin inicializado com sucesso!
L 08/09/2025 - 09:24:30: [zm_vip.amxx] ErenZPz become VIP. (SteamID: "STEAM_0:0:1776161912") (IP: "loopback") (Flags: "abcde")
L 08/09/2025 - 09:28:37: -------- Mapchange to zm_gg --------
L 08/09/2025 - 09:28:38: [nextmap.amxx] WARNING: Couldn't find a valid map or the file doesn't exist (file "mapcycle.txt")
L 08/09/2025 - 09:28:38: [zp_level_system.amxx] [ZP Level] Plugin iniciando...
L 08/09/2025 - 09:28:38: [zp_level_system.amxx] [ZP Level] Plugin inicializado com sucesso!
L 08/09/2025 - 09:28:38: [zm_vip.amxx] ErenZP become VIP. (SteamID: "STEAM_0:0:1776161912") (IP: "loopback") (Flags: "abcde")
L 08/09/2025 - 09:29:13: -------- Mapchange to zm_gg --------
L 08/09/2025 - 09:29:13: [nextmap.amxx] WARNING: Couldn't find a valid map or the file doesn't exist (file "mapcycle.txt")
L 08/09/2025 - 09:29:14: [zp_level_system.amxx] [ZP Level] Plugin iniciando...
L 08/09/2025 - 09:29:14: [zp_level_system.amxx] [ZP Level] Plugin inicializado com sucesso!
L 08/09/2025 - 09:29:14: [zm_vip.amxx] ErenZP become VIP. (SteamID: "STEAM_0:0:1776161912") (IP: "loopback") (Flags: "abcde")
L 08/09/2025 - 09:29:54: -------- Mapchange to zm_gg --------
L 08/09/2025 - 09:29:55: [nextmap.amxx] WARNING: Couldn't find a valid map or the file doesn't exist (file "mapcycle.txt")
L 08/09/2025 - 09:29:55: [zp_level_system.amxx] [ZP Level] Plugin iniciando...
L 08/09/2025 - 09:29:55: [zp_level_system.amxx] [ZP Level] Plugin inicializado com sucesso!
L 08/09/2025 - 09:29:55: [zm_vip.amxx] ErenZP become VIP. (SteamID: "STEAM_0:0:1776161912") (IP: "loopback") (Flags: "abcde")
L 08/09/2025 - 09:40:45: -------- Mapchange to zm_gg --------
L 08/09/2025 - 09:40:45: [nextmap.amxx] WARNING: Couldn't find a valid map or the file doesn't exist (file "mapcycle.txt")
L 08/09/2025 - 09:40:46: [zp_level_system.amxx] [ZP Level] Plugin iniciando...
L 08/09/2025 - 09:40:46: [zp_level_system.amxx] [ZP Level] Plugin inicializado com sucesso!
L 08/09/2025 - 09:40:46: [zm_vip.amxx] ErenZP become VIP. (SteamID: "STEAM_0:0:1776161912") (IP: "loopback") (Flags: "a")
L 08/09/2025 - 09:44:37: -------- Mapchange to zm_gg --------
L 08/09/2025 - 09:44:38: [nextmap.amxx] WARNING: Couldn't find a valid map or the file doesn't exist (file "mapcycle.txt")
L 08/09/2025 - 09:44:38: [zp_level_system.amxx] [ZP Level] Plugin iniciando...
L 08/09/2025 - 09:44:38: [zp_level_system.amxx] [ZP Level] Plugin inicializado com sucesso!
L 08/09/2025 - 09:44:38: [zm_vip.amxx] ErenZP become VIP. (SteamID: "STEAM_0:0:1776161912") (IP: "loopback") (Flags: "t")
L 08/09/2025 - 09:56:00: -------- Mapchange to zm_gg --------
L 08/09/2025 - 09:56:02: [nextmap.amxx] WARNING: Couldn't find a valid map or the file doesn't exist (file "mapcycle.txt")
L 08/09/2025 - 09:56:02: Invalid multi-lingual line (file "cstrike\addons\amxmodx\data\lang\lasermine_perfect.txt" line 1)
L 08/09/2025 - 09:56:02: [zp_level_system.amxx] [ZP Level] Plugin iniciando...
L 08/09/2025 - 09:56:02: [zp_level_system.amxx] [ZP Level] Plugin inicializado com sucesso!
L 08/09/2025 - 09:56:03: [zm_vip.amxx] ErenZP become VIP. (SteamID: "STEAM_0:0:1776161912") (IP: "loopback") (Flags: "t")
L 08/09/2025 - 09:56:42: -------- Mapchange to zm_gg --------
L 08/09/2025 - 09:56:42: [nextmap.amxx] WARNING: Couldn't find a valid map or the file doesn't exist (file "mapcycle.txt")
L 08/09/2025 - 09:56:42: [zp_level_system.amxx] [ZP Level] Plugin iniciando...
L 08/09/2025 - 09:56:42: [zp_level_system.amxx] [ZP Level] Plugin inicializado com sucesso!
L 08/09/2025 - 09:56:43: [zm_vip.amxx] ErenZP become VIP. (SteamID: "STEAM_0:0:1776161912") (IP: "loopback") (Flags: "t")
L 08/09/2025 - 09:56:43: [admin.amxx] Login: "ErenZP<12><STEAM_0:0:1776161912><>" became an admin (account "loopback") (access "abcdefghijklmnopqrstu") (address "loopback")
L 08/09/2025 - 09:56:44: [admin.amxx] Login: "ErenZP<12><STEAM_0:0:1776161912><>" became an admin (account "loopback") (access "abcdefghijklmnopqrstu") (address "loopback")
L 08/09/2025 - 09:58:31: -------- Mapchange to zm_gg --------
L 08/09/2025 - 09:58:32: [nextmap.amxx] WARNING: Couldn't find a valid map or the file doesn't exist (file "mapcycle.txt")
L 08/09/2025 - 09:58:32: [zp_level_system.amxx] [ZP Level] Plugin iniciando...
L 08/09/2025 - 09:58:32: [zp_level_system.amxx] [ZP Level] Plugin inicializado com sucesso!
L 08/09/2025 - 09:58:32: [zm_vip.amxx] ErenZP become VIP. (SteamID: "STEAM_0:0:1776161912") (IP: "loopback") (Flags: "t")
L 08/09/2025 - 09:58:32: [admin.amxx] Login: "ErenZP<23><STEAM_0:0:1776161912><>" became an admin (account "loopback") (access "abcdefghijklmnopqrstu") (address "loopback")
L 08/09/2025 - 09:58:33: [admin.amxx] Login: "ErenZP<23><STEAM_0:0:1776161912><>" became an admin (account "loopback") (access "abcdefghijklmnopqrstu") (address "loopback")
L 08/09/2025 - 10:02:03: -------- Mapchange to zm_gg --------
L 08/09/2025 - 10:02:04: [nextmap.amxx] WARNING: Couldn't find a valid map or the file doesn't exist (file "mapcycle.txt")
L 08/09/2025 - 10:02:04: [zp_level_system.amxx] [ZP Level] Plugin iniciando...
L 08/09/2025 - 10:02:04: [zp_level_system.amxx] [ZP Level] Plugin inicializado com sucesso!
L 08/09/2025 - 10:02:05: [zm_vip.amxx] ErenZP become VIP. (SteamID: "STEAM_0:0:1776161912") (IP: "loopback") (Flags: "t")
L 08/09/2025 - 10:02:05: [admin.amxx] Login: "ErenZP<34><STEAM_0:0:1776161912><>" became an admin (account "loopback") (access "abcdefghijklmnopqrstu") (address "loopback")
L 08/09/2025 - 10:02:05: [admin.amxx] Login: "ErenZP<34><STEAM_0:0:1776161912><>" became an admin (account "loopback") (access "abcdefghijklmnopqrstu") (address "loopback")
L 08/09/2025 - 10:03:56: -------- Mapchange to zm_gg --------
L 08/09/2025 - 10:03:56: [nextmap.amxx] WARNING: Couldn't find a valid map or the file doesn't exist (file "mapcycle.txt")
L 08/09/2025 - 10:03:56: [zm_vip.amxx] Error: vips.ini file doesn't exist
L 08/09/2025 - 10:03:56: [zp_level_system.amxx] [ZP Level] Plugin iniciando...
L 08/09/2025 - 10:03:56: [zp_level_system.amxx] [ZP Level] Plugin inicializado com sucesso!
L 08/09/2025 - 10:03:56: [admin.amxx] Login: "ErenZP<45><STEAM_0:0:1776161912><>" became an admin (account "loopback") (access "abcdefghijklmnopqrstu") (address "loopback")
L 08/09/2025 - 10:03:57: [admin.amxx] Login: "ErenZP<45><STEAM_0:0:1776161912><>" became an admin (account "loopback") (access "abcdefghijklmnopqrstu") (address "loopback")
L 08/09/2025 - 10:04:43: -------- Mapchange to zm_gg --------
L 08/09/2025 - 10:04:43: [nextmap.amxx] WARNING: Couldn't find a valid map or the file doesn't exist (file "mapcycle.txt")
L 08/09/2025 - 10:04:43: [zm_vip.amxx] Error: vips.ini file doesn't exist
L 08/09/2025 - 10:04:43: [zp_level_system.amxx] [ZP Level] Plugin iniciando...
L 08/09/2025 - 10:04:43: [zp_level_system.amxx] [ZP Level] Plugin inicializado com sucesso!
L 08/09/2025 - 10:04:44: [admin.amxx] Login: "ErenZP<56><STEAM_0:0:1776161912><>" became an admin (account "loopback") (access "abcdefghijklmnopqrstu") (address "loopback")
L 08/09/2025 - 10:04:44: [admin.amxx] Login: "ErenZP<56><STEAM_0:0:1776161912><>" became an admin (account "loopback") (access "abcdefghijklmnopqrstu") (address "loopback")
L 08/09/2025 - 10:04:59: -------- Mapchange to zm_gg --------
L 08/09/2025 - 10:04:59: [nextmap.amxx] WARNING: Couldn't find a valid map or the file doesn't exist (file "mapcycle.txt")
L 08/09/2025 - 10:04:59: [zm_vip.amxx] Error: vips.ini file doesn't exist
L 08/09/2025 - 10:04:59: [zp_level_system.amxx] [ZP Level] Plugin iniciando...
L 08/09/2025 - 10:04:59: [zp_level_system.amxx] [ZP Level] Plugin inicializado com sucesso!
L 08/09/2025 - 10:05:00: [admin.amxx] Login: "ErenZP<67><STEAM_0:0:1776161912><>" became an admin (account "loopback") (access "abcdefghijklmnopqrstu") (address "loopback")
L 08/09/2025 - 10:05:00: [admin.amxx] Login: "ErenZP<67><STEAM_0:0:1776161912><>" became an admin (account "loopback") (access "abcdefghijklmnopqrstu") (address "loopback")
L 08/09/2025 - 10:05:31: [admin.amxx] Login: "Eren<67><STEAM_0:0:1776161912><>" became an admin (account "loopback") (access "abcdefghijklmnopqrstu") (address "loopback")
L 08/09/2025 - 10:05:45: -------- Mapchange to zm_gg --------
L 08/09/2025 - 10:05:46: [nextmap.amxx] WARNING: Couldn't find a valid map or the file doesn't exist (file "mapcycle.txt")
L 08/09/2025 - 10:05:46: [zm_vip.amxx] Error: vips.ini file doesn't exist
L 08/09/2025 - 10:05:46: [zp_level_system.amxx] [ZP Level] Plugin iniciando...
L 08/09/2025 - 10:05:46: [zp_level_system.amxx] [ZP Level] Plugin inicializado com sucesso!
L 08/09/2025 - 10:05:46: [admin.amxx] Login: "Eren<78><STEAM_0:0:1776161912><>" became an admin (account "loopback") (access "abcdefghijklmnopqrstu") (address "loopback")
L 08/09/2025 - 10:05:47: [admin.amxx] Login: "Eren<78><STEAM_0:0:1776161912><>" became an admin (account "loopback") (access "abcdefghijklmnopqrstu") (address "loopback")
L 08/09/2025 - 10:07:52: -------- Mapchange to zm_gg --------
L 08/09/2025 - 10:07:53: [nextmap.amxx] WARNING: Couldn't find a valid map or the file doesn't exist (file "mapcycle.txt")
L 08/09/2025 - 10:07:53: [zm_vip.amxx] Error: vips.ini file doesn't exist
L 08/09/2025 - 10:07:53: [zp_level_system.amxx] [ZP Level] Plugin iniciando...
L 08/09/2025 - 10:07:53: [zp_level_system.amxx] [ZP Level] Plugin inicializado com sucesso!
L 08/09/2025 - 10:07:53: [admin.amxx] Login: "Eren<89><STEAM_0:0:1776161912><>" became an admin (account "loopback") (access "abcdefghijklmnopqrstu") (address "loopback")
L 08/09/2025 - 10:07:55: [admin.amxx] Login: "Eren<89><STEAM_0:0:1776161912><>" became an admin (account "loopback") (access "abcdefghijklmnopqrstu") (address "loopback")
L 08/09/2025 - 10:14:20: -------- Mapchange to zm_gg --------
L 08/09/2025 - 10:14:21: [nextmap.amxx] WARNING: Couldn't find a valid map or the file doesn't exist (file "mapcycle.txt")
L 08/09/2025 - 10:14:21: [zm_vip.amxx] Error: vips.ini file doesn't exist
L 08/09/2025 - 10:14:21: [zp_level_system.amxx] [ZP Level] Plugin iniciando...
L 08/09/2025 - 10:14:21: [zp_level_system.amxx] [ZP Level] Plugin inicializado com sucesso!
L 08/09/2025 - 10:14:22: [admin.amxx] Login: "Eren<100><STEAM_0:0:1776161912><>" became an admin (account "loopback") (access "abcdefghijklmnopqrstu") (address "loopback")
L 08/09/2025 - 10:14:23: [admin.amxx] Login: "Eren<100><STEAM_0:0:1776161912><>" became an admin (account "loopback") (access "abcdefghijklmnopqrstu") (address "loopback")
L 08/09/2025 - 10:18:15: -------- Mapchange to zm_gg --------
L 08/09/2025 - 10:18:17: [nextmap.amxx] WARNING: Couldn't find a valid map or the file doesn't exist (file "mapcycle.txt")
L 08/09/2025 - 10:18:17: [zm_vip.amxx] Error: vips.ini file doesn't exist
L 08/09/2025 - 10:18:17: [zp_level_system.amxx] [ZP Level] Plugin iniciando...
L 08/09/2025 - 10:18:17: [zp_level_system.amxx] [ZP Level] Plugin inicializado com sucesso!
L 08/09/2025 - 10:18:17: [admin.amxx] Login: "teste<111><STEAM_0:0:1776161912><>" became an admin (account "loopback") (access "abcdefghijklmnopqrstu") (address "loopback")
L 08/09/2025 - 10:18:18: [admin.amxx] Login: "teste<111><STEAM_0:0:1776161912><>" became an admin (account "loopback") (access "abcdefghijklmnopqrstu") (address "loopback")
L 08/09/2025 - 10:18:48: -------- Mapchange to zm_gg --------
L 08/09/2025 - 10:18:49: [nextmap.amxx] WARNING: Couldn't find a valid map or the file doesn't exist (file "mapcycle.txt")
L 08/09/2025 - 10:18:49: [zm_vip.amxx] Error: vips.ini file doesn't exist
L 08/09/2025 - 10:18:49: [zp_level_system.amxx] [ZP Level] Plugin iniciando...
L 08/09/2025 - 10:18:49: [zp_level_system.amxx] [ZP Level] Plugin inicializado com sucesso!
L 08/09/2025 - 10:24:53: -------- Mapchange to zm_gg --------
L 08/09/2025 - 10:24:54: [nextmap.amxx] WARNING: Couldn't find a valid map or the file doesn't exist (file "mapcycle.txt")
L 08/09/2025 - 10:24:54: [zm_vip.amxx] Error: vips.ini file doesn't exist
L 08/09/2025 - 10:24:54: [zp_level_system.amxx] [ZP Level] Plugin iniciando...
L 08/09/2025 - 10:24:54: [zp_level_system.amxx] [ZP Level] Plugin inicializado com sucesso!
L 08/09/2025 - 10:24:54: [admin.amxx] Login: "teste<133><STEAM_0:0:1776161912><>" became an admin (account "loopback") (access "abcdefghijklmnopqrstu") (address "loopback")
L 08/09/2025 - 10:24:55: [admin.amxx] Login: "teste<133><STEAM_0:0:1776161912><>" became an admin (account "loopback") (access "abcdefghijklmnopqrstu") (address "loopback")
L 08/09/2025 - 10:25:54: [admin.amxx] Login: "ErenZP<133><STEAM_0:0:1776161912><>" became an admin (account "loopback") (access "abcdefghijklmnopqrstu") (address "loopback")
L 08/09/2025 - 10:25:56: -------- Mapchange to zm_gg --------
L 08/09/2025 - 10:25:57: [nextmap.amxx] WARNING: Couldn't find a valid map or the file doesn't exist (file "mapcycle.txt")
L 08/09/2025 - 10:25:57: [zm_vip.amxx] Error: vips.ini file doesn't exist
L 08/09/2025 - 10:25:57: [zp_level_system.amxx] [ZP Level] Plugin iniciando...
L 08/09/2025 - 10:25:57: [zp_level_system.amxx] [ZP Level] Plugin inicializado com sucesso!
L 08/09/2025 - 10:25:57: [admin.amxx] Login: "ErenZP<144><STEAM_0:0:1776161912><>" became an admin (account "loopback") (access "abcdefghijklmnopqrstu") (address "loopback")
L 08/09/2025 - 10:25:58: [admin.amxx] Login: "ErenZP<144><STEAM_0:0:1776161912><>" became an admin (account "loopback") (access "abcdefghijklmnopqrstu") (address "loopback")
L 08/09/2025 - 10:32:45: -------- Mapchange to zm_gg --------
L 08/09/2025 - 10:32:46: [nextmap.amxx] WARNING: Couldn't find a valid map or the file doesn't exist (file "mapcycle.txt")
L 08/09/2025 - 10:32:46: [zp_level_system.amxx] [ZP Level] Plugin iniciando...
L 08/09/2025 - 10:32:46: [zp_level_system.amxx] [ZP Level] Plugin inicializado com sucesso!
L 08/09/2025 - 10:32:47: [admin.amxx] Login: "teste<155><STEAM_0:0:1776161912><>" became an admin (account "loopback") (access "abcdefghijklmnopqrstu") (address "loopback")
L 08/09/2025 - 10:32:48: [admin.amxx] Login: "teste<155><STEAM_0:0:1776161912><>" became an admin (account "loopback") (access "abcdefghijklmnopqrstu") (address "loopback")
L 08/09/2025 - 10:41:30: -------- Mapchange to zm_gg --------
L 08/09/2025 - 10:41:31: [nextmap.amxx] WARNING: Couldn't find a valid map or the file doesn't exist (file "mapcycle.txt")
L 08/09/2025 - 10:41:31: [zp_level_system.amxx] [ZP Level] Plugin iniciando...
L 08/09/2025 - 10:41:31: [zp_level_system.amxx] [ZP Level] Plugin inicializado com sucesso!
L 08/09/2025 - 10:41:32: [admin.amxx] Login: "teste<166><STEAM_0:0:1776161912><>" became an admin (account "loopback") (access "abcdefghijklmnopqrstu") (address "loopback")
L 08/09/2025 - 10:41:33: [admin.amxx] Login: "teste<166><STEAM_0:0:1776161912><>" became an admin (account "loopback") (access "abcdefghijklmnopqrstu") (address "loopback")
L 08/09/2025 - 10:41:55: -------- Mapchange to zm_gg --------
L 08/09/2025 - 10:41:56: [nextmap.amxx] WARNING: Couldn't find a valid map or the file doesn't exist (file "mapcycle.txt")
L 08/09/2025 - 10:41:56: [zp_level_system.amxx] [ZP Level] Plugin iniciando...
L 08/09/2025 - 10:41:56: [zp_level_system.amxx] [ZP Level] Plugin inicializado com sucesso!
L 08/09/2025 - 10:41:56: [admin.amxx] Login: "teste<177><STEAM_0:0:1776161912><>" became an admin (account "loopback") (access "abcdefghijklmnopqrstu") (address "loopback")
L 08/09/2025 - 10:41:57: [admin.amxx] Login: "teste<177><STEAM_0:0:1776161912><>" became an admin (account "loopback") (access "abcdefghijklmnopqrstu") (address "loopback")
L 08/09/2025 - 10:43:30: -------- Mapchange to zm_gg --------
L 08/09/2025 - 10:43:31: [nextmap.amxx] WARNING: Couldn't find a valid map or the file doesn't exist (file "mapcycle.txt")
L 08/09/2025 - 10:43:31: [zp_level_system.amxx] [ZP Level] Plugin iniciando...
L 08/09/2025 - 10:43:31: [zp_level_system.amxx] [ZP Level] Plugin inicializado com sucesso!
L 08/09/2025 - 10:43:43: -------- Mapchange to zm_gg --------
L 08/09/2025 - 10:43:45: [nextmap.amxx] WARNING: Couldn't find a valid map or the file doesn't exist (file "mapcycle.txt")
L 08/09/2025 - 10:43:45: Invalid multi-lingual line (file "cstrike\addons\amxmodx\data\lang\lasermine_perfect.txt" line 1)
L 08/09/2025 - 10:43:45: [zp_level_system.amxx] [ZP Level] Plugin iniciando...
L 08/09/2025 - 10:43:45: [zp_level_system.amxx] [ZP Level] Plugin inicializado com sucesso!
L 08/09/2025 - 10:45:09: -------- Mapchange to zm_gg --------
L 08/09/2025 - 10:45:09: [nextmap.amxx] WARNING: Couldn't find a valid map or the file doesn't exist (file "mapcycle.txt")
L 08/09/2025 - 10:45:09: [zp_level_system.amxx] [ZP Level] Plugin iniciando...
L 08/09/2025 - 10:45:09: [zp_level_system.amxx] [ZP Level] Plugin inicializado com sucesso!
L 08/09/2025 - 10:45:27: -------- Mapchange to zm_gg --------
L 08/09/2025 - 10:45:28: [nextmap.amxx] WARNING: Couldn't find a valid map or the file doesn't exist (file "mapcycle.txt")
L 08/09/2025 - 10:45:28: Invalid multi-lingual line (file "cstrike\addons\amxmodx\data\lang\lasermine_perfect.txt" line 1)
L 08/09/2025 - 10:45:28: [zp_level_system.amxx] [ZP Level] Plugin iniciando...
L 08/09/2025 - 10:45:28: [zp_level_system.amxx] [ZP Level] Plugin inicializado com sucesso!
L 08/09/2025 - 10:46:07: -------- Mapchange to zm_gg --------
L 08/09/2025 - 10:46:07: [nextmap.amxx] WARNING: Couldn't find a valid map or the file doesn't exist (file "mapcycle.txt")
L 08/09/2025 - 10:46:07: [zp_level_system.amxx] [ZP Level] Plugin iniciando...
L 08/09/2025 - 10:46:07: [zp_level_system.amxx] [ZP Level] Plugin inicializado com sucesso!
L 08/09/2025 - 10:47:32: -------- Mapchange to zm_gg --------
L 08/09/2025 - 10:47:32: [nextmap.amxx] WARNING: Couldn't find a valid map or the file doesn't exist (file "mapcycle.txt")
L 08/09/2025 - 10:47:32: [zp_level_system.amxx] [ZP Level] Plugin iniciando...
L 08/09/2025 - 10:47:32: [zp_level_system.amxx] [ZP Level] Plugin inicializado com sucesso!
L 08/09/2025 - 10:47:54: -------- Mapchange to zm_gg --------
L 08/09/2025 - 10:47:54: [nextmap.amxx] WARNING: Couldn't find a valid map or the file doesn't exist (file "mapcycle.txt")
L 08/09/2025 - 10:47:54: [zp_level_system.amxx] [ZP Level] Plugin iniciando...
L 08/09/2025 - 10:47:54: [zp_level_system.amxx] [ZP Level] Plugin inicializado com sucesso!
L 08/09/2025 - 10:47:54: [admin.amxx] Login: "ErenZP<34><STEAM_0:0:1776161912><>" became an admin (account "loopback") (access "abcdefghijklmnopqrstu") (address "loopback")
L 08/09/2025 - 10:47:56: [admin.amxx] Login: "ErenZP<34><STEAM_0:0:1776161912><>" became an admin (account "loopback") (access "abcdefghijklmnopqrstu") (address "loopback")
L 08/09/2025 - 10:55:32: -------- Mapchange to zm_gg --------
L 08/09/2025 - 10:55:33: [nextmap.amxx] WARNING: Couldn't find a valid map or the file doesn't exist (file "mapcycle.txt")
L 08/09/2025 - 10:55:33: [zp_level_system.amxx] [ZP Level] Plugin iniciando...
L 08/09/2025 - 10:55:33: [zp_level_system.amxx] [ZP Level] Plugin inicializado com sucesso!
L 08/09/2025 - 10:55:34: [admin.amxx] Login: "ErenZP<45><STEAM_0:0:1776161912><>" became an admin (account "loopback") (access "abcdefghijklmnopqrstu") (address "loopback")
L 08/09/2025 - 10:55:36: [admin.amxx] Login: "ErenZP<45><STEAM_0:0:1776161912><>" became an admin (account "loopback") (access "abcdefghijklmnopqrstu") (address "loopback")
L 08/09/2025 - 10:58:22: -------- Mapchange to zm_gg --------
L 08/09/2025 - 10:58:23: [nextmap.amxx] WARNING: Couldn't find a valid map or the file doesn't exist (file "mapcycle.txt")
L 08/09/2025 - 10:58:23: [zp_level_system.amxx] [ZP Level] Plugin iniciando...
L 08/09/2025 - 10:58:23: [zp_level_system.amxx] [ZP Level] Plugin inicializado com sucesso!
L 08/09/2025 - 10:58:23: [admin.amxx] Login: "ErenZP<56><STEAM_0:0:1776161912><>" became an admin (account "loopback") (access "abcdefghijklmnopqrstu") (address "loopback")
L 08/09/2025 - 10:58:24: [admin.amxx] Login: "ErenZP<56><STEAM_0:0:1776161912><>" became an admin (account "loopback") (access "abcdefghijklmnopqrstu") (address "loopback")
L 08/09/2025 - 11:00:47: -------- Mapchange to zm_gg --------
L 08/09/2025 - 11:00:48: [nextmap.amxx] WARNING: Couldn't find a valid map or the file doesn't exist (file "mapcycle.txt")
L 08/09/2025 - 11:00:48: [zp_level_system.amxx] [ZP Level] Plugin iniciando...
L 08/09/2025 - 11:00:48: [zp_level_system.amxx] [ZP Level] Plugin inicializado com sucesso!
L 08/09/2025 - 11:00:48: [admin.amxx] Login: "ErenZP<67><STEAM_0:0:1776161912><>" became an admin (account "loopback") (access "abcdefghijklmnopqrstu") (address "loopback")
L 08/09/2025 - 11:00:49: [admin.amxx] Login: "ErenZP<67><STEAM_0:0:1776161912><>" became an admin (account "loopback") (access "abcdefghijklmnopqrstu") (address "loopback")
L 08/09/2025 - 11:02:52: -------- Mapchange to zm_gg --------
L 08/09/2025 - 11:02:53: [nextmap.amxx] WARNING: Couldn't find a valid map or the file doesn't exist (file "mapcycle.txt")
L 08/09/2025 - 11:02:53: [zp_level_system.amxx] [ZP Level] Plugin iniciando...
L 08/09/2025 - 11:02:53: [zp_level_system.amxx] [ZP Level] Plugin inicializado com sucesso!
L 08/09/2025 - 11:02:53: [admin.amxx] Login: "ErenZP<78><STEAM_0:0:1776161912><>" became an admin (account "loopback") (access "abcdefghijklmnopqrstu") (address "loopback")
L 08/09/2025 - 11:02:54: [admin.amxx] Login: "ErenZP<78><STEAM_0:0:1776161912><>" became an admin (account "loopback") (access "abcdefghijklmnopqrstu") (address "loopback")
L 08/09/2025 - 11:18:29: -------- Mapchange to zm_gg --------
L 08/09/2025 - 11:18:33: [nextmap.amxx] WARNING: Couldn't find a valid map or the file doesn't exist (file "mapcycle.txt")
L 08/09/2025 - 11:18:33: Invalid multi-lingual line (file "cstrike\addons\amxmodx\data\lang\lasermine_perfect.txt" line 1)
L 08/09/2025 - 11:18:33: [zp_level_system.amxx] [ZP Level] Plugin iniciando...
L 08/09/2025 - 11:18:33: [zp_level_system.amxx] [ZP Level] Plugin inicializado com sucesso!
L 08/09/2025 - 11:18:34: [admin.amxx] Login: "ErenZP<1><STEAM_0:0:1776161912><>" became an admin (account "loopback") (access "abcdefghijklmnopqrstu") (address "loopback")
L 08/09/2025 - 11:18:35: [admin.amxx] Login: "ErenZP<1><STEAM_0:0:1776161912><>" became an admin (account "loopback") (access "abcdefghijklmnopqrstu") (address "loopback")
L 08/09/2025 - 11:21:42: -------- Mapchange to zm_gg --------
L 08/09/2025 - 11:21:44: [nextmap.amxx] WARNING: Couldn't find a valid map or the file doesn't exist (file "mapcycle.txt")
L 08/09/2025 - 11:21:44: [zp_level_system.amxx] [ZP Level] Plugin iniciando...
L 08/09/2025 - 11:21:44: [zp_level_system.amxx] [ZP Level] Plugin inicializado com sucesso!
L 08/09/2025 - 11:21:45: [admin.amxx] Login: "ErenZP<12><STEAM_0:0:1776161912><>" became an admin (account "loopback") (access "abcdefghijklmnopqrstu") (address "loopback")
L 08/09/2025 - 11:21:47: [admin.amxx] Login: "ErenZP<12><STEAM_0:0:1776161912><>" became an admin (account "loopback") (access "abcdefghijklmnopqrstu") (address "loopback")
L 08/09/2025 - 11:25:11: -------- Mapchange to zm_gg --------
L 08/09/2025 - 11:25:12: [nextmap.amxx] WARNING: Couldn't find a valid map or the file doesn't exist (file "mapcycle.txt")
L 08/09/2025 - 11:25:12: [zp_level_system.amxx] [ZP Level] Plugin iniciando...
L 08/09/2025 - 11:25:12: [zp_level_system.amxx] [ZP Level] Plugin inicializado com sucesso!
L 08/09/2025 - 11:25:13: [admin.amxx] Login: "ErenZP<23><STEAM_0:0:1776161912><>" became an admin (account "loopback") (access "abcdefghijklmnopqrstu") (address "loopback")
L 08/09/2025 - 11:25:14: [admin.amxx] Login: "ErenZP<23><STEAM_0:0:1776161912><>" became an admin (account "loopback") (access "abcdefghijklmnopqrstu") (address "loopback")
L 08/09/2025 - 11:45:45: -------- Mapchange to zm_gg --------
L 08/09/2025 - 11:45:50: [nextmap.amxx] WARNING: Couldn't find a valid map or the file doesn't exist (file "mapcycle.txt")
L 08/09/2025 - 11:45:50: Invalid multi-lingual line (file "cstrike\addons\amxmodx\data\lang\lasermine_perfect.txt" line 1)
L 08/09/2025 - 11:45:50: [zp_level_system.amxx] [ZP Level] Plugin iniciando...
L 08/09/2025 - 11:45:50: [zp_level_system.amxx] [ZP Level] Plugin inicializado com sucesso!
L 08/09/2025 - 11:45:51: [admin.amxx] Login: "ErenZP<1><STEAM_0:0:1776161912><>" became an admin (account "loopback") (access "abcdefghijklmnopqrstu") (address "loopback")
L 08/09/2025 - 11:45:53: [admin.amxx] Login: "ErenZP<1><STEAM_0:0:1776161912><>" became an admin (account "loopback") (access "abcdefghijklmnopqrstu") (address "loopback")
L 08/09/2025 - 11:47:05: -------- Mapchange to zm_gg --------
L 08/09/2025 - 11:47:06: [nextmap.amxx] WARNING: Couldn't find a valid map or the file doesn't exist (file "mapcycle.txt")
L 08/09/2025 - 11:47:06: [zp_level_system.amxx] [ZP Level] Plugin iniciando...
L 08/09/2025 - 11:47:06: [zp_level_system.amxx] [ZP Level] Plugin inicializado com sucesso!
L 08/09/2025 - 11:47:07: [admin.amxx] Login: "ErenZP<12><STEAM_0:0:1776161912><>" became an admin (account "loopback") (access "abcdefghijklmnopqrstu") (address "loopback")
L 08/09/2025 - 11:49:39: -------- Mapchange to zm_gg --------
L 08/09/2025 - 11:49:40: [nextmap.amxx] WARNING: Couldn't find a valid map or the file doesn't exist (file "mapcycle.txt")
L 08/09/2025 - 11:49:40: [zp_level_system.amxx] [ZP Level] Plugin iniciando...
L 08/09/2025 - 11:49:40: [zp_level_system.amxx] [ZP Level] Plugin inicializado com sucesso!
L 08/09/2025 - 11:49:41: [admin.amxx] Login: "ErenZP<13><STEAM_0:0:1776161912><>" became an admin (account "loopback") (access "abcdefghijklmnopqrstu") (address "loopback")
L 08/09/2025 - 11:54:43: -------- Mapchange to zm_gg --------
L 08/09/2025 - 11:54:45: [nextmap.amxx] WARNING: Couldn't find a valid map or the file doesn't exist (file "mapcycle.txt")
L 08/09/2025 - 11:54:45: Invalid multi-lingual line (file "cstrike\addons\amxmodx\data\lang\lasermine_perfect.txt" line 1)
L 08/09/2025 - 11:54:45: [zp_level_system.amxx] [ZP Level] Plugin iniciando...
L 08/09/2025 - 11:54:45: [zp_level_system.amxx] [ZP Level] Plugin inicializado com sucesso!
L 08/09/2025 - 11:54:46: [admin.amxx] Login: "ErenZP<1><STEAM_0:0:1776161912><>" became an admin (account "loopback") (access "abcdefghijklmnopqrstu") (address "loopback")
L 08/09/2025 - 12:02:37: -------- Mapchange to zm_gg --------
L 08/09/2025 - 12:02:38: [nextmap.amxx] WARNING: Couldn't find a valid map or the file doesn't exist (file "mapcycle.txt")
L 08/09/2025 - 12:02:38: [zp_level_system.amxx] [ZP Level] Plugin iniciando...
L 08/09/2025 - 12:02:38: [zp_level_system.amxx] [ZP Level] Plugin inicializado com sucesso!
L 08/09/2025 - 12:02:39: [admin.amxx] Login: "ErenZP<2><STEAM_0:0:1776161912><>" became an admin (account "loopback") (access "abcdefghijklmnopqrstu") (address "loopback")
L 08/09/2025 - 12:05:12: -------- Mapchange to zm_gg --------
L 08/09/2025 - 12:05:14: [nextmap.amxx] WARNING: Couldn't find a valid map or the file doesn't exist (file "mapcycle.txt")
L 08/09/2025 - 12:05:14: Invalid multi-lingual line (file "cstrike\addons\amxmodx\data\lang\lasermine_perfect.txt" line 1)
L 08/09/2025 - 12:05:14: [zp_level_system.amxx] [ZP Level] Plugin iniciando...
L 08/09/2025 - 12:05:14: [zp_level_system.amxx] [ZP Level] Plugin inicializado com sucesso!
L 08/09/2025 - 12:05:14: [admin.amxx] Login: "ErenZP<1><STEAM_0:0:1776161912><>" became an admin (account "loopback") (access "abcdefghijklmnopqrstu") (address "loopback")
L 08/09/2025 - 12:50:37: -------- Mapchange to zm_gg --------
L 08/09/2025 - 12:50:39: [nextmap.amxx] WARNING: Couldn't find a valid map or the file doesn't exist (file "mapcycle.txt")
L 08/09/2025 - 12:50:39: Invalid multi-lingual line (file "cstrike\addons\amxmodx\data\lang\lasermine_perfect.txt" line 1)
L 08/09/2025 - 12:50:39: [zp_level_system.amxx] [ZP Level] Plugin iniciando...
L 08/09/2025 - 12:50:39: [zp_level_system.amxx] [ZP Level] Plugin inicializado com sucesso!
L 08/09/2025 - 12:50:39: [admin.amxx] Login: "ErenZP<1><STEAM_0:0:1776161912><>" became an admin (account "loopback") (access "abcdefghijklmnopqrstu") (address "loopback")
L 08/09/2025 - 12:53:01: -------- Mapchange to zm_gg --------
L 08/09/2025 - 12:53:02: [nextmap.amxx] WARNING: Couldn't find a valid map or the file doesn't exist (file "mapcycle.txt")
L 08/09/2025 - 12:53:02: [zp_level_system.amxx] [ZP Level] Plugin iniciando...
L 08/09/2025 - 12:53:02: [zp_level_system.amxx] [ZP Level] Plugin inicializado com sucesso!
L 08/09/2025 - 12:53:02: [admin.amxx] Login: "ErenZP<2><STEAM_0:0:1776161912><>" became an admin (account "loopback") (access "abcdefghijklmnopqrstu") (address "loopback")
L 08/09/2025 - 12:53:03: [admin.amxx] Login: "ErenZP<2><STEAM_0:0:1776161912><>" became an admin (account "loopback") (access "abcdefghijklmnopqrstu") (address "loopback")
L 08/09/2025 - 13:08:18: -------- Mapchange to zm_gg --------
L 08/09/2025 - 13:08:20: [nextmap.amxx] WARNING: Couldn't find a valid map or the file doesn't exist (file "mapcycle.txt")
L 08/09/2025 - 13:08:20: Invalid multi-lingual line (file "cstrike\addons\amxmodx\data\lang\lasermine_perfect.txt" line 1)
L 08/09/2025 - 13:08:20: [zp_level_system.amxx] [ZP Level] Plugin iniciando...
L 08/09/2025 - 13:08:20: [zp_level_system.amxx] [ZP Level] Plugin inicializado com sucesso!
L 08/09/2025 - 13:08:21: [admin.amxx] Login: "ErenZP<1><STEAM_0:0:1776161912><>" became an admin (account "loopback") (access "abcdefghijklmnopqrstu") (address "loopback")
L 08/09/2025 - 13:08:22: [admin.amxx] Login: "ErenZP<1><STEAM_0:0:1776161912><>" became an admin (account "loopback") (access "abcdefghijklmnopqrstu") (address "loopback")
L 08/09/2025 - 13:24:03: -------- Mapchange to zm_gg --------
L 08/09/2025 - 13:24:05: [nextmap.amxx] WARNING: Couldn't find a valid map or the file doesn't exist (file "mapcycle.txt")
L 08/09/2025 - 13:24:05: [zp_level_system.amxx] [ZP Level] Plugin iniciando...
L 08/09/2025 - 13:24:05: [zp_level_system.amxx] [ZP Level] Plugin inicializado com sucesso!
L 08/09/2025 - 13:24:05: [admin.amxx] Login: "ErenZP<12><STEAM_0:0:1776161912><>" became an admin (account "loopback") (access "abcdefghijklmnopqrstu") (address "loopback")
L 08/09/2025 - 13:24:08: [admin.amxx] Login: "ErenZP<12><STEAM_0:0:1776161912><>" became an admin (account "loopback") (access "abcdefghijklmnopqrstu") (address "loopback")
L 08/09/2025 - 13:30:30: -------- Mapchange to zm_gg --------
L 08/09/2025 - 13:30:37: [nextmap.amxx] WARNING: Couldn't find a valid map or the file doesn't exist (file "mapcycle.txt")
L 08/09/2025 - 13:30:37: [zp_level_system.amxx] [ZP Level] Plugin iniciando...
L 08/09/2025 - 13:30:37: [zp_level_system.amxx] [ZP Level] Plugin inicializado com sucesso!
L 08/09/2025 - 13:30:38: [admin.amxx] Login: "ErenZP<23><STEAM_0:0:1776161912><>" became an admin (account "loopback") (access "abcdefghijklmnopqrstu") (address "loopback")
L 08/09/2025 - 13:30:40: [admin.amxx] Login: "ErenZP<23><STEAM_0:0:1776161912><>" became an admin (account "loopback") (access "abcdefghijklmnopqrstu") (address "loopback")
L 08/09/2025 - 13:31:49: -------- Mapchange to zm_gg --------
L 08/09/2025 - 13:31:52: [nextmap.amxx] WARNING: Couldn't find a valid map or the file doesn't exist (file "mapcycle.txt")
L 08/09/2025 - 13:31:52: Invalid multi-lingual line (file "cstrike\addons\amxmodx\data\lang\lasermine_perfect.txt" line 1)
L 08/09/2025 - 13:31:52: [zp_level_system.amxx] [ZP Level] Plugin iniciando...
L 08/09/2025 - 13:31:52: [zp_level_system.amxx] [ZP Level] Plugin inicializado com sucesso!
L 08/09/2025 - 13:31:53: [admin.amxx] Login: "ErenZP<1><STEAM_0:0:1776161912><>" became an admin (account "loopback") (access "abcdefghijklmnopqrstu") (address "loopback")
L 08/09/2025 - 13:31:55: [admin.amxx] Login: "ErenZP<1><STEAM_0:0:1776161912><>" became an admin (account "loopback") (access "abcdefghijklmnopqrstu") (address "loopback")
L 08/09/2025 - 13:39:17: -------- Mapchange to zm_gg --------
L 08/09/2025 - 13:39:18: [nextmap.amxx] WARNING: Couldn't find a valid map or the file doesn't exist (file "mapcycle.txt")
L 08/09/2025 - 13:39:18: [zp_level_system.amxx] [ZP Level] Plugin iniciando...
L 08/09/2025 - 13:39:18: [zp_level_system.amxx] [ZP Level] Plugin inicializado com sucesso!
L 08/09/2025 - 13:39:19: [admin.amxx] Login: "ErenZP<12><STEAM_0:0:1776161912><>" became an admin (account "loopback") (access "abcdefghijklmnopqrstu") (address "loopback")
L 08/09/2025 - 13:39:20: [admin.amxx] Login: "ErenZP<12><STEAM_0:0:1776161912><>" became an admin (account "loopback") (access "abcdefghijklmnopqrstu") (address "loopback")
L 08/09/2025 - 13:42:33: -------- Mapchange to zm_gg --------
L 08/09/2025 - 13:42:34: [nextmap.amxx] WARNING: Couldn't find a valid map or the file doesn't exist (file "mapcycle.txt")
L 08/09/2025 - 13:42:34: [zp_level_system.amxx] [ZP Level] Plugin iniciando...
L 08/09/2025 - 13:42:34: [zp_level_system.amxx] [ZP Level] Plugin inicializado com sucesso!
L 08/09/2025 - 13:42:34: [admin.amxx] Login: "ErenZP<23><STEAM_0:0:1776161912><>" became an admin (account "loopback") (access "abcdefghijklmnopqrstu") (address "loopback")
L 08/09/2025 - 13:42:36: [admin.amxx] Login: "ErenZP<23><STEAM_0:0:1776161912><>" became an admin (account "loopback") (access "abcdefghijklmnopqrstu") (address "loopback")
L 08/09/2025 - 13:45:04: -------- Mapchange to zm_gg --------
L 08/09/2025 - 13:45:07: [nextmap.amxx] WARNING: Couldn't find a valid map or the file doesn't exist (file "mapcycle.txt")
L 08/09/2025 - 13:45:07: Invalid multi-lingual line (file "cstrike\addons\amxmodx\data\lang\lasermine_perfect.txt" line 1)
L 08/09/2025 - 13:45:07: [zp_level_system.amxx] [ZP Level] Plugin iniciando...
L 08/09/2025 - 13:45:07: [zp_level_system.amxx] [ZP Level] Plugin inicializado com sucesso!
L 08/09/2025 - 13:45:08: [admin.amxx] Login: "ErenZP<1><STEAM_0:0:1776161912><>" became an admin (account "loopback") (access "abcdefghijklmnopqrstu") (address "loopback")
L 08/09/2025 - 13:45:10: [admin.amxx] Login: "ErenZP<1><STEAM_0:0:1776161912><>" became an admin (account "loopback") (access "abcdefghijklmnopqrstu") (address "loopback")
L 08/09/2025 - 13:55:00: -------- Mapchange to zm_gg --------
L 08/09/2025 - 13:55:01: [nextmap.amxx] WARNING: Couldn't find a valid map or the file doesn't exist (file "mapcycle.txt")
L 08/09/2025 - 13:55:01: [zp_level_system.amxx] [ZP Level] Plugin iniciando...
L 08/09/2025 - 13:55:01: [zp_level_system.amxx] [ZP Level] Plugin inicializado com sucesso!
L 08/09/2025 - 13:55:02: [admin.amxx] Login: "ErenZP<12><STEAM_0:0:1776161912><>" became an admin (account "loopback") (access "abcdefghijklmnopqrstu") (address "loopback")
L 08/09/2025 - 13:55:03: [admin.amxx] Login: "ErenZP<12><STEAM_0:0:1776161912><>" became an admin (account "loopback") (access "abcdefghijklmnopqrstu") (address "loopback")
L 08/09/2025 - 14:06:30: -------- Mapchange to zm_gg --------
L 08/09/2025 - 14:06:31: [nextmap.amxx] WARNING: Couldn't find a valid map or the file doesn't exist (file "mapcycle.txt")
L 08/09/2025 - 14:06:31: [zp_level_system.amxx] [ZP Level] Plugin iniciando...
L 08/09/2025 - 14:06:31: [zp_level_system.amxx] [ZP Level] Plugin inicializado com sucesso!
L 08/09/2025 - 14:06:32: [admin.amxx] Login: "ErenZP<23><STEAM_0:0:1776161912><>" became an admin (account "loopback") (access "abcdefghijklmnopqrstu") (address "loopback")
L 08/09/2025 - 14:06:33: [admin.amxx] Login: "ErenZP<23><STEAM_0:0:1776161912><>" became an admin (account "loopback") (access "abcdefghijklmnopqrstu") (address "loopback")
L 08/09/2025 - 14:09:12: -------- Mapchange to zm_gg --------
L 08/09/2025 - 14:09:13: [nextmap.amxx] WARNING: Couldn't find a valid map or the file doesn't exist (file "mapcycle.txt")
L 08/09/2025 - 14:09:13: [zp_level_system.amxx] [ZP Level] Plugin iniciando...
L 08/09/2025 - 14:09:13: [zp_level_system.amxx] [ZP Level] Plugin inicializado com sucesso!
L 08/09/2025 - 14:09:13: [admin.amxx] Login: "ErenZP<34><STEAM_0:0:1776161912><>" became an admin (account "loopback") (access "abcdefghijklmnopqrstu") (address "loopback")
L 08/09/2025 - 14:09:14: [admin.amxx] Login: "ErenZP<34><STEAM_0:0:1776161912><>" became an admin (account "loopback") (access "abcdefghijklmnopqrstu") (address "loopback")
L 08/09/2025 - 14:13:12: -------- Mapchange to zm_gg --------
L 08/09/2025 - 14:13:15: [nextmap.amxx] WARNING: Couldn't find a valid map or the file doesn't exist (file "mapcycle.txt")
L 08/09/2025 - 14:13:15: Invalid multi-lingual line (file "cstrike\addons\amxmodx\data\lang\lasermine_perfect.txt" line 1)
L 08/09/2025 - 14:13:15: [zp_level_system.amxx] [ZP Level] Plugin iniciando...
L 08/09/2025 - 14:13:15: [zp_level_system.amxx] [ZP Level] Plugin inicializado com sucesso!
L 08/09/2025 - 14:13:16: [admin.amxx] Login: "ErenZP<1><STEAM_0:0:1776161912><>" became an admin (account "loopback") (access "abcdefghijklmnopqrstu") (address "loopback")
L 08/09/2025 - 14:13:17: [admin.amxx] Login: "ErenZP<1><STEAM_0:0:1776161912><>" became an admin (account "loopback") (access "abcdefghijklmnopqrstu") (address "loopback")
L 08/09/2025 - 14:17:16: -------- Mapchange to zm_gg --------
L 08/09/2025 - 14:18:16: -------- Mapchange to zm_gg --------
L 08/09/2025 - 14:18:18: [nextmap.amxx] WARNING: Couldn't find a valid map or the file doesn't exist (file "mapcycle.txt")
L 08/09/2025 - 14:18:18: Invalid multi-lingual line (file "cstrike\addons\amxmodx\data\lang\lasermine_perfect.txt" line 1)
L 08/09/2025 - 14:18:18: [zp_level_system.amxx] [ZP Level] Plugin iniciando...
L 08/09/2025 - 14:18:18: [zp_level_system.amxx] [ZP Level] Plugin inicializado com sucesso!
L 08/09/2025 - 14:18:18: [admin.amxx] Login: "ErenZP<1><STEAM_0:0:1776161912><>" became an admin (account "loopback") (access "abcdefghijklmnopqrstu") (address "loopback")
L 08/09/2025 - 14:18:20: [admin.amxx] Login: "ErenZP<1><STEAM_0:0:1776161912><>" became an admin (account "loopback") (access "abcdefghijklmnopqrstu") (address "loopback")
L 08/09/2025 - 14:31:48: -------- Mapchange to zm_gg --------
L 08/09/2025 - 14:31:51: [nextmap.amxx] WARNING: Couldn't find a valid map or the file doesn't exist (file "mapcycle.txt")
L 08/09/2025 - 14:31:51: Invalid multi-lingual line (file "cstrike\addons\amxmodx\data\lang\lasermine_perfect.txt" line 1)
L 08/09/2025 - 14:31:51: [zp_level_system.amxx] [ZP Level] Plugin iniciando...
L 08/09/2025 - 14:31:51: [zp_level_system.amxx] [ZP Level] Plugin inicializado com sucesso!
L 08/09/2025 - 14:31:52: [admin.amxx] Login: "ErenZP<1><STEAM_0:0:1776161912><>" became an admin (account "loopback") (access "abcdefghijklmnopqrstu") (address "loopback")
L 08/09/2025 - 14:31:54: [admin.amxx] Login: "ErenZP<1><STEAM_0:0:1776161912><>" became an admin (account "loopback") (access "abcdefghijklmnopqrstu") (address "loopback")
L 08/09/2025 - 14:33:15: -------- Mapchange to zm_gg --------
L 08/09/2025 - 14:33:16: [nextmap.amxx] WARNING: Couldn't find a valid map or the file doesn't exist (file "mapcycle.txt")
L 08/09/2025 - 14:33:16: [zp_level_system.amxx] [ZP Level] Plugin iniciando...
L 08/09/2025 - 14:33:16: [zp_level_system.amxx] [ZP Level] Plugin inicializado com sucesso!
L 08/09/2025 - 14:33:16: [admin.amxx] Login: "ErenZP<12><STEAM_0:0:1776161912><>" became an admin (account "loopback") (access "abcdefghijklmnopqrstu") (address "loopback")
L 08/09/2025 - 14:33:18: [admin.amxx] Login: "ErenZP<12><STEAM_0:0:1776161912><>" became an admin (account "loopback") (access "abcdefghijklmnopqrstu") (address "loopback")
L 08/09/2025 - 14:36:56: -------- Mapchange to zm_gg --------
L 08/09/2025 - 14:36:57: [nextmap.amxx] WARNING: Couldn't find a valid map or the file doesn't exist (file "mapcycle.txt")
L 08/09/2025 - 14:36:57: [zp_level_system.amxx] [ZP Level] Plugin iniciando...
L 08/09/2025 - 14:36:57: [zp_level_system.amxx] [ZP Level] Plugin inicializado com sucesso!
L 08/09/2025 - 14:36:57: [admin.amxx] Login: "ErenZP<23><STEAM_0:0:1776161912><>" became an admin (account "loopback") (access "abcdefghijklmnopqrstu") (address "loopback")
L 08/09/2025 - 14:36:58: [admin.amxx] Login: "ErenZP<23><STEAM_0:0:1776161912><>" became an admin (account "loopback") (access "abcdefghijklmnopqrstu") (address "loopback")
L 08/09/2025 - 14:42:44: -------- Mapchange to zm_gg --------
L 08/09/2025 - 14:42:45: [nextmap.amxx] WARNING: Couldn't find a valid map or the file doesn't exist (file "mapcycle.txt")
L 08/09/2025 - 14:42:45: [zp_level_system.amxx] [ZP Level] Plugin iniciando...
L 08/09/2025 - 14:42:45: [zp_level_system.amxx] [ZP Level] Plugin inicializado com sucesso!
L 08/09/2025 - 14:42:45: [admin.amxx] Login: "ErenZP<34><STEAM_0:0:1776161912><>" became an admin (account "loopback") (access "abcdefghijklmnopqrstu") (address "loopback")
L 08/09/2025 - 14:42:46: [admin.amxx] Login: "ErenZP<34><STEAM_0:0:1776161912><>" became an admin (account "loopback") (access "abcdefghijklmnopqrstu") (address "loopback")
L 08/09/2025 - 14:46:27: -------- Mapchange to zm_gg --------
L 08/09/2025 - 14:46:28: [nextmap.amxx] WARNING: Couldn't find a valid map or the file doesn't exist (file "mapcycle.txt")
L 08/09/2025 - 14:46:28: [zp_level_system.amxx] [ZP Level] Plugin iniciando...
L 08/09/2025 - 14:46:28: [zp_level_system.amxx] [ZP Level] Plugin inicializado com sucesso!
L 08/09/2025 - 14:46:29: [admin.amxx] Login: "ErenZP<45><STEAM_0:0:1776161912><>" became an admin (account "loopback") (access "abcdefghijklmnopqrstu") (address "loopback")
L 08/09/2025 - 14:46:30: [admin.amxx] Login: "ErenZP<45><STEAM_0:0:1776161912><>" became an admin (account "loopback") (access "abcdefghijklmnopqrstu") (address "loopback")
L 08/09/2025 - 15:07:43: -------- Mapchange to zm_gg --------
L 08/09/2025 - 15:07:46: [nextmap.amxx] WARNING: Couldn't find a valid map or the file doesn't exist (file "mapcycle.txt")
L 08/09/2025 - 15:07:46: Invalid multi-lingual line (file "cstrike\addons\amxmodx\data\lang\lasermine_perfect.txt" line 1)
L 08/09/2025 - 15:07:46: [zp_level_system.amxx] [ZP Level] Plugin iniciando...
L 08/09/2025 - 15:07:46: [zp_level_system.amxx] [ZP Level] Plugin inicializado com sucesso!
L 08/09/2025 - 15:07:47: [admin.amxx] Login: "ErenZP<1><STEAM_0:0:1776161912><>" became an admin (account "loopback") (access "abcdefghijklmnopqrstu") (address "loopback")
L 08/09/2025 - 15:07:48: [admin.amxx] Login: "ErenZP<1><STEAM_0:0:1776161912><>" became an admin (account "loopback") (access "abcdefghijklmnopqrstu") (address "loopback")
L 08/09/2025 - 16:01:22: -------- Mapchange to zm_gg --------
L 08/09/2025 - 16:01:25: [nextmap.amxx] WARNING: Couldn't find a valid map or the file doesn't exist (file "mapcycle.txt")
L 08/09/2025 - 16:01:25: Invalid multi-lingual line (file "cstrike\addons\amxmodx\data\lang\lasermine_perfect.txt" line 1)
L 08/09/2025 - 16:01:25: [zp_level_system.amxx] [ZP Level] Plugin iniciando...
L 08/09/2025 - 16:01:25: [zp_level_system.amxx] [ZP Level] Plugin inicializado com sucesso!
L 08/09/2025 - 16:01:26: [admin.amxx] Login: "ErenZP<1><STEAM_0:0:1776161912><>" became an admin (account "loopback") (access "abcdefghijklmnopqrstu") (address "loopback")
L 08/09/2025 - 16:01:27: [admin.amxx] Login: "ErenZP<1><STEAM_0:0:1776161912><>" became an admin (account "loopback") (access "abcdefghijklmnopqrstu") (address "loopback")
L 08/09/2025 - 16:14:53: -------- Mapchange to zm_gg --------
L 08/09/2025 - 16:14:55: [nextmap.amxx] WARNING: Couldn't find a valid map or the file doesn't exist (file "mapcycle.txt")
L 08/09/2025 - 16:14:55: [zp_level_system.amxx] [ZP Level] Plugin iniciando...
L 08/09/2025 - 16:14:55: [zp_level_system.amxx] [ZP Level] Plugin inicializado com sucesso!
L 08/09/2025 - 16:14:57: [admin.amxx] Login: "ErenZP<12><STEAM_0:0:1776161912><>" became an admin (account "loopback") (access "abcdefghijklmnopqrstu") (address "loopback")
L 08/09/2025 - 16:14:59: [admin.amxx] Login: "ErenZP<12><STEAM_0:0:1776161912><>" became an admin (account "loopback") (access "abcdefghijklmnopqrstu") (address "loopback")
L 08/09/2025 - 16:22:32: -------- Mapchange to zm_gg --------
L 08/09/2025 - 16:22:33: [nextmap.amxx] WARNING: Couldn't find a valid map or the file doesn't exist (file "mapcycle.txt")
L 08/09/2025 - 16:22:33: [zp_level_system.amxx] [ZP Level] Plugin iniciando...
L 08/09/2025 - 16:22:33: [zp_level_system.amxx] [ZP Level] Plugin inicializado com sucesso!
L 08/09/2025 - 16:22:34: [admin.amxx] Login: "ErenZP<23><STEAM_0:0:1776161912><>" became an admin (account "loopback") (access "abcdefghijklmnopqrstu") (address "loopback")
L 08/09/2025 - 16:22:35: [admin.amxx] Login: "ErenZP<23><STEAM_0:0:1776161912><>" became an admin (account "loopback") (access "abcdefghijklmnopqrstu") (address "loopback")
L 08/09/2025 - 16:25:37: -------- Mapchange to zm_gg --------
L 08/09/2025 - 16:25:39: [nextmap.amxx] WARNING: Couldn't find a valid map or the file doesn't exist (file "mapcycle.txt")
L 08/09/2025 - 16:25:39: [zp_level_system.amxx] [ZP Level] Plugin iniciando...
L 08/09/2025 - 16:25:39: [zp_level_system.amxx] [ZP Level] Plugin inicializado com sucesso!
L 08/09/2025 - 16:25:39: [admin.amxx] Login: "ErenZP<34><STEAM_0:0:1776161912><>" became an admin (account "loopback") (access "abcdefghijklmnopqrstu") (address "loopback")
L 08/09/2025 - 16:25:40: [admin.amxx] Login: "ErenZP<34><STEAM_0:0:1776161912><>" became an admin (account "loopback") (access "abcdefghijklmnopqrstu") (address "loopback")
L 08/09/2025 - 16:34:07: -------- Mapchange to zm_gg --------
L 08/09/2025 - 16:34:09: [nextmap.amxx] WARNING: Couldn't find a valid map or the file doesn't exist (file "mapcycle.txt")
L 08/09/2025 - 16:34:09: [zp_level_system.amxx] [ZP Level] Plugin iniciando...
L 08/09/2025 - 16:34:09: [zp_level_system.amxx] [ZP Level] Plugin inicializado com sucesso!
L 08/09/2025 - 16:34:09: [admin.amxx] Login: "ErenZP<45><STEAM_0:0:1776161912><>" became an admin (account "loopback") (access "abcdefghijklmnopqrstu") (address "loopback")
L 08/09/2025 - 16:34:10: [admin.amxx] Login: "ErenZP<45><STEAM_0:0:1776161912><>" became an admin (account "loopback") (access "abcdefghijklmnopqrstu") (address "loopback")
L 08/09/2025 - 16:39:27: -------- Mapchange to zm_gg --------
L 08/09/2025 - 16:39:29: [nextmap.amxx] WARNING: Couldn't find a valid map or the file doesn't exist (file "mapcycle.txt")
L 08/09/2025 - 16:39:29: [zp_level_system.amxx] [ZP Level] Plugin iniciando...
L 08/09/2025 - 16:39:29: [zp_level_system.amxx] [ZP Level] Plugin inicializado com sucesso!
L 08/09/2025 - 16:39:29: [admin.amxx] Login: "ErenZP<56><STEAM_0:0:1776161912><>" became an admin (account "loopback") (access "abcdefghijklmnopqrstu") (address "loopback")
L 08/09/2025 - 16:39:32: [admin.amxx] Login: "ErenZP<56><STEAM_0:0:1776161912><>" became an admin (account "loopback") (access "abcdefghijklmnopqrstu") (address "loopback")
L 08/09/2025 - 16:44:08: -------- Mapchange to zm_gg --------
L 08/09/2025 - 16:44:08: [AMXX] Plugin "bio_event_infect_effect.amxx" failed to load: Module/Library "biohazardf" required for plugin.  Check modules.ini.
L 08/09/2025 - 16:44:12: [nextmap.amxx] WARNING: Couldn't find a valid map or the file doesn't exist (file "mapcycle.txt")
L 08/09/2025 - 16:44:12: Invalid multi-lingual line (file "cstrike\addons\amxmodx\data\lang\lasermine_perfect.txt" line 1)
L 08/09/2025 - 16:44:12: [zp_level_system.amxx] [ZP Level] Plugin iniciando...
L 08/09/2025 - 16:44:12: [zp_level_system.amxx] [ZP Level] Plugin inicializado com sucesso!
L 08/09/2025 - 16:44:12: [admin.amxx] Login: "ErenZP<1><STEAM_0:0:1776161912><>" became an admin (account "loopback") (access "abcdefghijklmnopqrstu") (address "loopback")
L 08/09/2025 - 16:44:14: [admin.amxx] Login: "ErenZP<1><STEAM_0:0:1776161912><>" became an admin (account "loopback") (access "abcdefghijklmnopqrstu") (address "loopback")
L 08/09/2025 - 16:49:11: -------- Mapchange to zm_gg --------
L 08/09/2025 - 16:49:11: [AMXX] Plugin "bio_event_infect_effect.amxx" failed to load: Module/Library "biohazardf" required for plugin.  Check modules.ini.
L 08/09/2025 - 16:49:13: [nextmap.amxx] WARNING: Couldn't find a valid map or the file doesn't exist (file "mapcycle.txt")
L 08/09/2025 - 16:49:13: Invalid multi-lingual line (file "cstrike\addons\amxmodx\data\lang\lasermine_perfect.txt" line 1)
L 08/09/2025 - 16:49:13: [zp_level_system.amxx] [ZP Level] Plugin iniciando...
L 08/09/2025 - 16:49:13: [zp_level_system.amxx] [ZP Level] Plugin inicializado com sucesso!
L 08/09/2025 - 16:49:13: [admin.amxx] Login: "ErenZP<1><STEAM_0:0:1776161912><>" became an admin (account "loopback") (access "abcdefghijklmnopqrstu") (address "loopback")
L 08/09/2025 - 16:49:15: [admin.amxx] Login: "ErenZP<1><STEAM_0:0:1776161912><>" became an admin (account "loopback") (access "abcdefghijklmnopqrstu") (address "loopback")
L 08/09/2025 - 16:57:33: -------- Mapchange to zm_gg --------
L 08/09/2025 - 16:57:33: [AMXX] Plugin "bio_event_infect_effect.amxx" failed to load: Module/Library "biohazardf" required for plugin.  Check modules.ini.
L 08/09/2025 - 16:57:36: [nextmap.amxx] WARNING: Couldn't find a valid map or the file doesn't exist (file "mapcycle.txt")
L 08/09/2025 - 16:57:36: Invalid multi-lingual line (file "cstrike\addons\amxmodx\data\lang\lasermine_perfect.txt" line 1)
L 08/09/2025 - 16:57:36: [zp_level_system.amxx] [ZP Level] Plugin iniciando...
L 08/09/2025 - 16:57:36: [zp_level_system.amxx] [ZP Level] Plugin inicializado com sucesso!
L 08/09/2025 - 16:57:38: [admin.amxx] Login: "ErenZP<1><STEAM_0:0:1776161912><>" became an admin (account "loopback") (access "abcdefghijklmnopqrstu") (address "loopback")
L 08/09/2025 - 16:57:39: [admin.amxx] Login: "ErenZP<1><STEAM_0:0:1776161912><>" became an admin (account "loopback") (access "abcdefghijklmnopqrstu") (address "loopback")
L 08/09/2025 - 17:00:42: -------- Mapchange to zm_gg --------
L 08/09/2025 - 17:00:42: [AMXX] Plugin "bio_event_infect_effect.amxx" failed to load: Module/Library "biohazardf" required for plugin.  Check modules.ini.
L 08/09/2025 - 17:00:43: [nextmap.amxx] WARNING: Couldn't find a valid map or the file doesn't exist (file "mapcycle.txt")
L 08/09/2025 - 17:00:43: [zp_level_system.amxx] [ZP Level] Plugin iniciando...
L 08/09/2025 - 17:00:43: [zp_level_system.amxx] [ZP Level] Plugin inicializado com sucesso!
L 08/09/2025 - 17:00:43: [admin.amxx] Login: "ErenZP<12><STEAM_0:0:1776161912><>" became an admin (account "loopback") (access "abcdefghijklmnopqrstu") (address "loopback")
L 08/09/2025 - 17:00:44: [admin.amxx] Login: "ErenZP<12><STEAM_0:0:1776161912><>" became an admin (account "loopback") (access "abcdefghijklmnopqrstu") (address "loopback")
L 08/09/2025 - 17:04:23: -------- Mapchange to zm_gg --------
L 08/09/2025 - 17:04:23: [AMXX] Plugin "bio_event_infect_effect.amxx" failed to load: Module/Library "biohazardf" required for plugin.  Check modules.ini.
L 08/09/2025 - 17:04:24: [nextmap.amxx] WARNING: Couldn't find a valid map or the file doesn't exist (file "mapcycle.txt")
L 08/09/2025 - 17:04:24: [zp_level_system.amxx] [ZP Level] Plugin iniciando...
L 08/09/2025 - 17:04:24: [zp_level_system.amxx] [ZP Level] Plugin inicializado com sucesso!
L 08/09/2025 - 17:04:25: [admin.amxx] Login: "ErenZP<23><STEAM_0:0:1776161912><>" became an admin (account "loopback") (access "abcdefghijklmnopqrstu") (address "loopback")
L 08/09/2025 - 17:04:26: [admin.amxx] Login: "ErenZP<23><STEAM_0:0:1776161912><>" became an admin (account "loopback") (access "abcdefghijklmnopqrstu") (address "loopback")
L 08/09/2025 - 17:16:02: -------- Mapchange to zm_gg --------
L 08/09/2025 - 17:16:03: [AMXX] Plugin "bio_event_infect_effect.amxx" failed to load: Module/Library "biohazardf" required for plugin.  Check modules.ini.
L 08/09/2025 - 17:16:04: [nextmap.amxx] WARNING: Couldn't find a valid map or the file doesn't exist (file "mapcycle.txt")
L 08/09/2025 - 17:16:04: [zp_level_system.amxx] [ZP Level] Plugin iniciando...
L 08/09/2025 - 17:16:04: [zp_level_system.amxx] [ZP Level] Plugin inicializado com sucesso!
L 08/09/2025 - 17:16:04: [admin.amxx] Login: "ErenZP<34><STEAM_0:0:1776161912><>" became an admin (account "loopback") (access "abcdefghijklmnopqrstu") (address "loopback")
L 08/09/2025 - 17:16:06: [admin.amxx] Login: "ErenZP<34><STEAM_0:0:1776161912><>" became an admin (account "loopback") (access "abcdefghijklmnopqrstu") (address "loopback")
L 08/09/2025 - 18:08:51: -------- Mapchange to zm_gg --------
L 08/09/2025 - 18:08:51: [AMXX] Plugin "bio_event_infect_effect.amxx" failed to load: Module/Library "biohazardf" required for plugin.  Check modules.ini.
L 08/09/2025 - 18:08:54: [nextmap.amxx] WARNING: Couldn't find a valid map or the file doesn't exist (file "mapcycle.txt")
L 08/09/2025 - 18:08:54: Invalid multi-lingual line (file "cstrike\addons\amxmodx\data\lang\lasermine_perfect.txt" line 1)
L 08/09/2025 - 18:08:54: [zp_level_system.amxx] [ZP Level] Plugin iniciando...
L 08/09/2025 - 18:08:54: [zp_level_system.amxx] [ZP Level] Plugin inicializado com sucesso!
L 08/09/2025 - 18:08:55: [admin.amxx] Login: "ErenZP<1><STEAM_0:0:1776161912><>" became an admin (account "loopback") (access "abcdefghijklmnopqrstu") (address "loopback")
L 08/09/2025 - 18:08:56: [admin.amxx] Login: "ErenZP<1><STEAM_0:0:1776161912><>" became an admin (account "loopback") (access "abcdefghijklmnopqrstu") (address "loopback")
L 08/09/2025 - 18:11:46: -------- Mapchange to zm_gg --------
L 08/09/2025 - 18:11:46: [AMXX] Plugin "bio_event_infect_effect.amxx" failed to load: Module/Library "biohazardf" required for plugin.  Check modules.ini.
L 08/09/2025 - 18:11:46: [nextmap.amxx] WARNING: Couldn't find a valid map or the file doesn't exist (file "mapcycle.txt")
L 08/09/2025 - 18:11:47: [zp_level_system.amxx] [ZP Level] Plugin iniciando...
L 08/09/2025 - 18:11:47: [zp_level_system.amxx] [ZP Level] Plugin inicializado com sucesso!
L 08/09/2025 - 18:11:47: [admin.amxx] Login: "ErenZP<12><STEAM_0:0:1776161912><>" became an admin (account "loopback") (access "abcdefghijklmnopqrstu") (address "loopback")
L 08/09/2025 - 18:11:48: [admin.amxx] Login: "ErenZP<12><STEAM_0:0:1776161912><>" became an admin (account "loopback") (access "abcdefghijklmnopqrstu") (address "loopback")
L 08/09/2025 - 18:27:53: -------- Mapchange to zm_gg --------
L 08/09/2025 - 18:27:53: [AMXX] Plugin "bio_event_infect_effect.amxx" failed to load: Module/Library "biohazardf" required for plugin.  Check modules.ini.
L 08/09/2025 - 18:27:55: [nextmap.amxx] WARNING: Couldn't find a valid map or the file doesn't exist (file "mapcycle.txt")
L 08/09/2025 - 18:27:55: [zp_level_system.amxx] [ZP Level] Plugin iniciando...
L 08/09/2025 - 18:27:55: [zp_level_system.amxx] [ZP Level] Plugin inicializado com sucesso!
L 08/09/2025 - 18:27:55: [admin.amxx] Login: "ErenZP<23><STEAM_0:0:1776161912><>" became an admin (account "loopback") (access "abcdefghijklmnopqrstu") (address "loopback")
L 08/09/2025 - 18:27:57: [admin.amxx] Login: "ErenZP<23><STEAM_0:0:1776161912><>" became an admin (account "loopback") (access "abcdefghijklmnopqrstu") (address "loopback")
L 08/09/2025 - 18:36:33: -------- Mapchange to zm_gg --------
L 08/09/2025 - 18:36:33: [AMXX] Plugin "bio_event_infect_effect.amxx" failed to load: Module/Library "biohazardf" required for plugin.  Check modules.ini.
L 08/09/2025 - 18:36:35: [nextmap.amxx] WARNING: Couldn't find a valid map or the file doesn't exist (file "mapcycle.txt")
L 08/09/2025 - 18:36:35: [zp_level_system.amxx] [ZP Level] Plugin iniciando...
L 08/09/2025 - 18:36:35: [zp_level_system.amxx] [ZP Level] Plugin inicializado com sucesso!
L 08/09/2025 - 18:36:35: [admin.amxx] Login: "ErenZP<34><STEAM_0:0:1776161912><>" became an admin (account "loopback") (access "abcdefghijklmnopqrstu") (address "loopback")
L 08/09/2025 - 18:36:36: [admin.amxx] Login: "ErenZP<34><STEAM_0:0:1776161912><>" became an admin (account "loopback") (access "abcdefghijklmnopqrstu") (address "loopback")
L 08/09/2025 - 18:39:15: -------- Mapchange to zm_gg --------
L 08/09/2025 - 18:39:15: [AMXX] Plugin "bio_event_infect_effect.amxx" failed to load: Module/Library "biohazardf" required for plugin.  Check modules.ini.
L 08/09/2025 - 18:39:16: [nextmap.amxx] WARNING: Couldn't find a valid map or the file doesn't exist (file "mapcycle.txt")
L 08/09/2025 - 18:39:16: [zp_level_system.amxx] [ZP Level] Plugin iniciando...
L 08/09/2025 - 18:39:16: [zp_level_system.amxx] [ZP Level] Plugin inicializado com sucesso!
L 08/09/2025 - 18:39:17: [admin.amxx] Login: "ErenZP<45><STEAM_0:0:1776161912><>" became an admin (account "loopback") (access "abcdefghijklmnopqrstu") (address "loopback")
L 08/09/2025 - 18:39:18: [admin.amxx] Login: "ErenZP<45><STEAM_0:0:1776161912><>" became an admin (account "loopback") (access "abcdefghijklmnopqrstu") (address "loopback")
L 08/09/2025 - 18:40:57: -------- Mapchange to zm_gg --------
L 08/09/2025 - 18:40:57: [AMXX] Plugin "bio_event_infect_effect.amxx" failed to load: Module/Library "biohazardf" required for plugin.  Check modules.ini.
L 08/09/2025 - 18:40:58: [nextmap.amxx] WARNING: Couldn't find a valid map or the file doesn't exist (file "mapcycle.txt")
L 08/09/2025 - 18:40:58: [zp_level_system.amxx] [ZP Level] Plugin iniciando...
L 08/09/2025 - 18:40:58: [zp_level_system.amxx] [ZP Level] Plugin inicializado com sucesso!
L 08/09/2025 - 18:40:58: [admin.amxx] Login: "ErenZP<56><STEAM_0:0:1776161912><>" became an admin (account "loopback") (access "abcdefghijklmnopqrstu") (address "loopback")
L 08/09/2025 - 18:41:00: [admin.amxx] Login: "ErenZP<56><STEAM_0:0:1776161912><>" became an admin (account "loopback") (access "abcdefghijklmnopqrstu") (address "loopback")
L 08/09/2025 - 18:51:11: -------- Mapchange to zm_gg --------
L 08/09/2025 - 18:51:11: [AMXX] Plugin "bio_event_infect_effect.amxx" failed to load: Module/Library "biohazardf" required for plugin.  Check modules.ini.
L 08/09/2025 - 18:51:14: [nextmap.amxx] WARNING: Couldn't find a valid map or the file doesn't exist (file "mapcycle.txt")
L 08/09/2025 - 18:51:14: Invalid multi-lingual line (file "cstrike\addons\amxmodx\data\lang\lasermine_perfect.txt" line 1)
L 08/09/2025 - 18:51:14: [zp_level_system.amxx] [ZP Level] Plugin iniciando...
L 08/09/2025 - 18:51:14: [zp_level_system.amxx] [ZP Level] Plugin inicializado com sucesso!
L 08/09/2025 - 18:51:14: [admin.amxx] Login: "ErenZP<1><STEAM_0:0:1776161912><>" became an admin (account "loopback") (access "abcdefghijklmnopqrstu") (address "loopback")
L 08/09/2025 - 18:51:16: [admin.amxx] Login: "ErenZP<1><STEAM_0:0:1776161912><>" became an admin (account "loopback") (access "abcdefghijklmnopqrstu") (address "loopback")
L 08/09/2025 - 18:53:36: -------- Mapchange to zm_gg --------
L 08/09/2025 - 18:53:37: [AMXX] Plugin "bio_event_infect_effect.amxx" failed to load: Module/Library "biohazardf" required for plugin.  Check modules.ini.
L 08/09/2025 - 18:53:38: [nextmap.amxx] WARNING: Couldn't find a valid map or the file doesn't exist (file "mapcycle.txt")
L 08/09/2025 - 18:53:38: [zp_level_system.amxx] [ZP Level] Plugin iniciando...
L 08/09/2025 - 18:53:38: [zp_level_system.amxx] [ZP Level] Plugin inicializado com sucesso!
L 08/09/2025 - 18:53:38: [admin.amxx] Login: "ErenZP<12><STEAM_0:0:1776161912><>" became an admin (account "loopback") (access "abcdefghijklmnopqrstu") (address "loopback")
L 08/09/2025 - 18:53:39: [admin.amxx] Login: "ErenZP<12><STEAM_0:0:1776161912><>" became an admin (account "loopback") (access "abcdefghijklmnopqrstu") (address "loopback")
L 08/09/2025 - 19:21:36: -------- Mapchange to zm_gg --------
L 08/09/2025 - 19:21:36: [AMXX] Plugin "bio_event_infect_effect.amxx" failed to load: Module/Library "biohazardf" required for plugin.  Check modules.ini.
L 08/09/2025 - 19:21:38: [nextmap.amxx] WARNING: Couldn't find a valid map or the file doesn't exist (file "mapcycle.txt")
L 08/09/2025 - 19:21:38: [zp_level_system.amxx] [ZP Level] Plugin iniciando...
L 08/09/2025 - 19:21:38: [zp_level_system.amxx] [ZP Level] Plugin inicializado com sucesso!
L 08/09/2025 - 19:21:38: [admin.amxx] Login: "ErenZP<23><STEAM_0:0:1776161912><>" became an admin (account "loopback") (access "abcdefghijklmnopqrstu") (address "loopback")
L 08/09/2025 - 19:21:39: [admin.amxx] Login: "ErenZP<23><STEAM_0:0:1776161912><>" became an admin (account "loopback") (access "abcdefghijklmnopqrstu") (address "loopback")
L 08/09/2025 - 19:26:40: -------- Mapchange to zm_gg --------
L 08/09/2025 - 19:26:40: [AMXX] Plugin "bio_event_infect_effect.amxx" failed to load: Module/Library "biohazardf" required for plugin.  Check modules.ini.
L 08/09/2025 - 19:26:41: [nextmap.amxx] WARNING: Couldn't find a valid map or the file doesn't exist (file "mapcycle.txt")
L 08/09/2025 - 19:26:41: [zp_level_system.amxx] [ZP Level] Plugin iniciando...
L 08/09/2025 - 19:26:41: [zp_level_system.amxx] [ZP Level] Plugin inicializado com sucesso!
L 08/09/2025 - 19:26:41: [admin.amxx] Login: "ErenZP<34><STEAM_0:0:1776161912><>" became an admin (account "loopback") (access "abcdefghijklmnopqrstu") (address "loopback")
L 08/09/2025 - 19:26:43: [admin.amxx] Login: "ErenZP<34><STEAM_0:0:1776161912><>" became an admin (account "loopback") (access "abcdefghijklmnopqrstu") (address "loopback")
L 08/09/2025 - 19:29:51: -------- Mapchange to zm_gg --------
L 08/09/2025 - 19:29:51: [AMXX] Plugin "bio_event_infect_effect.amxx" failed to load: Module/Library "biohazardf" required for plugin.  Check modules.ini.
L 08/09/2025 - 19:29:52: [nextmap.amxx] WARNING: Couldn't find a valid map or the file doesn't exist (file "mapcycle.txt")
L 08/09/2025 - 19:29:52: [zp_level_system.amxx] [ZP Level] Plugin iniciando...
L 08/09/2025 - 19:29:52: [zp_level_system.amxx] [ZP Level] Plugin inicializado com sucesso!
L 08/09/2025 - 19:29:52: [admin.amxx] Login: "ErenZP<45><STEAM_0:0:1776161912><>" became an admin (account "loopback") (access "abcdefghijklmnopqrstu") (address "loopback")
L 08/09/2025 - 19:29:53: [admin.amxx] Login: "ErenZP<45><STEAM_0:0:1776161912><>" became an admin (account "loopback") (access "abcdefghijklmnopqrstu") (address "loopback")
L 08/09/2025 - 19:31:06: -------- Mapchange to zm_gg --------
L 08/09/2025 - 19:31:06: [AMXX] Plugin "bio_event_infect_effect.amxx" failed to load: Module/Library "biohazardf" required for plugin.  Check modules.ini.
L 08/09/2025 - 19:31:08: [nextmap.amxx] WARNING: Couldn't find a valid map or the file doesn't exist (file "mapcycle.txt")
L 08/09/2025 - 19:31:08: [zp_level_system.amxx] [ZP Level] Plugin iniciando...
L 08/09/2025 - 19:31:08: [zp_level_system.amxx] [ZP Level] Plugin inicializado com sucesso!
L 08/09/2025 - 19:31:09: [admin.amxx] Login: "ErenZP<56><STEAM_0:0:1776161912><>" became an admin (account "loopback") (access "abcdefghijklmnopqrstu") (address "loopback")
L 08/09/2025 - 19:31:10: [admin.amxx] Login: "ErenZP<56><STEAM_0:0:1776161912><>" became an admin (account "loopback") (access "abcdefghijklmnopqrstu") (address "loopback")
L 08/09/2025 - 19:35:06: -------- Mapchange to zm_gg --------
L 08/09/2025 - 19:35:06: [AMXX] Plugin "bio_event_infect_effect.amxx" failed to load: Module/Library "biohazardf" required for plugin.  Check modules.ini.
L 08/09/2025 - 19:35:07: [nextmap.amxx] WARNING: Couldn't find a valid map or the file doesn't exist (file "mapcycle.txt")
L 08/09/2025 - 19:35:07: [zp_level_system.amxx] [ZP Level] Plugin iniciando...
L 08/09/2025 - 19:35:07: [zp_level_system.amxx] [ZP Level] Plugin inicializado com sucesso!
L 08/09/2025 - 19:35:08: [admin.amxx] Login: "ErenZP<67><STEAM_0:0:1776161912><>" became an admin (account "loopback") (access "abcdefghijklmnopqrstu") (address "loopback")
L 08/09/2025 - 19:35:09: [admin.amxx] Login: "ErenZP<67><STEAM_0:0:1776161912><>" became an admin (account "loopback") (access "abcdefghijklmnopqrstu") (address "loopback")
L 08/09/2025 - 19:42:11: -------- Mapchange to zm_gg --------
L 08/09/2025 - 19:42:11: [AMXX] Plugin "bio_event_infect_effect.amxx" failed to load: Module/Library "biohazardf" required for plugin.  Check modules.ini.
L 08/09/2025 - 19:42:12: [nextmap.amxx] WARNING: Couldn't find a valid map or the file doesn't exist (file "mapcycle.txt")
L 08/09/2025 - 19:42:12: [zp_level_system.amxx] [ZP Level] Plugin iniciando...
L 08/09/2025 - 19:42:12: [zp_level_system.amxx] [ZP Level] Plugin inicializado com sucesso!
L 08/09/2025 - 19:42:12: [admin.amxx] Login: "ErenZP<78><STEAM_0:0:1776161912><>" became an admin (account "loopback") (access "abcdefghijklmnopqrstu") (address "loopback")
L 08/09/2025 - 19:42:14: [admin.amxx] Login: "ErenZP<78><STEAM_0:0:1776161912><>" became an admin (account "loopback") (access "abcdefghijklmnopqrstu") (address "loopback")
L 08/09/2025 - 19:50:30: -------- Mapchange to zm_gg --------
L 08/09/2025 - 19:50:30: [AMXX] Plugin "bio_event_infect_effect.amxx" failed to load: Module/Library "biohazardf" required for plugin.  Check modules.ini.
L 08/09/2025 - 19:50:31: [nextmap.amxx] WARNING: Couldn't find a valid map or the file doesn't exist (file "mapcycle.txt")
L 08/09/2025 - 19:50:31: [zp_level_system.amxx] [ZP Level] Plugin iniciando...
L 08/09/2025 - 19:50:31: [zp_level_system.amxx] [ZP Level] Plugin inicializado com sucesso!
L 08/09/2025 - 19:50:32: [admin.amxx] Login: "ErenZP<89><STEAM_0:0:1776161912><>" became an admin (account "loopback") (access "abcdefghijklmnopqrstu") (address "loopback")
L 08/09/2025 - 19:50:33: [admin.amxx] Login: "ErenZP<89><STEAM_0:0:1776161912><>" became an admin (account "loopback") (access "abcdefghijklmnopqrstu") (address "loopback")
L 08/09/2025 - 19:51:55: -------- Mapchange to zm_gg --------
L 08/09/2025 - 19:51:55: [AMXX] Plugin "bio_event_infect_effect.amxx" failed to load: Module/Library "biohazardf" required for plugin.  Check modules.ini.
L 08/09/2025 - 19:51:56: [nextmap.amxx] WARNING: Couldn't find a valid map or the file doesn't exist (file "mapcycle.txt")
L 08/09/2025 - 19:51:56: [zp_level_system.amxx] [ZP Level] Plugin iniciando...
L 08/09/2025 - 19:51:56: [zp_level_system.amxx] [ZP Level] Plugin inicializado com sucesso!
L 08/09/2025 - 19:51:57: [admin.amxx] Login: "ErenZP<100><STEAM_0:0:1776161912><>" became an admin (account "loopback") (access "abcdefghijklmnopqrstu") (address "loopback")
L 08/09/2025 - 19:51:58: [admin.amxx] Login: "ErenZP<100><STEAM_0:0:1776161912><>" became an admin (account "loopback") (access "abcdefghijklmnopqrstu") (address "loopback")
L 08/09/2025 - 20:05:12: -------- Mapchange to zm_gg --------
L 08/09/2025 - 20:05:12: [AMXX] Plugin "bio_event_infect_effect.amxx" failed to load: Module/Library "biohazardf" required for plugin.  Check modules.ini.
L 08/09/2025 - 20:05:15: [nextmap.amxx] WARNING: Couldn't find a valid map or the file doesn't exist (file "mapcycle.txt")
L 08/09/2025 - 20:05:15: [zp_level_system.amxx] [ZP Level] Plugin iniciando...
L 08/09/2025 - 20:05:15: [zp_level_system.amxx] [ZP Level] Plugin inicializado com sucesso!
L 08/09/2025 - 20:05:15: [admin.amxx] Login: "ErenZP<111><STEAM_0:0:1776161912><>" became an admin (account "loopback") (access "abcdefghijklmnopqrstu") (address "loopback")
L 08/09/2025 - 20:07:31: -------- Mapchange to zm_gg --------
L 08/09/2025 - 20:07:31: [AMXX] Plugin "bio_event_infect_effect.amxx" failed to load: Module/Library "biohazardf" required for plugin.  Check modules.ini.
L 08/09/2025 - 20:07:33: [nextmap.amxx] WARNING: Couldn't find a valid map or the file doesn't exist (file "mapcycle.txt")
L 08/09/2025 - 20:07:33: [zp_level_system.amxx] [ZP Level] Plugin iniciando...
L 08/09/2025 - 20:07:33: [zp_level_system.amxx] [ZP Level] Plugin inicializado com sucesso!
L 08/09/2025 - 20:07:33: [admin.amxx] Login: "ErenZP<112><STEAM_0:0:1776161912><>" became an admin (account "loopback") (access "abcdefghijklmnopqrstu") (address "loopback")
L 08/09/2025 - 20:07:35: [admin.amxx] Login: "ErenZP<112><STEAM_0:0:1776161912><>" became an admin (account "loopback") (access "abcdefghijklmnopqrstu") (address "loopback")
L 08/09/2025 - 20:08:51: -------- Mapchange to zm_gg --------
L 08/09/2025 - 20:08:51: [AMXX] Plugin "bio_event_infect_effect.amxx" failed to load: Module/Library "biohazardf" required for plugin.  Check modules.ini.
L 08/09/2025 - 20:08:52: [nextmap.amxx] WARNING: Couldn't find a valid map or the file doesn't exist (file "mapcycle.txt")
L 08/09/2025 - 20:08:52: [zp_level_system.amxx] [ZP Level] Plugin iniciando...
L 08/09/2025 - 20:08:52: [zp_level_system.amxx] [ZP Level] Plugin inicializado com sucesso!
L 08/09/2025 - 20:08:53: [admin.amxx] Login: "ErenZP<123><STEAM_0:0:1776161912><>" became an admin (account "loopback") (access "abcdefghijklmnopqrstu") (address "loopback")
L 08/09/2025 - 20:08:54: [admin.amxx] Login: "ErenZP<123><STEAM_0:0:1776161912><>" became an admin (account "loopback") (access "abcdefghijklmnopqrstu") (address "loopback")
L 08/09/2025 - 20:11:25: -------- Mapchange to zm_gg --------
L 08/09/2025 - 20:11:25: [AMXX] Plugin "bio_event_infect_effect.amxx" failed to load: Module/Library "biohazardf" required for plugin.  Check modules.ini.
L 08/09/2025 - 20:11:26: [nextmap.amxx] WARNING: Couldn't find a valid map or the file doesn't exist (file "mapcycle.txt")
L 08/09/2025 - 20:11:26: [zp_level_system.amxx] [ZP Level] Plugin iniciando...
L 08/09/2025 - 20:11:26: [zp_level_system.amxx] [ZP Level] Plugin inicializado com sucesso!
L 08/09/2025 - 20:11:27: [admin.amxx] Login: "ErenZP<134><STEAM_0:0:1776161912><>" became an admin (account "loopback") (access "abcdefghijklmnopqrstu") (address "loopback")
L 08/09/2025 - 20:11:29: [admin.amxx] Login: "ErenZP<134><STEAM_0:0:1776161912><>" became an admin (account "loopback") (access "abcdefghijklmnopqrstu") (address "loopback")
L 08/09/2025 - 20:13:39: -------- Mapchange to zm_gg --------
L 08/09/2025 - 20:13:39: [AMXX] Plugin "bio_event_infect_effect.amxx" failed to load: Module/Library "biohazardf" required for plugin.  Check modules.ini.
L 08/09/2025 - 20:13:40: [nextmap.amxx] WARNING: Couldn't find a valid map or the file doesn't exist (file "mapcycle.txt")
L 08/09/2025 - 20:13:40: [zp_level_system.amxx] [ZP Level] Plugin iniciando...
L 08/09/2025 - 20:13:40: [zp_level_system.amxx] [ZP Level] Plugin inicializado com sucesso!
L 08/09/2025 - 20:13:41: [admin.amxx] Login: "ErenZP<145><STEAM_0:0:1776161912><>" became an admin (account "loopback") (access "abcdefghijklmnopqrstu") (address "loopback")
L 08/09/2025 - 20:13:42: [admin.amxx] Login: "ErenZP<145><STEAM_0:0:1776161912><>" became an admin (account "loopback") (access "abcdefghijklmnopqrstu") (address "loopback")
