L 08/04/2025 - 08:11:18: -------- Mapchange to zm_fortuna_v2 --------
L 08/04/2025 - 08:11:21: [admin.amxx] Login: "ErenZP<1><STEAM_0:0:1776161912><>" became an admin (account "loopback") (access "abcdefghijklmnopqrstu") (address "loopback")
L 08/04/2025 - 08:11:23: [admin.amxx] Login: "ErenZP<1><STEAM_0:0:1776161912><>" became an admin (account "loopback") (access "abcdefghijklmnopqrstu") (address "loopback")
L 08/04/2025 - 10:33:12: -------- Mapchange to zm_fortuna_v2 --------
L 08/04/2025 - 10:33:23: [admin.amxx] Login: "ErenZP<1><STEAM_0:0:1776161912><>" became an admin (account "loopback") (access "abcdefghijklmnopqrstu") (address "loopback")
L 08/04/2025 - 10:33:27: [admin.amxx] Login: "ErenZP<1><STEAM_0:0:1776161912><>" became an admin (account "loopback") (access "abcdefghijklmnopqrstu") (address "loopback")
L 08/04/2025 - 10:34:32: [AMXX] Could not free plugin memory, failure 487.
L 08/04/2025 - 10:34:32: -------- Mapchange to zm_fortuna_v2 --------
L 08/04/2025 - 10:34:33: [admin.amxx] Login: "ErenZP<10><STEAM_0:0:1776161912><>" became an admin (account "loopback") (access "abcdefghijklmnopqrstu") (address "loopback")
L 08/04/2025 - 10:34:35: [admin.amxx] Login: "ErenZP<10><STEAM_0:0:1776161912><>" became an admin (account "loopback") (access "abcdefghijklmnopqrstu") (address "loopback")
L 08/04/2025 - 10:35:47: [AMXX] Could not free plugin memory, failure 487.
L 08/04/2025 - 10:35:47: -------- Mapchange to zm_fortuna_v2 --------
L 08/04/2025 - 10:35:47: [admin.amxx] Login: "ErenZP<19><STEAM_0:0:1776161912><>" became an admin (account "loopback") (access "abcdefghijklmnopqrstu") (address "loopback")
L 08/04/2025 - 10:35:48: [admin.amxx] Login: "ErenZP<19><STEAM_0:0:1776161912><>" became an admin (account "loopback") (access "abcdefghijklmnopqrstu") (address "loopback")
L 08/04/2025 - 10:41:15: -------- Mapchange to zm_fortuna_v2 --------
L 08/04/2025 - 10:41:17: [admin.amxx] Login: "ErenZP<1><STEAM_0:0:1776161912><>" became an admin (account "loopback") (access "abcdefghijklmnopqrstu") (address "loopback")
L 08/04/2025 - 10:41:19: [admin.amxx] Login: "ErenZP<1><STEAM_0:0:1776161912><>" became an admin (account "loopback") (access "abcdefghijklmnopqrstu") (address "loopback")
L 08/04/2025 - 11:10:27: -------- Mapchange to zm_fortuna_v2 --------
L 08/04/2025 - 11:10:31: [admin.amxx] Login: "ErenZP<1><STEAM_0:0:1776161912><>" became an admin (account "loopback") (access "abcdefghijklmnopqrstu") (address "loopback")
L 08/04/2025 - 11:10:32: [admin.amxx] Login: "ErenZP<1><STEAM_0:0:1776161912><>" became an admin (account "loopback") (access "abcdefghijklmnopqrstu") (address "loopback")
L 08/04/2025 - 11:19:59: -------- Mapchange to zm_fortuna_v2 --------
L 08/04/2025 - 11:20:00: [admin.amxx] Login: "ErenZP<10><STEAM_0:0:1776161912><>" became an admin (account "loopback") (access "abcdefghijklmnopqrstu") (address "loopback")
L 08/04/2025 - 11:20:01: [admin.amxx] Login: "ErenZP<10><STEAM_0:0:1776161912><>" became an admin (account "loopback") (access "abcdefghijklmnopqrstu") (address "loopback")
L 08/04/2025 - 11:22:50: -------- Mapchange to zm_fortuna_v2 --------
L 08/04/2025 - 11:22:51: [admin.amxx] Login: "ErenZP<19><STEAM_0:0:1776161912><>" became an admin (account "loopback") (access "abcdefghijklmnopqrstu") (address "loopback")
L 08/04/2025 - 11:22:52: [admin.amxx] Login: "ErenZP<19><STEAM_0:0:1776161912><>" became an admin (account "loopback") (access "abcdefghijklmnopqrstu") (address "loopback")
L 08/04/2025 - 11:26:31: -------- Mapchange to zm_fortuna_v2 --------
L 08/04/2025 - 11:26:32: [admin.amxx] Login: "ErenZP<28><STEAM_0:0:1776161912><>" became an admin (account "loopback") (access "abcdefghijklmnopqrstu") (address "loopback")
L 08/04/2025 - 11:26:33: [admin.amxx] Login: "ErenZP<28><STEAM_0:0:1776161912><>" became an admin (account "loopback") (access "abcdefghijklmnopqrstu") (address "loopback")
L 08/04/2025 - 11:30:25: -------- Mapchange to zm_fortuna_v2 --------
L 08/04/2025 - 11:30:26: [admin.amxx] Login: "ErenZP<37><STEAM_0:0:1776161912><>" became an admin (account "loopback") (access "abcdefghijklmnopqrstu") (address "loopback")
L 08/04/2025 - 11:30:27: [admin.amxx] Login: "ErenZP<37><STEAM_0:0:1776161912><>" became an admin (account "loopback") (access "abcdefghijklmnopqrstu") (address "loopback")
L 08/04/2025 - 11:34:44: -------- Mapchange to zm_fortuna_v2 --------
L 08/04/2025 - 11:34:45: [admin.amxx] Login: "ErenZP<46><STEAM_0:0:1776161912><>" became an admin (account "loopback") (access "abcdefghijklmnopqrstu") (address "loopback")
L 08/04/2025 - 11:34:46: [admin.amxx] Login: "ErenZP<46><STEAM_0:0:1776161912><>" became an admin (account "loopback") (access "abcdefghijklmnopqrstu") (address "loopback")
L 08/04/2025 - 11:37:32: -------- Mapchange to zm_fortuna_v2 --------
L 08/04/2025 - 11:37:33: [admin.amxx] Login: "ErenZP<55><STEAM_0:0:1776161912><>" became an admin (account "loopback") (access "abcdefghijklmnopqrstu") (address "loopback")
L 08/04/2025 - 11:37:35: [admin.amxx] Login: "ErenZP<55><STEAM_0:0:1776161912><>" became an admin (account "loopback") (access "abcdefghijklmnopqrstu") (address "loopback")
L 08/04/2025 - 11:47:52: -------- Mapchange to zm_fortuna_v2 --------
L 08/04/2025 - 11:47:54: [admin.amxx] Login: "ErenZP<64><STEAM_0:0:1776161912><>" became an admin (account "loopback") (access "abcdefghijklmnopqrstu") (address "loopback")
L 08/04/2025 - 11:47:55: [admin.amxx] Login: "ErenZP<64><STEAM_0:0:1776161912><>" became an admin (account "loopback") (access "abcdefghijklmnopqrstu") (address "loopback")
L 08/04/2025 - 11:49:31: -------- Mapchange to zm_fortuna_v2 --------
L 08/04/2025 - 11:49:32: [admin.amxx] Login: "ErenZP<73><STEAM_0:0:1776161912><>" became an admin (account "loopback") (access "abcdefghijklmnopqrstu") (address "loopback")
L 08/04/2025 - 11:49:33: [admin.amxx] Login: "ErenZP<73><STEAM_0:0:1776161912><>" became an admin (account "loopback") (access "abcdefghijklmnopqrstu") (address "loopback")
L 08/04/2025 - 11:55:48: -------- Mapchange to zm_fortuna_v2 --------
L 08/04/2025 - 11:55:50: [admin.amxx] Login: "ErenZP<82><STEAM_0:0:1776161912><>" became an admin (account "loopback") (access "abcdefghijklmnopqrstu") (address "loopback")
L 08/04/2025 - 11:55:51: [admin.amxx] Login: "ErenZP<82><STEAM_0:0:1776161912><>" became an admin (account "loopback") (access "abcdefghijklmnopqrstu") (address "loopback")
L 08/04/2025 - 12:14:23: -------- Mapchange to zm_fortuna_v2 --------
L 08/04/2025 - 12:14:25: [admin.amxx] Login: "ErenZP<91><STEAM_0:0:1776161912><>" became an admin (account "loopback") (access "abcdefghijklmnopqrstu") (address "loopback")
L 08/04/2025 - 12:14:26: [admin.amxx] Login: "ErenZP<91><STEAM_0:0:1776161912><>" became an admin (account "loopback") (access "abcdefghijklmnopqrstu") (address "loopback")
L 08/04/2025 - 12:32:22: -------- Mapchange to zm_fortuna_v2 --------
L 08/04/2025 - 12:32:24: [admin.amxx] Login: "ErenZP<100><STEAM_0:0:1776161912><>" became an admin (account "loopback") (access "abcdefghijklmnopqrstu") (address "loopback")
L 08/04/2025 - 12:32:25: [admin.amxx] Login: "ErenZP<100><STEAM_0:0:1776161912><>" became an admin (account "loopback") (access "abcdefghijklmnopqrstu") (address "loopback")
L 08/04/2025 - 12:35:03: -------- Mapchange to zm_fortuna_v2 --------
L 08/04/2025 - 12:35:04: [admin.amxx] Login: "ErenZP<109><STEAM_0:0:1776161912><>" became an admin (account "loopback") (access "abcdefghijklmnopqrstu") (address "loopback")
L 08/04/2025 - 12:35:05: [admin.amxx] Login: "ErenZP<109><STEAM_0:0:1776161912><>" became an admin (account "loopback") (access "abcdefghijklmnopqrstu") (address "loopback")
L 08/04/2025 - 12:43:19: -------- Mapchange to zm_fortuna_v2 --------
L 08/04/2025 - 12:43:22: [admin.amxx] Login: "ErenZP<1><STEAM_0:0:1776161912><>" became an admin (account "loopback") (access "abcdefghijklmnopqrstu") (address "loopback")
L 08/04/2025 - 12:43:23: [admin.amxx] Login: "ErenZP<1><STEAM_0:0:1776161912><>" became an admin (account "loopback") (access "abcdefghijklmnopqrstu") (address "loopback")
L 08/04/2025 - 12:50:17: -------- Mapchange to zm_fortuna_v2 --------
L 08/04/2025 - 12:50:18: [admin.amxx] Login: "ErenZP<10><STEAM_0:0:1776161912><>" became an admin (account "loopback") (access "abcdefghijklmnopqrstu") (address "loopback")
L 08/04/2025 - 12:50:19: [admin.amxx] Login: "ErenZP<10><STEAM_0:0:1776161912><>" became an admin (account "loopback") (access "abcdefghijklmnopqrstu") (address "loopback")
L 08/04/2025 - 12:58:37: -------- Mapchange to zm_fortuna_v2 --------
L 08/04/2025 - 12:58:38: [admin.amxx] Login: "ErenZP<19><STEAM_0:0:1776161912><>" became an admin (account "loopback") (access "abcdefghijklmnopqrstu") (address "loopback")
L 08/04/2025 - 12:58:39: [admin.amxx] Login: "ErenZP<19><STEAM_0:0:1776161912><>" became an admin (account "loopback") (access "abcdefghijklmnopqrstu") (address "loopback")
L 08/04/2025 - 13:17:48: -------- Mapchange to zm_fortuna_v2 --------
L 08/04/2025 - 13:17:51: [admin.amxx] Login: "ErenZP<1><STEAM_0:0:1776161912><>" became an admin (account "loopback") (access "abcdefghijklmnopqrstu") (address "loopback")
L 08/04/2025 - 13:17:52: [admin.amxx] Login: "ErenZP<1><STEAM_0:0:1776161912><>" became an admin (account "loopback") (access "abcdefghijklmnopqrstu") (address "loopback")
L 08/04/2025 - 13:18:51: -------- Mapchange to zm_fortuna_v2 --------
L 08/04/2025 - 13:18:53: [admin.amxx] Login: "ErenZP<10><STEAM_0:0:1776161912><>" became an admin (account "loopback") (access "abcdefghijklmnopqrstu") (address "loopback")
L 08/04/2025 - 13:18:54: [admin.amxx] Login: "ErenZP<10><STEAM_0:0:1776161912><>" became an admin (account "loopback") (access "abcdefghijklmnopqrstu") (address "loopback")
L 08/04/2025 - 13:20:35: -------- Mapchange to zm_fortuna_v2 --------
L 08/04/2025 - 13:20:37: [admin.amxx] Login: "ErenZP<19><STEAM_0:0:1776161912><>" became an admin (account "loopback") (access "abcdefghijklmnopqrstu") (address "loopback")
L 08/04/2025 - 13:20:37: [admin.amxx] Login: "ErenZP<19><STEAM_0:0:1776161912><>" became an admin (account "loopback") (access "abcdefghijklmnopqrstu") (address "loopback")
L 08/04/2025 - 13:35:53: -------- Mapchange to zm_fortuna_v2 --------
L 08/04/2025 - 13:35:54: [admin.amxx] Login: "ErenZP<28><STEAM_0:0:1776161912><>" became an admin (account "loopback") (access "abcdefghijklmnopqrstu") (address "loopback")
L 08/04/2025 - 13:35:55: [admin.amxx] Login: "ErenZP<28><STEAM_0:0:1776161912><>" became an admin (account "loopback") (access "abcdefghijklmnopqrstu") (address "loopback")
L 08/04/2025 - 13:49:55: -------- Mapchange to zm_fortuna_v2 --------
L 08/04/2025 - 13:49:58: [admin.amxx] Login: "ErenZP<1><STEAM_0:0:1776161912><>" became an admin (account "loopback") (access "abcdefghijklmnopqrstu") (address "loopback")
L 08/04/2025 - 13:49:58: [admin.amxx] Login: "ErenZP<1><STEAM_0:0:1776161912><>" became an admin (account "loopback") (access "abcdefghijklmnopqrstu") (address "loopback")
L 08/04/2025 - 13:54:54: -------- Mapchange to zm_fortuna_v2 --------
L 08/04/2025 - 13:54:55: [AMXX] Failed to open dictionary file: cstrike\addons\amxmodx\data\lang\la2stats.txt
L 08/04/2025 - 13:54:55: [admin.amxx] Login: "ErenZP<10><STEAM_0:0:1776161912><>" became an admin (account "loopback") (access "abcdefghijklmnopqrstu") (address "loopback")
L 08/04/2025 - 13:54:56: [admin.amxx] Login: "ErenZP<10><STEAM_0:0:1776161912><>" became an admin (account "loopback") (access "abcdefghijklmnopqrstu") (address "loopback")
L 08/04/2025 - 14:00:15: -------- Mapchange to zm_fortuna_v2 --------
L 08/04/2025 - 14:00:15: [AMXX] Failed to open dictionary file: cstrike\addons\amxmodx\data\lang\la2stats.txt
L 08/04/2025 - 14:00:16: [admin.amxx] Login: "ErenZP<19><STEAM_0:0:1776161912><>" became an admin (account "loopback") (access "abcdefghijklmnopqrstu") (address "loopback")
L 08/04/2025 - 14:00:17: [admin.amxx] Login: "ErenZP<19><STEAM_0:0:1776161912><>" became an admin (account "loopback") (access "abcdefghijklmnopqrstu") (address "loopback")
L 08/04/2025 - 14:04:15: -------- Mapchange to zm_fortuna_v2 --------
L 08/04/2025 - 14:04:16: [AMXX] Failed to open dictionary file: cstrike\addons\amxmodx\data\lang\la2stats.txt
L 08/04/2025 - 14:04:16: [admin.amxx] Login: "ErenZP<28><STEAM_0:0:1776161912><>" became an admin (account "loopback") (access "abcdefghijklmnopqrstu") (address "loopback")
L 08/04/2025 - 14:04:17: [admin.amxx] Login: "ErenZP<28><STEAM_0:0:1776161912><>" became an admin (account "loopback") (access "abcdefghijklmnopqrstu") (address "loopback")
L 08/04/2025 - 14:07:23: -------- Mapchange to zm_fortuna_v2 --------
L 08/04/2025 - 14:07:24: [AMXX] Failed to open dictionary file: cstrike\addons\amxmodx\data\lang\la2stats.txt
L 08/04/2025 - 14:07:24: [admin.amxx] Login: "ErenZP<37><STEAM_0:0:1776161912><>" became an admin (account "loopback") (access "abcdefghijklmnopqrstu") (address "loopback")
L 08/04/2025 - 14:07:25: [admin.amxx] Login: "ErenZP<37><STEAM_0:0:1776161912><>" became an admin (account "loopback") (access "abcdefghijklmnopqrstu") (address "loopback")
L 08/04/2025 - 14:38:17: -------- Mapchange to zm_fortuna_v2 --------
L 08/04/2025 - 14:38:19: [AMXX] Failed to open dictionary file: cstrike\addons\amxmodx\data\lang\la2stats.txt
L 08/04/2025 - 14:38:19: [admin.amxx] Login: "ErenZP<1><STEAM_0:0:1776161912><>" became an admin (account "loopback") (access "abcdefghijklmnopqrstu") (address "loopback")
L 08/04/2025 - 14:38:20: [admin.amxx] Login: "ErenZP<1><STEAM_0:0:1776161912><>" became an admin (account "loopback") (access "abcdefghijklmnopqrstu") (address "loopback")
L 08/04/2025 - 14:47:16: -------- Mapchange to zm_fortuna_v2 --------
L 08/04/2025 - 14:47:18: [AMXX] Failed to open dictionary file: cstrike\addons\amxmodx\data\lang\la2stats.txt
L 08/04/2025 - 14:47:19: [admin.amxx] Login: "ErenZP<1><STEAM_0:0:1776161912><>" became an admin (account "loopback") (access "abcdefghijklmnopqrstu") (address "loopback")
L 08/04/2025 - 14:47:20: [admin.amxx] Login: "ErenZP<1><STEAM_0:0:1776161912><>" became an admin (account "loopback") (access "abcdefghijklmnopqrstu") (address "loopback")
L 08/04/2025 - 14:56:26: -------- Mapchange to zm_fortuna_v2 --------
L 08/04/2025 - 14:56:27: [AMXX] Failed to open dictionary file: cstrike\addons\amxmodx\data\lang\la2stats.txt
L 08/04/2025 - 14:56:27: [admin.amxx] Login: "ErenZP<10><STEAM_0:0:1776161912><>" became an admin (account "loopback") (access "abcdefghijklmnopqrstu") (address "loopback")
L 08/04/2025 - 14:56:29: [admin.amxx] Login: "ErenZP<10><STEAM_0:0:1776161912><>" became an admin (account "loopback") (access "abcdefghijklmnopqrstu") (address "loopback")
L 08/04/2025 - 15:09:45: -------- Mapchange to zm_fortuna_v2 --------
L 08/04/2025 - 15:09:46: [AMXX] Failed to open dictionary file: cstrike\addons\amxmodx\data\lang\la2stats.txt
L 08/04/2025 - 15:09:46: [admin.amxx] Login: "ErenZP<19><STEAM_0:0:1776161912><>" became an admin (account "loopback") (access "abcdefghijklmnopqrstu") (address "loopback")
L 08/04/2025 - 15:09:47: [admin.amxx] Login: "ErenZP<19><STEAM_0:0:1776161912><>" became an admin (account "loopback") (access "abcdefghijklmnopqrstu") (address "loopback")
L 08/04/2025 - 15:24:49: -------- Mapchange to zm_fortuna_v2 --------
L 08/04/2025 - 15:24:50: [AMXX] Failed to open dictionary file: cstrike\addons\amxmodx\data\lang\la2stats.txt
L 08/04/2025 - 15:24:51: [admin.amxx] Login: "ErenZP<28><STEAM_0:0:1776161912><>" became an admin (account "loopback") (access "abcdefghijklmnopqrstu") (address "loopback")
L 08/04/2025 - 15:24:52: [admin.amxx] Login: "ErenZP<28><STEAM_0:0:1776161912><>" became an admin (account "loopback") (access "abcdefghijklmnopqrstu") (address "loopback")
L 08/04/2025 - 15:27:00: -------- Mapchange to zm_fortuna_v2 --------
L 08/04/2025 - 15:27:00: [AMXX] Failed to open dictionary file: cstrike\addons\amxmodx\data\lang\la2stats.txt
L 08/04/2025 - 15:27:01: [admin.amxx] Login: "ErenZP<37><STEAM_0:0:1776161912><>" became an admin (account "loopback") (access "abcdefghijklmnopqrstu") (address "loopback")
L 08/04/2025 - 15:27:01: [admin.amxx] Login: "ErenZP<37><STEAM_0:0:1776161912><>" became an admin (account "loopback") (access "abcdefghijklmnopqrstu") (address "loopback")
L 08/04/2025 - 15:28:24: -------- Mapchange to zm_fortuna_v2 --------
L 08/04/2025 - 15:28:25: [AMXX] Failed to open dictionary file: cstrike\addons\amxmodx\data\lang\la2stats.txt
L 08/04/2025 - 15:28:25: [admin.amxx] Login: "ErenZP<46><STEAM_0:0:1776161912><>" became an admin (account "loopback") (access "abcdefghijklmnopqrstu") (address "loopback")
L 08/04/2025 - 15:28:26: [admin.amxx] Login: "ErenZP<46><STEAM_0:0:1776161912><>" became an admin (account "loopback") (access "abcdefghijklmnopqrstu") (address "loopback")
L 08/04/2025 - 15:28:55: -------- Mapchange to zm_fortuna_v2 --------
L 08/04/2025 - 15:28:56: [AMXX] Failed to open dictionary file: cstrike\addons\amxmodx\data\lang\la2stats.txt
L 08/04/2025 - 15:28:56: [admin.amxx] Login: "ErenZP<55><STEAM_0:0:1776161912><>" became an admin (account "loopback") (access "abcdefghijklmnopqrstu") (address "loopback")
L 08/04/2025 - 15:28:57: [admin.amxx] Login: "ErenZP<55><STEAM_0:0:1776161912><>" became an admin (account "loopback") (access "abcdefghijklmnopqrstu") (address "loopback")
L 08/04/2025 - 15:34:10: -------- Mapchange to zm_fortuna_v2 --------
L 08/04/2025 - 15:34:11: [AMXX] Failed to open dictionary file: cstrike\addons\amxmodx\data\lang\la2stats.txt
L 08/04/2025 - 15:34:11: [admin.amxx] Login: "ErenZP<64><STEAM_0:0:1776161912><>" became an admin (account "loopback") (access "abcdefghijklmnopqrstu") (address "loopback")
L 08/04/2025 - 15:34:12: [admin.amxx] Login: "ErenZP<64><STEAM_0:0:1776161912><>" became an admin (account "loopback") (access "abcdefghijklmnopqrstu") (address "loopback")
L 08/04/2025 - 15:36:16: -------- Mapchange to zm_fortuna_v2 --------
L 08/04/2025 - 15:36:17: [AMXX] Failed to open dictionary file: cstrike\addons\amxmodx\data\lang\la2stats.txt
L 08/04/2025 - 15:36:17: [admin.amxx] Login: "ErenZP<73><STEAM_0:0:1776161912><>" became an admin (account "loopback") (access "abcdefghijklmnopqrstu") (address "loopback")
L 08/04/2025 - 15:36:18: [admin.amxx] Login: "ErenZP<73><STEAM_0:0:1776161912><>" became an admin (account "loopback") (access "abcdefghijklmnopqrstu") (address "loopback")
L 08/04/2025 - 15:37:36: -------- Mapchange to zm_fortuna_v2 --------
L 08/04/2025 - 15:37:37: [AMXX] Failed to open dictionary file: cstrike\addons\amxmodx\data\lang\la2stats.txt
L 08/04/2025 - 15:37:37: [admin.amxx] Login: "ErenZP<82><STEAM_0:0:1776161912><>" became an admin (account "loopback") (access "abcdefghijklmnopqrstu") (address "loopback")
L 08/04/2025 - 15:37:40: [admin.amxx] Login: "ErenZP<82><STEAM_0:0:1776161912><>" became an admin (account "loopback") (access "abcdefghijklmnopqrstu") (address "loopback")
L 08/04/2025 - 15:38:21: -------- Mapchange to zm_fortuna_v2 --------
L 08/04/2025 - 15:38:22: [AMXX] Failed to open dictionary file: cstrike\addons\amxmodx\data\lang\la2stats.txt
L 08/04/2025 - 15:38:23: [admin.amxx] Login: "ErenZP<91><STEAM_0:0:1776161912><>" became an admin (account "loopback") (access "abcdefghijklmnopqrstu") (address "loopback")
L 08/04/2025 - 15:38:23: [admin.amxx] Login: "ErenZP<91><STEAM_0:0:1776161912><>" became an admin (account "loopback") (access "abcdefghijklmnopqrstu") (address "loopback")
L 08/04/2025 - 15:38:51: -------- Mapchange to zm_fortuna_v2 --------
L 08/04/2025 - 15:38:51: [AMXX] Failed to open dictionary file: cstrike\addons\amxmodx\data\lang\la2stats.txt
L 08/04/2025 - 15:38:52: [admin.amxx] Login: "ErenZP<100><STEAM_0:0:1776161912><>" became an admin (account "loopback") (access "abcdefghijklmnopqrstu") (address "loopback")
L 08/04/2025 - 15:38:53: [admin.amxx] Login: "ErenZP<100><STEAM_0:0:1776161912><>" became an admin (account "loopback") (access "abcdefghijklmnopqrstu") (address "loopback")
L 08/04/2025 - 15:39:32: -------- Mapchange to zm_fortuna_v2 --------
L 08/04/2025 - 15:39:33: [AMXX] Failed to open dictionary file: cstrike\addons\amxmodx\data\lang\la2stats.txt
L 08/04/2025 - 15:39:33: [admin.amxx] Login: "ErenZP<109><STEAM_0:0:1776161912><>" became an admin (account "loopback") (access "abcdefghijklmnopqrstu") (address "loopback")
L 08/04/2025 - 15:39:34: [admin.amxx] Login: "ErenZP<109><STEAM_0:0:1776161912><>" became an admin (account "loopback") (access "abcdefghijklmnopqrstu") (address "loopback")
L 08/04/2025 - 15:40:44: -------- Mapchange to zm_fortuna_v2 --------
L 08/04/2025 - 15:40:44: [AMXX] Failed to open dictionary file: cstrike\addons\amxmodx\data\lang\la2stats.txt
L 08/04/2025 - 15:40:45: [admin.amxx] Login: "ErenZP<118><STEAM_0:0:1776161912><>" became an admin (account "loopback") (access "abcdefghijklmnopqrstu") (address "loopback")
L 08/04/2025 - 15:40:46: [admin.amxx] Login: "ErenZP<118><STEAM_0:0:1776161912><>" became an admin (account "loopback") (access "abcdefghijklmnopqrstu") (address "loopback")
L 08/04/2025 - 15:47:24: -------- Mapchange to zm_fortuna_v2 --------
L 08/04/2025 - 15:47:25: [AMXX] Failed to open dictionary file: cstrike\addons\amxmodx\data\lang\la2stats.txt
L 08/04/2025 - 15:47:25: [admin.amxx] Login: "ErenZP<127><STEAM_0:0:1776161912><>" became an admin (account "loopback") (access "abcdefghijklmnopqrstu") (address "loopback")
L 08/04/2025 - 15:47:26: [admin.amxx] Login: "ErenZP<127><STEAM_0:0:1776161912><>" became an admin (account "loopback") (access "abcdefghijklmnopqrstu") (address "loopback")
L 08/04/2025 - 15:48:32: -------- Mapchange to zm_fortuna_v2 --------
L 08/04/2025 - 15:48:32: [AMXX] Failed to open dictionary file: cstrike\addons\amxmodx\data\lang\la2stats.txt
L 08/04/2025 - 15:48:33: [admin.amxx] Login: "ErenZP<136><STEAM_0:0:1776161912><>" became an admin (account "loopback") (access "abcdefghijklmnopqrstu") (address "loopback")
L 08/04/2025 - 15:48:34: [admin.amxx] Login: "ErenZP<136><STEAM_0:0:1776161912><>" became an admin (account "loopback") (access "abcdefghijklmnopqrstu") (address "loopback")
L 08/04/2025 - 16:16:49: [mapchooser.amxx] Vote: Voting for the nextmap started
L 08/04/2025 - 16:17:04: [mapchooser.amxx] Vote: Voting for the nextmap finished. The nextmap will be de_aztec
L 08/04/2025 - 16:18:59: -------- Mapchange to de_aztec --------
L 08/04/2025 - 16:19:00: [AMXX] Failed to open dictionary file: cstrike\addons\amxmodx\data\lang\la2stats.txt
L 08/04/2025 - 16:19:00: [admin.amxx] Login: "ErenZP<136><STEAM_0:0:1776161912><>" became an admin (account "loopback") (access "abcdefghijklmnopqrstu") (address "loopback")
L 08/04/2025 - 16:19:02: [admin.amxx] Login: "ErenZP<136><STEAM_0:0:1776161912><>" became an admin (account "loopback") (access "abcdefghijklmnopqrstu") (address "loopback")
L 08/04/2025 - 16:58:12: -------- Mapchange to zm_fortuna_v2 --------
L 08/04/2025 - 16:58:18: [AMXX] Failed to open dictionary file: cstrike\addons\amxmodx\data\lang\la2stats.txt
L 08/04/2025 - 16:58:19: [admin.amxx] Login: "ErenZP<1><STEAM_0:0:1776161912><>" became an admin (account "loopback") (access "abcdefghijklmnopqrstu") (address "loopback")
L 08/04/2025 - 16:58:22: [admin.amxx] Login: "ErenZP<1><STEAM_0:0:1776161912><>" became an admin (account "loopback") (access "abcdefghijklmnopqrstu") (address "loopback")
L 08/04/2025 - 17:06:33: -------- Mapchange to zm_pacman --------
L 08/04/2025 - 17:06:33: [nextmap.amxx] WARNING: Couldn't find a valid map or the file doesn't exist (file "mapcycle.txt")
L 08/04/2025 - 17:06:33: [AMXX] Failed to open dictionary file: cstrike\addons\amxmodx\data\lang\la2stats.txt
L 08/04/2025 - 17:06:34: [admin.amxx] Login: "ErenZP<10><STEAM_0:0:1776161912><>" became an admin (account "loopback") (access "abcdefghijklmnopqrstu") (address "loopback")
L 08/04/2025 - 17:06:34: [admin.amxx] Login: "ErenZP<10><STEAM_0:0:1776161912><>" became an admin (account "loopback") (access "abcdefghijklmnopqrstu") (address "loopback")
L 08/04/2025 - 17:07:03: -------- Mapchange to zm_pacman --------
L 08/04/2025 - 17:07:03: [nextmap.amxx] WARNING: Couldn't find a valid map or the file doesn't exist (file "mapcycle.txt")
L 08/04/2025 - 17:07:03: [AMXX] Failed to open dictionary file: cstrike\addons\amxmodx\data\lang\la2stats.txt
L 08/04/2025 - 17:07:03: [admin.amxx] Login: "ErenZP<11><STEAM_0:0:1776161912><>" became an admin (account "loopback") (access "abcdefghijklmnopqrstu") (address "loopback")
L 08/04/2025 - 17:07:04: [admin.amxx] Login: "ErenZP<11><STEAM_0:0:1776161912><>" became an admin (account "loopback") (access "abcdefghijklmnopqrstu") (address "loopback")
L 08/04/2025 - 17:07:49: -------- Mapchange to zm_escapetrain --------
L 08/04/2025 - 17:07:50: [nextmap.amxx] WARNING: Couldn't find a valid map or the file doesn't exist (file "mapcycle.txt")
L 08/04/2025 - 17:07:50: [AMXX] Failed to open dictionary file: cstrike\addons\amxmodx\data\lang\la2stats.txt
L 08/04/2025 - 17:07:51: [admin.amxx] Login: "ErenZP<1><STEAM_0:0:1776161912><>" became an admin (account "loopback") (access "abcdefghijklmnopqrstu") (address "loopback")
L 08/04/2025 - 17:07:51: [admin.amxx] Login: "ErenZP<1><STEAM_0:0:1776161912><>" became an admin (account "loopback") (access "abcdefghijklmnopqrstu") (address "loopback")
L 08/04/2025 - 17:08:36: -------- Mapchange to zm_escapetrain --------
L 08/04/2025 - 17:08:36: [nextmap.amxx] WARNING: Couldn't find a valid map or the file doesn't exist (file "mapcycle.txt")
L 08/04/2025 - 17:08:36: [AMXX] Failed to open dictionary file: cstrike\addons\amxmodx\data\lang\la2stats.txt
L 08/04/2025 - 17:08:36: [admin.amxx] Login: "ErenZP<3><STEAM_0:0:1776161912><>" became an admin (account "loopback") (access "abcdefghijklmnopqrstu") (address "loopback")
L 08/04/2025 - 17:08:38: [admin.amxx] Login: "ErenZP<3><STEAM_0:0:1776161912><>" became an admin (account "loopback") (access "abcdefghijklmnopqrstu") (address "loopback")
L 08/04/2025 - 20:12:09: -------- Mapchange to zm_escapetrain --------
L 08/04/2025 - 20:12:11: [nextmap.amxx] WARNING: Couldn't find a valid map or the file doesn't exist (file "mapcycle.txt")
L 08/04/2025 - 20:12:11: [AMXX] Failed to open dictionary file: cstrike\addons\amxmodx\data\lang\la2stats.txt
L 08/04/2025 - 20:12:11: [admin.amxx] Login: "ErenZP<1><STEAM_0:0:1776161912><>" became an admin (account "loopback") (access "abcdefghijklmnopqrstu") (address "loopback")
L 08/04/2025 - 20:12:13: [admin.amxx] Login: "ErenZP<1><STEAM_0:0:1776161912><>" became an admin (account "loopback") (access "abcdefghijklmnopqrstu") (address "loopback")
L 08/04/2025 - 20:30:06: -------- Mapchange to zm_escapetrain --------
L 08/04/2025 - 20:30:08: [nextmap.amxx] WARNING: Couldn't find a valid map or the file doesn't exist (file "mapcycle.txt")
L 08/04/2025 - 20:30:08: [AMXX] Failed to open dictionary file: cstrike\addons\amxmodx\data\lang\la2stats.txt
L 08/04/2025 - 20:30:08: [admin.amxx] Login: "ErenZP<1><STEAM_0:0:1776161912><>" became an admin (account "loopback") (access "abcdefghijklmnopqrstu") (address "loopback")
L 08/04/2025 - 20:30:09: [admin.amxx] Login: "ErenZP<1><STEAM_0:0:1776161912><>" became an admin (account "loopback") (access "abcdefghijklmnopqrstu") (address "loopback")
L 08/04/2025 - 20:58:24: [mapchooser.amxx] Vote: Voting for the nextmap started
L 08/04/2025 - 20:58:39: [mapchooser.amxx] Vote: Voting for the nextmap finished. The nextmap will be zm_escapetrain
L 08/04/2025 - 21:00:32: -------- Mapchange to zm_escapetrain --------
L 08/04/2025 - 21:00:33: [nextmap.amxx] WARNING: Couldn't find a valid map or the file doesn't exist (file "mapcycle.txt")
L 08/04/2025 - 21:00:33: [AMXX] Failed to open dictionary file: cstrike\addons\amxmodx\data\lang\la2stats.txt
L 08/04/2025 - 21:00:34: [admin.amxx] Login: "ErenZP<1><STEAM_0:0:1776161912><>" became an admin (account "loopback") (access "abcdefghijklmnopqrstu") (address "loopback")
L 08/04/2025 - 21:00:35: [admin.amxx] Login: "ErenZP<1><STEAM_0:0:1776161912><>" became an admin (account "loopback") (access "abcdefghijklmnopqrstu") (address "loopback")
L 08/04/2025 - 21:03:25: -------- Mapchange to zm_gg --------
L 08/04/2025 - 21:03:27: [nextmap.amxx] WARNING: Couldn't find a valid map or the file doesn't exist (file "mapcycle.txt")
L 08/04/2025 - 21:03:27: [AMXX] Failed to open dictionary file: cstrike\addons\amxmodx\data\lang\la2stats.txt
L 08/04/2025 - 21:03:27: [admin.amxx] Login: "ErenZP<1><STEAM_0:0:1776161912><>" became an admin (account "loopback") (access "abcdefghijklmnopqrstu") (address "loopback")
L 08/04/2025 - 21:03:29: [admin.amxx] Login: "ErenZP<1><STEAM_0:0:1776161912><>" became an admin (account "loopback") (access "abcdefghijklmnopqrstu") (address "loopback")
L 08/04/2025 - 21:03:41: -------- Mapchange to zm_gg --------
L 08/04/2025 - 21:03:41: [nextmap.amxx] WARNING: Couldn't find a valid map or the file doesn't exist (file "mapcycle.txt")
L 08/04/2025 - 21:03:41: [AMXX] Failed to open dictionary file: cstrike\addons\amxmodx\data\lang\la2stats.txt
L 08/04/2025 - 21:03:41: [admin.amxx] Login: "ErenZP<3><STEAM_0:0:1776161912><>" became an admin (account "loopback") (access "abcdefghijklmnopqrstu") (address "loopback")
L 08/04/2025 - 21:03:42: [admin.amxx] Login: "ErenZP<3><STEAM_0:0:1776161912><>" became an admin (account "loopback") (access "abcdefghijklmnopqrstu") (address "loopback")
L 08/04/2025 - 21:05:30: -------- Mapchange to zm_gg --------
L 08/04/2025 - 21:21:07: -------- Mapchange to zm_gg --------
L 08/04/2025 - 21:21:09: [nextmap.amxx] WARNING: Couldn't find a valid map or the file doesn't exist (file "mapcycle.txt")
L 08/04/2025 - 21:21:09: [AMXX] Failed to open dictionary file: cstrike\addons\amxmodx\data\lang\la2stats.txt
L 08/04/2025 - 21:21:10: [admin.amxx] Login: "ErenZP<1><STEAM_0:0:1776161912><>" became an admin (account "loopback") (access "abcdefghijklmnopqrstu") (address "loopback")
L 08/04/2025 - 21:21:11: [admin.amxx] Login: "ErenZP<1><STEAM_0:0:1776161912><>" became an admin (account "loopback") (access "abcdefghijklmnopqrstu") (address "loopback")
L 08/04/2025 - 21:23:53: -------- Mapchange to zm_escapetrain --------
L 08/04/2025 - 21:23:54: [nextmap.amxx] WARNING: Couldn't find a valid map or the file doesn't exist (file "mapcycle.txt")
L 08/04/2025 - 21:23:54: [AMXX] Failed to open dictionary file: cstrike\addons\amxmodx\data\lang\la2stats.txt
L 08/04/2025 - 21:23:55: [admin.amxx] Login: "ErenZP<7><STEAM_0:0:1776161912><>" became an admin (account "loopback") (access "abcdefghijklmnopqrstu") (address "loopback")
L 08/04/2025 - 21:23:56: [admin.amxx] Login: "ErenZP<7><STEAM_0:0:1776161912><>" became an admin (account "loopback") (access "abcdefghijklmnopqrstu") (address "loopback")
L 08/04/2025 - 21:24:11: -------- Mapchange to zm_lila_panic --------
L 08/04/2025 - 21:24:11: [nextmap.amxx] WARNING: Couldn't find a valid map or the file doesn't exist (file "mapcycle.txt")
L 08/04/2025 - 21:24:11: [AMXX] Failed to open dictionary file: cstrike\addons\amxmodx\data\lang\la2stats.txt
L 08/04/2025 - 21:24:12: [admin.amxx] Login: "ErenZP<13><STEAM_0:0:1776161912><>" became an admin (account "loopback") (access "abcdefghijklmnopqrstu") (address "loopback")
L 08/04/2025 - 21:24:13: [admin.amxx] Login: "ErenZP<13><STEAM_0:0:1776161912><>" became an admin (account "loopback") (access "abcdefghijklmnopqrstu") (address "loopback")
L 08/04/2025 - 21:24:35: -------- Mapchange to zm_lila_panic --------
L 08/04/2025 - 21:24:36: [nextmap.amxx] WARNING: Couldn't find a valid map or the file doesn't exist (file "mapcycle.txt")
L 08/04/2025 - 21:24:36: [AMXX] Failed to open dictionary file: cstrike\addons\amxmodx\data\lang\la2stats.txt
L 08/04/2025 - 21:24:36: [admin.amxx] Login: "ErenZP<15><STEAM_0:0:1776161912><>" became an admin (account "loopback") (access "abcdefghijklmnopqrstu") (address "loopback")
L 08/04/2025 - 21:24:38: [admin.amxx] Login: "ErenZP<15><STEAM_0:0:1776161912><>" became an admin (account "loopback") (access "abcdefghijklmnopqrstu") (address "loopback")
L 08/04/2025 - 21:25:25: -------- Mapchange to zm_lila_panic --------
L 08/04/2025 - 21:25:26: [nextmap.amxx] WARNING: Couldn't find a valid map or the file doesn't exist (file "mapcycle.txt")
L 08/04/2025 - 21:25:26: [AMXX] Failed to open dictionary file: cstrike\addons\amxmodx\data\lang\la2stats.txt
L 08/04/2025 - 21:25:26: [admin.amxx] Login: "ErenZP<21><STEAM_0:0:1776161912><>" became an admin (account "loopback") (access "abcdefghijklmnopqrstu") (address "loopback")
L 08/04/2025 - 21:25:27: [admin.amxx] Login: "ErenZP<21><STEAM_0:0:1776161912><>" became an admin (account "loopback") (access "abcdefghijklmnopqrstu") (address "loopback")
L 08/04/2025 - 21:38:44: -------- Mapchange to zm_lila_panic --------
L 08/04/2025 - 21:38:45: [nextmap.amxx] WARNING: Couldn't find a valid map or the file doesn't exist (file "mapcycle.txt")
L 08/04/2025 - 21:38:45: [AMXX] Failed to open dictionary file: cstrike\addons\amxmodx\data\lang\la2stats.txt
L 08/04/2025 - 21:38:45: [admin.amxx] Login: "ErenZP<27><STEAM_0:0:1776161912><>" became an admin (account "loopback") (access "abcdefghijklmnopqrstu") (address "loopback")
L 08/04/2025 - 21:38:46: [admin.amxx] Login: "ErenZP<27><STEAM_0:0:1776161912><>" became an admin (account "loopback") (access "abcdefghijklmnopqrstu") (address "loopback")
L 08/04/2025 - 21:47:42: -------- Mapchange to zm_pool_evil --------
L 08/04/2025 - 21:47:44: [nextmap.amxx] WARNING: Couldn't find a valid map or the file doesn't exist (file "mapcycle.txt")
L 08/04/2025 - 21:47:44: [AMXX] Failed to open dictionary file: cstrike\addons\amxmodx\data\lang\la2stats.txt
L 08/04/2025 - 21:47:44: [admin.amxx] Login: "ErenZP<1><STEAM_0:0:1776161912><>" became an admin (account "loopback") (access "abcdefghijklmnopqrstu") (address "loopback")
L 08/04/2025 - 21:47:45: [admin.amxx] Login: "ErenZP<1><STEAM_0:0:1776161912><>" became an admin (account "loopback") (access "abcdefghijklmnopqrstu") (address "loopback")
L 08/04/2025 - 21:47:49: -------- Mapchange to zm_pool_evil --------
L 08/04/2025 - 21:47:49: [nextmap.amxx] WARNING: Couldn't find a valid map or the file doesn't exist (file "mapcycle.txt")
L 08/04/2025 - 21:47:49: [AMXX] Failed to open dictionary file: cstrike\addons\amxmodx\data\lang\la2stats.txt
L 08/04/2025 - 21:47:49: [admin.amxx] Login: "ErenZP<3><STEAM_0:0:1776161912><>" became an admin (account "loopback") (access "abcdefghijklmnopqrstu") (address "loopback")
L 08/04/2025 - 21:47:50: [admin.amxx] Login: "ErenZP<3><STEAM_0:0:1776161912><>" became an admin (account "loopback") (access "abcdefghijklmnopqrstu") (address "loopback")
