L 08/11/2025 - 08:04:03: -------- Mapchange to zm_gbox6 --------
L 08/11/2025 - 08:04:04: [AMXX] Plugin "bio_event_infect_effect.amxx" failed to load: Module/Library "biohazardf" required for plugin.  Check modules.ini.
L 08/11/2025 - 08:04:11: Invalid multi-lingual line (file "cstrike\addons\amxmodx\data\lang\lasermine_perfect.txt" line 1)
L 08/11/2025 - 08:04:11: [zp_level_system.amxx] [ZP Level] Plugin iniciando...
L 08/11/2025 - 08:04:11: [zp_level_system.amxx] [ZP Level] Plugin inicializado com sucesso!
L 08/11/2025 - 08:04:11: [admin.amxx] Login: "ErenZP<1><STEAM_0:0:1776161912><>" became an admin (account "loopback") (access "abcdefghijklmnopqrstu") (address "loopback")
L 08/11/2025 - 08:04:15: [admin.amxx] Login: "ErenZP<1><STEAM_0:0:1776161912><>" became an admin (account "loopback") (access "abcdefghijklmnopqrstu") (address "loopback")
L 08/11/2025 - 08:17:12: -------- Mapchange to zm_gbox6 --------
L 08/11/2025 - 08:17:12: [AMXX] Plugin "bio_event_infect_effect.amxx" failed to load: Module/Library "biohazardf" required for plugin.  Check modules.ini.
L 08/11/2025 - 08:17:13: [zp_level_system.amxx] [ZP Level] Plugin iniciando...
L 08/11/2025 - 08:17:13: [zp_level_system.amxx] [ZP Level] Plugin inicializado com sucesso!
L 08/11/2025 - 08:17:13: [admin.amxx] Login: "ErenZP<12><STEAM_0:0:1776161912><>" became an admin (account "loopback") (access "abcdefghijklmnopqrstu") (address "loopback")
L 08/11/2025 - 08:17:14: [admin.amxx] Login: "ErenZP<12><STEAM_0:0:1776161912><>" became an admin (account "loopback") (access "abcdefghijklmnopqrstu") (address "loopback")
L 08/11/2025 - 08:20:43: -------- Mapchange to zm_gbox6 --------
L 08/11/2025 - 08:20:44: [AMXX] Plugin "bio_event_infect_effect.amxx" failed to load: Module/Library "biohazardf" required for plugin.  Check modules.ini.
L 08/11/2025 - 08:20:44: [zp_level_system.amxx] [ZP Level] Plugin iniciando...
L 08/11/2025 - 08:20:44: [zp_level_system.amxx] [ZP Level] Plugin inicializado com sucesso!
L 08/11/2025 - 08:20:45: [admin.amxx] Login: "ErenZP<23><STEAM_0:0:1776161912><>" became an admin (account "loopback") (access "abcdefghijklmnopqrstu") (address "loopback")
L 08/11/2025 - 08:20:46: [admin.amxx] Login: "ErenZP<23><STEAM_0:0:1776161912><>" became an admin (account "loopback") (access "abcdefghijklmnopqrstu") (address "loopback")
L 08/11/2025 - 08:25:04: -------- Mapchange to zm_gbox6 --------
L 08/11/2025 - 08:25:05: [AMXX] Plugin "bio_event_infect_effect.amxx" failed to load: Module/Library "biohazardf" required for plugin.  Check modules.ini.
L 08/11/2025 - 08:25:06: [zp_level_system.amxx] [ZP Level] Plugin iniciando...
L 08/11/2025 - 08:25:06: [zp_level_system.amxx] [ZP Level] Plugin inicializado com sucesso!
L 08/11/2025 - 08:25:06: [admin.amxx] Login: "ErenZP<34><STEAM_0:0:1776161912><>" became an admin (account "loopback") (access "abcdefghijklmnopqrstu") (address "loopback")
L 08/11/2025 - 08:25:08: [admin.amxx] Login: "ErenZP<34><STEAM_0:0:1776161912><>" became an admin (account "loopback") (access "abcdefghijklmnopqrstu") (address "loopback")
L 08/11/2025 - 08:31:13: -------- Mapchange to zm_gbox6 --------
L 08/11/2025 - 08:31:13: [AMXX] Plugin "bio_event_infect_effect.amxx" failed to load: Module/Library "biohazardf" required for plugin.  Check modules.ini.
L 08/11/2025 - 08:31:15: [zp_level_system.amxx] [ZP Level] Plugin iniciando...
L 08/11/2025 - 08:31:15: [zp_level_system.amxx] [ZP Level] Plugin inicializado com sucesso!
L 08/11/2025 - 08:31:15: [admin.amxx] Login: "ErenZP<45><STEAM_0:0:1776161912><>" became an admin (account "loopback") (access "abcdefghijklmnopqrstu") (address "loopback")
L 08/11/2025 - 08:31:16: [admin.amxx] Login: "ErenZP<45><STEAM_0:0:1776161912><>" became an admin (account "loopback") (access "abcdefghijklmnopqrstu") (address "loopback")
L 08/11/2025 - 08:40:48: -------- Mapchange to zm_gbox6 --------
L 08/11/2025 - 08:40:48: [AMXX] Plugin "bio_event_infect_effect.amxx" failed to load: Module/Library "biohazardf" required for plugin.  Check modules.ini.
L 08/11/2025 - 08:40:49: [zp_level_system.amxx] [ZP Level] Plugin iniciando...
L 08/11/2025 - 08:40:49: [zp_level_system.amxx] [ZP Level] Plugin inicializado com sucesso!
L 08/11/2025 - 08:40:49: [admin.amxx] Login: "ErenZP<56><STEAM_0:0:1776161912><>" became an admin (account "loopback") (access "abcdefghijklmnopqrstu") (address "loopback")
L 08/11/2025 - 08:40:51: [admin.amxx] Login: "ErenZP<56><STEAM_0:0:1776161912><>" became an admin (account "loopback") (access "abcdefghijklmnopqrstu") (address "loopback")
L 08/11/2025 - 08:50:25: -------- Mapchange to zm_lila_panic --------
L 08/11/2025 - 08:50:25: [AMXX] Plugin "bio_event_infect_effect.amxx" failed to load: Module/Library "biohazardf" required for plugin.  Check modules.ini.
L 08/11/2025 - 08:50:26: [zp_level_system.amxx] [ZP Level] Plugin iniciando...
L 08/11/2025 - 08:50:26: [zp_level_system.amxx] [ZP Level] Plugin inicializado com sucesso!
L 08/11/2025 - 08:50:26: [admin.amxx] Login: "ErenZP<67><STEAM_0:0:1776161912><>" became an admin (account "loopback") (access "abcdefghijklmnopqrstu") (address "loopback")
L 08/11/2025 - 08:50:28: [admin.amxx] Login: "ErenZP<67><STEAM_0:0:1776161912><>" became an admin (account "loopback") (access "abcdefghijklmnopqrstu") (address "loopback")
L 08/11/2025 - 08:50:54: -------- Mapchange to zm_lila_panic --------
L 08/11/2025 - 08:50:54: [AMXX] Plugin "bio_event_infect_effect.amxx" failed to load: Module/Library "biohazardf" required for plugin.  Check modules.ini.
L 08/11/2025 - 08:50:55: [zp_level_system.amxx] [ZP Level] Plugin iniciando...
L 08/11/2025 - 08:50:55: [zp_level_system.amxx] [ZP Level] Plugin inicializado com sucesso!
L 08/11/2025 - 08:50:55: [admin.amxx] Login: "ErenZP<68><STEAM_0:0:1776161912><>" became an admin (account "loopback") (access "abcdefghijklmnopqrstu") (address "loopback")
L 08/11/2025 - 08:50:58: [admin.amxx] Login: "ErenZP<68><STEAM_0:0:1776161912><>" became an admin (account "loopback") (access "abcdefghijklmnopqrstu") (address "loopback")
L 08/11/2025 - 09:13:20: -------- Mapchange to zm_lila_panic --------
L 08/11/2025 - 09:13:20: [AMXX] Plugin "bio_event_infect_effect.amxx" failed to load: Module/Library "biohazardf" required for plugin.  Check modules.ini.
L 08/11/2025 - 09:13:21: [zp_level_system.amxx] [ZP Level] Plugin iniciando...
L 08/11/2025 - 09:13:21: [zp_level_system.amxx] [ZP Level] Plugin inicializado com sucesso!
L 08/11/2025 - 09:13:22: [admin.amxx] Login: "ErenZP<79><STEAM_0:0:1776161912><>" became an admin (account "loopback") (access "abcdefghijklmnopqrstu") (address "loopback")
L 08/11/2025 - 09:13:24: [admin.amxx] Login: "ErenZP<79><STEAM_0:0:1776161912><>" became an admin (account "loopback") (access "abcdefghijklmnopqrstu") (address "loopback")
L 08/11/2025 - 09:19:19: -------- Mapchange to zm_lila_panic --------
L 08/11/2025 - 09:19:19: [AMXX] Plugin "bio_event_infect_effect.amxx" failed to load: Module/Library "biohazardf" required for plugin.  Check modules.ini.
L 08/11/2025 - 09:19:21: [zp_level_system.amxx] [ZP Level] Plugin iniciando...
L 08/11/2025 - 09:19:21: [zp_level_system.amxx] [ZP Level] Plugin inicializado com sucesso!
L 08/11/2025 - 09:19:21: [admin.amxx] Login: "ErenZP<90><STEAM_0:0:1776161912><>" became an admin (account "loopback") (access "abcdefghijklmnopqrstu") (address "loopback")
L 08/11/2025 - 09:19:22: [admin.amxx] Login: "ErenZP<90><STEAM_0:0:1776161912><>" became an admin (account "loopback") (access "abcdefghijklmnopqrstu") (address "loopback")
L 08/11/2025 - 09:19:44: -------- Mapchange to zm_terrible_invasion --------
L 08/11/2025 - 09:19:44: [AMXX] Plugin "bio_event_infect_effect.amxx" failed to load: Module/Library "biohazardf" required for plugin.  Check modules.ini.
L 08/11/2025 - 09:19:45: [zp_level_system.amxx] [ZP Level] Plugin iniciando...
L 08/11/2025 - 09:19:45: [zp_level_system.amxx] [ZP Level] Plugin inicializado com sucesso!
L 08/11/2025 - 09:19:46: [admin.amxx] Login: "ErenZP<101><STEAM_0:0:1776161912><>" became an admin (account "loopback") (access "abcdefghijklmnopqrstu") (address "loopback")
L 08/11/2025 - 09:19:50: [admin.amxx] Login: "ErenZP<101><STEAM_0:0:1776161912><>" became an admin (account "loopback") (access "abcdefghijklmnopqrstu") (address "loopback")
L 08/11/2025 - 09:29:49: -------- Mapchange to zm_terrible_invasion --------
L 08/11/2025 - 09:29:49: [AMXX] Plugin "bio_event_infect_effect.amxx" failed to load: Module/Library "biohazardf" required for plugin.  Check modules.ini.
L 08/11/2025 - 09:29:50: [zp_level_system.amxx] [ZP Level] Plugin iniciando...
L 08/11/2025 - 09:29:50: [zp_level_system.amxx] [ZP Level] Plugin inicializado com sucesso!
L 08/11/2025 - 09:29:50: [admin.amxx] Login: "ErenZP<112><STEAM_0:0:1776161912><>" became an admin (account "loopback") (access "abcdefghijklmnopqrstu") (address "loopback")
L 08/11/2025 - 09:29:52: [admin.amxx] Login: "ErenZP<112><STEAM_0:0:1776161912><>" became an admin (account "loopback") (access "abcdefghijklmnopqrstu") (address "loopback")
L 08/11/2025 - 09:34:40: -------- Mapchange to zm_terrible_invasion --------
L 08/11/2025 - 09:34:40: [AMXX] Plugin "bio_event_infect_effect.amxx" failed to load: Module/Library "biohazardf" required for plugin.  Check modules.ini.
L 08/11/2025 - 09:34:41: [zp_level_system.amxx] [ZP Level] Plugin iniciando...
L 08/11/2025 - 09:34:41: [zp_level_system.amxx] [ZP Level] Plugin inicializado com sucesso!
L 08/11/2025 - 09:34:42: [admin.amxx] Login: "ErenZP<123><STEAM_0:0:1776161912><>" became an admin (account "loopback") (access "abcdefghijklmnopqrstu") (address "loopback")
L 08/11/2025 - 09:34:43: [admin.amxx] Login: "ErenZP<123><STEAM_0:0:1776161912><>" became an admin (account "loopback") (access "abcdefghijklmnopqrstu") (address "loopback")
L 08/11/2025 - 09:41:24: -------- Mapchange to zm_terrible_invasion --------
L 08/11/2025 - 09:41:24: [AMXX] Plugin "bio_event_infect_effect.amxx" failed to load: Module/Library "biohazardf" required for plugin.  Check modules.ini.
L 08/11/2025 - 09:41:25: [zp_level_system.amxx] [ZP Level] Plugin iniciando...
L 08/11/2025 - 09:41:25: [zp_level_system.amxx] [ZP Level] Plugin inicializado com sucesso!
L 08/11/2025 - 09:41:25: [admin.amxx] Login: "ErenZP<134><STEAM_0:0:1776161912><>" became an admin (account "loopback") (access "abcdefghijklmnopqrstu") (address "loopback")
L 08/11/2025 - 09:41:30: [admin.amxx] Login: "ErenZP<134><STEAM_0:0:1776161912><>" became an admin (account "loopback") (access "abcdefghijklmnopqrstu") (address "loopback")
L 08/11/2025 - 09:52:09: -------- Mapchange to zm_terrible_invasion --------
L 08/11/2025 - 09:52:09: [AMXX] Plugin "bio_event_infect_effect.amxx" failed to load: Module/Library "biohazardf" required for plugin.  Check modules.ini.
L 08/11/2025 - 09:52:11: [zp_level_system.amxx] [ZP Level] Plugin iniciando...
L 08/11/2025 - 09:52:11: [zp_level_system.amxx] [ZP Level] Plugin inicializado com sucesso!
L 08/11/2025 - 09:52:11: [admin.amxx] Login: "ErenZP<145><STEAM_0:0:1776161912><>" became an admin (account "loopback") (access "abcdefghijklmnopqrstu") (address "loopback")
L 08/11/2025 - 09:52:12: [admin.amxx] Login: "ErenZP<145><STEAM_0:0:1776161912><>" became an admin (account "loopback") (access "abcdefghijklmnopqrstu") (address "loopback")
L 08/11/2025 - 09:53:11: -------- Mapchange to zm_gbox7 --------
L 08/11/2025 - 09:53:11: [AMXX] Plugin "bio_event_infect_effect.amxx" failed to load: Module/Library "biohazardf" required for plugin.  Check modules.ini.
L 08/11/2025 - 09:53:11: [zp_level_system.amxx] [ZP Level] Plugin iniciando...
L 08/11/2025 - 09:53:11: [zp_level_system.amxx] [ZP Level] Plugin inicializado com sucesso!
L 08/11/2025 - 09:53:12: [admin.amxx] Login: "ErenZP<156><STEAM_0:0:1776161912><>" became an admin (account "loopback") (access "abcdefghijklmnopqrstu") (address "loopback")
L 08/11/2025 - 09:53:13: [admin.amxx] Login: "ErenZP<156><STEAM_0:0:1776161912><>" became an admin (account "loopback") (access "abcdefghijklmnopqrstu") (address "loopback")
L 08/11/2025 - 09:53:39: -------- Mapchange to zm_gbox6 --------
L 08/11/2025 - 09:53:39: [AMXX] Plugin "bio_event_infect_effect.amxx" failed to load: Module/Library "biohazardf" required for plugin.  Check modules.ini.
L 08/11/2025 - 09:53:40: Invalid multi-lingual line (file "cstrike\addons\amxmodx\data\lang\lasermine_perfect.txt" line 1)
L 08/11/2025 - 09:53:40: [zp_level_system.amxx] [ZP Level] Plugin iniciando...
L 08/11/2025 - 09:53:40: [zp_level_system.amxx] [ZP Level] Plugin inicializado com sucesso!
L 08/11/2025 - 09:53:41: [admin.amxx] Login: "ErenZP<1><STEAM_0:0:1776161912><>" became an admin (account "loopback") (access "abcdefghijklmnopqrstu") (address "loopback")
L 08/11/2025 - 09:53:42: [admin.amxx] Login: "ErenZP<1><STEAM_0:0:1776161912><>" became an admin (account "loopback") (access "abcdefghijklmnopqrstu") (address "loopback")
L 08/11/2025 - 10:02:35: -------- Mapchange to zm_gbox6 --------
L 08/11/2025 - 10:02:35: [AMXX] Plugin "bio_event_infect_effect.amxx" failed to load: Module/Library "biohazardf" required for plugin.  Check modules.ini.
L 08/11/2025 - 10:02:37: Invalid multi-lingual line (file "cstrike\addons\amxmodx\data\lang\lasermine_perfect.txt" line 1)
L 08/11/2025 - 10:02:37: [zp_level_system.amxx] [ZP Level] Plugin iniciando...
L 08/11/2025 - 10:02:37: [zp_level_system.amxx] [ZP Level] Plugin inicializado com sucesso!
L 08/11/2025 - 10:02:38: [admin.amxx] Login: "ErenZP<1><STEAM_0:0:1776161912><>" became an admin (account "loopback") (access "abcdefghijklmnopqrstu") (address "loopback")
L 08/11/2025 - 10:02:40: [admin.amxx] Login: "ErenZP<1><STEAM_0:0:1776161912><>" became an admin (account "loopback") (access "abcdefghijklmnopqrstu") (address "loopback")
L 08/11/2025 - 10:14:13: -------- Mapchange to zm_gbox6 --------
L 08/11/2025 - 10:14:13: [AMXX] Plugin "bio_event_infect_effect.amxx" failed to load: Module/Library "biohazardf" required for plugin.  Check modules.ini.
L 08/11/2025 - 10:14:14: [zp_level_system.amxx] [ZP Level] Plugin iniciando...
L 08/11/2025 - 10:14:14: [zp_level_system.amxx] [ZP Level] Plugin inicializado com sucesso!
L 08/11/2025 - 10:14:15: [admin.amxx] Login: "ErenZP<12><STEAM_0:0:1776161912><>" became an admin (account "loopback") (access "abcdefghijklmnopqrstu") (address "loopback")
L 08/11/2025 - 10:14:16: [admin.amxx] Login: "ErenZP<12><STEAM_0:0:1776161912><>" became an admin (account "loopback") (access "abcdefghijklmnopqrstu") (address "loopback")
L 08/11/2025 - 10:15:27: -------- Mapchange to zm_gbox6 --------
L 08/11/2025 - 10:15:27: [AMXX] Plugin "bio_event_infect_effect.amxx" failed to load: Module/Library "biohazardf" required for plugin.  Check modules.ini.
L 08/11/2025 - 10:15:28: [zp_level_system.amxx] [ZP Level] Plugin iniciando...
L 08/11/2025 - 10:15:28: [zp_level_system.amxx] [ZP Level] Plugin inicializado com sucesso!
L 08/11/2025 - 10:15:28: [admin.amxx] Login: "ErenZP<23><STEAM_0:0:1776161912><>" became an admin (account "loopback") (access "abcdefghijklmnopqrstu") (address "loopback")
L 08/11/2025 - 10:15:29: [admin.amxx] Login: "ErenZP<23><STEAM_0:0:1776161912><>" became an admin (account "loopback") (access "abcdefghijklmnopqrstu") (address "loopback")
L 08/11/2025 - 10:19:01: -------- Mapchange to zm_gbox6 --------
L 08/11/2025 - 10:19:01: [AMXX] Plugin "bio_event_infect_effect.amxx" failed to load: Module/Library "biohazardf" required for plugin.  Check modules.ini.
L 08/11/2025 - 10:19:02: [zp_level_system.amxx] [ZP Level] Plugin iniciando...
L 08/11/2025 - 10:19:02: [zp_level_system.amxx] [ZP Level] Plugin inicializado com sucesso!
L 08/11/2025 - 10:19:03: [admin.amxx] Login: "ErenZP<34><STEAM_0:0:1776161912><>" became an admin (account "loopback") (access "abcdefghijklmnopqrstu") (address "loopback")
L 08/11/2025 - 10:19:04: [admin.amxx] Login: "ErenZP<34><STEAM_0:0:1776161912><>" became an admin (account "loopback") (access "abcdefghijklmnopqrstu") (address "loopback")
L 08/11/2025 - 10:27:43: -------- Mapchange to zm_gbox6 --------
L 08/11/2025 - 10:27:43: [AMXX] Plugin "bio_event_infect_effect.amxx" failed to load: Module/Library "biohazardf" required for plugin.  Check modules.ini.
L 08/11/2025 - 10:27:44: [zp_level_system.amxx] [ZP Level] Plugin iniciando...
L 08/11/2025 - 10:27:44: [zp_level_system.amxx] [ZP Level] Plugin inicializado com sucesso!
L 08/11/2025 - 10:27:44: [admin.amxx] Login: "ErenZP<45><STEAM_0:0:1776161912><>" became an admin (account "loopback") (access "abcdefghijklmnopqrstu") (address "loopback")
L 08/11/2025 - 10:27:45: [admin.amxx] Login: "ErenZP<45><STEAM_0:0:1776161912><>" became an admin (account "loopback") (access "abcdefghijklmnopqrstu") (address "loopback")
L 08/11/2025 - 10:28:48: -------- Mapchange to zm_gbox6 --------
L 08/11/2025 - 10:28:48: [AMXX] Plugin "bio_event_infect_effect.amxx" failed to load: Module/Library "biohazardf" required for plugin.  Check modules.ini.
L 08/11/2025 - 10:28:49: [zp_level_system.amxx] [ZP Level] Plugin iniciando...
L 08/11/2025 - 10:28:49: [zp_level_system.amxx] [ZP Level] Plugin inicializado com sucesso!
L 08/11/2025 - 10:28:49: [admin.amxx] Login: "ErenZP<56><STEAM_0:0:1776161912><>" became an admin (account "loopback") (access "abcdefghijklmnopqrstu") (address "loopback")
L 08/11/2025 - 10:28:50: [admin.amxx] Login: "ErenZP<56><STEAM_0:0:1776161912><>" became an admin (account "loopback") (access "abcdefghijklmnopqrstu") (address "loopback")
L 08/11/2025 - 10:32:17: -------- Mapchange to zm_gbox6 --------
L 08/11/2025 - 10:32:18: [AMXX] Plugin "bio_event_infect_effect.amxx" failed to load: Module/Library "biohazardf" required for plugin.  Check modules.ini.
L 08/11/2025 - 10:32:18: [zp_level_system.amxx] [ZP Level] Plugin iniciando...
L 08/11/2025 - 10:32:18: [zp_level_system.amxx] [ZP Level] Plugin inicializado com sucesso!
L 08/11/2025 - 10:32:18: [admin.amxx] Login: "ErenZP<67><STEAM_0:0:1776161912><>" became an admin (account "loopback") (access "abcdefghijklmnopqrstu") (address "loopback")
L 08/11/2025 - 10:32:19: [admin.amxx] Login: "ErenZP<67><STEAM_0:0:1776161912><>" became an admin (account "loopback") (access "abcdefghijklmnopqrstu") (address "loopback")
L 08/11/2025 - 10:53:20: -------- Mapchange to zm_gbox6 --------
L 08/11/2025 - 10:53:20: [AMXX] Plugin "bio_event_infect_effect.amxx" failed to load: Module/Library "biohazardf" required for plugin.  Check modules.ini.
L 08/11/2025 - 10:53:26: [zp_level_system.amxx] [ZP Level] Plugin iniciando...
L 08/11/2025 - 10:53:26: [zp_level_system.amxx] [ZP Level] Plugin inicializado com sucesso!
L 08/11/2025 - 10:53:27: [admin.amxx] Login: "ErenZP<78><STEAM_0:0:1776161912><>" became an admin (account "loopback") (access "abcdefghijklmnopqrstu") (address "loopback")
L 08/11/2025 - 10:53:30: [admin.amxx] Login: "ErenZP<78><STEAM_0:0:1776161912><>" became an admin (account "loopback") (access "abcdefghijklmnopqrstu") (address "loopback")
