L 08/03/2025 - 08:42:28: -------- Mapchange to zm_fortuna_v2 --------
L 08/03/2025 - 08:42:39: [admin.amxx] Login: "ErenZP<1><STEAM_0:0:1776161912><>" became an admin (account "loopback") (access "abcdefghijklmnopqrstu") (address "loopback")
L 08/03/2025 - 08:42:43: [admin.amxx] Login: "ErenZP<1><STEAM_0:0:1776161912><>" became an admin (account "loopback") (access "abcdefghijklmnopqrstu") (address "loopback")
L 08/03/2025 - 09:10:59: [mapchooser.amxx] Vote: Voting for the nextmap started
L 08/03/2025 - 09:11:14: [mapchooser.amxx] Vote: Voting for the nextmap finished. The nextmap will be de_aztec
L 08/03/2025 - 09:12:07: -------- Mapchange to zm_fortuna_v2 --------
L 08/03/2025 - 09:12:11: [admin.amxx] Login: "ErenZP<1><STEAM_0:0:1776161912><>" became an admin (account "loopback") (access "abcdefghijklmnopqrstu") (address "loopback")
L 08/03/2025 - 09:12:13: [admin.amxx] Login: "ErenZP<1><STEAM_0:0:1776161912><>" became an admin (account "loopback") (access "abcdefghijklmnopqrstu") (address "loopback")
L 08/03/2025 - 09:16:00: -------- Mapchange to zm_fortuna_v2 --------
L 08/03/2025 - 09:16:01: [admin.amxx] Login: "ErenZP<10><STEAM_0:0:1776161912><>" became an admin (account "loopback") (access "abcdefghijklmnopqrstu") (address "loopback")
L 08/03/2025 - 09:16:02: [admin.amxx] Login: "ErenZP<10><STEAM_0:0:1776161912><>" became an admin (account "loopback") (access "abcdefghijklmnopqrstu") (address "loopback")
L 08/03/2025 - 09:18:16: -------- Mapchange to zm_fortuna_v2 --------
L 08/03/2025 - 09:18:18: [admin.amxx] Login: "ErenZP<19><STEAM_0:0:1776161912><>" became an admin (account "loopback") (access "abcdefghijklmnopqrstu") (address "loopback")
L 08/03/2025 - 09:18:18: [admin.amxx] Login: "ErenZP<19><STEAM_0:0:1776161912><>" became an admin (account "loopback") (access "abcdefghijklmnopqrstu") (address "loopback")
L 08/03/2025 - 09:18:57: -------- Mapchange to zm_fortuna_v2 --------
L 08/03/2025 - 09:18:58: [admin.amxx] Login: "ErenZP<28><STEAM_0:0:1776161912><>" became an admin (account "loopback") (access "abcdefghijklmnopqrstu") (address "loopback")
L 08/03/2025 - 09:18:59: [admin.amxx] Login: "ErenZP<28><STEAM_0:0:1776161912><>" became an admin (account "loopback") (access "abcdefghijklmnopqrstu") (address "loopback")
L 08/03/2025 - 09:22:21: -------- Mapchange to zm_fortuna_v2 --------
L 08/03/2025 - 09:22:22: [admin.amxx] Login: "ErenZP<37><STEAM_0:0:1776161912><>" became an admin (account "loopback") (access "abcdefghijklmnopqrstu") (address "loopback")
L 08/03/2025 - 09:22:26: [admin.amxx] Login: "ErenZP<37><STEAM_0:0:1776161912><>" became an admin (account "loopback") (access "abcdefghijklmnopqrstu") (address "loopback")
L 08/03/2025 - 09:22:50: -------- Mapchange to zm_fortuna_v2 --------
L 08/03/2025 - 09:22:51: [admin.amxx] Login: "ErenZP<38><STEAM_0:0:1776161912><>" became an admin (account "loopback") (access "abcdefghijklmnopqrstu") (address "loopback")
L 08/03/2025 - 09:22:51: [admin.amxx] Login: "ErenZP<38><STEAM_0:0:1776161912><>" became an admin (account "loopback") (access "abcdefghijklmnopqrstu") (address "loopback")
L 08/03/2025 - 09:55:21: -------- Mapchange to zm_fortuna_v2 --------
L 08/03/2025 - 09:55:30: [admin.amxx] Login: "ErenZP<1><STEAM_0:0:1776161912><>" became an admin (account "loopback") (access "abcdefghijklmnopqrstu") (address "loopback")
L 08/03/2025 - 09:55:34: [admin.amxx] Login: "ErenZP<1><STEAM_0:0:1776161912><>" became an admin (account "loopback") (access "abcdefghijklmnopqrstu") (address "loopback")
L 08/03/2025 - 09:56:32: -------- Mapchange to zm_fortuna_v2 --------
L 08/03/2025 - 09:56:33: [admin.amxx] Login: "ErenZP<10><STEAM_0:0:1776161912><>" became an admin (account "loopback") (access "abcdefghijklmnopqrstu") (address "loopback")
L 08/03/2025 - 09:56:34: [admin.amxx] Login: "ErenZP<10><STEAM_0:0:1776161912><>" became an admin (account "loopback") (access "abcdefghijklmnopqrstu") (address "loopback")
L 08/03/2025 - 10:11:50: -------- Mapchange to de_dust2 --------
L 08/03/2025 - 10:11:52: [admin.amxx] Login: "ErenZP<19><STEAM_0:0:1776161912><>" became an admin (account "loopback") (access "abcdefghijklmnopqrstu") (address "loopback")
L 08/03/2025 - 10:11:53: [admin.amxx] Login: "ErenZP<19><STEAM_0:0:1776161912><>" became an admin (account "loopback") (access "abcdefghijklmnopqrstu") (address "loopback")
L 08/03/2025 - 10:29:36: -------- Mapchange to de_dust2 --------
L 08/03/2025 - 10:29:37: [admin.amxx] Login: "ErenZP<28><STEAM_0:0:1776161912><>" became an admin (account "loopback") (access "abcdefghijklmnopqrstu") (address "loopback")
L 08/03/2025 - 10:29:38: [admin.amxx] Login: "ErenZP<28><STEAM_0:0:1776161912><>" became an admin (account "loopback") (access "abcdefghijklmnopqrstu") (address "loopback")
L 08/03/2025 - 10:31:08: -------- Mapchange to zm_fortuna_v2 --------
L 08/03/2025 - 10:31:09: [admin.amxx] Login: "ErenZP<37><STEAM_0:0:1776161912><>" became an admin (account "loopback") (access "abcdefghijklmnopqrstu") (address "loopback")
L 08/03/2025 - 10:31:09: [admin.amxx] Login: "ErenZP<37><STEAM_0:0:1776161912><>" became an admin (account "loopback") (access "abcdefghijklmnopqrstu") (address "loopback")
L 08/03/2025 - 10:59:23: [mapchooser.amxx] Vote: Voting for the nextmap started
L 08/03/2025 - 10:59:38: [mapchooser.amxx] Vote: Voting for the nextmap finished. The nextmap will be de_train
L 08/03/2025 - 11:01:04: -------- Mapchange to zm_fortuna_v2 --------
L 08/03/2025 - 11:01:10: [admin.amxx] Login: "ErenZP<46><STEAM_0:0:1776161912><>" became an admin (account "loopback") (access "abcdefghijklmnopqrstu") (address "loopback")
L 08/03/2025 - 11:01:13: [admin.amxx] Login: "ErenZP<46><STEAM_0:0:1776161912><>" became an admin (account "loopback") (access "abcdefghijklmnopqrstu") (address "loopback")
L 08/03/2025 - 11:01:54: -------- Mapchange to zm_fortuna_v2 --------
L 08/03/2025 - 11:01:55: [admin.amxx] Login: "ErenZP<55><STEAM_0:0:1776161912><>" became an admin (account "loopback") (access "abcdefghijklmnopqrstu") (address "loopback")
L 08/03/2025 - 11:01:55: [admin.amxx] Login: "ErenZP<55><STEAM_0:0:1776161912><>" became an admin (account "loopback") (access "abcdefghijklmnopqrstu") (address "loopback")
L 08/03/2025 - 11:14:06: -------- Mapchange to zm_fortuna_v2 --------
L 08/03/2025 - 11:14:07: [admin.amxx] Login: "ErenZP<64><STEAM_0:0:1776161912><>" became an admin (account "loopback") (access "abcdefghijklmnopqrstu") (address "loopback")
L 08/03/2025 - 11:14:07: [admin.amxx] Login: "ErenZP<64><STEAM_0:0:1776161912><>" became an admin (account "loopback") (access "abcdefghijklmnopqrstu") (address "loopback")
L 08/03/2025 - 11:16:29: -------- Mapchange to zm_fortuna_v2 --------
L 08/03/2025 - 11:16:30: [admin.amxx] Login: "ErenZP<73><STEAM_0:0:1776161912><>" became an admin (account "loopback") (access "abcdefghijklmnopqrstu") (address "loopback")
L 08/03/2025 - 11:16:31: [admin.amxx] Login: "ErenZP<73><STEAM_0:0:1776161912><>" became an admin (account "loopback") (access "abcdefghijklmnopqrstu") (address "loopback")
L 08/03/2025 - 11:18:54: -------- Mapchange to zm_fortuna_v2 --------
L 08/03/2025 - 11:18:54: [admin.amxx] Login: "ErenZP<82><STEAM_0:0:1776161912><>" became an admin (account "loopback") (access "abcdefghijklmnopqrstu") (address "loopback")
L 08/03/2025 - 11:18:55: [admin.amxx] Login: "ErenZP<82><STEAM_0:0:1776161912><>" became an admin (account "loopback") (access "abcdefghijklmnopqrstu") (address "loopback")
L 08/03/2025 - 11:45:39: -------- Mapchange to zm_fortuna_v2 --------
L 08/03/2025 - 11:45:40: [admin.amxx] Login: "ErenZP<91><STEAM_0:0:1776161912><>" became an admin (account "loopback") (access "abcdefghijklmnopqrstu") (address "loopback")
L 08/03/2025 - 11:45:41: [admin.amxx] Login: "ErenZP<91><STEAM_0:0:1776161912><>" became an admin (account "loopback") (access "abcdefghijklmnopqrstu") (address "loopback")
L 08/03/2025 - 11:46:39: -------- Mapchange to zm_fortuna_v2 --------
L 08/03/2025 - 11:46:40: [admin.amxx] Login: "ErenZP<100><STEAM_0:0:1776161912><>" became an admin (account "loopback") (access "abcdefghijklmnopqrstu") (address "loopback")
L 08/03/2025 - 11:46:40: [admin.amxx] Login: "ErenZP<100><STEAM_0:0:1776161912><>" became an admin (account "loopback") (access "abcdefghijklmnopqrstu") (address "loopback")
L 08/03/2025 - 11:58:39: -------- Mapchange to zm_fortuna_v2 --------
L 08/03/2025 - 11:58:41: [admin.amxx] Login: "ErenZP<109><STEAM_0:0:1776161912><>" became an admin (account "loopback") (access "abcdefghijklmnopqrstu") (address "loopback")
L 08/03/2025 - 11:58:42: [admin.amxx] Login: "ErenZP<109><STEAM_0:0:1776161912><>" became an admin (account "loopback") (access "abcdefghijklmnopqrstu") (address "loopback")
L 08/03/2025 - 12:22:15: -------- Mapchange to zm_fortuna_v2 --------
L 08/03/2025 - 12:22:16: [admin.amxx] Login: "ErenZP<118><STEAM_0:0:1776161912><>" became an admin (account "loopback") (access "abcdefghijklmnopqrstu") (address "loopback")
L 08/03/2025 - 12:22:17: [admin.amxx] Login: "ErenZP<118><STEAM_0:0:1776161912><>" became an admin (account "loopback") (access "abcdefghijklmnopqrstu") (address "loopback")
L 08/03/2025 - 12:23:02: -------- Mapchange to zm_fortuna_v2 --------
L 08/03/2025 - 12:23:02: [admin.amxx] Login: "ErenZP<127><STEAM_0:0:1776161912><>" became an admin (account "loopback") (access "abcdefghijklmnopqrstu") (address "loopback")
L 08/03/2025 - 12:23:03: [admin.amxx] Login: "ErenZP<127><STEAM_0:0:1776161912><>" became an admin (account "loopback") (access "abcdefghijklmnopqrstu") (address "loopback")
L 08/03/2025 - 12:31:38: -------- Mapchange to zm_fortuna_v2 --------
L 08/03/2025 - 12:31:40: [admin.amxx] Login: "ErenZP<136><STEAM_0:0:1776161912><>" became an admin (account "loopback") (access "abcdefghijklmnopqrstu") (address "loopback")
L 08/03/2025 - 12:31:41: [admin.amxx] Login: "ErenZP<136><STEAM_0:0:1776161912><>" became an admin (account "loopback") (access "abcdefghijklmnopqrstu") (address "loopback")
L 08/03/2025 - 13:21:48: -------- Mapchange to zm_fortuna_v2 --------
L 08/03/2025 - 13:21:51: [admin.amxx] Login: "ErenZP<1><STEAM_0:0:1776161912><>" became an admin (account "loopback") (access "abcdefghijklmnopqrstu") (address "loopback")
L 08/03/2025 - 13:21:52: [admin.amxx] Login: "ErenZP<1><STEAM_0:0:1776161912><>" became an admin (account "loopback") (access "abcdefghijklmnopqrstu") (address "loopback")
L 08/03/2025 - 14:39:08: -------- Mapchange to zm_fortuna_v2 --------
L 08/03/2025 - 14:39:12: [admin.amxx] Login: "ErenZP<1><STEAM_0:0:1776161912><>" became an admin (account "loopback") (access "abcdefghijklmnopqrstu") (address "loopback")
L 08/03/2025 - 14:39:14: [admin.amxx] Login: "ErenZP<1><STEAM_0:0:1776161912><>" became an admin (account "loopback") (access "abcdefghijklmnopqrstu") (address "loopback")
L 08/03/2025 - 14:44:10: -------- Mapchange to zm_fortuna_v2 --------
L 08/03/2025 - 14:44:11: [admin.amxx] Login: "ErenZP<10><STEAM_0:0:1776161912><>" became an admin (account "loopback") (access "abcdefghijklmnopqrstu") (address "loopback")
L 08/03/2025 - 14:44:13: [admin.amxx] Login: "ErenZP<10><STEAM_0:0:1776161912><>" became an admin (account "loopback") (access "abcdefghijklmnopqrstu") (address "loopback")
L 08/03/2025 - 14:46:26: -------- Mapchange to zm_fortuna_v2 --------
L 08/03/2025 - 14:46:27: [admin.amxx] Login: "ErenZP<19><STEAM_0:0:1776161912><>" became an admin (account "loopback") (access "abcdefghijklmnopqrstu") (address "loopback")
L 08/03/2025 - 14:46:28: [admin.amxx] Login: "ErenZP<19><STEAM_0:0:1776161912><>" became an admin (account "loopback") (access "abcdefghijklmnopqrstu") (address "loopback")
L 08/03/2025 - 14:47:49: -------- Mapchange to zm_fortuna_v2 --------
L 08/03/2025 - 14:47:50: [admin.amxx] Login: "ErenZP<28><STEAM_0:0:1776161912><>" became an admin (account "loopback") (access "abcdefghijklmnopqrstu") (address "loopback")
L 08/03/2025 - 14:47:52: [admin.amxx] Login: "ErenZP<28><STEAM_0:0:1776161912><>" became an admin (account "loopback") (access "abcdefghijklmnopqrstu") (address "loopback")
L 08/03/2025 - 14:48:47: -------- Mapchange to zm_fortuna_v2 --------
L 08/03/2025 - 14:48:48: [admin.amxx] Login: "ErenZP<37><STEAM_0:0:1776161912><>" became an admin (account "loopback") (access "abcdefghijklmnopqrstu") (address "loopback")
L 08/03/2025 - 14:48:50: [admin.amxx] Login: "ErenZP<37><STEAM_0:0:1776161912><>" became an admin (account "loopback") (access "abcdefghijklmnopqrstu") (address "loopback")
L 08/03/2025 - 14:49:54: -------- Mapchange to zm_fortuna_v2 --------
L 08/03/2025 - 14:49:55: [admin.amxx] Login: "ErenZP<46><STEAM_0:0:1776161912><>" became an admin (account "loopback") (access "abcdefghijklmnopqrstu") (address "loopback")
L 08/03/2025 - 14:49:56: [admin.amxx] Login: "ErenZP<46><STEAM_0:0:1776161912><>" became an admin (account "loopback") (access "abcdefghijklmnopqrstu") (address "loopback")
L 08/03/2025 - 14:53:57: -------- Mapchange to zm_fortuna_v2 --------
L 08/03/2025 - 14:53:58: [admin.amxx] Login: "ErenZP<55><STEAM_0:0:1776161912><>" became an admin (account "loopback") (access "abcdefghijklmnopqrstu") (address "loopback")
L 08/03/2025 - 14:53:59: [admin.amxx] Login: "ErenZP<55><STEAM_0:0:1776161912><>" became an admin (account "loopback") (access "abcdefghijklmnopqrstu") (address "loopback")
L 08/03/2025 - 14:55:40: -------- Mapchange to zm_fortuna_v2 --------
L 08/03/2025 - 14:55:41: [admin.amxx] Login: "ErenZP<64><STEAM_0:0:1776161912><>" became an admin (account "loopback") (access "abcdefghijklmnopqrstu") (address "loopback")
L 08/03/2025 - 14:55:42: [admin.amxx] Login: "ErenZP<64><STEAM_0:0:1776161912><>" became an admin (account "loopback") (access "abcdefghijklmnopqrstu") (address "loopback")
L 08/03/2025 - 14:59:55: -------- Mapchange to zm_fortuna_v2 --------
L 08/03/2025 - 14:59:56: [admin.amxx] Login: "ErenZP<73><STEAM_0:0:1776161912><>" became an admin (account "loopback") (access "abcdefghijklmnopqrstu") (address "loopback")
L 08/03/2025 - 14:59:57: [admin.amxx] Login: "ErenZP<73><STEAM_0:0:1776161912><>" became an admin (account "loopback") (access "abcdefghijklmnopqrstu") (address "loopback")
L 08/03/2025 - 15:01:43: -------- Mapchange to zm_fortuna_v2 --------
L 08/03/2025 - 15:01:44: [admin.amxx] Login: "ErenZP<82><STEAM_0:0:1776161912><>" became an admin (account "loopback") (access "abcdefghijklmnopqrstu") (address "loopback")
L 08/03/2025 - 15:01:45: [admin.amxx] Login: "ErenZP<82><STEAM_0:0:1776161912><>" became an admin (account "loopback") (access "abcdefghijklmnopqrstu") (address "loopback")
L 08/03/2025 - 15:29:58: [mapchooser.amxx] Vote: Voting for the nextmap started
L 08/03/2025 - 15:30:13: [mapchooser.amxx] Vote: Voting for the nextmap finished. The nextmap will be de_train
L 08/03/2025 - 15:32:01: -------- Mapchange to zm_fortuna_v2 --------
L 08/03/2025 - 15:32:02: [admin.amxx] Login: "ErenZP<91><STEAM_0:0:1776161912><>" became an admin (account "loopback") (access "abcdefghijklmnopqrstu") (address "loopback")
L 08/03/2025 - 15:32:03: [admin.amxx] Login: "ErenZP<91><STEAM_0:0:1776161912><>" became an admin (account "loopback") (access "abcdefghijklmnopqrstu") (address "loopback")
L 08/03/2025 - 15:36:35: -------- Mapchange to zm_fortuna_v2 --------
L 08/03/2025 - 15:36:37: [admin.amxx] Login: "ErenZP<100><STEAM_0:0:1776161912><>" became an admin (account "loopback") (access "abcdefghijklmnopqrstu") (address "loopback")
L 08/03/2025 - 15:36:38: [admin.amxx] Login: "ErenZP<100><STEAM_0:0:1776161912><>" became an admin (account "loopback") (access "abcdefghijklmnopqrstu") (address "loopback")
L 08/03/2025 - 15:38:00: -------- Mapchange to zm_fortuna_v2 --------
L 08/03/2025 - 15:38:02: [admin.amxx] Login: "ErenZP<109><STEAM_0:0:1776161912><>" became an admin (account "loopback") (access "abcdefghijklmnopqrstu") (address "loopback")
L 08/03/2025 - 15:38:03: [admin.amxx] Login: "ErenZP<109><STEAM_0:0:1776161912><>" became an admin (account "loopback") (access "abcdefghijklmnopqrstu") (address "loopback")
L 08/03/2025 - 16:15:19: -------- Mapchange to zm_fortuna_v2 --------
L 08/03/2025 - 16:15:24: [admin.amxx] Login: "ErenZP<1><STEAM_0:0:1776161912><>" became an admin (account "loopback") (access "abcdefghijklmnopqrstu") (address "loopback")
L 08/03/2025 - 16:15:26: [admin.amxx] Login: "ErenZP<1><STEAM_0:0:1776161912><>" became an admin (account "loopback") (access "abcdefghijklmnopqrstu") (address "loopback")
L 08/03/2025 - 16:23:03: -------- Mapchange to zm_fortuna_v2 --------
L 08/03/2025 - 16:23:05: [admin.amxx] Login: "ErenZP<10><STEAM_0:0:1776161912><>" became an admin (account "loopback") (access "abcdefghijklmnopqrstu") (address "loopback")
L 08/03/2025 - 16:23:07: [admin.amxx] Login: "ErenZP<10><STEAM_0:0:1776161912><>" became an admin (account "loopback") (access "abcdefghijklmnopqrstu") (address "loopback")
L 08/03/2025 - 16:23:57: -------- Mapchange to zm_fortuna_v2 --------
L 08/03/2025 - 16:24:01: [admin.amxx] Login: "ErenZP<19><STEAM_0:0:1776161912><>" became an admin (account "loopback") (access "abcdefghijklmnopqrstu") (address "loopback")
L 08/03/2025 - 16:24:01: [admin.amxx] Login: "ErenZP<19><STEAM_0:0:1776161912><>" became an admin (account "loopback") (access "abcdefghijklmnopqrstu") (address "loopback")
L 08/03/2025 - 16:33:08: -------- Mapchange to zm_fortuna_v2 --------
L 08/03/2025 - 16:33:15: [admin.amxx] Login: "ErenZP<1><STEAM_0:0:1776161912><>" became an admin (account "loopback") (access "abcdefghijklmnopqrstu") (address "loopback")
L 08/03/2025 - 16:33:18: [admin.amxx] Login: "ErenZP<1><STEAM_0:0:1776161912><>" became an admin (account "loopback") (access "abcdefghijklmnopqrstu") (address "loopback")
L 08/03/2025 - 16:42:28: -------- Mapchange to zm_fortuna_v2 --------
L 08/03/2025 - 16:42:33: [admin.amxx] Login: "ErenZP<1><STEAM_0:0:1776161912><>" became an admin (account "loopback") (access "abcdefghijklmnopqrstu") (address "loopback")
L 08/03/2025 - 16:42:36: [admin.amxx] Login: "ErenZP<1><STEAM_0:0:1776161912><>" became an admin (account "loopback") (access "abcdefghijklmnopqrstu") (address "loopback")
L 08/03/2025 - 16:48:09: -------- Mapchange to zm_fortuna_v2 --------
L 08/03/2025 - 16:48:14: [admin.amxx] Login: "ErenZP<10><STEAM_0:0:1776161912><>" became an admin (account "loopback") (access "abcdefghijklmnopqrstu") (address "loopback")
L 08/03/2025 - 16:48:16: [admin.amxx] Login: "ErenZP<10><STEAM_0:0:1776161912><>" became an admin (account "loopback") (access "abcdefghijklmnopqrstu") (address "loopback")
L 08/03/2025 - 16:48:58: -------- Mapchange to zm_fortuna_v2 --------
L 08/03/2025 - 16:48:59: [admin.amxx] Login: "ErenZP<19><STEAM_0:0:1776161912><>" became an admin (account "loopback") (access "abcdefghijklmnopqrstu") (address "loopback")
L 08/03/2025 - 16:49:00: [admin.amxx] Login: "ErenZP<19><STEAM_0:0:1776161912><>" became an admin (account "loopback") (access "abcdefghijklmnopqrstu") (address "loopback")
L 08/03/2025 - 17:05:11: -------- Mapchange to zm_fortuna_v2 --------
L 08/03/2025 - 17:05:14: [admin.amxx] Login: "ErenZP<1><STEAM_0:0:1776161912><>" became an admin (account "loopback") (access "abcdefghijklmnopqrstu") (address "loopback")
L 08/03/2025 - 17:05:15: [admin.amxx] Login: "ErenZP<1><STEAM_0:0:1776161912><>" became an admin (account "loopback") (access "abcdefghijklmnopqrstu") (address "loopback")
L 08/03/2025 - 17:32:15: -------- Mapchange to zm_fortuna_v2 --------
L 08/03/2025 - 17:32:19: [admin.amxx] Login: "ErenZP<1><STEAM_0:0:1776161912><>" became an admin (account "loopback") (access "abcdefghijklmnopqrstu") (address "loopback")
L 08/03/2025 - 17:32:22: [admin.amxx] Login: "ErenZP<1><STEAM_0:0:1776161912><>" became an admin (account "loopback") (access "abcdefghijklmnopqrstu") (address "loopback")
L 08/03/2025 - 17:37:32: -------- Mapchange to zm_fortuna_v2 --------
L 08/03/2025 - 17:37:34: [admin.amxx] Login: "ErenZP<10><STEAM_0:0:1776161912><>" became an admin (account "loopback") (access "abcdefghijklmnopqrstu") (address "loopback")
L 08/03/2025 - 17:37:36: [admin.amxx] Login: "ErenZP<10><STEAM_0:0:1776161912><>" became an admin (account "loopback") (access "abcdefghijklmnopqrstu") (address "loopback")
L 08/03/2025 - 17:39:00: -------- Mapchange to zm_fortuna_v2 --------
L 08/03/2025 - 17:39:02: [admin.amxx] Login: "ErenZP<19><STEAM_0:0:1776161912><>" became an admin (account "loopback") (access "abcdefghijklmnopqrstu") (address "loopback")
L 08/03/2025 - 17:39:03: [admin.amxx] Login: "ErenZP<19><STEAM_0:0:1776161912><>" became an admin (account "loopback") (access "abcdefghijklmnopqrstu") (address "loopback")
L 08/03/2025 - 17:39:43: -------- Mapchange to zm_fortuna_v2 --------
L 08/03/2025 - 17:39:44: [admin.amxx] Login: "ErenZP<28><STEAM_0:0:1776161912><>" became an admin (account "loopback") (access "abcdefghijklmnopqrstu") (address "loopback")
L 08/03/2025 - 17:39:45: [admin.amxx] Login: "ErenZP<28><STEAM_0:0:1776161912><>" became an admin (account "loopback") (access "abcdefghijklmnopqrstu") (address "loopback")
L 08/03/2025 - 17:43:34: -------- Mapchange to zm_fortuna_v2 --------
L 08/03/2025 - 17:43:35: [admin.amxx] Login: "ErenZP<37><STEAM_0:0:1776161912><>" became an admin (account "loopback") (access "abcdefghijklmnopqrstu") (address "loopback")
L 08/03/2025 - 17:43:36: [admin.amxx] Login: "ErenZP<37><STEAM_0:0:1776161912><>" became an admin (account "loopback") (access "abcdefghijklmnopqrstu") (address "loopback")
L 08/03/2025 - 17:45:03: -------- Mapchange to zm_fortuna_v2 --------
L 08/03/2025 - 17:45:03: [admin.amxx] Login: "ErenZP<46><STEAM_0:0:1776161912><>" became an admin (account "loopback") (access "abcdefghijklmnopqrstu") (address "loopback")
L 08/03/2025 - 17:45:04: [admin.amxx] Login: "ErenZP<46><STEAM_0:0:1776161912><>" became an admin (account "loopback") (access "abcdefghijklmnopqrstu") (address "loopback")
L 08/03/2025 - 17:51:10: -------- Mapchange to zm_fortuna_v2 --------
L 08/03/2025 - 17:51:12: [admin.amxx] Login: "ErenZP<55><STEAM_0:0:1776161912><>" became an admin (account "loopback") (access "abcdefghijklmnopqrstu") (address "loopback")
L 08/03/2025 - 17:51:13: [admin.amxx] Login: "ErenZP<55><STEAM_0:0:1776161912><>" became an admin (account "loopback") (access "abcdefghijklmnopqrstu") (address "loopback")
L 08/03/2025 - 17:52:22: -------- Mapchange to zm_fortuna_v2 --------
L 08/03/2025 - 17:52:23: [admin.amxx] Login: "ErenZP<64><STEAM_0:0:1776161912><>" became an admin (account "loopback") (access "abcdefghijklmnopqrstu") (address "loopback")
L 08/03/2025 - 17:52:23: [admin.amxx] Login: "ErenZP<64><STEAM_0:0:1776161912><>" became an admin (account "loopback") (access "abcdefghijklmnopqrstu") (address "loopback")
L 08/03/2025 - 17:52:46: -------- Mapchange to zm_fortuna_v2 --------
L 08/03/2025 - 17:52:47: [admin.amxx] Login: "ErenZP<73><STEAM_0:0:1776161912><>" became an admin (account "loopback") (access "abcdefghijklmnopqrstu") (address "loopback")
L 08/03/2025 - 17:52:48: [admin.amxx] Login: "ErenZP<73><STEAM_0:0:1776161912><>" became an admin (account "loopback") (access "abcdefghijklmnopqrstu") (address "loopback")
L 08/03/2025 - 17:59:51: -------- Mapchange to zm_fortuna_v2 --------
L 08/03/2025 - 17:59:52: [admin.amxx] Login: "ErenZP<82><STEAM_0:0:1776161912><>" became an admin (account "loopback") (access "abcdefghijklmnopqrstu") (address "loopback")
L 08/03/2025 - 17:59:53: [admin.amxx] Login: "ErenZP<82><STEAM_0:0:1776161912><>" became an admin (account "loopback") (access "abcdefghijklmnopqrstu") (address "loopback")
L 08/03/2025 - 18:12:19: -------- Mapchange to zm_fortuna_v2 --------
L 08/03/2025 - 18:12:28: [admin.amxx] Login: "ErenZP<1><STEAM_0:0:1776161912><>" became an admin (account "loopback") (access "abcdefghijklmnopqrstu") (address "loopback")
L 08/03/2025 - 18:12:34: [admin.amxx] Login: "ErenZP<1><STEAM_0:0:1776161912><>" became an admin (account "loopback") (access "abcdefghijklmnopqrstu") (address "loopback")
L 08/03/2025 - 18:14:15: -------- Mapchange to zm_fortuna_v2 --------
L 08/03/2025 - 18:14:17: [admin.amxx] Login: "ErenZP<10><STEAM_0:0:1776161912><>" became an admin (account "loopback") (access "abcdefghijklmnopqrstu") (address "loopback")
L 08/03/2025 - 18:14:20: [admin.amxx] Login: "ErenZP<10><STEAM_0:0:1776161912><>" became an admin (account "loopback") (access "abcdefghijklmnopqrstu") (address "loopback")
L 08/03/2025 - 18:14:57: -------- Mapchange to zm_fortuna_v2 --------
L 08/03/2025 - 18:14:58: [admin.amxx] Login: "ErenZP<19><STEAM_0:0:1776161912><>" became an admin (account "loopback") (access "abcdefghijklmnopqrstu") (address "loopback")
L 08/03/2025 - 18:14:59: [admin.amxx] Login: "ErenZP<19><STEAM_0:0:1776161912><>" became an admin (account "loopback") (access "abcdefghijklmnopqrstu") (address "loopback")
L 08/03/2025 - 18:43:13: [mapchooser.amxx] Vote: Voting for the nextmap started
L 08/03/2025 - 18:43:28: [mapchooser.amxx] Vote: Voting for the nextmap finished. The nextmap will be de_inferno
L 08/03/2025 - 18:45:22: -------- Mapchange to de_inferno --------
L 08/03/2025 - 18:45:23: [admin.amxx] Login: "ErenZP<19><STEAM_0:0:1776161912><>" became an admin (account "loopback") (access "abcdefghijklmnopqrstu") (address "loopback")
L 08/03/2025 - 18:45:25: [admin.amxx] Login: "ErenZP<19><STEAM_0:0:1776161912><>" became an admin (account "loopback") (access "abcdefghijklmnopqrstu") (address "loopback")
