L 08/06/2025 - 08:36:12: -------- Mapchange to zm_gbox6 --------
L 08/06/2025 - 08:36:14: [nextmap.amxx] WARNING: Couldn't find a valid map or the file doesn't exist (file "mapcycle.txt")
L 08/06/2025 - 08:36:14: Invalid multi-lingual line (file "cstrike\addons\amxmodx\data\lang\lasermine_perfect.txt" line 1)
L 08/06/2025 - 08:36:14: [zp_level_system.amxx] [ZP Level] Plugin iniciando...
L 08/06/2025 - 08:36:14: [zp_level_system.amxx] [ZP Level] Plugin inicializado com sucesso!
L 08/06/2025 - 08:36:14: [zm_vip.amxx] ErenZP become VIP. (SteamID: "STEAM_0:0:1776161912") (IP: "loopback") (Flags: "abcde")
L 08/06/2025 - 08:36:14: [admin.amxx] Login: "ErenZP<1><STEAM_0:0:1776161912><>" became an admin (account "loopback") (access "abcdefghijklmnopqrstu") (address "loopback")
L 08/06/2025 - 08:36:15: [admin.amxx] Login: "ErenZP<1><STEAM_0:0:1776161912><>" became an admin (account "loopback") (access "abcdefghijklmnopqrstu") (address "loopback")
L 08/06/2025 - 08:43:35: -------- Mapchange to zm_gbox6 --------
L 08/06/2025 - 08:43:36: [nextmap.amxx] WARNING: Couldn't find a valid map or the file doesn't exist (file "mapcycle.txt")
L 08/06/2025 - 08:43:36: [zp_level_system.amxx] [ZP Level] Plugin iniciando...
L 08/06/2025 - 08:43:36: [zp_level_system.amxx] [ZP Level] Plugin inicializado com sucesso!
L 08/06/2025 - 08:43:37: [zm_vip.amxx] ErenZP become VIP. (SteamID: "STEAM_0:0:1776161912") (IP: "loopback") (Flags: "abcde")
L 08/06/2025 - 08:43:37: [admin.amxx] Login: "ErenZP<7><STEAM_0:0:1776161912><>" became an admin (account "loopback") (access "abcdefghijklmnopqrstu") (address "loopback")
L 08/06/2025 - 08:43:38: [admin.amxx] Login: "ErenZP<7><STEAM_0:0:1776161912><>" became an admin (account "loopback") (access "abcdefghijklmnopqrstu") (address "loopback")
L 08/06/2025 - 08:47:41: -------- Mapchange to zm_gbox6 --------
L 08/06/2025 - 08:47:42: [nextmap.amxx] WARNING: Couldn't find a valid map or the file doesn't exist (file "mapcycle.txt")
L 08/06/2025 - 08:47:42: [zp_level_system.amxx] [ZP Level] Plugin iniciando...
L 08/06/2025 - 08:47:42: [zp_level_system.amxx] [ZP Level] Plugin inicializado com sucesso!
L 08/06/2025 - 08:47:43: [zm_vip.amxx] ErenZP become VIP. (SteamID: "STEAM_0:0:1776161912") (IP: "loopback") (Flags: "abcde")
L 08/06/2025 - 08:47:43: [admin.amxx] Login: "ErenZP<13><STEAM_0:0:1776161912><>" became an admin (account "loopback") (access "abcdefghijklmnopqrstu") (address "loopback")
L 08/06/2025 - 08:47:44: [admin.amxx] Login: "ErenZP<13><STEAM_0:0:1776161912><>" became an admin (account "loopback") (access "abcdefghijklmnopqrstu") (address "loopback")
L 08/06/2025 - 08:51:31: -------- Mapchange to zm_gbox6 --------
L 08/06/2025 - 08:51:32: [nextmap.amxx] WARNING: Couldn't find a valid map or the file doesn't exist (file "mapcycle.txt")
L 08/06/2025 - 08:51:32: [zp_level_system.amxx] [ZP Level] Plugin iniciando...
L 08/06/2025 - 08:51:32: [zp_level_system.amxx] [ZP Level] Plugin inicializado com sucesso!
L 08/06/2025 - 08:51:32: [zm_vip.amxx] ErenZP become VIP. (SteamID: "STEAM_0:0:1776161912") (IP: "loopback") (Flags: "abcde")
L 08/06/2025 - 08:51:32: [admin.amxx] Login: "ErenZP<19><STEAM_0:0:1776161912><>" became an admin (account "loopback") (access "abcdefghijklmnopqrstu") (address "loopback")
L 08/06/2025 - 08:51:33: [admin.amxx] Login: "ErenZP<19><STEAM_0:0:1776161912><>" became an admin (account "loopback") (access "abcdefghijklmnopqrstu") (address "loopback")
L 08/06/2025 - 08:52:38: -------- Mapchange to zm_gbox6 --------
L 08/06/2025 - 08:52:39: [nextmap.amxx] WARNING: Couldn't find a valid map or the file doesn't exist (file "mapcycle.txt")
L 08/06/2025 - 08:52:39: [zp_level_system.amxx] [ZP Level] Plugin iniciando...
L 08/06/2025 - 08:52:39: [zp_level_system.amxx] [ZP Level] Plugin inicializado com sucesso!
L 08/06/2025 - 08:52:39: [zm_vip.amxx] ErenZP become VIP. (SteamID: "STEAM_0:0:1776161912") (IP: "loopback") (Flags: "abcde")
L 08/06/2025 - 08:52:39: [admin.amxx] Login: "ErenZP<25><STEAM_0:0:1776161912><>" became an admin (account "loopback") (access "abcdefghijklmnopqrstu") (address "loopback")
L 08/06/2025 - 08:52:40: [admin.amxx] Login: "ErenZP<25><STEAM_0:0:1776161912><>" became an admin (account "loopback") (access "abcdefghijklmnopqrstu") (address "loopback")
L 08/06/2025 - 08:54:41: -------- Mapchange to zm_gbox6 --------
L 08/06/2025 - 08:54:42: [nextmap.amxx] WARNING: Couldn't find a valid map or the file doesn't exist (file "mapcycle.txt")
L 08/06/2025 - 08:54:42: [zp_level_system.amxx] [ZP Level] Plugin iniciando...
L 08/06/2025 - 08:54:42: [zp_level_system.amxx] [ZP Level] Plugin inicializado com sucesso!
L 08/06/2025 - 08:54:43: [zm_vip.amxx] ErenZP become VIP. (SteamID: "STEAM_0:0:1776161912") (IP: "loopback") (Flags: "abcde")
L 08/06/2025 - 08:54:43: [admin.amxx] Login: "ErenZP<31><STEAM_0:0:1776161912><>" became an admin (account "loopback") (access "abcdefghijklmnopqrstu") (address "loopback")
L 08/06/2025 - 08:54:44: [admin.amxx] Login: "ErenZP<31><STEAM_0:0:1776161912><>" became an admin (account "loopback") (access "abcdefghijklmnopqrstu") (address "loopback")
L 08/06/2025 - 08:58:55: -------- Mapchange to zm_gbox6 --------
L 08/06/2025 - 08:58:56: [nextmap.amxx] WARNING: Couldn't find a valid map or the file doesn't exist (file "mapcycle.txt")
L 08/06/2025 - 08:58:56: [zp_level_system.amxx] [ZP Level] Plugin iniciando...
L 08/06/2025 - 08:58:56: [zp_level_system.amxx] [ZP Level] Plugin inicializado com sucesso!
L 08/06/2025 - 08:58:57: [zm_vip.amxx] ErenZP become VIP. (SteamID: "STEAM_0:0:1776161912") (IP: "loopback") (Flags: "abcde")
L 08/06/2025 - 08:58:57: [admin.amxx] Login: "ErenZP<37><STEAM_0:0:1776161912><>" became an admin (account "loopback") (access "abcdefghijklmnopqrstu") (address "loopback")
L 08/06/2025 - 08:58:59: [admin.amxx] Login: "ErenZP<37><STEAM_0:0:1776161912><>" became an admin (account "loopback") (access "abcdefghijklmnopqrstu") (address "loopback")
L 08/06/2025 - 09:03:13: -------- Mapchange to zm_gbox6 --------
L 08/06/2025 - 09:03:14: [nextmap.amxx] WARNING: Couldn't find a valid map or the file doesn't exist (file "mapcycle.txt")
L 08/06/2025 - 09:03:14: [zp_level_system.amxx] [ZP Level] Plugin iniciando...
L 08/06/2025 - 09:03:14: [zp_level_system.amxx] [ZP Level] Plugin inicializado com sucesso!
L 08/06/2025 - 09:03:15: [zm_vip.amxx] ErenZP become VIP. (SteamID: "STEAM_0:0:1776161912") (IP: "loopback") (Flags: "abcde")
L 08/06/2025 - 09:03:15: [admin.amxx] Login: "ErenZP<43><STEAM_0:0:1776161912><>" became an admin (account "loopback") (access "abcdefghijklmnopqrstu") (address "loopback")
L 08/06/2025 - 09:03:15: [admin.amxx] Login: "ErenZP<43><STEAM_0:0:1776161912><>" became an admin (account "loopback") (access "abcdefghijklmnopqrstu") (address "loopback")
L 08/06/2025 - 09:30:03: -------- Mapchange to zm_gbox6 --------
L 08/06/2025 - 09:30:04: [nextmap.amxx] WARNING: Couldn't find a valid map or the file doesn't exist (file "mapcycle.txt")
L 08/06/2025 - 09:30:04: [zp_level_system.amxx] [ZP Level] Plugin iniciando...
L 08/06/2025 - 09:30:04: [zp_level_system.amxx] [ZP Level] Plugin inicializado com sucesso!
L 08/06/2025 - 09:30:04: [zm_vip.amxx] ErenZP become VIP. (SteamID: "STEAM_0:0:1776161912") (IP: "loopback") (Flags: "abcde")
L 08/06/2025 - 09:30:04: [admin.amxx] Login: "ErenZP<49><STEAM_0:0:1776161912><>" became an admin (account "loopback") (access "abcdefghijklmnopqrstu") (address "loopback")
L 08/06/2025 - 09:30:05: [admin.amxx] Login: "ErenZP<49><STEAM_0:0:1776161912><>" became an admin (account "loopback") (access "abcdefghijklmnopqrstu") (address "loopback")
L 08/06/2025 - 09:40:36: -------- Mapchange to zm_gbox6 --------
L 08/06/2025 - 09:40:37: [nextmap.amxx] WARNING: Couldn't find a valid map or the file doesn't exist (file "mapcycle.txt")
L 08/06/2025 - 09:40:37: [zp_level_system.amxx] [ZP Level] Plugin iniciando...
L 08/06/2025 - 09:40:37: [zp_level_system.amxx] [ZP Level] Plugin inicializado com sucesso!
L 08/06/2025 - 09:40:37: [zm_vip.amxx] ErenZP become VIP. (SteamID: "STEAM_0:0:1776161912") (IP: "loopback") (Flags: "abcde")
L 08/06/2025 - 09:40:37: [admin.amxx] Login: "ErenZP<55><STEAM_0:0:1776161912><>" became an admin (account "loopback") (access "abcdefghijklmnopqrstu") (address "loopback")
L 08/06/2025 - 09:40:38: [admin.amxx] Login: "ErenZP<55><STEAM_0:0:1776161912><>" became an admin (account "loopback") (access "abcdefghijklmnopqrstu") (address "loopback")
L 08/06/2025 - 10:02:22: -------- Mapchange to zm_gbox6 --------
L 08/06/2025 - 10:02:32: [nextmap.amxx] WARNING: Couldn't find a valid map or the file doesn't exist (file "mapcycle.txt")
L 08/06/2025 - 10:02:32: Invalid multi-lingual line (file "cstrike\addons\amxmodx\data\lang\lasermine_perfect.txt" line 1)
L 08/06/2025 - 10:02:34: [zp_level_system.amxx] [ZP Level] Plugin iniciando...
L 08/06/2025 - 10:02:34: [zp_level_system.amxx] [ZP Level] Plugin inicializado com sucesso!
L 08/06/2025 - 10:02:35: [zm_vip.amxx] ErenZP become VIP. (SteamID: "STEAM_0:0:1776161912") (IP: "loopback") (Flags: "abcde")
L 08/06/2025 - 10:02:35: [admin.amxx] Login: "ErenZP<1><STEAM_0:0:1776161912><>" became an admin (account "loopback") (access "abcdefghijklmnopqrstu") (address "loopback")
L 08/06/2025 - 10:02:40: [admin.amxx] Login: "ErenZP<1><STEAM_0:0:1776161912><>" became an admin (account "loopback") (access "abcdefghijklmnopqrstu") (address "loopback")
L 08/06/2025 - 10:06:32: -------- Mapchange to zm_gbox6 --------
L 08/06/2025 - 10:06:33: [nextmap.amxx] WARNING: Couldn't find a valid map or the file doesn't exist (file "mapcycle.txt")
L 08/06/2025 - 10:06:33: [zp_level_system.amxx] [ZP Level] Plugin iniciando...
L 08/06/2025 - 10:06:33: [zp_level_system.amxx] [ZP Level] Plugin inicializado com sucesso!
L 08/06/2025 - 10:06:33: [zm_vip.amxx] ErenZP become VIP. (SteamID: "STEAM_0:0:1776161912") (IP: "loopback") (Flags: "abcde")
L 08/06/2025 - 10:06:33: [admin.amxx] Login: "ErenZP<7><STEAM_0:0:1776161912><>" became an admin (account "loopback") (access "abcdefghijklmnopqrstu") (address "loopback")
L 08/06/2025 - 10:06:34: [admin.amxx] Login: "ErenZP<7><STEAM_0:0:1776161912><>" became an admin (account "loopback") (access "abcdefghijklmnopqrstu") (address "loopback")
L 08/06/2025 - 10:15:56: -------- Mapchange to zm_gbox6 --------
L 08/06/2025 - 10:15:57: [nextmap.amxx] WARNING: Couldn't find a valid map or the file doesn't exist (file "mapcycle.txt")
L 08/06/2025 - 10:15:57: [zp_level_system.amxx] [ZP Level] Plugin iniciando...
L 08/06/2025 - 10:15:57: [zp_level_system.amxx] [ZP Level] Plugin inicializado com sucesso!
L 08/06/2025 - 10:15:57: [zm_vip.amxx] ErenZP become VIP. (SteamID: "STEAM_0:0:1776161912") (IP: "loopback") (Flags: "abcde")
L 08/06/2025 - 10:15:57: [admin.amxx] Login: "ErenZP<13><STEAM_0:0:1776161912><>" became an admin (account "loopback") (access "abcdefghijklmnopqrstu") (address "loopback")
L 08/06/2025 - 10:15:58: [admin.amxx] Login: "ErenZP<13><STEAM_0:0:1776161912><>" became an admin (account "loopback") (access "abcdefghijklmnopqrstu") (address "loopback")
L 08/06/2025 - 10:20:20: -------- Mapchange to zm_gbox6 --------
L 08/06/2025 - 10:20:21: [nextmap.amxx] WARNING: Couldn't find a valid map or the file doesn't exist (file "mapcycle.txt")
L 08/06/2025 - 10:20:21: [zp_level_system.amxx] [ZP Level] Plugin iniciando...
L 08/06/2025 - 10:20:21: [zp_level_system.amxx] [ZP Level] Plugin inicializado com sucesso!
L 08/06/2025 - 10:20:22: [zm_vip.amxx] ErenZP become VIP. (SteamID: "STEAM_0:0:1776161912") (IP: "loopback") (Flags: "abcde")
L 08/06/2025 - 10:20:22: [admin.amxx] Login: "ErenZP<19><STEAM_0:0:1776161912><>" became an admin (account "loopback") (access "abcdefghijklmnopqrstu") (address "loopback")
L 08/06/2025 - 10:20:25: [admin.amxx] Login: "ErenZP<19><STEAM_0:0:1776161912><>" became an admin (account "loopback") (access "abcdefghijklmnopqrstu") (address "loopback")
L 08/06/2025 - 10:29:42: -------- Mapchange to zm_gbox6 --------
L 08/06/2025 - 10:29:48: [nextmap.amxx] WARNING: Couldn't find a valid map or the file doesn't exist (file "mapcycle.txt")
L 08/06/2025 - 10:29:48: [zp_level_system.amxx] [ZP Level] Plugin iniciando...
L 08/06/2025 - 10:29:48: [zp_level_system.amxx] [ZP Level] Plugin inicializado com sucesso!
L 08/06/2025 - 10:29:49: [zm_vip.amxx] ErenZP become VIP. (SteamID: "STEAM_0:0:1776161912") (IP: "loopback") (Flags: "abcde")
L 08/06/2025 - 10:29:49: [admin.amxx] Login: "ErenZP<25><STEAM_0:0:1776161912><>" became an admin (account "loopback") (access "abcdefghijklmnopqrstu") (address "loopback")
L 08/06/2025 - 10:29:52: [admin.amxx] Login: "ErenZP<25><STEAM_0:0:1776161912><>" became an admin (account "loopback") (access "abcdefghijklmnopqrstu") (address "loopback")
L 08/06/2025 - 10:33:35: -------- Mapchange to zm_gbox6 --------
L 08/06/2025 - 10:33:36: [nextmap.amxx] WARNING: Couldn't find a valid map or the file doesn't exist (file "mapcycle.txt")
L 08/06/2025 - 10:33:36: [zp_level_system.amxx] [ZP Level] Plugin iniciando...
L 08/06/2025 - 10:33:36: [zp_level_system.amxx] [ZP Level] Plugin inicializado com sucesso!
L 08/06/2025 - 10:33:36: [zm_vip.amxx] ErenZP become VIP. (SteamID: "STEAM_0:0:1776161912") (IP: "loopback") (Flags: "abcde")
L 08/06/2025 - 10:33:36: [admin.amxx] Login: "ErenZP<31><STEAM_0:0:1776161912><>" became an admin (account "loopback") (access "abcdefghijklmnopqrstu") (address "loopback")
L 08/06/2025 - 10:33:38: [admin.amxx] Login: "ErenZP<31><STEAM_0:0:1776161912><>" became an admin (account "loopback") (access "abcdefghijklmnopqrstu") (address "loopback")
L 08/06/2025 - 10:38:16: -------- Mapchange to zm_gbox6 --------
L 08/06/2025 - 10:38:16: [nextmap.amxx] WARNING: Couldn't find a valid map or the file doesn't exist (file "mapcycle.txt")
L 08/06/2025 - 10:38:16: [zp_level_system.amxx] [ZP Level] Plugin iniciando...
L 08/06/2025 - 10:38:16: [zp_level_system.amxx] [ZP Level] Plugin inicializado com sucesso!
L 08/06/2025 - 10:38:17: [zm_vip.amxx] ErenZP become VIP. (SteamID: "STEAM_0:0:1776161912") (IP: "loopback") (Flags: "abcde")
L 08/06/2025 - 10:38:17: [admin.amxx] Login: "ErenZP<37><STEAM_0:0:1776161912><>" became an admin (account "loopback") (access "abcdefghijklmnopqrstu") (address "loopback")
L 08/06/2025 - 10:38:18: [admin.amxx] Login: "ErenZP<37><STEAM_0:0:1776161912><>" became an admin (account "loopback") (access "abcdefghijklmnopqrstu") (address "loopback")
L 08/06/2025 - 10:47:57: -------- Mapchange to zm_gbox6 --------
L 08/06/2025 - 10:47:58: [nextmap.amxx] WARNING: Couldn't find a valid map or the file doesn't exist (file "mapcycle.txt")
L 08/06/2025 - 10:47:58: [zp_level_system.amxx] [ZP Level] Plugin iniciando...
L 08/06/2025 - 10:47:58: [zp_level_system.amxx] [ZP Level] Plugin inicializado com sucesso!
L 08/06/2025 - 10:47:59: [zm_vip.amxx] ErenZP become VIP. (SteamID: "STEAM_0:0:1776161912") (IP: "loopback") (Flags: "abcde")
L 08/06/2025 - 10:47:59: [admin.amxx] Login: "ErenZP<43><STEAM_0:0:1776161912><>" became an admin (account "loopback") (access "abcdefghijklmnopqrstu") (address "loopback")
L 08/06/2025 - 10:48:01: [admin.amxx] Login: "ErenZP<43><STEAM_0:0:1776161912><>" became an admin (account "loopback") (access "abcdefghijklmnopqrstu") (address "loopback")
L 08/06/2025 - 10:55:34: -------- Mapchange to zm_gbox6 --------
L 08/06/2025 - 10:55:35: [nextmap.amxx] WARNING: Couldn't find a valid map or the file doesn't exist (file "mapcycle.txt")
L 08/06/2025 - 10:55:35: [zm_vip.amxx] ErenZP become VIP. (SteamID: "STEAM_0:0:1776161912") (IP: "loopback") (Flags: "abcde")
L 08/06/2025 - 10:55:35: [admin.amxx] Login: "ErenZP<49><STEAM_0:0:1776161912><>" became an admin (account "loopback") (access "abcdefghijklmnopqrstu") (address "loopback")
L 08/06/2025 - 10:55:36: [admin.amxx] Login: "ErenZP<49><STEAM_0:0:1776161912><>" became an admin (account "loopback") (access "abcdefghijklmnopqrstu") (address "loopback")
L 08/06/2025 - 11:03:26: -------- Mapchange to zm_gbox6 --------
L 08/06/2025 - 11:03:27: [nextmap.amxx] WARNING: Couldn't find a valid map or the file doesn't exist (file "mapcycle.txt")
L 08/06/2025 - 11:03:27: [zm_vip.amxx] ErenZP become VIP. (SteamID: "STEAM_0:0:1776161912") (IP: "loopback") (Flags: "abcde")
L 08/06/2025 - 11:03:27: [admin.amxx] Login: "ErenZP<55><STEAM_0:0:1776161912><>" became an admin (account "loopback") (access "abcdefghijklmnopqrstu") (address "loopback")
L 08/06/2025 - 11:03:28: [admin.amxx] Login: "ErenZP<55><STEAM_0:0:1776161912><>" became an admin (account "loopback") (access "abcdefghijklmnopqrstu") (address "loopback")
L 08/06/2025 - 11:15:22: -------- Mapchange to zm_gbox6 --------
L 08/06/2025 - 11:15:23: [nextmap.amxx] WARNING: Couldn't find a valid map or the file doesn't exist (file "mapcycle.txt")
L 08/06/2025 - 11:15:23: [zm_vip.amxx] ErenZP become VIP. (SteamID: "STEAM_0:0:1776161912") (IP: "loopback") (Flags: "abcde")
L 08/06/2025 - 11:15:23: [admin.amxx] Login: "ErenZP<61><STEAM_0:0:1776161912><>" became an admin (account "loopback") (access "abcdefghijklmnopqrstu") (address "loopback")
L 08/06/2025 - 11:15:24: [admin.amxx] Login: "ErenZP<61><STEAM_0:0:1776161912><>" became an admin (account "loopback") (access "abcdefghijklmnopqrstu") (address "loopback")
L 08/06/2025 - 11:38:41: -------- Mapchange to zm_gbox6 --------
L 08/06/2025 - 11:38:42: [nextmap.amxx] WARNING: Couldn't find a valid map or the file doesn't exist (file "mapcycle.txt")
L 08/06/2025 - 11:38:43: [zm_vip.amxx] ErenZP become VIP. (SteamID: "STEAM_0:0:1776161912") (IP: "loopback") (Flags: "abcde")
L 08/06/2025 - 11:38:43: [admin.amxx] Login: "ErenZP<67><STEAM_0:0:1776161912><>" became an admin (account "loopback") (access "abcdefghijklmnopqrstu") (address "loopback")
L 08/06/2025 - 11:38:44: [admin.amxx] Login: "ErenZP<67><STEAM_0:0:1776161912><>" became an admin (account "loopback") (access "abcdefghijklmnopqrstu") (address "loopback")
L 08/06/2025 - 11:39:56: -------- Mapchange to zm_gbox6 --------
L 08/06/2025 - 11:39:57: [nextmap.amxx] WARNING: Couldn't find a valid map or the file doesn't exist (file "mapcycle.txt")
L 08/06/2025 - 11:39:57: [zp_level_system.amxx] [ZP Level] Plugin iniciando...
L 08/06/2025 - 11:39:57: [zp_level_system.amxx] [ZP Level] Plugin inicializado com sucesso!
L 08/06/2025 - 11:39:57: [zm_vip.amxx] ErenZP become VIP. (SteamID: "STEAM_0:0:1776161912") (IP: "loopback") (Flags: "abcde")
L 08/06/2025 - 11:39:57: [admin.amxx] Login: "ErenZP<73><STEAM_0:0:1776161912><>" became an admin (account "loopback") (access "abcdefghijklmnopqrstu") (address "loopback")
L 08/06/2025 - 11:39:58: [admin.amxx] Login: "ErenZP<73><STEAM_0:0:1776161912><>" became an admin (account "loopback") (access "abcdefghijklmnopqrstu") (address "loopback")
L 08/06/2025 - 11:55:07: -------- Mapchange to zm_gbox6 --------
L 08/06/2025 - 11:55:08: [nextmap.amxx] WARNING: Couldn't find a valid map or the file doesn't exist (file "mapcycle.txt")
L 08/06/2025 - 11:55:08: [zp_level_system.amxx] [ZP Level] Plugin iniciando...
L 08/06/2025 - 11:55:08: [zp_level_system.amxx] [ZP Level] Plugin inicializado com sucesso!
L 08/06/2025 - 11:55:08: [zm_vip.amxx] ErenZP become VIP. (SteamID: "STEAM_0:0:1776161912") (IP: "loopback") (Flags: "abcde")
L 08/06/2025 - 11:55:08: [admin.amxx] Login: "ErenZP<79><STEAM_0:0:1776161912><>" became an admin (account "loopback") (access "abcdefghijklmnopqrstu") (address "loopback")
L 08/06/2025 - 11:55:09: [admin.amxx] Login: "ErenZP<79><STEAM_0:0:1776161912><>" became an admin (account "loopback") (access "abcdefghijklmnopqrstu") (address "loopback")
L 08/06/2025 - 12:00:53: -------- Mapchange to zm_gbox6 --------
L 08/06/2025 - 12:00:54: [nextmap.amxx] WARNING: Couldn't find a valid map or the file doesn't exist (file "mapcycle.txt")
L 08/06/2025 - 12:00:54: [zp_level_system.amxx] [ZP Level] Plugin iniciando...
L 08/06/2025 - 12:00:54: [zp_level_system.amxx] [ZP Level] Plugin inicializado com sucesso!
L 08/06/2025 - 12:00:54: [zm_vip.amxx] ErenZP become VIP. (SteamID: "STEAM_0:0:1776161912") (IP: "loopback") (Flags: "abcde")
L 08/06/2025 - 12:00:54: [admin.amxx] Login: "ErenZP<85><STEAM_0:0:1776161912><>" became an admin (account "loopback") (access "abcdefghijklmnopqrstu") (address "loopback")
L 08/06/2025 - 12:00:55: [admin.amxx] Login: "ErenZP<85><STEAM_0:0:1776161912><>" became an admin (account "loopback") (access "abcdefghijklmnopqrstu") (address "loopback")
L 08/06/2025 - 12:21:40: -------- Mapchange to zm_gbox6 --------
L 08/06/2025 - 12:21:41: [nextmap.amxx] WARNING: Couldn't find a valid map or the file doesn't exist (file "mapcycle.txt")
L 08/06/2025 - 12:21:41: [zp_level_system.amxx] [ZP Level] Plugin iniciando...
L 08/06/2025 - 12:21:41: [zp_level_system.amxx] [ZP Level] Plugin inicializado com sucesso!
L 08/06/2025 - 12:21:42: [zm_vip.amxx] ErenZP become VIP. (SteamID: "STEAM_0:0:1776161912") (IP: "loopback") (Flags: "abcde")
L 08/06/2025 - 12:21:42: [admin.amxx] Login: "ErenZP<91><STEAM_0:0:1776161912><>" became an admin (account "loopback") (access "abcdefghijklmnopqrstu") (address "loopback")
L 08/06/2025 - 12:21:43: [admin.amxx] Login: "ErenZP<91><STEAM_0:0:1776161912><>" became an admin (account "loopback") (access "abcdefghijklmnopqrstu") (address "loopback")
L 08/06/2025 - 12:49:56: [mapchooser.amxx] Vote: Voting for the nextmap started
L 08/06/2025 - 12:50:11: [mapchooser.amxx] Vote: Voting for the nextmap finished. The nextmap will be zm_gbox6
L 08/06/2025 - 12:52:14: -------- Mapchange to zm_gbox6 --------
L 08/06/2025 - 12:52:15: [AMXX] Plugin "zm_vip.amxx" failed to load: Plugin uses an unknown function (name "zp_get_user_survivor") - check your modules.ini.
L 08/06/2025 - 12:52:15: [AMXX] Plugin "ze_class_healer.amxx" failed to load: Plugin uses an unknown function (name "zp_set_user_ammo_packs") - check your modules.ini.
L 08/06/2025 - 12:52:15: [AMXX] Plugin "zp_zclass_siren.amxx" failed to load: Plugin uses an unknown function (name "zp_infect_user") - check your modules.ini.
L 08/06/2025 - 12:52:15: [AMXX] Plugin "zp_class_iron.amxx" failed to load: Plugin uses an unknown function (name "zp_get_user_nemesis") - check your modules.ini.
L 08/06/2025 - 12:52:15: [AMXX] Plugin "Pesticide_Sprayer.amxx" failed to load: Plugin uses an unknown function (name "zp_get_user_zombie") - check your modules.ini.
L 08/06/2025 - 12:52:15: [AMXX] Plugin "Scar_Born_Beast.amxx" failed to load: Plugin uses an unknown function (name "zp_get_user_survivor") - check your modules.ini.
L 08/06/2025 - 12:52:15: [AMXX] Plugin "extra_unlimited_clip.amxx" failed to load: Plugin uses an unknown function (name "zp_register_extra_item") - check your modules.ini.
L 08/06/2025 - 12:52:15: [AMXX] Plugin "zm_vip_extra_plasma_rifle.amxx" failed to load: Plugin uses an unknown function (name "zp_get_user_nemesis") - check your modules.ini.
L 08/06/2025 - 12:52:15: [AMXX] Plugin "save_ammopacks.amxx" failed to load: Plugin uses an unknown function (name "zp_set_user_ammo_packs") - check your modules.ini.
L 08/06/2025 - 12:52:15: [AMXX] Plugin "zp_assassin_darkness.amxx" failed to load: Plugin uses an unknown function (name "zp_get_user_assassin") - check your modules.ini.
L 08/06/2025 - 12:52:15: [AMXX] Plugin "zp_mini_hud.amxx" failed to load: Plugin uses an unknown function (name "zp_is_plague_round") - check your modules.ini.
L 08/06/2025 - 12:52:15: [AMXX] Plugin "zp_survivor_weapon_choice.amxx" failed to load: Plugin uses an unknown function (name "zp_get_user_survivor") - check your modules.ini.
L 08/06/2025 - 12:52:15: [AMXX] Plugin "zp_lasermine_perfect_4.2.amxx" failed to load: Plugin uses an unknown function (name "zp_set_user_ammo_packs") - check your modules.ini.
L 08/06/2025 - 12:52:15: [AMXX] Plugin "zp_show_zombie_damage.amxx" failed to load: Plugin uses an unknown function (name "zp_get_user_zombie") - check your modules.ini.
L 08/06/2025 - 12:52:15: [AMXX] Plugin "zp_bloodshake_effect.amxx" failed to load: Plugin uses an unknown function (name "zp_get_user_zombie") - check your modules.ini.
L 08/06/2025 - 12:52:15: [AMXX] Plugin "zp_free_ammo_get.amxx" failed to load: Plugin uses an unknown function (name "zp_set_user_ammo_packs") - check your modules.ini.
L 08/06/2025 - 12:52:15: [AMXX] Plugin "zp_level_system.amxx" failed to load: Plugin uses an unknown function (name "zp_get_zombie_maxhealth") - check your modules.ini.
L 08/06/2025 - 12:52:15: [AMXX] Plugin "zp_teleport_first_zombie.amxx" failed to load: Plugin uses an unknown function (name "zp_get_user_zombie") - check your modules.ini.
L 08/06/2025 - 12:52:15: [AMXX] Plugin "zp_addon_zbhealthbar.amxx" failed to load: Plugin uses an unknown function (name "zp_get_user_zombie") - check your modules.ini.
L 08/06/2025 - 12:52:15: [AMXX] Plugin "zp_paraquedas.amxx" failed to load: Plugin uses an unknown function (name "zp_get_user_nemesis") - check your modules.ini.
L 08/06/2025 - 12:52:20: [nextmap.amxx] WARNING: Couldn't find a valid map or the file doesn't exist (file "mapcycle.txt")
L 08/06/2025 - 12:52:20: [admin.amxx] Login: "ErenZP<91><STEAM_0:0:1776161912><>" became an admin (account "loopback") (access "abcdefghijklmnopqrstu") (address "loopback")
L 08/06/2025 - 12:52:22: [admin.amxx] Login: "ErenZP<91><STEAM_0:0:1776161912><>" became an admin (account "loopback") (access "abcdefghijklmnopqrstu") (address "loopback")
L 08/06/2025 - 14:05:15: -------- Mapchange to zm_gbox6 --------
L 08/06/2025 - 14:05:24: [nextmap.amxx] WARNING: Couldn't find a valid map or the file doesn't exist (file "mapcycle.txt")
L 08/06/2025 - 14:05:24: Invalid multi-lingual line (file "cstrike\addons\amxmodx\data\lang\lasermine_perfect.txt" line 1)
L 08/06/2025 - 14:05:25: [zm_vip.amxx] ErenZP become VIP. (SteamID: "STEAM_0:0:1776161912") (IP: "loopback") (Flags: "abcde")
L 08/06/2025 - 14:05:25: [admin.amxx] Login: "ErenZP<1><STEAM_0:0:1776161912><>" became an admin (account "loopback") (access "abcdefghijklmnopqrstu") (address "loopback")
L 08/06/2025 - 14:05:28: [admin.amxx] Login: "ErenZP<1><STEAM_0:0:1776161912><>" became an admin (account "loopback") (access "abcdefghijklmnopqrstu") (address "loopback")
L 08/06/2025 - 14:09:41: -------- Mapchange to zm_gbox6 --------
L 08/06/2025 - 14:09:42: [nextmap.amxx] WARNING: Couldn't find a valid map or the file doesn't exist (file "mapcycle.txt")
L 08/06/2025 - 14:09:42: [zm_vip.amxx] ErenZP become VIP. (SteamID: "STEAM_0:0:1776161912") (IP: "loopback") (Flags: "abcde")
L 08/06/2025 - 14:09:42: [admin.amxx] Login: "ErenZP<7><STEAM_0:0:1776161912><>" became an admin (account "loopback") (access "abcdefghijklmnopqrstu") (address "loopback")
L 08/06/2025 - 14:09:44: [admin.amxx] Login: "ErenZP<7><STEAM_0:0:1776161912><>" became an admin (account "loopback") (access "abcdefghijklmnopqrstu") (address "loopback")
L 08/06/2025 - 14:18:37: -------- Mapchange to zm_gbox6 --------
L 08/06/2025 - 14:18:38: [nextmap.amxx] WARNING: Couldn't find a valid map or the file doesn't exist (file "mapcycle.txt")
L 08/06/2025 - 14:18:39: [zm_vip.amxx] ErenZP become VIP. (SteamID: "STEAM_0:0:1776161912") (IP: "loopback") (Flags: "abcde")
L 08/06/2025 - 14:18:39: [admin.amxx] Login: "ErenZP<13><STEAM_0:0:1776161912><>" became an admin (account "loopback") (access "abcdefghijklmnopqrstu") (address "loopback")
L 08/06/2025 - 14:18:41: [admin.amxx] Login: "ErenZP<13><STEAM_0:0:1776161912><>" became an admin (account "loopback") (access "abcdefghijklmnopqrstu") (address "loopback")
L 08/06/2025 - 14:20:17: -------- Mapchange to zm_gbox6 --------
L 08/06/2025 - 14:20:17: [nextmap.amxx] WARNING: Couldn't find a valid map or the file doesn't exist (file "mapcycle.txt")
L 08/06/2025 - 14:20:17: [zm_vip.amxx] ErenZP become VIP. (SteamID: "STEAM_0:0:1776161912") (IP: "loopback") (Flags: "abcde")
L 08/06/2025 - 14:20:17: [admin.amxx] Login: "ErenZP<19><STEAM_0:0:1776161912><>" became an admin (account "loopback") (access "abcdefghijklmnopqrstu") (address "loopback")
L 08/06/2025 - 14:20:18: [admin.amxx] Login: "ErenZP<19><STEAM_0:0:1776161912><>" became an admin (account "loopback") (access "abcdefghijklmnopqrstu") (address "loopback")
L 08/06/2025 - 14:21:50: -------- Mapchange to zm_gbox6 --------
L 08/06/2025 - 14:21:50: [nextmap.amxx] WARNING: Couldn't find a valid map or the file doesn't exist (file "mapcycle.txt")
L 08/06/2025 - 14:21:50: [zm_vip.amxx] ErenZP become VIP. (SteamID: "STEAM_0:0:1776161912") (IP: "loopback") (Flags: "abcde")
L 08/06/2025 - 14:21:50: [admin.amxx] Login: "ErenZP<25><STEAM_0:0:1776161912><>" became an admin (account "loopback") (access "abcdefghijklmnopqrstu") (address "loopback")
L 08/06/2025 - 14:21:51: [admin.amxx] Login: "ErenZP<25><STEAM_0:0:1776161912><>" became an admin (account "loopback") (access "abcdefghijklmnopqrstu") (address "loopback")
L 08/06/2025 - 14:25:59: -------- Mapchange to zm_gbox6 --------
L 08/06/2025 - 14:26:00: [nextmap.amxx] WARNING: Couldn't find a valid map or the file doesn't exist (file "mapcycle.txt")
L 08/06/2025 - 14:26:00: [zm_vip.amxx] ErenZP become VIP. (SteamID: "STEAM_0:0:1776161912") (IP: "loopback") (Flags: "abcde")
L 08/06/2025 - 14:26:00: [admin.amxx] Login: "ErenZP<31><STEAM_0:0:1776161912><>" became an admin (account "loopback") (access "abcdefghijklmnopqrstu") (address "loopback")
L 08/06/2025 - 14:26:01: [admin.amxx] Login: "ErenZP<31><STEAM_0:0:1776161912><>" became an admin (account "loopback") (access "abcdefghijklmnopqrstu") (address "loopback")
L 08/06/2025 - 14:30:01: -------- Mapchange to zm_gbox6 --------
L 08/06/2025 - 14:30:02: [nextmap.amxx] WARNING: Couldn't find a valid map or the file doesn't exist (file "mapcycle.txt")
L 08/06/2025 - 14:30:02: [zm_vip.amxx] ErenZP become VIP. (SteamID: "STEAM_0:0:1776161912") (IP: "loopback") (Flags: "abcde")
L 08/06/2025 - 14:30:02: [admin.amxx] Login: "ErenZP<37><STEAM_0:0:1776161912><>" became an admin (account "loopback") (access "abcdefghijklmnopqrstu") (address "loopback")
L 08/06/2025 - 14:30:03: [admin.amxx] Login: "ErenZP<37><STEAM_0:0:1776161912><>" became an admin (account "loopback") (access "abcdefghijklmnopqrstu") (address "loopback")
L 08/06/2025 - 14:30:59: -------- Mapchange to zm_gbox6 --------
L 08/06/2025 - 14:30:59: [nextmap.amxx] WARNING: Couldn't find a valid map or the file doesn't exist (file "mapcycle.txt")
L 08/06/2025 - 14:30:59: [zm_vip.amxx] ErenZP become VIP. (SteamID: "STEAM_0:0:1776161912") (IP: "loopback") (Flags: "abcde")
L 08/06/2025 - 14:30:59: [admin.amxx] Login: "ErenZP<43><STEAM_0:0:1776161912><>" became an admin (account "loopback") (access "abcdefghijklmnopqrstu") (address "loopback")
L 08/06/2025 - 14:31:00: [admin.amxx] Login: "ErenZP<43><STEAM_0:0:1776161912><>" became an admin (account "loopback") (access "abcdefghijklmnopqrstu") (address "loopback")
L 08/06/2025 - 14:32:31: -------- Mapchange to zm_gbox6 --------
L 08/06/2025 - 14:32:31: [nextmap.amxx] WARNING: Couldn't find a valid map or the file doesn't exist (file "mapcycle.txt")
L 08/06/2025 - 14:32:32: [zm_vip.amxx] ErenZP become VIP. (SteamID: "STEAM_0:0:1776161912") (IP: "loopback") (Flags: "abcde")
L 08/06/2025 - 14:32:32: [admin.amxx] Login: "ErenZP<49><STEAM_0:0:1776161912><>" became an admin (account "loopback") (access "abcdefghijklmnopqrstu") (address "loopback")
L 08/06/2025 - 14:32:34: [admin.amxx] Login: "ErenZP<49><STEAM_0:0:1776161912><>" became an admin (account "loopback") (access "abcdefghijklmnopqrstu") (address "loopback")
L 08/06/2025 - 14:40:43: -------- Mapchange to zm_gbox6 --------
L 08/06/2025 - 14:40:44: [nextmap.amxx] WARNING: Couldn't find a valid map or the file doesn't exist (file "mapcycle.txt")
L 08/06/2025 - 14:40:45: [zm_vip.amxx] ErenZP become VIP. (SteamID: "STEAM_0:0:1776161912") (IP: "loopback") (Flags: "abcde")
L 08/06/2025 - 14:40:45: [admin.amxx] Login: "ErenZP<55><STEAM_0:0:1776161912><>" became an admin (account "loopback") (access "abcdefghijklmnopqrstu") (address "loopback")
L 08/06/2025 - 14:40:45: [admin.amxx] Login: "ErenZP<55><STEAM_0:0:1776161912><>" became an admin (account "loopback") (access "abcdefghijklmnopqrstu") (address "loopback")
L 08/06/2025 - 14:43:38: -------- Mapchange to zm_gbox6 --------
L 08/06/2025 - 14:43:38: [nextmap.amxx] WARNING: Couldn't find a valid map or the file doesn't exist (file "mapcycle.txt")
L 08/06/2025 - 14:43:39: [zm_vip.amxx] ErenZP become VIP. (SteamID: "STEAM_0:0:1776161912") (IP: "loopback") (Flags: "abcde")
L 08/06/2025 - 14:43:39: [admin.amxx] Login: "ErenZP<61><STEAM_0:0:1776161912><>" became an admin (account "loopback") (access "abcdefghijklmnopqrstu") (address "loopback")
L 08/06/2025 - 14:43:40: [admin.amxx] Login: "ErenZP<61><STEAM_0:0:1776161912><>" became an admin (account "loopback") (access "abcdefghijklmnopqrstu") (address "loopback")
L 08/06/2025 - 14:46:10: -------- Mapchange to zm_gbox6 --------
L 08/06/2025 - 14:46:10: [nextmap.amxx] WARNING: Couldn't find a valid map or the file doesn't exist (file "mapcycle.txt")
L 08/06/2025 - 14:46:11: [zm_vip.amxx] ErenZP become VIP. (SteamID: "STEAM_0:0:1776161912") (IP: "loopback") (Flags: "abcde")
L 08/06/2025 - 14:46:11: [admin.amxx] Login: "ErenZP<67><STEAM_0:0:1776161912><>" became an admin (account "loopback") (access "abcdefghijklmnopqrstu") (address "loopback")
L 08/06/2025 - 14:46:12: [admin.amxx] Login: "ErenZP<67><STEAM_0:0:1776161912><>" became an admin (account "loopback") (access "abcdefghijklmnopqrstu") (address "loopback")
L 08/06/2025 - 14:50:08: -------- Mapchange to zm_gbox6 --------
L 08/06/2025 - 14:50:08: [nextmap.amxx] WARNING: Couldn't find a valid map or the file doesn't exist (file "mapcycle.txt")
L 08/06/2025 - 14:50:09: [zm_vip.amxx] ErenZP become VIP. (SteamID: "STEAM_0:0:1776161912") (IP: "loopback") (Flags: "abcde")
L 08/06/2025 - 14:50:09: [admin.amxx] Login: "ErenZP<73><STEAM_0:0:1776161912><>" became an admin (account "loopback") (access "abcdefghijklmnopqrstu") (address "loopback")
L 08/06/2025 - 14:50:09: [admin.amxx] Login: "ErenZP<73><STEAM_0:0:1776161912><>" became an admin (account "loopback") (access "abcdefghijklmnopqrstu") (address "loopback")
L 08/06/2025 - 14:54:38: -------- Mapchange to zm_gbox6 --------
L 08/06/2025 - 14:54:38: [nextmap.amxx] WARNING: Couldn't find a valid map or the file doesn't exist (file "mapcycle.txt")
L 08/06/2025 - 14:54:39: [zm_vip.amxx] ErenZP become VIP. (SteamID: "STEAM_0:0:1776161912") (IP: "loopback") (Flags: "abcde")
L 08/06/2025 - 14:54:39: [admin.amxx] Login: "ErenZP<79><STEAM_0:0:1776161912><>" became an admin (account "loopback") (access "abcdefghijklmnopqrstu") (address "loopback")
L 08/06/2025 - 14:54:40: [admin.amxx] Login: "ErenZP<79><STEAM_0:0:1776161912><>" became an admin (account "loopback") (access "abcdefghijklmnopqrstu") (address "loopback")
L 08/06/2025 - 14:56:35: -------- Mapchange to zm_gbox6 --------
L 08/06/2025 - 14:56:36: [nextmap.amxx] WARNING: Couldn't find a valid map or the file doesn't exist (file "mapcycle.txt")
L 08/06/2025 - 14:56:36: [zm_vip.amxx] ErenZP become VIP. (SteamID: "STEAM_0:0:1776161912") (IP: "loopback") (Flags: "abcde")
L 08/06/2025 - 14:56:36: [admin.amxx] Login: "ErenZP<85><STEAM_0:0:1776161912><>" became an admin (account "loopback") (access "abcdefghijklmnopqrstu") (address "loopback")
L 08/06/2025 - 14:56:37: [admin.amxx] Login: "ErenZP<85><STEAM_0:0:1776161912><>" became an admin (account "loopback") (access "abcdefghijklmnopqrstu") (address "loopback")
L 08/06/2025 - 15:24:37: [mapchooser.amxx] Vote: Voting for the nextmap started
L 08/06/2025 - 15:24:52: [mapchooser.amxx] Vote: Voting for the nextmap finished. The nextmap will be zm_gbox6
L 08/06/2025 - 15:26:53: -------- Mapchange to zm_gbox6 --------
L 08/06/2025 - 15:26:53: [nextmap.amxx] WARNING: Couldn't find a valid map or the file doesn't exist (file "mapcycle.txt")
L 08/06/2025 - 15:26:53: [zm_vip.amxx] ErenZP become VIP. (SteamID: "STEAM_0:0:1776161912") (IP: "loopback") (Flags: "abcde")
L 08/06/2025 - 15:26:53: [admin.amxx] Login: "ErenZP<85><STEAM_0:0:1776161912><>" became an admin (account "loopback") (access "abcdefghijklmnopqrstu") (address "loopback")
L 08/06/2025 - 15:26:54: [admin.amxx] Login: "ErenZP<85><STEAM_0:0:1776161912><>" became an admin (account "loopback") (access "abcdefghijklmnopqrstu") (address "loopback")
L 08/06/2025 - 15:46:06: -------- Mapchange to zm_gbox6 --------
L 08/06/2025 - 15:46:09: [nextmap.amxx] WARNING: Couldn't find a valid map or the file doesn't exist (file "mapcycle.txt")
L 08/06/2025 - 15:46:09: Invalid multi-lingual line (file "cstrike\addons\amxmodx\data\lang\lasermine_perfect.txt" line 1)
L 08/06/2025 - 15:46:09: [zp_level_system.amxx] [ZP Level] Plugin iniciando...
L 08/06/2025 - 15:46:09: [zp_level_system.amxx] [ZP Level] Plugin inicializado com sucesso!
L 08/06/2025 - 15:46:09: [zm_vip.amxx] ErenZP become VIP. (SteamID: "STEAM_0:0:1776161912") (IP: "loopback") (Flags: "abcde")
L 08/06/2025 - 15:46:09: [admin.amxx] Login: "ErenZP<1><STEAM_0:0:1776161912><>" became an admin (account "loopback") (access "abcdefghijklmnopqrstu") (address "loopback")
L 08/06/2025 - 15:46:10: [admin.amxx] Login: "ErenZP<1><STEAM_0:0:1776161912><>" became an admin (account "loopback") (access "abcdefghijklmnopqrstu") (address "loopback")
L 08/06/2025 - 15:52:52: -------- Mapchange to zm_gbox6 --------
L 08/06/2025 - 15:52:53: [nextmap.amxx] WARNING: Couldn't find a valid map or the file doesn't exist (file "mapcycle.txt")
L 08/06/2025 - 15:52:53: [zp_level_system.amxx] [ZP Level] Plugin iniciando...
L 08/06/2025 - 15:52:53: [zp_level_system.amxx] [ZP Level] Plugin inicializado com sucesso!
L 08/06/2025 - 15:52:53: [zm_vip.amxx] ErenZP become VIP. (SteamID: "STEAM_0:0:1776161912") (IP: "loopback") (Flags: "abcde")
L 08/06/2025 - 15:52:53: [admin.amxx] Login: "ErenZP<7><STEAM_0:0:1776161912><>" became an admin (account "loopback") (access "abcdefghijklmnopqrstu") (address "loopback")
L 08/06/2025 - 15:52:55: [admin.amxx] Login: "ErenZP<7><STEAM_0:0:1776161912><>" became an admin (account "loopback") (access "abcdefghijklmnopqrstu") (address "loopback")
L 08/06/2025 - 15:53:26: -------- Mapchange to zm_gbox6 --------
L 08/06/2025 - 15:53:26: [nextmap.amxx] WARNING: Couldn't find a valid map or the file doesn't exist (file "mapcycle.txt")
L 08/06/2025 - 15:53:26: [zp_level_system.amxx] [ZP Level] Plugin iniciando...
L 08/06/2025 - 15:53:26: [zp_level_system.amxx] [ZP Level] Plugin inicializado com sucesso!
L 08/06/2025 - 15:53:27: [zm_vip.amxx] ErenZP become VIP. (SteamID: "STEAM_0:0:1776161912") (IP: "loopback") (Flags: "abcde")
L 08/06/2025 - 15:53:27: [admin.amxx] Login: "ErenZP<13><STEAM_0:0:1776161912><>" became an admin (account "loopback") (access "abcdefghijklmnopqrstu") (address "loopback")
L 08/06/2025 - 15:53:27: [admin.amxx] Login: "ErenZP<13><STEAM_0:0:1776161912><>" became an admin (account "loopback") (access "abcdefghijklmnopqrstu") (address "loopback")
L 08/06/2025 - 16:15:48: -------- Mapchange to zm_gbox6 --------
L 08/06/2025 - 16:15:49: [nextmap.amxx] WARNING: Couldn't find a valid map or the file doesn't exist (file "mapcycle.txt")
L 08/06/2025 - 16:15:49: [zp_level_system.amxx] [ZP Level] Plugin iniciando...
L 08/06/2025 - 16:15:49: [zp_level_system.amxx] [ZP Level] Plugin inicializado com sucesso!
L 08/06/2025 - 16:15:49: [zm_vip.amxx] ErenZP become VIP. (SteamID: "STEAM_0:0:1776161912") (IP: "loopback") (Flags: "abcde")
L 08/06/2025 - 16:15:49: [admin.amxx] Login: "ErenZP<24><STEAM_0:0:1776161912><>" became an admin (account "loopback") (access "abcdefghijklmnopqrstu") (address "loopback")
L 08/06/2025 - 16:15:50: [admin.amxx] Login: "ErenZP<24><STEAM_0:0:1776161912><>" became an admin (account "loopback") (access "abcdefghijklmnopqrstu") (address "loopback")
L 08/06/2025 - 16:44:44: -------- Mapchange to zm_gbox6 --------
L 08/06/2025 - 16:44:47: [nextmap.amxx] WARNING: Couldn't find a valid map or the file doesn't exist (file "mapcycle.txt")
L 08/06/2025 - 16:44:47: Invalid multi-lingual line (file "cstrike\addons\amxmodx\data\lang\lasermine_perfect.txt" line 1)
L 08/06/2025 - 16:44:47: [zp_level_system.amxx] [ZP Level] Plugin iniciando...
L 08/06/2025 - 16:44:47: [zp_level_system.amxx] [ZP Level] Plugin inicializado com sucesso!
L 08/06/2025 - 16:44:47: [zm_vip.amxx] ErenZP become VIP. (SteamID: "STEAM_0:0:1776161912") (IP: "loopback") (Flags: "abcde")
L 08/06/2025 - 16:44:47: [admin.amxx] Login: "ErenZP<1><STEAM_0:0:1776161912><>" became an admin (account "loopback") (access "abcdefghijklmnopqrstu") (address "loopback")
L 08/06/2025 - 16:44:49: [admin.amxx] Login: "ErenZP<1><STEAM_0:0:1776161912><>" became an admin (account "loopback") (access "abcdefghijklmnopqrstu") (address "loopback")
L 08/06/2025 - 16:55:18: -------- Mapchange to zm_gbox6 --------
L 08/06/2025 - 16:55:21: [nextmap.amxx] WARNING: Couldn't find a valid map or the file doesn't exist (file "mapcycle.txt")
L 08/06/2025 - 16:55:21: [zp_level_system.amxx] [ZP Level] Plugin iniciando...
L 08/06/2025 - 16:55:21: [zp_level_system.amxx] [ZP Level] Plugin inicializado com sucesso!
L 08/06/2025 - 16:55:21: [zm_vip.amxx] ErenZP become VIP. (SteamID: "STEAM_0:0:1776161912") (IP: "loopback") (Flags: "abcde")
L 08/06/2025 - 16:55:21: [admin.amxx] Login: "ErenZP<12><STEAM_0:0:1776161912><>" became an admin (account "loopback") (access "abcdefghijklmnopqrstu") (address "loopback")
L 08/06/2025 - 16:55:22: [admin.amxx] Login: "ErenZP<12><STEAM_0:0:1776161912><>" became an admin (account "loopback") (access "abcdefghijklmnopqrstu") (address "loopback")
L 08/06/2025 - 17:03:45: -------- Mapchange to zm_gbox6 --------
L 08/06/2025 - 17:03:46: [nextmap.amxx] WARNING: Couldn't find a valid map or the file doesn't exist (file "mapcycle.txt")
L 08/06/2025 - 17:03:46: [zp_level_system.amxx] [ZP Level] Plugin iniciando...
L 08/06/2025 - 17:03:46: [zp_level_system.amxx] [ZP Level] Plugin inicializado com sucesso!
L 08/06/2025 - 17:03:47: [zm_vip.amxx] ErenZP become VIP. (SteamID: "STEAM_0:0:1776161912") (IP: "loopback") (Flags: "abcde")
L 08/06/2025 - 17:03:47: [admin.amxx] Login: "ErenZP<23><STEAM_0:0:1776161912><>" became an admin (account "loopback") (access "abcdefghijklmnopqrstu") (address "loopback")
L 08/06/2025 - 17:03:48: [admin.amxx] Login: "ErenZP<23><STEAM_0:0:1776161912><>" became an admin (account "loopback") (access "abcdefghijklmnopqrstu") (address "loopback")
L 08/06/2025 - 17:07:52: -------- Mapchange to zm_gbox6 --------
L 08/06/2025 - 17:07:53: [nextmap.amxx] WARNING: Couldn't find a valid map or the file doesn't exist (file "mapcycle.txt")
L 08/06/2025 - 17:07:53: [zp_level_system.amxx] [ZP Level] Plugin iniciando...
L 08/06/2025 - 17:07:53: [zp_level_system.amxx] [ZP Level] Plugin inicializado com sucesso!
L 08/06/2025 - 17:07:53: [zm_vip.amxx] ErenZP become VIP. (SteamID: "STEAM_0:0:1776161912") (IP: "loopback") (Flags: "abcde")
L 08/06/2025 - 17:07:53: [admin.amxx] Login: "ErenZP<34><STEAM_0:0:1776161912><>" became an admin (account "loopback") (access "abcdefghijklmnopqrstu") (address "loopback")
L 08/06/2025 - 17:07:54: [admin.amxx] Login: "ErenZP<34><STEAM_0:0:1776161912><>" became an admin (account "loopback") (access "abcdefghijklmnopqrstu") (address "loopback")
L 08/06/2025 - 17:35:53: [mapchooser.amxx] Vote: Voting for the nextmap started
L 08/06/2025 - 17:36:08: [mapchooser.amxx] Vote: Voting for the nextmap finished. The nextmap will be zm_gbox6
L 08/06/2025 - 17:38:09: -------- Mapchange to zm_gbox6 --------
L 08/06/2025 - 17:38:10: [nextmap.amxx] WARNING: Couldn't find a valid map or the file doesn't exist (file "mapcycle.txt")
L 08/06/2025 - 17:38:11: [zp_level_system.amxx] [ZP Level] Plugin iniciando...
L 08/06/2025 - 17:38:11: [zp_level_system.amxx] [ZP Level] Plugin inicializado com sucesso!
L 08/06/2025 - 17:38:12: [zm_vip.amxx] ErenZP become VIP. (SteamID: "STEAM_0:0:1776161912") (IP: "loopback") (Flags: "abcde")
L 08/06/2025 - 17:38:12: [admin.amxx] Login: "ErenZP<34><STEAM_0:0:1776161912><>" became an admin (account "loopback") (access "abcdefghijklmnopqrstu") (address "loopback")
L 08/06/2025 - 17:38:14: [admin.amxx] Login: "ErenZP<34><STEAM_0:0:1776161912><>" became an admin (account "loopback") (access "abcdefghijklmnopqrstu") (address "loopback")
L 08/06/2025 - 18:06:13: -------- Mapchange to zm_gbox6 --------
L 08/06/2025 - 18:06:15: [nextmap.amxx] WARNING: Couldn't find a valid map or the file doesn't exist (file "mapcycle.txt")
L 08/06/2025 - 18:06:15: Invalid multi-lingual line (file "cstrike\addons\amxmodx\data\lang\lasermine_perfect.txt" line 1)
L 08/06/2025 - 18:06:15: [zp_level_system.amxx] [ZP Level] Plugin iniciando...
L 08/06/2025 - 18:06:15: [zp_level_system.amxx] [ZP Level] Plugin inicializado com sucesso!
L 08/06/2025 - 18:06:15: [zp_music_player.amxx] ZP Music Player v1.0 carregado!
L 08/06/2025 - 18:06:15: [zm_vip.amxx] ErenZP become VIP. (SteamID: "STEAM_0:0:1776161912") (IP: "loopback") (Flags: "abcde")
L 08/06/2025 - 18:06:15: [admin.amxx] Login: "ErenZP<1><STEAM_0:0:1776161912><>" became an admin (account "loopback") (access "abcdefghijklmnopqrstu") (address "loopback")
L 08/06/2025 - 18:06:16: [admin.amxx] Login: "ErenZP<1><STEAM_0:0:1776161912><>" became an admin (account "loopback") (access "abcdefghijklmnopqrstu") (address "loopback")
L 08/06/2025 - 18:10:03: -------- Mapchange to zm_gbox6 --------
L 08/06/2025 - 18:10:04: [nextmap.amxx] WARNING: Couldn't find a valid map or the file doesn't exist (file "mapcycle.txt")
L 08/06/2025 - 18:10:04: [zp_level_system.amxx] [ZP Level] Plugin iniciando...
L 08/06/2025 - 18:10:04: [zp_level_system.amxx] [ZP Level] Plugin inicializado com sucesso!
L 08/06/2025 - 18:10:04: [zp_music_player.amxx] Audio file NOT found: sound/music/after_dark_sweater_weather.mp3
L 08/06/2025 - 18:10:04: [zp_music_player.amxx] Audio file NOT found: sound/music/ainsi_bas_la_vida_funk.mp3
L 08/06/2025 - 18:10:04: [zp_music_player.amxx] Audio file NOT found: sound/music/mr_saxobeat_mxeen_remix.mp3
L 08/06/2025 - 18:10:04: [zp_music_player.amxx] Audio file NOT found: sound/music/i_like_the_way_you_kiss_me_slowed.mp3
L 08/06/2025 - 18:10:04: [zp_music_player.amxx] Audio file NOT found: sound/music/baby_doll_perfect_girl_remix.mp3
L 08/06/2025 - 18:10:04: [zp_music_player.amxx] Audio file NOT found: sound/music/assassin.mp3
L 08/06/2025 - 18:10:04: [zp_music_player.amxx] Audio file NOT found: sound/music/limbo_ghost_slowed.mp3
L 08/06/2025 - 18:10:04: [zp_music_player.amxx] Audio file NOT found: sound/music/funk_da_montanha_slowed.mp3
L 08/06/2025 - 18:10:04: [zp_music_player.amxx] Audio file NOT found: sound/music/derniere_danse_dubstep_remix.mp3
L 08/06/2025 - 18:10:04: [zp_music_player.amxx] Audio file NOT found: sound/music/to_u_neotek_flip.mp3
L 08/06/2025 - 18:10:04: [zp_music_player.amxx] Audio file NOT found: sound/music/not_like_us.mp3
L 08/06/2025 - 18:10:04: [zp_music_player.amxx] Audio file NOT found: sound/music/samurai.mp3
L 08/06/2025 - 18:10:04: [zp_music_player.amxx] Audio file NOT found: sound/music/katana_bass_boosted.mp3
L 08/06/2025 - 18:10:04: [zp_music_player.amxx] Audio file NOT found: sound/music/matushka_ultrafunk_slowed.mp3
L 08/06/2025 - 18:10:04: [zp_music_player.amxx] Audio file NOT found: sound/music/la_calin_obiymy.mp3
L 08/06/2025 - 18:10:04: [zp_music_player.amxx] Audio file NOT found: sound/music/slava_funk_tiktok.mp3
L 08/06/2025 - 18:10:04: [zp_music_player.amxx] Audio file NOT found: sound/music/stereo_love_slowed.mp3
L 08/06/2025 - 18:10:04: [zp_music_player.amxx] Audio file NOT found: sound/music/vem_no_pique.mp3
L 08/06/2025 - 18:10:04: [zp_music_player.amxx] Audio file NOT found: sound/music/memory_reboot_slowed.mp3
L 08/06/2025 - 18:10:04: [zp_music_player.amxx] Audio file NOT found: sound/music/funk_infernal_ultramelodia.mp3
L 08/06/2025 - 18:10:04: [zp_music_player.amxx] Audio file NOT found: sound/music/mente_ma_slowed_reverb.mp3
L 08/06/2025 - 18:10:04: [zp_music_player.amxx] Audio file NOT found: sound/music/odnogo_ultrafunk_juicy_will.mp3
L 08/06/2025 - 18:10:04: [zp_music_player.amxx] Audio file NOT found: sound/music/sueno_marino.mp3
L 08/06/2025 - 18:10:04: [zp_music_player.amxx] ZP Music Player: 0/23 audio files found
L 08/06/2025 - 18:10:04: [zp_music_player.amxx] WARNING: No audio files found! Please add music files to cstrike/sound/music/
L 08/06/2025 - 18:10:04: [zp_music_player.amxx] ZP Music Player v1.0 carregado!
L 08/06/2025 - 18:10:05: [zm_vip.amxx] ErenZP become VIP. (SteamID: "STEAM_0:0:1776161912") (IP: "loopback") (Flags: "abcde")
L 08/06/2025 - 18:10:05: [admin.amxx] Login: "ErenZP<12><STEAM_0:0:1776161912><>" became an admin (account "loopback") (access "abcdefghijklmnopqrstu") (address "loopback")
L 08/06/2025 - 18:10:05: [admin.amxx] Login: "ErenZP<12><STEAM_0:0:1776161912><>" became an admin (account "loopback") (access "abcdefghijklmnopqrstu") (address "loopback")
L 08/06/2025 - 18:11:32: -------- Mapchange to zm_gbox6 --------
L 08/06/2025 - 18:11:32: [nextmap.amxx] WARNING: Couldn't find a valid map or the file doesn't exist (file "mapcycle.txt")
L 08/06/2025 - 18:11:32: [zp_level_system.amxx] [ZP Level] Plugin iniciando...
L 08/06/2025 - 18:11:32: [zp_level_system.amxx] [ZP Level] Plugin inicializado com sucesso!
L 08/06/2025 - 18:11:32: [zp_music_player.amxx] Audio file NOT found: sound/music/after_dark_sweater_weather.mp3
L 08/06/2025 - 18:11:32: [zp_music_player.amxx] Audio file NOT found: sound/music/ainsi_bas_la_vida_funk.mp3
L 08/06/2025 - 18:11:32: [zp_music_player.amxx] Audio file NOT found: sound/music/mr_saxobeat_mxeen_remix.mp3
L 08/06/2025 - 18:11:32: [zp_music_player.amxx] Audio file NOT found: sound/music/i_like_the_way_you_kiss_me_slowed.mp3
L 08/06/2025 - 18:11:32: [zp_music_player.amxx] Audio file NOT found: sound/music/baby_doll_perfect_girl_remix.mp3
L 08/06/2025 - 18:11:32: [zp_music_player.amxx] Audio file NOT found: sound/music/assassin.mp3
L 08/06/2025 - 18:11:32: [zp_music_player.amxx] Audio file NOT found: sound/music/limbo_ghost_slowed.mp3
L 08/06/2025 - 18:11:32: [zp_music_player.amxx] Audio file NOT found: sound/music/funk_da_montanha_slowed.mp3
L 08/06/2025 - 18:11:32: [zp_music_player.amxx] Audio file NOT found: sound/music/derniere_danse_dubstep_remix.mp3
L 08/06/2025 - 18:11:32: [zp_music_player.amxx] Audio file NOT found: sound/music/to_u_neotek_flip.mp3
L 08/06/2025 - 18:11:32: [zp_music_player.amxx] Audio file NOT found: sound/music/not_like_us.mp3
L 08/06/2025 - 18:11:32: [zp_music_player.amxx] Audio file NOT found: sound/music/samurai.mp3
L 08/06/2025 - 18:11:32: [zp_music_player.amxx] Audio file NOT found: sound/music/katana_bass_boosted.mp3
L 08/06/2025 - 18:11:32: [zp_music_player.amxx] Audio file NOT found: sound/music/matushka_ultrafunk_slowed.mp3
L 08/06/2025 - 18:11:32: [zp_music_player.amxx] Audio file NOT found: sound/music/la_calin_obiymy.mp3
L 08/06/2025 - 18:11:32: [zp_music_player.amxx] Audio file NOT found: sound/music/slava_funk_tiktok.mp3
L 08/06/2025 - 18:11:32: [zp_music_player.amxx] Audio file NOT found: sound/music/stereo_love_slowed.mp3
L 08/06/2025 - 18:11:32: [zp_music_player.amxx] Audio file NOT found: sound/music/vem_no_pique.mp3
L 08/06/2025 - 18:11:32: [zp_music_player.amxx] Audio file NOT found: sound/music/memory_reboot_slowed.mp3
L 08/06/2025 - 18:11:32: [zp_music_player.amxx] Audio file NOT found: sound/music/funk_infernal_ultramelodia.mp3
L 08/06/2025 - 18:11:32: [zp_music_player.amxx] Audio file NOT found: sound/music/mente_ma_slowed_reverb.mp3
L 08/06/2025 - 18:11:32: [zp_music_player.amxx] Audio file NOT found: sound/music/odnogo_ultrafunk_juicy_will.mp3
L 08/06/2025 - 18:11:32: [zp_music_player.amxx] Audio file NOT found: sound/music/sueno_marino.mp3
L 08/06/2025 - 18:11:32: [zp_music_player.amxx] ZP Music Player: 0/23 audio files found
L 08/06/2025 - 18:11:32: [zp_music_player.amxx] WARNING: No audio files found! Please add music files to cstrike/sound/music/
L 08/06/2025 - 18:11:32: [zp_music_player.amxx] ZP Music Player v1.0 carregado!
L 08/06/2025 - 18:11:33: [zm_vip.amxx] ErenZP become VIP. (SteamID: "STEAM_0:0:1776161912") (IP: "loopback") (Flags: "abcde")
L 08/06/2025 - 18:11:33: [admin.amxx] Login: "ErenZP<23><STEAM_0:0:1776161912><>" became an admin (account "loopback") (access "abcdefghijklmnopqrstu") (address "loopback")
L 08/06/2025 - 18:11:33: [admin.amxx] Login: "ErenZP<23><STEAM_0:0:1776161912><>" became an admin (account "loopback") (access "abcdefghijklmnopqrstu") (address "loopback")
L 08/06/2025 - 18:33:40: -------- Mapchange to zm_gbox6 --------
L 08/06/2025 - 18:33:41: [nextmap.amxx] WARNING: Couldn't find a valid map or the file doesn't exist (file "mapcycle.txt")
L 08/06/2025 - 18:33:41: Invalid multi-lingual line (file "cstrike\addons\amxmodx\data\lang\lasermine_perfect.txt" line 1)
L 08/06/2025 - 18:33:41: [zp_level_system.amxx] [ZP Level] Plugin iniciando...
L 08/06/2025 - 18:33:41: [zp_level_system.amxx] [ZP Level] Plugin inicializado com sucesso!
L 08/06/2025 - 18:33:42: [zm_vip.amxx] ErenZP become VIP. (SteamID: "STEAM_0:0:1776161912") (IP: "loopback") (Flags: "abcde")
L 08/06/2025 - 18:33:42: [admin.amxx] Login: "ErenZP<1><STEAM_0:0:1776161912><>" became an admin (account "loopback") (access "abcdefghijklmnopqrstu") (address "loopback")
L 08/06/2025 - 18:33:42: [admin.amxx] Login: "ErenZP<1><STEAM_0:0:1776161912><>" became an admin (account "loopback") (access "abcdefghijklmnopqrstu") (address "loopback")
L 08/06/2025 - 18:37:34: -------- Mapchange to zm_gbox6 --------
L 08/06/2025 - 18:37:35: [nextmap.amxx] WARNING: Couldn't find a valid map or the file doesn't exist (file "mapcycle.txt")
L 08/06/2025 - 18:37:35: [zp_level_system.amxx] [ZP Level] Plugin iniciando...
L 08/06/2025 - 18:37:35: [zp_level_system.amxx] [ZP Level] Plugin inicializado com sucesso!
L 08/06/2025 - 18:37:36: [zm_vip.amxx] ErenZP become VIP. (SteamID: "STEAM_0:0:1776161912") (IP: "loopback") (Flags: "abcde")
L 08/06/2025 - 18:37:36: [admin.amxx] Login: "ErenZP<12><STEAM_0:0:1776161912><>" became an admin (account "loopback") (access "abcdefghijklmnopqrstu") (address "loopback")
L 08/06/2025 - 18:37:37: [admin.amxx] Login: "ErenZP<12><STEAM_0:0:1776161912><>" became an admin (account "loopback") (access "abcdefghijklmnopqrstu") (address "loopback")
L 08/06/2025 - 19:05:39: [mapchooser.amxx] Vote: Voting for the nextmap started
L 08/06/2025 - 19:05:54: [mapchooser.amxx] Vote: Voting for the nextmap finished. The nextmap will be zm_gbox6
L 08/06/2025 - 19:07:57: -------- Mapchange to zm_gbox6 --------
L 08/06/2025 - 19:07:58: [nextmap.amxx] WARNING: Couldn't find a valid map or the file doesn't exist (file "mapcycle.txt")
L 08/06/2025 - 19:07:58: [zp_level_system.amxx] [ZP Level] Plugin iniciando...
L 08/06/2025 - 19:07:58: [zp_level_system.amxx] [ZP Level] Plugin inicializado com sucesso!
L 08/06/2025 - 19:07:58: [zm_vip.amxx] ErenZP become VIP. (SteamID: "STEAM_0:0:1776161912") (IP: "loopback") (Flags: "abcde")
L 08/06/2025 - 19:07:58: [admin.amxx] Login: "ErenZP<12><STEAM_0:0:1776161912><>" became an admin (account "loopback") (access "abcdefghijklmnopqrstu") (address "loopback")
L 08/06/2025 - 19:08:02: [admin.amxx] Login: "ErenZP<12><STEAM_0:0:1776161912><>" became an admin (account "loopback") (access "abcdefghijklmnopqrstu") (address "loopback")
L 08/06/2025 - 19:12:46: -------- Mapchange to zm_gbox6 --------
L 08/06/2025 - 19:14:06: -------- Mapchange to zm_gbox6 --------
L 08/06/2025 - 19:14:51: -------- Mapchange to zm_gbox6 --------
L 08/06/2025 - 19:18:08: -------- Mapchange to zm_gbox6 --------
L 08/06/2025 - 20:21:14: -------- Mapchange to zm_gbox6 --------
L 08/06/2025 - 20:21:51: -------- Mapchange to zm_gbox6 --------
L 08/06/2025 - 20:21:56: [nextmap.amxx] WARNING: Couldn't find a valid map or the file doesn't exist (file "mapcycle.txt")
L 08/06/2025 - 20:21:56: Invalid multi-lingual line (file "cstrike\addons\amxmodx\data\lang\lasermine_perfect.txt" line 1)
L 08/06/2025 - 20:21:56: [zp_level_system.amxx] [ZP Level] Plugin iniciando...
L 08/06/2025 - 20:21:56: [zp_level_system.amxx] [ZP Level] Plugin inicializado com sucesso!
L 08/06/2025 - 20:21:58: [zm_vip.amxx] ErenZP become VIP. (SteamID: "STEAM_0:0:1776161912") (IP: "loopback") (Flags: "abcde")
L 08/06/2025 - 20:21:58: [admin.amxx] Login: "ErenZP<1><STEAM_0:0:1776161912><>" became an admin (account "loopback") (access "abcdefghijklmnopqrstu") (address "loopback")
L 08/06/2025 - 20:22:00: [admin.amxx] Login: "ErenZP<1><STEAM_0:0:1776161912><>" became an admin (account "loopback") (access "abcdefghijklmnopqrstu") (address "loopback")
L 08/06/2025 - 20:49:18: -------- Mapchange to zm_gbox6 --------
L 08/06/2025 - 20:49:19: [nextmap.amxx] WARNING: Couldn't find a valid map or the file doesn't exist (file "mapcycle.txt")
L 08/06/2025 - 20:49:19: [zp_level_system.amxx] [ZP Level] Plugin iniciando...
L 08/06/2025 - 20:49:19: [zp_level_system.amxx] [ZP Level] Plugin inicializado com sucesso!
L 08/06/2025 - 20:49:19: [zm_vip.amxx] ErenZP become VIP. (SteamID: "STEAM_0:0:1776161912") (IP: "loopback") (Flags: "abcde")
L 08/06/2025 - 20:49:19: [admin.amxx] Login: "ErenZP<12><STEAM_0:0:1776161912><>" became an admin (account "loopback") (access "abcdefghijklmnopqrstu") (address "loopback")
L 08/06/2025 - 20:49:20: [admin.amxx] Login: "ErenZP<12><STEAM_0:0:1776161912><>" became an admin (account "loopback") (access "abcdefghijklmnopqrstu") (address "loopback")
L 08/06/2025 - 21:28:59: -------- Mapchange to zm_gbox6 --------
L 08/06/2025 - 21:29:01: [nextmap.amxx] WARNING: Couldn't find a valid map or the file doesn't exist (file "mapcycle.txt")
L 08/06/2025 - 21:29:01: Invalid multi-lingual line (file "cstrike\addons\amxmodx\data\lang\lasermine_perfect.txt" line 1)
L 08/06/2025 - 21:29:01: [zp_level_system.amxx] [ZP Level] Plugin iniciando...
L 08/06/2025 - 21:29:01: [zp_level_system.amxx] [ZP Level] Plugin inicializado com sucesso!
L 08/06/2025 - 21:29:02: [zm_vip.amxx] ErenZP become VIP. (SteamID: "STEAM_0:0:1776161912") (IP: "loopback") (Flags: "abcde")
L 08/06/2025 - 21:29:02: [admin.amxx] Login: "ErenZP<1><STEAM_0:0:1776161912><>" became an admin (account "loopback") (access "abcdefghijklmnopqrstu") (address "loopback")
L 08/06/2025 - 21:29:03: [admin.amxx] Login: "ErenZP<1><STEAM_0:0:1776161912><>" became an admin (account "loopback") (access "abcdefghijklmnopqrstu") (address "loopback")
L 08/06/2025 - 21:34:38: -------- Mapchange to zm_gbox6 --------
L 08/06/2025 - 21:34:39: [nextmap.amxx] WARNING: Couldn't find a valid map or the file doesn't exist (file "mapcycle.txt")
L 08/06/2025 - 21:34:39: [zp_level_system.amxx] [ZP Level] Plugin iniciando...
L 08/06/2025 - 21:34:39: [zp_level_system.amxx] [ZP Level] Plugin inicializado com sucesso!
L 08/06/2025 - 21:34:39: [zm_vip.amxx] ErenZP become VIP. (SteamID: "STEAM_0:0:1776161912") (IP: "loopback") (Flags: "abcde")
L 08/06/2025 - 21:34:39: [admin.amxx] Login: "ErenZP<12><STEAM_0:0:1776161912><>" became an admin (account "loopback") (access "abcdefghijklmnopqrstu") (address "loopback")
L 08/06/2025 - 21:34:40: [admin.amxx] Login: "ErenZP<12><STEAM_0:0:1776161912><>" became an admin (account "loopback") (access "abcdefghijklmnopqrstu") (address "loopback")
L 08/06/2025 - 21:36:29: -------- Mapchange to zm_gbox6 --------
L 08/06/2025 - 21:36:29: [nextmap.amxx] WARNING: Couldn't find a valid map or the file doesn't exist (file "mapcycle.txt")
L 08/06/2025 - 21:36:29: [zp_level_system.amxx] [ZP Level] Plugin iniciando...
L 08/06/2025 - 21:36:29: [zp_level_system.amxx] [ZP Level] Plugin inicializado com sucesso!
L 08/06/2025 - 21:36:30: [zm_vip.amxx] ErenZP become VIP. (SteamID: "STEAM_0:0:1776161912") (IP: "loopback") (Flags: "abcde")
L 08/06/2025 - 21:36:30: [admin.amxx] Login: "ErenZP<23><STEAM_0:0:1776161912><>" became an admin (account "loopback") (access "abcdefghijklmnopqrstu") (address "loopback")
L 08/06/2025 - 21:36:30: [admin.amxx] Login: "ErenZP<23><STEAM_0:0:1776161912><>" became an admin (account "loopback") (access "abcdefghijklmnopqrstu") (address "loopback")
L 08/06/2025 - 21:38:19: -------- Mapchange to zm_gbox6 --------
L 08/06/2025 - 21:38:20: [nextmap.amxx] WARNING: Couldn't find a valid map or the file doesn't exist (file "mapcycle.txt")
L 08/06/2025 - 21:38:20: [zm_vip.amxx] ErenZP become VIP. (SteamID: "STEAM_0:0:1776161912") (IP: "loopback") (Flags: "abcde")
L 08/06/2025 - 21:38:20: [admin.amxx] Login: "ErenZP<34><STEAM_0:0:1776161912><>" became an admin (account "loopback") (access "abcdefghijklmnopqrstu") (address "loopback")
L 08/06/2025 - 21:38:21: [admin.amxx] Login: "ErenZP<34><STEAM_0:0:1776161912><>" became an admin (account "loopback") (access "abcdefghijklmnopqrstu") (address "loopback")
L 08/06/2025 - 21:41:16: -------- Mapchange to zm_gbox6 --------
L 08/06/2025 - 21:41:16: [nextmap.amxx] WARNING: Couldn't find a valid map or the file doesn't exist (file "mapcycle.txt")
L 08/06/2025 - 21:41:16: [zp_level_system.amxx] [ZP Level] Plugin iniciando...
L 08/06/2025 - 21:41:16: [zp_level_system.amxx] [ZP Level] Plugin inicializado com sucesso!
L 08/06/2025 - 21:41:16: [zm_vip.amxx] ErenZP become VIP. (SteamID: "STEAM_0:0:1776161912") (IP: "loopback") (Flags: "abcde")
L 08/06/2025 - 21:41:16: [admin.amxx] Login: "ErenZP<45><STEAM_0:0:1776161912><>" became an admin (account "loopback") (access "abcdefghijklmnopqrstu") (address "loopback")
L 08/06/2025 - 21:41:17: [admin.amxx] Login: "ErenZP<45><STEAM_0:0:1776161912><>" became an admin (account "loopback") (access "abcdefghijklmnopqrstu") (address "loopback")
L 08/06/2025 - 21:47:37: -------- Mapchange to zm_gbox6 --------
L 08/06/2025 - 21:47:37: [nextmap.amxx] WARNING: Couldn't find a valid map or the file doesn't exist (file "mapcycle.txt")
L 08/06/2025 - 21:47:37: [zp_level_system.amxx] [ZP Level] Plugin iniciando...
L 08/06/2025 - 21:47:37: [zp_level_system.amxx] [ZP Level] Plugin inicializado com sucesso!
L 08/06/2025 - 21:47:38: [zm_vip.amxx] ErenZP become VIP. (SteamID: "STEAM_0:0:1776161912") (IP: "loopback") (Flags: "abcde")
L 08/06/2025 - 21:47:38: [admin.amxx] Login: "ErenZP<56><STEAM_0:0:1776161912><>" became an admin (account "loopback") (access "abcdefghijklmnopqrstu") (address "loopback")
L 08/06/2025 - 21:47:38: [admin.amxx] Login: "ErenZP<56><STEAM_0:0:1776161912><>" became an admin (account "loopback") (access "abcdefghijklmnopqrstu") (address "loopback")
L 08/06/2025 - 21:54:13: -------- Mapchange to zm_gbox6 --------
L 08/06/2025 - 21:54:13: [AMXX] Plugin "zp_damage_show.amxx" failed to load: Plugin uses an unknown function (name "dhud_message") - check your modules.ini.
L 08/06/2025 - 21:54:13: [nextmap.amxx] WARNING: Couldn't find a valid map or the file doesn't exist (file "mapcycle.txt")
L 08/06/2025 - 21:54:13: [zp_level_system.amxx] [ZP Level] Plugin iniciando...
L 08/06/2025 - 21:54:13: [zp_level_system.amxx] [ZP Level] Plugin inicializado com sucesso!
L 08/06/2025 - 21:54:14: [zm_vip.amxx] ErenZP become VIP. (SteamID: "STEAM_0:0:1776161912") (IP: "loopback") (Flags: "abcde")
L 08/06/2025 - 21:54:14: [admin.amxx] Login: "ErenZP<67><STEAM_0:0:1776161912><>" became an admin (account "loopback") (access "abcdefghijklmnopqrstu") (address "loopback")
L 08/06/2025 - 21:54:15: [admin.amxx] Login: "ErenZP<67><STEAM_0:0:1776161912><>" became an admin (account "loopback") (access "abcdefghijklmnopqrstu") (address "loopback")
L 08/06/2025 - 21:55:10: -------- Mapchange to zm_gbox6 --------
L 08/06/2025 - 21:55:10: [nextmap.amxx] WARNING: Couldn't find a valid map or the file doesn't exist (file "mapcycle.txt")
L 08/06/2025 - 21:55:10: [zp_level_system.amxx] [ZP Level] Plugin iniciando...
L 08/06/2025 - 21:55:10: [zp_level_system.amxx] [ZP Level] Plugin inicializado com sucesso!
L 08/06/2025 - 21:55:11: [zm_vip.amxx] ErenZP become VIP. (SteamID: "STEAM_0:0:1776161912") (IP: "loopback") (Flags: "abcde")
L 08/06/2025 - 21:55:11: [admin.amxx] Login: "ErenZP<78><STEAM_0:0:1776161912><>" became an admin (account "loopback") (access "abcdefghijklmnopqrstu") (address "loopback")
L 08/06/2025 - 21:55:11: [admin.amxx] Login: "ErenZP<78><STEAM_0:0:1776161912><>" became an admin (account "loopback") (access "abcdefghijklmnopqrstu") (address "loopback")
