L 08/05/2025 - 08:27:00: -------- Mapchange to zm_pool_evil --------
L 08/05/2025 - 08:27:01: [nextmap.amxx] WARNING: Couldn't find a valid map or the file doesn't exist (file "mapcycle.txt")
L 08/05/2025 - 08:27:01: [AMXX] Failed to open dictionary file: cstrike\addons\amxmodx\data\lang\la2stats.txt
L 08/05/2025 - 08:27:02: [admin.amxx] Login: "ErenZP<1><STEAM_0:0:1776161912><>" became an admin (account "loopback") (access "abcdefghijklmnopqrstu") (address "loopback")
L 08/05/2025 - 08:27:03: [admin.amxx] Login: "ErenZP<1><STEAM_0:0:1776161912><>" became an admin (account "loopback") (access "abcdefghijklmnopqrstu") (address "loopback")
L 08/05/2025 - 08:29:03: -------- Mapchange to zm_terrible_invasion --------
L 08/05/2025 - 08:29:04: [nextmap.amxx] WARNING: Couldn't find a valid map or the file doesn't exist (file "mapcycle.txt")
L 08/05/2025 - 08:29:04: [AMXX] Failed to open dictionary file: cstrike\addons\amxmodx\data\lang\la2stats.txt
L 08/05/2025 - 08:29:04: [admin.amxx] Login: "ErenZP<7><STEAM_0:0:1776161912><>" became an admin (account "loopback") (access "abcdefghijklmnopqrstu") (address "loopback")
L 08/05/2025 - 08:29:05: [admin.amxx] Login: "ErenZP<7><STEAM_0:0:1776161912><>" became an admin (account "loopback") (access "abcdefghijklmnopqrstu") (address "loopback")
L 08/05/2025 - 08:29:12: -------- Mapchange to zm_terrible_invasion --------
L 08/05/2025 - 08:29:13: [nextmap.amxx] WARNING: Couldn't find a valid map or the file doesn't exist (file "mapcycle.txt")
L 08/05/2025 - 08:29:13: [AMXX] Failed to open dictionary file: cstrike\addons\amxmodx\data\lang\la2stats.txt
L 08/05/2025 - 08:29:13: [admin.amxx] Login: "ErenZP<9><STEAM_0:0:1776161912><>" became an admin (account "loopback") (access "abcdefghijklmnopqrstu") (address "loopback")
L 08/05/2025 - 08:29:15: [admin.amxx] Login: "ErenZP<9><STEAM_0:0:1776161912><>" became an admin (account "loopback") (access "abcdefghijklmnopqrstu") (address "loopback")
L 08/05/2025 - 08:57:16: [mapchooser.amxx] Vote: Voting for the nextmap started
L 08/05/2025 - 08:57:32: [mapchooser.amxx] Vote: Voting for the nextmap finished. The nextmap will be zm_terrible_invasion
L 08/05/2025 - 08:59:34: -------- Mapchange to zm_terrible_invasion --------
L 08/05/2025 - 08:59:35: [nextmap.amxx] WARNING: Couldn't find a valid map or the file doesn't exist (file "mapcycle.txt")
L 08/05/2025 - 08:59:35: [AMXX] Failed to open dictionary file: cstrike\addons\amxmodx\data\lang\la2stats.txt
L 08/05/2025 - 08:59:35: [admin.amxx] Login: "ErenZP<9><STEAM_0:0:1776161912><>" became an admin (account "loopback") (access "abcdefghijklmnopqrstu") (address "loopback")
L 08/05/2025 - 08:59:37: [admin.amxx] Login: "ErenZP<9><STEAM_0:0:1776161912><>" became an admin (account "loopback") (access "abcdefghijklmnopqrstu") (address "loopback")
L 08/05/2025 - 09:12:03: -------- Mapchange to zm_terrible_invasion --------
L 08/05/2025 - 09:12:04: [nextmap.amxx] WARNING: Couldn't find a valid map or the file doesn't exist (file "mapcycle.txt")
L 08/05/2025 - 09:12:04: [AMXX] Failed to open dictionary file: cstrike\addons\amxmodx\data\lang\la2stats.txt
L 08/05/2025 - 09:12:04: [admin.amxx] Login: "ErenZP<15><STEAM_0:0:1776161912><>" became an admin (account "loopback") (access "abcdefghijklmnopqrstu") (address "loopback")
L 08/05/2025 - 09:12:05: [admin.amxx] Login: "ErenZP<15><STEAM_0:0:1776161912><>" became an admin (account "loopback") (access "abcdefghijklmnopqrstu") (address "loopback")
L 08/05/2025 - 09:13:08: -------- Mapchange to zm_terrible_invasion --------
L 08/05/2025 - 09:13:08: [nextmap.amxx] WARNING: Couldn't find a valid map or the file doesn't exist (file "mapcycle.txt")
L 08/05/2025 - 09:13:08: [AMXX] Failed to open dictionary file: cstrike\addons\amxmodx\data\lang\la2stats.txt
L 08/05/2025 - 09:13:09: [admin.amxx] Login: "ErenZP<21><STEAM_0:0:1776161912><>" became an admin (account "loopback") (access "abcdefghijklmnopqrstu") (address "loopback")
L 08/05/2025 - 09:13:10: [admin.amxx] Login: "ErenZP<21><STEAM_0:0:1776161912><>" became an admin (account "loopback") (access "abcdefghijklmnopqrstu") (address "loopback")
L 08/05/2025 - 09:20:51: -------- Mapchange to zm_terrible_invasion --------
L 08/05/2025 - 09:20:52: [nextmap.amxx] WARNING: Couldn't find a valid map or the file doesn't exist (file "mapcycle.txt")
L 08/05/2025 - 09:20:52: [AMXX] Failed to open dictionary file: cstrike\addons\amxmodx\data\lang\la2stats.txt
L 08/05/2025 - 09:20:52: [admin.amxx] Login: "ErenZP<27><STEAM_0:0:1776161912><>" became an admin (account "loopback") (access "abcdefghijklmnopqrstu") (address "loopback")
L 08/05/2025 - 09:20:54: [admin.amxx] Login: "ErenZP<27><STEAM_0:0:1776161912><>" became an admin (account "loopback") (access "abcdefghijklmnopqrstu") (address "loopback")
L 08/05/2025 - 09:29:20: -------- Mapchange to zm_terrible_invasion --------
L 08/05/2025 - 09:29:21: [nextmap.amxx] WARNING: Couldn't find a valid map or the file doesn't exist (file "mapcycle.txt")
L 08/05/2025 - 09:29:21: [AMXX] Failed to open dictionary file: cstrike\addons\amxmodx\data\lang\la2stats.txt
L 08/05/2025 - 09:29:21: [admin.amxx] Login: "ErenZP<33><STEAM_0:0:1776161912><>" became an admin (account "loopback") (access "abcdefghijklmnopqrstu") (address "loopback")
L 08/05/2025 - 09:29:22: [admin.amxx] Login: "ErenZP<33><STEAM_0:0:1776161912><>" became an admin (account "loopback") (access "abcdefghijklmnopqrstu") (address "loopback")
L 08/05/2025 - 09:39:27: -------- Mapchange to zm_terrible_invasion --------
L 08/05/2025 - 09:39:28: [nextmap.amxx] WARNING: Couldn't find a valid map or the file doesn't exist (file "mapcycle.txt")
L 08/05/2025 - 09:39:28: [AMXX] Failed to open dictionary file: cstrike\addons\amxmodx\data\lang\la2stats.txt
L 08/05/2025 - 09:39:28: [admin.amxx] Login: "ErenZP<39><STEAM_0:0:1776161912><>" became an admin (account "loopback") (access "abcdefghijklmnopqrstu") (address "loopback")
L 08/05/2025 - 09:39:30: [admin.amxx] Login: "ErenZP<39><STEAM_0:0:1776161912><>" became an admin (account "loopback") (access "abcdefghijklmnopqrstu") (address "loopback")
L 08/05/2025 - 09:39:43: -------- Mapchange to zm_fortuna_v2 --------
L 08/05/2025 - 09:39:44: [nextmap.amxx] WARNING: Couldn't find a valid map or the file doesn't exist (file "mapcycle.txt")
L 08/05/2025 - 09:39:44: [AMXX] Failed to open dictionary file: cstrike\addons\amxmodx\data\lang\la2stats.txt
L 08/05/2025 - 09:39:45: [admin.amxx] Login: "ErenZP<45><STEAM_0:0:1776161912><>" became an admin (account "loopback") (access "abcdefghijklmnopqrstu") (address "loopback")
L 08/05/2025 - 09:39:45: [admin.amxx] Login: "ErenZP<45><STEAM_0:0:1776161912><>" became an admin (account "loopback") (access "abcdefghijklmnopqrstu") (address "loopback")
L 08/05/2025 - 09:41:29: -------- Mapchange to zm_gg --------
L 08/05/2025 - 09:41:31: [nextmap.amxx] WARNING: Couldn't find a valid map or the file doesn't exist (file "mapcycle.txt")
L 08/05/2025 - 09:41:31: [AMXX] Failed to open dictionary file: cstrike\addons\amxmodx\data\lang\la2stats.txt
L 08/05/2025 - 09:41:31: [admin.amxx] Login: "ErenZP<1><STEAM_0:0:1776161912><>" became an admin (account "loopback") (access "abcdefghijklmnopqrstu") (address "loopback")
L 08/05/2025 - 09:41:32: [admin.amxx] Login: "ErenZP<1><STEAM_0:0:1776161912><>" became an admin (account "loopback") (access "abcdefghijklmnopqrstu") (address "loopback")
L 08/05/2025 - 09:52:46: -------- Mapchange to zm_gg --------
L 08/05/2025 - 09:52:47: [nextmap.amxx] WARNING: Couldn't find a valid map or the file doesn't exist (file "mapcycle.txt")
L 08/05/2025 - 09:52:47: [AMXX] Failed to open dictionary file: cstrike\addons\amxmodx\data\lang\la2stats.txt
L 08/05/2025 - 09:52:47: [admin.amxx] Login: "ErenZP<7><STEAM_0:0:1776161912><>" became an admin (account "loopback") (access "abcdefghijklmnopqrstu") (address "loopback")
L 08/05/2025 - 09:52:49: [admin.amxx] Login: "ErenZP<7><STEAM_0:0:1776161912><>" became an admin (account "loopback") (access "abcdefghijklmnopqrstu") (address "loopback")
L 08/05/2025 - 09:58:32: -------- Mapchange to zm_gg --------
L 08/05/2025 - 09:58:46: -------- Mapchange to zm_gg --------
L 08/05/2025 - 09:58:47: [nextmap.amxx] WARNING: Couldn't find a valid map or the file doesn't exist (file "mapcycle.txt")
L 08/05/2025 - 09:58:47: [AMXX] Failed to open dictionary file: cstrike\addons\amxmodx\data\lang\la2stats.txt
L 08/05/2025 - 09:58:47: [admin.amxx] Login: "ErenZP<1><STEAM_0:0:1776161912><>" became an admin (account "loopback") (access "abcdefghijklmnopqrstu") (address "loopback")
L 08/05/2025 - 09:58:48: [admin.amxx] Login: "ErenZP<1><STEAM_0:0:1776161912><>" became an admin (account "loopback") (access "abcdefghijklmnopqrstu") (address "loopback")
L 08/05/2025 - 10:00:19: -------- Mapchange to zm_gg --------
L 08/05/2025 - 10:12:07: -------- Mapchange to zm_gg --------
L 08/05/2025 - 10:12:09: [nextmap.amxx] WARNING: Couldn't find a valid map or the file doesn't exist (file "mapcycle.txt")
L 08/05/2025 - 10:12:10: [AMXX] Failed to open dictionary file: cstrike\addons\amxmodx\data\lang\la2stats.txt
L 08/05/2025 - 10:12:11: [admin.amxx] Login: "ErenZP<1><STEAM_0:0:1776161912><>" became an admin (account "loopback") (access "abcdefghijklmnopqrstu") (address "loopback")
L 08/05/2025 - 10:12:13: [admin.amxx] Login: "ErenZP<1><STEAM_0:0:1776161912><>" became an admin (account "loopback") (access "abcdefghijklmnopqrstu") (address "loopback")
L 08/05/2025 - 10:13:58: -------- Mapchange to zm_gg --------
L 08/05/2025 - 10:13:59: [nextmap.amxx] WARNING: Couldn't find a valid map or the file doesn't exist (file "mapcycle.txt")
L 08/05/2025 - 10:13:59: [AMXX] Failed to open dictionary file: cstrike\addons\amxmodx\data\lang\la2stats.txt
L 08/05/2025 - 10:14:00: [admin.amxx] Login: "ErenZP<7><STEAM_0:0:1776161912><>" became an admin (account "loopback") (access "abcdefghijklmnopqrstu") (address "loopback")
L 08/05/2025 - 10:14:03: [admin.amxx] Login: "ErenZP<7><STEAM_0:0:1776161912><>" became an admin (account "loopback") (access "abcdefghijklmnopqrstu") (address "loopback")
L 08/05/2025 - 10:20:24: -------- Mapchange to zm_gg --------
L 08/05/2025 - 10:20:25: [nextmap.amxx] WARNING: Couldn't find a valid map or the file doesn't exist (file "mapcycle.txt")
L 08/05/2025 - 10:20:25: [AMXX] Failed to open dictionary file: cstrike\addons\amxmodx\data\lang\la2stats.txt
L 08/05/2025 - 10:20:26: [admin.amxx] Login: "ErenZP<13><STEAM_0:0:1776161912><>" became an admin (account "loopback") (access "abcdefghijklmnopqrstu") (address "loopback")
L 08/05/2025 - 10:20:29: [admin.amxx] Login: "ErenZP<13><STEAM_0:0:1776161912><>" became an admin (account "loopback") (access "abcdefghijklmnopqrstu") (address "loopback")
L 08/05/2025 - 10:24:14: -------- Mapchange to zm_gg --------
L 08/05/2025 - 10:24:15: [nextmap.amxx] WARNING: Couldn't find a valid map or the file doesn't exist (file "mapcycle.txt")
L 08/05/2025 - 10:24:15: [AMXX] Failed to open dictionary file: cstrike\addons\amxmodx\data\lang\la2stats.txt
L 08/05/2025 - 10:24:16: [admin.amxx] Login: "ErenZP<19><STEAM_0:0:1776161912><>" became an admin (account "loopback") (access "abcdefghijklmnopqrstu") (address "loopback")
L 08/05/2025 - 10:24:16: [admin.amxx] Login: "ErenZP<19><STEAM_0:0:1776161912><>" became an admin (account "loopback") (access "abcdefghijklmnopqrstu") (address "loopback")
L 08/05/2025 - 10:30:21: -------- Mapchange to zm_gg --------
L 08/05/2025 - 10:30:23: [nextmap.amxx] WARNING: Couldn't find a valid map or the file doesn't exist (file "mapcycle.txt")
L 08/05/2025 - 10:30:23: [AMXX] Failed to open dictionary file: cstrike\addons\amxmodx\data\lang\la2stats.txt
L 08/05/2025 - 10:30:23: [zm_vip.amxx] ErenZP become VIP. (SteamID: "STEAM_0:0:1776161912") (IP: "loopback") (Flags: "abcde")
L 08/05/2025 - 10:30:23: [admin.amxx] Login: "ErenZP<1><STEAM_0:0:1776161912><>" became an admin (account "loopback") (access "abcdefghijklmnopqrstu") (address "loopback")
L 08/05/2025 - 10:30:25: [admin.amxx] Login: "ErenZP<1><STEAM_0:0:1776161912><>" became an admin (account "loopback") (access "abcdefghijklmnopqrstu") (address "loopback")
L 08/05/2025 - 10:49:32: -------- Mapchange to zm_fortuna_v2 --------
L 08/05/2025 - 10:49:36: [nextmap.amxx] WARNING: Couldn't find a valid map or the file doesn't exist (file "mapcycle.txt")
L 08/05/2025 - 10:49:36: [AMXX] Failed to open dictionary file: cstrike\addons\amxmodx\data\lang\la2stats.txt
L 08/05/2025 - 10:49:36: [zm_vip.amxx] ErenZP become VIP. (SteamID: "STEAM_0:0:1776161912") (IP: "loopback") (Flags: "abcde")
L 08/05/2025 - 10:49:36: [admin.amxx] Login: "ErenZP<1><STEAM_0:0:1776161912><>" became an admin (account "loopback") (access "abcdefghijklmnopqrstu") (address "loopback")
L 08/05/2025 - 10:49:38: [admin.amxx] Login: "ErenZP<1><STEAM_0:0:1776161912><>" became an admin (account "loopback") (access "abcdefghijklmnopqrstu") (address "loopback")
L 08/05/2025 - 10:55:03: -------- Mapchange to zm_terrible_invasion --------
L 08/05/2025 - 10:55:05: [nextmap.amxx] WARNING: Couldn't find a valid map or the file doesn't exist (file "mapcycle.txt")
L 08/05/2025 - 10:55:05: [AMXX] Failed to open dictionary file: cstrike\addons\amxmodx\data\lang\la2stats.txt
L 08/05/2025 - 10:55:05: [zm_vip.amxx] ErenZP become VIP. (SteamID: "STEAM_0:0:1776161912") (IP: "loopback") (Flags: "abcde")
L 08/05/2025 - 10:55:05: [admin.amxx] Login: "ErenZP<1><STEAM_0:0:1776161912><>" became an admin (account "loopback") (access "abcdefghijklmnopqrstu") (address "loopback")
L 08/05/2025 - 10:55:06: [admin.amxx] Login: "ErenZP<1><STEAM_0:0:1776161912><>" became an admin (account "loopback") (access "abcdefghijklmnopqrstu") (address "loopback")
L 08/05/2025 - 11:04:01: -------- Mapchange to zm_terrible_invasion --------
L 08/05/2025 - 11:04:01: [nextmap.amxx] WARNING: Couldn't find a valid map or the file doesn't exist (file "mapcycle.txt")
L 08/05/2025 - 11:04:01: [AMXX] Failed to open dictionary file: cstrike\addons\amxmodx\data\lang\la2stats.txt
L 08/05/2025 - 11:04:01: [zm_vip.amxx] ErenZP become VIP. (SteamID: "STEAM_0:0:1776161912") (IP: "loopback") (Flags: "abcde")
L 08/05/2025 - 11:04:01: [admin.amxx] Login: "ErenZP<7><STEAM_0:0:1776161912><>" became an admin (account "loopback") (access "abcdefghijklmnopqrstu") (address "loopback")
L 08/05/2025 - 11:04:02: [admin.amxx] Login: "ErenZP<7><STEAM_0:0:1776161912><>" became an admin (account "loopback") (access "abcdefghijklmnopqrstu") (address "loopback")
L 08/05/2025 - 11:13:11: -------- Mapchange to zm_gbox6 --------
L 08/05/2025 - 11:13:17: [nextmap.amxx] WARNING: Couldn't find a valid map or the file doesn't exist (file "mapcycle.txt")
L 08/05/2025 - 11:13:17: [AMXX] Failed to open dictionary file: cstrike\addons\amxmodx\data\lang\la2stats.txt
L 08/05/2025 - 11:13:17: [zm_vip.amxx] ErenZP become VIP. (SteamID: "STEAM_0:0:1776161912") (IP: "loopback") (Flags: "abcde")
L 08/05/2025 - 11:13:17: [admin.amxx] Login: "ErenZP<1><STEAM_0:0:1776161912><>" became an admin (account "loopback") (access "abcdefghijklmnopqrstu") (address "loopback")
L 08/05/2025 - 11:13:20: [admin.amxx] Login: "ErenZP<1><STEAM_0:0:1776161912><>" became an admin (account "loopback") (access "abcdefghijklmnopqrstu") (address "loopback")
L 08/05/2025 - 11:13:25: -------- Mapchange to zm_gbox6 --------
L 08/05/2025 - 11:13:25: [nextmap.amxx] WARNING: Couldn't find a valid map or the file doesn't exist (file "mapcycle.txt")
L 08/05/2025 - 11:13:25: [AMXX] Failed to open dictionary file: cstrike\addons\amxmodx\data\lang\la2stats.txt
L 08/05/2025 - 11:13:25: [zm_vip.amxx] ErenZP become VIP. (SteamID: "STEAM_0:0:1776161912") (IP: "loopback") (Flags: "abcde")
L 08/05/2025 - 11:13:25: [admin.amxx] Login: "ErenZP<3><STEAM_0:0:1776161912><>" became an admin (account "loopback") (access "abcdefghijklmnopqrstu") (address "loopback")
L 08/05/2025 - 11:13:26: [admin.amxx] Login: "ErenZP<3><STEAM_0:0:1776161912><>" became an admin (account "loopback") (access "abcdefghijklmnopqrstu") (address "loopback")
L 08/05/2025 - 11:21:05: -------- Mapchange to zm_gbox6 --------
L 08/05/2025 - 11:21:06: [nextmap.amxx] WARNING: Couldn't find a valid map or the file doesn't exist (file "mapcycle.txt")
L 08/05/2025 - 11:21:06: [AMXX] Failed to open dictionary file: cstrike\addons\amxmodx\data\lang\la2stats.txt
L 08/05/2025 - 11:21:06: [zm_vip.amxx] ErenZP become VIP. (SteamID: "STEAM_0:0:1776161912") (IP: "loopback") (Flags: "abcde")
L 08/05/2025 - 11:21:06: [admin.amxx] Login: "ErenZP<9><STEAM_0:0:1776161912><>" became an admin (account "loopback") (access "abcdefghijklmnopqrstu") (address "loopback")
L 08/05/2025 - 11:21:07: [admin.amxx] Login: "ErenZP<9><STEAM_0:0:1776161912><>" became an admin (account "loopback") (access "abcdefghijklmnopqrstu") (address "loopback")
L 08/05/2025 - 11:31:34: -------- Mapchange to zm_gbox6 --------
L 08/05/2025 - 11:31:35: [nextmap.amxx] WARNING: Couldn't find a valid map or the file doesn't exist (file "mapcycle.txt")
L 08/05/2025 - 11:31:35: [AMXX] Failed to open dictionary file: cstrike\addons\amxmodx\data\lang\la2stats.txt
L 08/05/2025 - 11:31:36: [zm_vip.amxx] ErenZP become VIP. (SteamID: "STEAM_0:0:1776161912") (IP: "loopback") (Flags: "abcde")
L 08/05/2025 - 11:31:36: [admin.amxx] Login: "ErenZP<15><STEAM_0:0:1776161912><>" became an admin (account "loopback") (access "abcdefghijklmnopqrstu") (address "loopback")
L 08/05/2025 - 11:31:37: [admin.amxx] Login: "ErenZP<15><STEAM_0:0:1776161912><>" became an admin (account "loopback") (access "abcdefghijklmnopqrstu") (address "loopback")
L 08/05/2025 - 11:33:54: -------- Mapchange to zm_gbox6 --------
L 08/05/2025 - 11:33:55: [nextmap.amxx] WARNING: Couldn't find a valid map or the file doesn't exist (file "mapcycle.txt")
L 08/05/2025 - 11:33:55: [zm_vip.amxx] ErenZP become VIP. (SteamID: "STEAM_0:0:1776161912") (IP: "loopback") (Flags: "abcde")
L 08/05/2025 - 11:33:55: [admin.amxx] Login: "ErenZP<21><STEAM_0:0:1776161912><>" became an admin (account "loopback") (access "abcdefghijklmnopqrstu") (address "loopback")
L 08/05/2025 - 11:33:56: [admin.amxx] Login: "ErenZP<21><STEAM_0:0:1776161912><>" became an admin (account "loopback") (access "abcdefghijklmnopqrstu") (address "loopback")
L 08/05/2025 - 11:36:01: -------- Mapchange to zm_gbox6 --------
L 08/05/2025 - 11:36:02: [nextmap.amxx] WARNING: Couldn't find a valid map or the file doesn't exist (file "mapcycle.txt")
L 08/05/2025 - 11:36:02: [zm_vip.amxx] ErenZP become VIP. (SteamID: "STEAM_0:0:1776161912") (IP: "loopback") (Flags: "abcde")
L 08/05/2025 - 11:36:02: [admin.amxx] Login: "ErenZP<27><STEAM_0:0:1776161912><>" became an admin (account "loopback") (access "abcdefghijklmnopqrstu") (address "loopback")
L 08/05/2025 - 11:36:03: [admin.amxx] Login: "ErenZP<27><STEAM_0:0:1776161912><>" became an admin (account "loopback") (access "abcdefghijklmnopqrstu") (address "loopback")
L 08/05/2025 - 11:37:25: [admin.amxx] Login: "ErenZPx<27><STEAM_0:0:1776161912><>" became an admin (account "loopback") (access "abcdefghijklmnopqrstu") (address "loopback")
L 08/05/2025 - 11:37:26: -------- Mapchange to zm_gbox6 --------
L 08/05/2025 - 11:37:27: [nextmap.amxx] WARNING: Couldn't find a valid map or the file doesn't exist (file "mapcycle.txt")
L 08/05/2025 - 11:37:27: [zm_vip.amxx] ErenZPx become VIP. (SteamID: "STEAM_0:0:1776161912") (IP: "loopback") (Flags: "abcde")
L 08/05/2025 - 11:37:27: [admin.amxx] Login: "ErenZPx<33><STEAM_0:0:1776161912><>" became an admin (account "loopback") (access "abcdefghijklmnopqrstu") (address "loopback")
L 08/05/2025 - 11:37:28: [admin.amxx] Login: "ErenZPx<33><STEAM_0:0:1776161912><>" became an admin (account "loopback") (access "abcdefghijklmnopqrstu") (address "loopback")
L 08/05/2025 - 11:38:10: [admin.amxx] Login: "ErenZP<33><STEAM_0:0:1776161912><>" became an admin (account "loopback") (access "abcdefghijklmnopqrstu") (address "loopback")
L 08/05/2025 - 11:38:12: -------- Mapchange to zm_gbox6 --------
L 08/05/2025 - 11:38:13: [nextmap.amxx] WARNING: Couldn't find a valid map or the file doesn't exist (file "mapcycle.txt")
L 08/05/2025 - 11:38:13: [zm_vip.amxx] ErenZP become VIP. (SteamID: "STEAM_0:0:1776161912") (IP: "loopback") (Flags: "abcde")
L 08/05/2025 - 11:38:13: [admin.amxx] Login: "ErenZP<39><STEAM_0:0:1776161912><>" became an admin (account "loopback") (access "abcdefghijklmnopqrstu") (address "loopback")
L 08/05/2025 - 11:38:15: [admin.amxx] Login: "ErenZP<39><STEAM_0:0:1776161912><>" became an admin (account "loopback") (access "abcdefghijklmnopqrstu") (address "loopback")
L 08/05/2025 - 11:40:19: -------- Mapchange to zm_gbox6 --------
L 08/05/2025 - 11:40:20: [nextmap.amxx] WARNING: Couldn't find a valid map or the file doesn't exist (file "mapcycle.txt")
L 08/05/2025 - 11:40:20: [zm_vip.amxx] ErenZP become VIP. (SteamID: "STEAM_0:0:1776161912") (IP: "loopback") (Flags: "abcde")
L 08/05/2025 - 11:40:20: [admin.amxx] Login: "ErenZP<45><STEAM_0:0:1776161912><>" became an admin (account "loopback") (access "abcdefghijklmnopqrstu") (address "loopback")
L 08/05/2025 - 11:40:21: [admin.amxx] Login: "ErenZP<45><STEAM_0:0:1776161912><>" became an admin (account "loopback") (access "abcdefghijklmnopqrstu") (address "loopback")
L 08/05/2025 - 12:05:30: -------- Mapchange to zm_gbox6 --------
L 08/05/2025 - 12:05:31: [nextmap.amxx] WARNING: Couldn't find a valid map or the file doesn't exist (file "mapcycle.txt")
L 08/05/2025 - 12:05:32: [zm_vip.amxx] ErenZP become VIP. (SteamID: "STEAM_0:0:1776161912") (IP: "loopback") (Flags: "abcde")
L 08/05/2025 - 12:05:32: [admin.amxx] Login: "ErenZP<51><STEAM_0:0:1776161912><>" became an admin (account "loopback") (access "abcdefghijklmnopqrstu") (address "loopback")
L 08/05/2025 - 12:05:33: [admin.amxx] Login: "ErenZP<51><STEAM_0:0:1776161912><>" became an admin (account "loopback") (access "abcdefghijklmnopqrstu") (address "loopback")
L 08/05/2025 - 12:21:48: -------- Mapchange to zm_gbox6 --------
L 08/05/2025 - 12:21:50: [nextmap.amxx] WARNING: Couldn't find a valid map or the file doesn't exist (file "mapcycle.txt")
L 08/05/2025 - 12:21:50: Invalid multi-lingual line (file "cstrike\addons\amxmodx\data\lang\lasermine_perfect.txt" line 1)
L 08/05/2025 - 12:21:50: [zm_vip.amxx] ErenZP become VIP. (SteamID: "STEAM_0:0:1776161912") (IP: "loopback") (Flags: "abcde")
L 08/05/2025 - 12:21:50: [admin.amxx] Login: "ErenZP<57><STEAM_0:0:1776161912><>" became an admin (account "loopback") (access "abcdefghijklmnopqrstu") (address "loopback")
L 08/05/2025 - 12:21:51: [admin.amxx] Login: "ErenZP<57><STEAM_0:0:1776161912><>" became an admin (account "loopback") (access "abcdefghijklmnopqrstu") (address "loopback")
L 08/05/2025 - 12:33:39: -------- Mapchange to zm_gbox6 --------
L 08/05/2025 - 12:33:40: [nextmap.amxx] WARNING: Couldn't find a valid map or the file doesn't exist (file "mapcycle.txt")
L 08/05/2025 - 12:33:41: [zm_vip.amxx] ErenZP become VIP. (SteamID: "STEAM_0:0:1776161912") (IP: "loopback") (Flags: "abcde")
L 08/05/2025 - 12:33:41: [admin.amxx] Login: "ErenZP<63><STEAM_0:0:1776161912><>" became an admin (account "loopback") (access "abcdefghijklmnopqrstu") (address "loopback")
L 08/05/2025 - 12:33:42: [admin.amxx] Login: "ErenZP<63><STEAM_0:0:1776161912><>" became an admin (account "loopback") (access "abcdefghijklmnopqrstu") (address "loopback")
L 08/05/2025 - 12:36:26: -------- Mapchange to zm_gbox6 --------
L 08/05/2025 - 12:36:27: [nextmap.amxx] WARNING: Couldn't find a valid map or the file doesn't exist (file "mapcycle.txt")
L 08/05/2025 - 12:36:27: [zm_vip.amxx] ErenZP become VIP. (SteamID: "STEAM_0:0:1776161912") (IP: "loopback") (Flags: "abcde")
L 08/05/2025 - 12:36:27: [admin.amxx] Login: "ErenZP<69><STEAM_0:0:1776161912><>" became an admin (account "loopback") (access "abcdefghijklmnopqrstu") (address "loopback")
L 08/05/2025 - 12:36:28: [admin.amxx] Login: "ErenZP<69><STEAM_0:0:1776161912><>" became an admin (account "loopback") (access "abcdefghijklmnopqrstu") (address "loopback")
L 08/05/2025 - 12:37:12: -------- Mapchange to zm_gbox6 --------
L 08/05/2025 - 12:37:12: [nextmap.amxx] WARNING: Couldn't find a valid map or the file doesn't exist (file "mapcycle.txt")
L 08/05/2025 - 12:37:13: [zm_vip.amxx] ErenZP become VIP. (SteamID: "STEAM_0:0:1776161912") (IP: "loopback") (Flags: "abcde")
L 08/05/2025 - 12:37:13: [admin.amxx] Login: "ErenZP<75><STEAM_0:0:1776161912><>" became an admin (account "loopback") (access "abcdefghijklmnopqrstu") (address "loopback")
L 08/05/2025 - 12:37:13: [admin.amxx] Login: "ErenZP<75><STEAM_0:0:1776161912><>" became an admin (account "loopback") (access "abcdefghijklmnopqrstu") (address "loopback")
L 08/05/2025 - 12:44:56: -------- Mapchange to zm_gbox6 --------
L 08/05/2025 - 12:44:59: [nextmap.amxx] WARNING: Couldn't find a valid map or the file doesn't exist (file "mapcycle.txt")
L 08/05/2025 - 12:44:59: Invalid multi-lingual line (file "cstrike\addons\amxmodx\data\lang\lasermine_perfect.txt" line 1)
L 08/05/2025 - 12:44:59: [zm_vip.amxx] ErenZP become VIP. (SteamID: "STEAM_0:0:1776161912") (IP: "loopback") (Flags: "abcde")
L 08/05/2025 - 12:44:59: [admin.amxx] Login: "ErenZP<1><STEAM_0:0:1776161912><>" became an admin (account "loopback") (access "abcdefghijklmnopqrstu") (address "loopback")
L 08/05/2025 - 12:45:01: [admin.amxx] Login: "ErenZP<1><STEAM_0:0:1776161912><>" became an admin (account "loopback") (access "abcdefghijklmnopqrstu") (address "loopback")
L 08/05/2025 - 12:57:22: -------- Mapchange to zm_gbox6 --------
L 08/05/2025 - 12:57:23: [nextmap.amxx] WARNING: Couldn't find a valid map or the file doesn't exist (file "mapcycle.txt")
L 08/05/2025 - 12:57:23: [zm_vip.amxx] ErenZP become VIP. (SteamID: "STEAM_0:0:1776161912") (IP: "loopback") (Flags: "abcde")
L 08/05/2025 - 12:57:23: [admin.amxx] Login: "ErenZP<7><STEAM_0:0:1776161912><>" became an admin (account "loopback") (access "abcdefghijklmnopqrstu") (address "loopback")
L 08/05/2025 - 12:57:24: [admin.amxx] Login: "ErenZP<7><STEAM_0:0:1776161912><>" became an admin (account "loopback") (access "abcdefghijklmnopqrstu") (address "loopback")
L 08/05/2025 - 12:58:45: -------- Mapchange to zm_gbox6 --------
L 08/05/2025 - 12:58:45: [nextmap.amxx] WARNING: Couldn't find a valid map or the file doesn't exist (file "mapcycle.txt")
L 08/05/2025 - 12:58:46: [zm_vip.amxx] ErenZP become VIP. (SteamID: "STEAM_0:0:1776161912") (IP: "loopback") (Flags: "abcde")
L 08/05/2025 - 12:58:46: [admin.amxx] Login: "ErenZP<13><STEAM_0:0:1776161912><>" became an admin (account "loopback") (access "abcdefghijklmnopqrstu") (address "loopback")
L 08/05/2025 - 12:58:46: [admin.amxx] Login: "ErenZP<13><STEAM_0:0:1776161912><>" became an admin (account "loopback") (access "abcdefghijklmnopqrstu") (address "loopback")
L 08/05/2025 - 13:12:54: -------- Mapchange to zm_gbox6 --------
L 08/05/2025 - 13:12:55: [nextmap.amxx] WARNING: Couldn't find a valid map or the file doesn't exist (file "mapcycle.txt")
L 08/05/2025 - 13:12:55: [zm_vip.amxx] ErenZP become VIP. (SteamID: "STEAM_0:0:1776161912") (IP: "loopback") (Flags: "abcde")
L 08/05/2025 - 13:12:55: [admin.amxx] Login: "ErenZP<19><STEAM_0:0:1776161912><>" became an admin (account "loopback") (access "abcdefghijklmnopqrstu") (address "loopback")
L 08/05/2025 - 13:12:56: [admin.amxx] Login: "ErenZP<19><STEAM_0:0:1776161912><>" became an admin (account "loopback") (access "abcdefghijklmnopqrstu") (address "loopback")
L 08/05/2025 - 13:15:26: -------- Mapchange to zm_gbox6 --------
L 08/05/2025 - 13:15:27: [nextmap.amxx] WARNING: Couldn't find a valid map or the file doesn't exist (file "mapcycle.txt")
L 08/05/2025 - 13:15:27: [zm_vip.amxx] ErenZP become VIP. (SteamID: "STEAM_0:0:1776161912") (IP: "loopback") (Flags: "abcde")
L 08/05/2025 - 13:15:27: [admin.amxx] Login: "ErenZP<25><STEAM_0:0:1776161912><>" became an admin (account "loopback") (access "abcdefghijklmnopqrstu") (address "loopback")
L 08/05/2025 - 13:15:28: [admin.amxx] Login: "ErenZP<25><STEAM_0:0:1776161912><>" became an admin (account "loopback") (access "abcdefghijklmnopqrstu") (address "loopback")
L 08/05/2025 - 13:19:06: -------- Mapchange to zm_gbox6 --------
L 08/05/2025 - 13:19:06: [nextmap.amxx] WARNING: Couldn't find a valid map or the file doesn't exist (file "mapcycle.txt")
L 08/05/2025 - 13:19:07: [zm_vip.amxx] ErenZP become VIP. (SteamID: "STEAM_0:0:1776161912") (IP: "loopback") (Flags: "abcde")
L 08/05/2025 - 13:19:07: [admin.amxx] Login: "ErenZP<36><STEAM_0:0:1776161912><>" became an admin (account "loopback") (access "abcdefghijklmnopqrstu") (address "loopback")
L 08/05/2025 - 13:19:08: [admin.amxx] Login: "ErenZP<36><STEAM_0:0:1776161912><>" became an admin (account "loopback") (access "abcdefghijklmnopqrstu") (address "loopback")
L 08/05/2025 - 13:29:56: -------- Mapchange to zm_gbox6 --------
L 08/05/2025 - 13:29:57: [nextmap.amxx] WARNING: Couldn't find a valid map or the file doesn't exist (file "mapcycle.txt")
L 08/05/2025 - 13:29:57: [zm_vip.amxx] ErenZP become VIP. (SteamID: "STEAM_0:0:1776161912") (IP: "loopback") (Flags: "abcde")
L 08/05/2025 - 13:29:57: [admin.amxx] Login: "ErenZP<42><STEAM_0:0:1776161912><>" became an admin (account "loopback") (access "abcdefghijklmnopqrstu") (address "loopback")
L 08/05/2025 - 13:29:58: [admin.amxx] Login: "ErenZP<42><STEAM_0:0:1776161912><>" became an admin (account "loopback") (access "abcdefghijklmnopqrstu") (address "loopback")
L 08/05/2025 - 13:47:34: -------- Mapchange to zm_gbox6 --------
L 08/05/2025 - 13:47:35: [nextmap.amxx] WARNING: Couldn't find a valid map or the file doesn't exist (file "mapcycle.txt")
L 08/05/2025 - 13:47:35: [zm_vip.amxx] ErenZP become VIP. (SteamID: "STEAM_0:0:1776161912") (IP: "loopback") (Flags: "abcde")
L 08/05/2025 - 13:47:35: [admin.amxx] Login: "ErenZP<48><STEAM_0:0:1776161912><>" became an admin (account "loopback") (access "abcdefghijklmnopqrstu") (address "loopback")
L 08/05/2025 - 13:47:36: [admin.amxx] Login: "ErenZP<48><STEAM_0:0:1776161912><>" became an admin (account "loopback") (access "abcdefghijklmnopqrstu") (address "loopback")
L 08/05/2025 - 13:52:29: -------- Mapchange to zm_gbox6 --------
L 08/05/2025 - 13:52:30: [nextmap.amxx] WARNING: Couldn't find a valid map or the file doesn't exist (file "mapcycle.txt")
L 08/05/2025 - 13:52:31: [zm_vip.amxx] ErenZP become VIP. (SteamID: "STEAM_0:0:1776161912") (IP: "loopback") (Flags: "abcde")
L 08/05/2025 - 13:52:31: [admin.amxx] Login: "ErenZP<54><STEAM_0:0:1776161912><>" became an admin (account "loopback") (access "abcdefghijklmnopqrstu") (address "loopback")
L 08/05/2025 - 13:52:32: [admin.amxx] Login: "ErenZP<54><STEAM_0:0:1776161912><>" became an admin (account "loopback") (access "abcdefghijklmnopqrstu") (address "loopback")
L 08/05/2025 - 14:05:12: -------- Mapchange to zm_gbox6 --------
L 08/05/2025 - 14:05:18: [nextmap.amxx] WARNING: Couldn't find a valid map or the file doesn't exist (file "mapcycle.txt")
L 08/05/2025 - 14:05:18: Invalid multi-lingual line (file "cstrike\addons\amxmodx\data\lang\lasermine_perfect.txt" line 1)
L 08/05/2025 - 14:05:19: [zm_vip.amxx] ErenZP become VIP. (SteamID: "STEAM_0:0:1776161912") (IP: "loopback") (Flags: "abcde")
L 08/05/2025 - 14:05:19: [admin.amxx] Login: "ErenZP<1><STEAM_0:0:1776161912><>" became an admin (account "loopback") (access "abcdefghijklmnopqrstu") (address "loopback")
L 08/05/2025 - 14:05:22: [admin.amxx] Login: "ErenZP<1><STEAM_0:0:1776161912><>" became an admin (account "loopback") (access "abcdefghijklmnopqrstu") (address "loopback")
L 08/05/2025 - 14:05:51: -------- Mapchange to zm_gbox6 --------
L 08/05/2025 - 14:05:52: [nextmap.amxx] WARNING: Couldn't find a valid map or the file doesn't exist (file "mapcycle.txt")
L 08/05/2025 - 14:05:53: [zm_vip.amxx] ErenZP become VIP. (SteamID: "STEAM_0:0:1776161912") (IP: "loopback") (Flags: "abcde")
L 08/05/2025 - 14:05:53: [admin.amxx] Login: "ErenZP<2><STEAM_0:0:1776161912><>" became an admin (account "loopback") (access "abcdefghijklmnopqrstu") (address "loopback")
L 08/05/2025 - 14:05:55: [admin.amxx] Login: "ErenZP<2><STEAM_0:0:1776161912><>" became an admin (account "loopback") (access "abcdefghijklmnopqrstu") (address "loopback")
L 08/05/2025 - 14:40:15: -------- Mapchange to zm_gbox6 --------
L 08/05/2025 - 14:40:19: [nextmap.amxx] WARNING: Couldn't find a valid map or the file doesn't exist (file "mapcycle.txt")
L 08/05/2025 - 14:40:19: Invalid multi-lingual line (file "cstrike\addons\amxmodx\data\lang\lasermine_perfect.txt" line 1)
L 08/05/2025 - 14:40:20: [zm_vip.amxx] ErenZP become VIP. (SteamID: "STEAM_0:0:1776161912") (IP: "loopback") (Flags: "abcde")
L 08/05/2025 - 14:40:20: [admin.amxx] Login: "ErenZP<1><STEAM_0:0:1776161912><>" became an admin (account "loopback") (access "abcdefghijklmnopqrstu") (address "loopback")
L 08/05/2025 - 14:40:22: [admin.amxx] Login: "ErenZP<1><STEAM_0:0:1776161912><>" became an admin (account "loopback") (access "abcdefghijklmnopqrstu") (address "loopback")
L 08/05/2025 - 14:57:00: -------- Mapchange to zm_gbox6 --------
L 08/05/2025 - 14:57:06: [nextmap.amxx] WARNING: Couldn't find a valid map or the file doesn't exist (file "mapcycle.txt")
L 08/05/2025 - 14:57:06: [zm_vip.amxx] ErenZP become VIP. (SteamID: "STEAM_0:0:1776161912") (IP: "loopback") (Flags: "abcde")
L 08/05/2025 - 14:57:06: [admin.amxx] Login: "ErenZP<7><STEAM_0:0:1776161912><>" became an admin (account "loopback") (access "abcdefghijklmnopqrstu") (address "loopback")
L 08/05/2025 - 14:57:10: [admin.amxx] Login: "ErenZP<7><STEAM_0:0:1776161912><>" became an admin (account "loopback") (access "abcdefghijklmnopqrstu") (address "loopback")
L 08/05/2025 - 15:23:27: -------- Mapchange to zm_gbox6 --------
L 08/05/2025 - 15:23:28: [nextmap.amxx] WARNING: Couldn't find a valid map or the file doesn't exist (file "mapcycle.txt")
L 08/05/2025 - 15:23:29: [zm_vip.amxx] ErenZP become VIP. (SteamID: "STEAM_0:0:1776161912") (IP: "loopback") (Flags: "abcde")
L 08/05/2025 - 15:23:29: [admin.amxx] Login: "ErenZP<13><STEAM_0:0:1776161912><>" became an admin (account "loopback") (access "abcdefghijklmnopqrstu") (address "loopback")
L 08/05/2025 - 15:23:30: [admin.amxx] Login: "ErenZP<13><STEAM_0:0:1776161912><>" became an admin (account "loopback") (access "abcdefghijklmnopqrstu") (address "loopback")
L 08/05/2025 - 15:32:51: -------- Mapchange to zm_gbox6 --------
L 08/05/2025 - 15:32:51: [nextmap.amxx] WARNING: Couldn't find a valid map or the file doesn't exist (file "mapcycle.txt")
L 08/05/2025 - 15:32:51: [zm_vip.amxx] ErenZP become VIP. (SteamID: "STEAM_0:0:1776161912") (IP: "loopback") (Flags: "abcde")
L 08/05/2025 - 15:32:51: [admin.amxx] Login: "ErenZP<19><STEAM_0:0:1776161912><>" became an admin (account "loopback") (access "abcdefghijklmnopqrstu") (address "loopback")
L 08/05/2025 - 15:32:52: [admin.amxx] Login: "ErenZP<19><STEAM_0:0:1776161912><>" became an admin (account "loopback") (access "abcdefghijklmnopqrstu") (address "loopback")
L 08/05/2025 - 15:59:44: -------- Mapchange to zm_gbox6 --------
L 08/05/2025 - 15:59:45: [nextmap.amxx] WARNING: Couldn't find a valid map or the file doesn't exist (file "mapcycle.txt")
L 08/05/2025 - 15:59:45: [zm_vip.amxx] ErenZP become VIP. (SteamID: "STEAM_0:0:1776161912") (IP: "loopback") (Flags: "abcde")
L 08/05/2025 - 15:59:45: [admin.amxx] Login: "ErenZP<25><STEAM_0:0:1776161912><>" became an admin (account "loopback") (access "abcdefghijklmnopqrstu") (address "loopback")
L 08/05/2025 - 15:59:46: [admin.amxx] Login: "ErenZP<25><STEAM_0:0:1776161912><>" became an admin (account "loopback") (access "abcdefghijklmnopqrstu") (address "loopback")
L 08/05/2025 - 16:07:24: -------- Mapchange to zm_gbox6 --------
L 08/05/2025 - 16:07:25: [nextmap.amxx] WARNING: Couldn't find a valid map or the file doesn't exist (file "mapcycle.txt")
L 08/05/2025 - 16:07:25: [zm_vip.amxx] ErenZP become VIP. (SteamID: "STEAM_0:0:1776161912") (IP: "loopback") (Flags: "abcde")
L 08/05/2025 - 16:07:25: [admin.amxx] Login: "ErenZP<31><STEAM_0:0:1776161912><>" became an admin (account "loopback") (access "abcdefghijklmnopqrstu") (address "loopback")
L 08/05/2025 - 16:07:26: [admin.amxx] Login: "ErenZP<31><STEAM_0:0:1776161912><>" became an admin (account "loopback") (access "abcdefghijklmnopqrstu") (address "loopback")
L 08/05/2025 - 16:08:47: -------- Mapchange to zm_gbox6 --------
L 08/05/2025 - 16:08:48: [nextmap.amxx] WARNING: Couldn't find a valid map or the file doesn't exist (file "mapcycle.txt")
L 08/05/2025 - 16:08:48: [zm_vip.amxx] ErenZP become VIP. (SteamID: "STEAM_0:0:1776161912") (IP: "loopback") (Flags: "abcde")
L 08/05/2025 - 16:08:48: [admin.amxx] Login: "ErenZP<37><STEAM_0:0:1776161912><>" became an admin (account "loopback") (access "abcdefghijklmnopqrstu") (address "loopback")
L 08/05/2025 - 16:08:50: [admin.amxx] Login: "ErenZP<37><STEAM_0:0:1776161912><>" became an admin (account "loopback") (access "abcdefghijklmnopqrstu") (address "loopback")
L 08/05/2025 - 16:10:57: -------- Mapchange to zm_gbox6 --------
L 08/05/2025 - 16:10:58: [nextmap.amxx] WARNING: Couldn't find a valid map or the file doesn't exist (file "mapcycle.txt")
L 08/05/2025 - 16:10:58: [zm_vip.amxx] ErenZP become VIP. (SteamID: "STEAM_0:0:1776161912") (IP: "loopback") (Flags: "abcde")
L 08/05/2025 - 16:10:58: [admin.amxx] Login: "ErenZP<43><STEAM_0:0:1776161912><>" became an admin (account "loopback") (access "abcdefghijklmnopqrstu") (address "loopback")
L 08/05/2025 - 16:10:59: [admin.amxx] Login: "ErenZP<43><STEAM_0:0:1776161912><>" became an admin (account "loopback") (access "abcdefghijklmnopqrstu") (address "loopback")
L 08/05/2025 - 16:11:37: -------- Mapchange to zm_gbox6 --------
L 08/05/2025 - 16:11:37: [nextmap.amxx] WARNING: Couldn't find a valid map or the file doesn't exist (file "mapcycle.txt")
L 08/05/2025 - 16:11:37: [zm_vip.amxx] ErenZP become VIP. (SteamID: "STEAM_0:0:1776161912") (IP: "loopback") (Flags: "abcde")
L 08/05/2025 - 16:11:37: [admin.amxx] Login: "ErenZP<49><STEAM_0:0:1776161912><>" became an admin (account "loopback") (access "abcdefghijklmnopqrstu") (address "loopback")
L 08/05/2025 - 16:11:38: [admin.amxx] Login: "ErenZP<49><STEAM_0:0:1776161912><>" became an admin (account "loopback") (access "abcdefghijklmnopqrstu") (address "loopback")
L 08/05/2025 - 16:23:29: -------- Mapchange to zm_gbox6 --------
L 08/05/2025 - 16:23:30: [nextmap.amxx] WARNING: Couldn't find a valid map or the file doesn't exist (file "mapcycle.txt")
L 08/05/2025 - 16:23:30: [zm_vip.amxx] ErenZP become VIP. (SteamID: "STEAM_0:0:1776161912") (IP: "loopback") (Flags: "abcde")
L 08/05/2025 - 16:23:30: [admin.amxx] Login: "ErenZP<55><STEAM_0:0:1776161912><>" became an admin (account "loopback") (access "abcdefghijklmnopqrstu") (address "loopback")
L 08/05/2025 - 16:23:31: [admin.amxx] Login: "ErenZP<55><STEAM_0:0:1776161912><>" became an admin (account "loopback") (access "abcdefghijklmnopqrstu") (address "loopback")
L 08/05/2025 - 16:23:56: -------- Mapchange to zm_gbox6 --------
L 08/05/2025 - 16:23:56: [nextmap.amxx] WARNING: Couldn't find a valid map or the file doesn't exist (file "mapcycle.txt")
L 08/05/2025 - 16:23:56: [zm_vip.amxx] ErenZP become VIP. (SteamID: "STEAM_0:0:1776161912") (IP: "loopback") (Flags: "abcde")
L 08/05/2025 - 16:23:56: [admin.amxx] Login: "ErenZP<61><STEAM_0:0:1776161912><>" became an admin (account "loopback") (access "abcdefghijklmnopqrstu") (address "loopback")
L 08/05/2025 - 16:23:57: [admin.amxx] Login: "ErenZP<61><STEAM_0:0:1776161912><>" became an admin (account "loopback") (access "abcdefghijklmnopqrstu") (address "loopback")
L 08/05/2025 - 16:26:31: -------- Mapchange to zm_gbox6 --------
L 08/05/2025 - 16:26:32: [nextmap.amxx] WARNING: Couldn't find a valid map or the file doesn't exist (file "mapcycle.txt")
L 08/05/2025 - 16:26:32: [zm_vip.amxx] ErenZP become VIP. (SteamID: "STEAM_0:0:1776161912") (IP: "loopback") (Flags: "abcde")
L 08/05/2025 - 16:26:32: [admin.amxx] Login: "ErenZP<67><STEAM_0:0:1776161912><>" became an admin (account "loopback") (access "abcdefghijklmnopqrstu") (address "loopback")
L 08/05/2025 - 16:26:33: [admin.amxx] Login: "ErenZP<67><STEAM_0:0:1776161912><>" became an admin (account "loopback") (access "abcdefghijklmnopqrstu") (address "loopback")
L 08/05/2025 - 16:28:35: -------- Mapchange to zm_gbox6 --------
L 08/05/2025 - 16:28:37: [nextmap.amxx] WARNING: Couldn't find a valid map or the file doesn't exist (file "mapcycle.txt")
L 08/05/2025 - 16:28:38: [zm_vip.amxx] ErenZP become VIP. (SteamID: "STEAM_0:0:1776161912") (IP: "loopback") (Flags: "abcde")
L 08/05/2025 - 16:28:38: [admin.amxx] Login: "ErenZP<73><STEAM_0:0:1776161912><>" became an admin (account "loopback") (access "abcdefghijklmnopqrstu") (address "loopback")
L 08/05/2025 - 16:28:39: [admin.amxx] Login: "ErenZP<73><STEAM_0:0:1776161912><>" became an admin (account "loopback") (access "abcdefghijklmnopqrstu") (address "loopback")
L 08/05/2025 - 16:29:04: -------- Mapchange to zm_gbox6 --------
L 08/05/2025 - 16:29:04: [nextmap.amxx] WARNING: Couldn't find a valid map or the file doesn't exist (file "mapcycle.txt")
L 08/05/2025 - 16:29:05: [zm_vip.amxx] ErenZP become VIP. (SteamID: "STEAM_0:0:1776161912") (IP: "loopback") (Flags: "abcde")
L 08/05/2025 - 16:29:05: [admin.amxx] Login: "ErenZP<79><STEAM_0:0:1776161912><>" became an admin (account "loopback") (access "abcdefghijklmnopqrstu") (address "loopback")
L 08/05/2025 - 16:29:06: [admin.amxx] Login: "ErenZP<79><STEAM_0:0:1776161912><>" became an admin (account "loopback") (access "abcdefghijklmnopqrstu") (address "loopback")
L 08/05/2025 - 16:35:19: -------- Mapchange to zm_gbox6 --------
L 08/05/2025 - 16:35:20: [nextmap.amxx] WARNING: Couldn't find a valid map or the file doesn't exist (file "mapcycle.txt")
L 08/05/2025 - 16:35:20: [zm_vip.amxx] ErenZP become VIP. (SteamID: "STEAM_0:0:1776161912") (IP: "loopback") (Flags: "abcde")
L 08/05/2025 - 16:35:20: [admin.amxx] Login: "ErenZP<85><STEAM_0:0:1776161912><>" became an admin (account "loopback") (access "abcdefghijklmnopqrstu") (address "loopback")
L 08/05/2025 - 16:35:21: [admin.amxx] Login: "ErenZP<85><STEAM_0:0:1776161912><>" became an admin (account "loopback") (access "abcdefghijklmnopqrstu") (address "loopback")
L 08/05/2025 - 16:40:13: -------- Mapchange to zm_gbox6 --------
L 08/05/2025 - 16:40:14: [nextmap.amxx] WARNING: Couldn't find a valid map or the file doesn't exist (file "mapcycle.txt")
L 08/05/2025 - 16:40:14: [zm_vip.amxx] ErenZP become VIP. (SteamID: "STEAM_0:0:1776161912") (IP: "loopback") (Flags: "abcde")
L 08/05/2025 - 16:40:14: [admin.amxx] Login: "ErenZP<91><STEAM_0:0:1776161912><>" became an admin (account "loopback") (access "abcdefghijklmnopqrstu") (address "loopback")
L 08/05/2025 - 16:40:15: [admin.amxx] Login: "ErenZP<91><STEAM_0:0:1776161912><>" became an admin (account "loopback") (access "abcdefghijklmnopqrstu") (address "loopback")
L 08/05/2025 - 16:46:21: -------- Mapchange to zm_gbox6 --------
L 08/05/2025 - 16:46:22: [nextmap.amxx] WARNING: Couldn't find a valid map or the file doesn't exist (file "mapcycle.txt")
L 08/05/2025 - 16:46:23: [zm_vip.amxx] ErenZP become VIP. (SteamID: "STEAM_0:0:1776161912") (IP: "loopback") (Flags: "abcde")
L 08/05/2025 - 16:46:23: [admin.amxx] Login: "ErenZP<97><STEAM_0:0:1776161912><>" became an admin (account "loopback") (access "abcdefghijklmnopqrstu") (address "loopback")
L 08/05/2025 - 16:46:25: [admin.amxx] Login: "ErenZP<97><STEAM_0:0:1776161912><>" became an admin (account "loopback") (access "abcdefghijklmnopqrstu") (address "loopback")
L 08/05/2025 - 17:07:16: -------- Mapchange to zm_gbox6 --------
L 08/05/2025 - 17:07:17: [nextmap.amxx] WARNING: Couldn't find a valid map or the file doesn't exist (file "mapcycle.txt")
L 08/05/2025 - 17:07:17: [zm_vip.amxx] ErenZP become VIP. (SteamID: "STEAM_0:0:1776161912") (IP: "loopback") (Flags: "abcde")
L 08/05/2025 - 17:07:17: [admin.amxx] Login: "ErenZP<103><STEAM_0:0:1776161912><>" became an admin (account "loopback") (access "abcdefghijklmnopqrstu") (address "loopback")
L 08/05/2025 - 17:07:18: [admin.amxx] Login: "ErenZP<103><STEAM_0:0:1776161912><>" became an admin (account "loopback") (access "abcdefghijklmnopqrstu") (address "loopback")
L 08/05/2025 - 17:07:32: -------- Mapchange to zm_gbox6 --------
L 08/05/2025 - 17:07:32: [nextmap.amxx] WARNING: Couldn't find a valid map or the file doesn't exist (file "mapcycle.txt")
L 08/05/2025 - 17:07:33: [zm_vip.amxx] ErenZP become VIP. (SteamID: "STEAM_0:0:1776161912") (IP: "loopback") (Flags: "abcde")
L 08/05/2025 - 17:07:33: [admin.amxx] Login: "ErenZP<109><STEAM_0:0:1776161912><>" became an admin (account "loopback") (access "abcdefghijklmnopqrstu") (address "loopback")
L 08/05/2025 - 17:07:34: [admin.amxx] Login: "ErenZP<109><STEAM_0:0:1776161912><>" became an admin (account "loopback") (access "abcdefghijklmnopqrstu") (address "loopback")
L 08/05/2025 - 17:15:00: -------- Mapchange to zm_gbox6 --------
L 08/05/2025 - 17:15:01: [nextmap.amxx] WARNING: Couldn't find a valid map or the file doesn't exist (file "mapcycle.txt")
L 08/05/2025 - 17:15:01: [zp_level_system.amxx] [ZP Level] Plugin iniciando...
L 08/05/2025 - 17:15:01: [zp_level_system.amxx] [ZP Level] Plugin inicializado com sucesso!
L 08/05/2025 - 17:15:01: [zm_vip.amxx] ErenZP become VIP. (SteamID: "STEAM_0:0:1776161912") (IP: "loopback") (Flags: "abcde")
L 08/05/2025 - 17:15:01: [admin.amxx] Login: "ErenZP<115><STEAM_0:0:1776161912><>" became an admin (account "loopback") (access "abcdefghijklmnopqrstu") (address "loopback")
L 08/05/2025 - 17:15:02: [admin.amxx] Login: "ErenZP<115><STEAM_0:0:1776161912><>" became an admin (account "loopback") (access "abcdefghijklmnopqrstu") (address "loopback")
L 08/05/2025 - 17:24:10: -------- Mapchange to zm_gbox6 --------
L 08/05/2025 - 17:24:11: [nextmap.amxx] WARNING: Couldn't find a valid map or the file doesn't exist (file "mapcycle.txt")
L 08/05/2025 - 17:24:11: [zp_level_system.amxx] [ZP Level] Plugin iniciando...
L 08/05/2025 - 17:24:11: [zp_level_system.amxx] [ZP Level] Plugin inicializado com sucesso!
L 08/05/2025 - 17:24:11: [zm_vip.amxx] ErenZP become VIP. (SteamID: "STEAM_0:0:1776161912") (IP: "loopback") (Flags: "abcde")
L 08/05/2025 - 17:24:11: [admin.amxx] Login: "ErenZP<121><STEAM_0:0:1776161912><>" became an admin (account "loopback") (access "abcdefghijklmnopqrstu") (address "loopback")
L 08/05/2025 - 17:24:13: [admin.amxx] Login: "ErenZP<121><STEAM_0:0:1776161912><>" became an admin (account "loopback") (access "abcdefghijklmnopqrstu") (address "loopback")
L 08/05/2025 - 17:38:13: -------- Mapchange to zm_gbox6 --------
L 08/05/2025 - 17:38:14: [nextmap.amxx] WARNING: Couldn't find a valid map or the file doesn't exist (file "mapcycle.txt")
L 08/05/2025 - 17:38:14: [zp_level_system.amxx] [ZP Level] Plugin iniciando...
L 08/05/2025 - 17:38:14: [zp_level_system.amxx] [ZP Level] Plugin inicializado com sucesso!
L 08/05/2025 - 17:38:14: [zm_vip.amxx] ErenZP become VIP. (SteamID: "STEAM_0:0:1776161912") (IP: "loopback") (Flags: "abcde")
L 08/05/2025 - 17:38:14: [admin.amxx] Login: "ErenZP<127><STEAM_0:0:1776161912><>" became an admin (account "loopback") (access "abcdefghijklmnopqrstu") (address "loopback")
L 08/05/2025 - 17:38:15: [admin.amxx] Login: "ErenZP<127><STEAM_0:0:1776161912><>" became an admin (account "loopback") (access "abcdefghijklmnopqrstu") (address "loopback")
