L 07/30/2025 - 08:01:23: -------- Mapchange to zm_fortuna_v2 --------
L 07/30/2025 - 08:01:31: [admin.amxx] Login: "ErenZP<1><STEAM_0:0:1776161912><>" became an admin (account "loopback") (access "abcdefghijklmnopqrstu") (address "loopback")
L 07/30/2025 - 08:01:35: [admin.amxx] Login: "ErenZP<1><STEAM_0:0:1776161912><>" became an admin (account "loopback") (access "abcdefghijklmnopqrstu") (address "loopback")
L 07/30/2025 - 08:03:03: -------- Mapchange to zm_fortuna_v2 --------
L 07/30/2025 - 08:03:04: [admin.amxx] Login: "ErenZP<10><STEAM_0:0:1776161912><>" became an admin (account "loopback") (access "abcdefghijklmnopqrstu") (address "loopback")
L 07/30/2025 - 08:03:05: [admin.amxx] Login: "ErenZP<10><STEAM_0:0:1776161912><>" became an admin (account "loopback") (access "abcdefghijklmnopqrstu") (address "loopback")
L 07/30/2025 - 08:41:15: -------- Mapchange to zm_fortuna_v2 --------
L 07/30/2025 - 08:41:17: [zp_hud_fix_manager.amxx] [ZP HUD Fix] Plugin inicializado - Canais: Main=1, Mini=2, Damage=3
L 07/30/2025 - 08:41:18: [admin.amxx] Login: "ErenZP<1><STEAM_0:0:1776161912><>" became an admin (account "loopback") (access "abcdefghijklmnopqrstu") (address "loopback")
L 07/30/2025 - 08:41:19: [admin.amxx] Login: "ErenZP<1><STEAM_0:0:1776161912><>" became an admin (account "loopback") (access "abcdefghijklmnopqrstu") (address "loopback")
L 07/30/2025 - 08:42:54: -------- Mapchange to zm_fortuna_v2 --------
L 07/30/2025 - 08:42:55: [zp_hud_fix_manager.amxx] [ZP HUD Fix] Plugin inicializado - Canais: Main=1, Mini=2, Damage=3
L 07/30/2025 - 08:42:56: [admin.amxx] Login: "ErenZP<1><STEAM_0:0:1776161912><>" became an admin (account "loopback") (access "abcdefghijklmnopqrstu") (address "loopback")
L 07/30/2025 - 08:42:57: [admin.amxx] Login: "ErenZP<1><STEAM_0:0:1776161912><>" became an admin (account "loopback") (access "abcdefghijklmnopqrstu") (address "loopback")
L 07/30/2025 - 08:58:02: -------- Mapchange to zm_fortuna_v2 --------
L 07/30/2025 - 08:58:05: [admin.amxx] Login: "ErenZP<1><STEAM_0:0:1776161912><>" became an admin (account "loopback") (access "abcdefghijklmnopqrstu") (address "loopback")
L 07/30/2025 - 08:58:06: [admin.amxx] Login: "ErenZP<1><STEAM_0:0:1776161912><>" became an admin (account "loopback") (access "abcdefghijklmnopqrstu") (address "loopback")
L 07/30/2025 - 09:00:36: -------- Mapchange to zm_fortuna_v2 --------
L 07/30/2025 - 09:00:37: [admin.amxx] Login: "ErenZP<10><STEAM_0:0:1776161912><>" became an admin (account "loopback") (access "abcdefghijklmnopqrstu") (address "loopback")
L 07/30/2025 - 09:00:37: [admin.amxx] Login: "ErenZP<10><STEAM_0:0:1776161912><>" became an admin (account "loopback") (access "abcdefghijklmnopqrstu") (address "loopback")
L 07/30/2025 - 11:16:18: -------- Mapchange to de_aztec --------
L 07/30/2025 - 11:24:37: -------- Mapchange to de_dust2_2x2 --------
L 07/30/2025 - 11:24:44: [admin.amxx] Login: "ErenZP<1><STEAM_0:0:1776161912><>" became an admin (account "loopback") (access "abcdefghijklmnopqrstu") (address "loopback")
L 07/30/2025 - 11:24:47: [admin.amxx] Login: "ErenZP<1><STEAM_0:0:1776161912><>" became an admin (account "loopback") (access "abcdefghijklmnopqrstu") (address "loopback")
L 07/30/2025 - 11:25:19: -------- Mapchange to de_dust2_2x2 --------
L 07/30/2025 - 11:25:20: [admin.amxx] Login: "ErenZP<2><STEAM_0:0:1776161912><>" became an admin (account "loopback") (access "abcdefghijklmnopqrstu") (address "loopback")
L 07/30/2025 - 11:25:21: [admin.amxx] Login: "ErenZP<2><STEAM_0:0:1776161912><>" became an admin (account "loopback") (access "abcdefghijklmnopqrstu") (address "loopback")
L 07/30/2025 - 11:25:43: -------- Mapchange to de_dust --------
L 07/30/2025 - 11:25:43: [admin.amxx] Login: "ErenZP<3><STEAM_0:0:1776161912><>" became an admin (account "loopback") (access "abcdefghijklmnopqrstu") (address "loopback")
L 07/30/2025 - 11:25:44: [admin.amxx] Login: "ErenZP<3><STEAM_0:0:1776161912><>" became an admin (account "loopback") (access "abcdefghijklmnopqrstu") (address "loopback")
L 07/30/2025 - 11:53:59: [mapchooser.amxx] Vote: Voting for the nextmap started
L 07/30/2025 - 11:54:14: [mapchooser.amxx] Vote: Voting for the nextmap finished. The nextmap will be cs_militia
L 07/30/2025 - 11:56:07: -------- Mapchange to cs_militia --------
L 07/30/2025 - 11:56:09: [admin.amxx] Login: "ErenZP<3><STEAM_0:0:1776161912><>" became an admin (account "loopback") (access "abcdefghijklmnopqrstu") (address "loopback")
L 07/30/2025 - 11:56:11: [admin.amxx] Login: "ErenZP<3><STEAM_0:0:1776161912><>" became an admin (account "loopback") (access "abcdefghijklmnopqrstu") (address "loopback")
L 07/30/2025 - 12:10:02: -------- Mapchange to de_dust --------
L 07/30/2025 - 12:10:04: [admin.amxx] Login: "ErenZP<1><STEAM_0:0:1776161912><>" became an admin (account "loopback") (access "abcdefghijklmnopqrstu") (address "loopback")
L 07/30/2025 - 12:10:06: [admin.amxx] Login: "ErenZP<1><STEAM_0:0:1776161912><>" became an admin (account "loopback") (access "abcdefghijklmnopqrstu") (address "loopback")
L 07/30/2025 - 14:23:43: -------- Mapchange to de_dust --------
L 07/30/2025 - 14:23:49: [admin.amxx] Login: "ErenZP<1><STEAM_0:0:1776161912><>" became an admin (account "loopback") (access "abcdefghijklmnopqrstu") (address "loopback")
L 07/30/2025 - 14:23:50: [admin.amxx] Login: "ErenZP<1><STEAM_0:0:1776161912><>" became an admin (account "loopback") (access "abcdefghijklmnopqrstu") (address "loopback")
L 07/30/2025 - 14:46:05: -------- Mapchange to de_dust --------
L 07/30/2025 - 14:46:09: [admin.amxx] Login: "ErenZP<1><STEAM_0:0:1776161912><>" became an admin (account "loopback") (access "abcdefghijklmnopqrstu") (address "loopback")
L 07/30/2025 - 14:46:10: [admin.amxx] Login: "ErenZP<1><STEAM_0:0:1776161912><>" became an admin (account "loopback") (access "abcdefghijklmnopqrstu") (address "loopback")
L 07/30/2025 - 14:49:26: -------- Mapchange to de_dust --------
L 07/30/2025 - 14:49:29: [admin.amxx] Login: "ErenZP<1><STEAM_0:0:1776161912><>" became an admin (account "loopback") (access "abcdefghijklmnopqrstu") (address "loopback")
L 07/30/2025 - 14:49:31: [admin.amxx] Login: "ErenZP<1><STEAM_0:0:1776161912><>" became an admin (account "loopback") (access "abcdefghijklmnopqrstu") (address "loopback")
L 07/30/2025 - 15:12:08: -------- Mapchange to zm_fortuna_v2 --------
L 07/30/2025 - 15:12:10: [admin.amxx] Login: "ErenZP<10><STEAM_0:0:1776161912><>" became an admin (account "loopback") (access "abcdefghijklmnopqrstu") (address "loopback")
L 07/30/2025 - 15:12:12: [admin.amxx] Login: "ErenZP<10><STEAM_0:0:1776161912><>" became an admin (account "loopback") (access "abcdefghijklmnopqrstu") (address "loopback")
L 07/30/2025 - 15:14:39: -------- Mapchange to zm_fortuna_v2 --------
L 07/30/2025 - 15:14:44: [admin.amxx] Login: "ErenZP<19><STEAM_0:0:1776161912><>" became an admin (account "loopback") (access "abcdefghijklmnopqrstu") (address "loopback")
L 07/30/2025 - 15:14:50: [admin.amxx] Login: "ErenZP<19><STEAM_0:0:1776161912><>" became an admin (account "loopback") (access "abcdefghijklmnopqrstu") (address "loopback")
L 07/30/2025 - 16:00:09: -------- Mapchange to zm_fortuna_v2 --------
L 07/30/2025 - 16:00:12: [admin.amxx] Login: "ErenZP<1><STEAM_0:0:1776161912><>" became an admin (account "loopback") (access "abcdefghijklmnopqrstu") (address "loopback")
L 07/30/2025 - 16:00:13: [admin.amxx] Login: "ErenZP<1><STEAM_0:0:1776161912><>" became an admin (account "loopback") (access "abcdefghijklmnopqrstu") (address "loopback")
L 07/30/2025 - 16:18:50: -------- Mapchange to zm_fortuna_v2 --------
L 07/30/2025 - 16:18:53: [admin.amxx] Login: "ErenZP<1><STEAM_0:0:1776161912><>" became an admin (account "loopback") (access "abcdefghijklmnopqrstu") (address "loopback")
L 07/30/2025 - 16:18:54: [admin.amxx] Login: "ErenZP<1><STEAM_0:0:1776161912><>" became an admin (account "loopback") (access "abcdefghijklmnopqrstu") (address "loopback")
L 07/30/2025 - 16:21:55: -------- Mapchange to zm_fortuna_v2 --------
L 07/30/2025 - 16:21:56: [admin.amxx] Login: "ErenZP<10><STEAM_0:0:1776161912><>" became an admin (account "loopback") (access "abcdefghijklmnopqrstu") (address "loopback")
L 07/30/2025 - 16:21:56: [admin.amxx] Login: "ErenZP<10><STEAM_0:0:1776161912><>" became an admin (account "loopback") (access "abcdefghijklmnopqrstu") (address "loopback")
L 07/30/2025 - 16:26:53: -------- Mapchange to zm_fortuna_v2 --------
L 07/30/2025 - 16:26:54: [admin.amxx] Login: "ErenZP<19><STEAM_0:0:1776161912><>" became an admin (account "loopback") (access "abcdefghijklmnopqrstu") (address "loopback")
L 07/30/2025 - 16:26:55: [admin.amxx] Login: "ErenZP<19><STEAM_0:0:1776161912><>" became an admin (account "loopback") (access "abcdefghijklmnopqrstu") (address "loopback")
L 07/30/2025 - 16:27:29: -------- Mapchange to zm_fortuna_v2 --------
L 07/30/2025 - 16:27:30: [admin.amxx] Login: "ErenZP<28><STEAM_0:0:1776161912><>" became an admin (account "loopback") (access "abcdefghijklmnopqrstu") (address "loopback")
L 07/30/2025 - 16:27:30: [admin.amxx] Login: "ErenZP<28><STEAM_0:0:1776161912><>" became an admin (account "loopback") (access "abcdefghijklmnopqrstu") (address "loopback")
L 07/30/2025 - 16:39:23: -------- Mapchange to zm_fortuna_v2 --------
L 07/30/2025 - 16:40:53: -------- Mapchange to zm_fortuna_v2 --------
L 07/30/2025 - 16:40:55: [admin.amxx] Login: "ErenZP<1><STEAM_0:0:1776161912><>" became an admin (account "loopback") (access "abcdefghijklmnopqrstu") (address "loopback")
L 07/30/2025 - 16:40:56: [admin.amxx] Login: "ErenZP<1><STEAM_0:0:1776161912><>" became an admin (account "loopback") (access "abcdefghijklmnopqrstu") (address "loopback")
L 07/30/2025 - 16:44:28: -------- Mapchange to zm_fortuna_v2 --------
L 07/30/2025 - 16:44:29: [admin.amxx] Login: "ErenZP<10><STEAM_0:0:1776161912><>" became an admin (account "loopback") (access "abcdefghijklmnopqrstu") (address "loopback")
L 07/30/2025 - 16:44:30: [admin.amxx] Login: "ErenZP<10><STEAM_0:0:1776161912><>" became an admin (account "loopback") (access "abcdefghijklmnopqrstu") (address "loopback")
L 07/30/2025 - 16:46:40: -------- Mapchange to zm_fortuna_v2 --------
L 07/30/2025 - 16:46:41: [admin.amxx] Login: "ErenZP<19><STEAM_0:0:1776161912><>" became an admin (account "loopback") (access "abcdefghijklmnopqrstu") (address "loopback")
L 07/30/2025 - 16:46:42: [admin.amxx] Login: "ErenZP<19><STEAM_0:0:1776161912><>" became an admin (account "loopback") (access "abcdefghijklmnopqrstu") (address "loopback")
L 07/30/2025 - 16:48:11: -------- Mapchange to zm_fortuna_v2 --------
L 07/30/2025 - 16:48:12: [admin.amxx] Login: "ErenZP<28><STEAM_0:0:1776161912><>" became an admin (account "loopback") (access "abcdefghijklmnopqrstu") (address "loopback")
L 07/30/2025 - 16:48:12: [admin.amxx] Login: "ErenZP<28><STEAM_0:0:1776161912><>" became an admin (account "loopback") (access "abcdefghijklmnopqrstu") (address "loopback")
L 07/30/2025 - 16:52:11: -------- Mapchange to zm_fortuna_v2 --------
L 07/30/2025 - 16:52:12: [admin.amxx] Login: "ErenZP<37><STEAM_0:0:1776161912><>" became an admin (account "loopback") (access "abcdefghijklmnopqrstu") (address "loopback")
L 07/30/2025 - 16:52:13: [admin.amxx] Login: "ErenZP<37><STEAM_0:0:1776161912><>" became an admin (account "loopback") (access "abcdefghijklmnopqrstu") (address "loopback")
L 07/30/2025 - 16:53:55: -------- Mapchange to zm_fortuna_v2 --------
L 07/30/2025 - 16:53:56: [admin.amxx] Login: "ErenZP<46><STEAM_0:0:1776161912><>" became an admin (account "loopback") (access "abcdefghijklmnopqrstu") (address "loopback")
L 07/30/2025 - 16:53:57: [admin.amxx] Login: "ErenZP<46><STEAM_0:0:1776161912><>" became an admin (account "loopback") (access "abcdefghijklmnopqrstu") (address "loopback")
L 07/30/2025 - 16:59:35: -------- Mapchange to zm_fortuna_v2 --------
L 07/30/2025 - 16:59:38: [admin.amxx] Login: "ErenZP<1><STEAM_0:0:1776161912><>" became an admin (account "loopback") (access "abcdefghijklmnopqrstu") (address "loopback")
L 07/30/2025 - 16:59:39: [admin.amxx] Login: "ErenZP<1><STEAM_0:0:1776161912><>" became an admin (account "loopback") (access "abcdefghijklmnopqrstu") (address "loopback")
L 07/30/2025 - 17:03:32: -------- Mapchange to zm_fortuna_v2 --------
L 07/30/2025 - 17:03:45: -------- Mapchange to zm_fortuna_v2 --------
L 07/30/2025 - 17:03:47: [admin.amxx] Login: "ErenZP<1><STEAM_0:0:1776161912><>" became an admin (account "loopback") (access "abcdefghijklmnopqrstu") (address "loopback")
L 07/30/2025 - 17:03:47: [admin.amxx] Login: "ErenZP<1><STEAM_0:0:1776161912><>" became an admin (account "loopback") (access "abcdefghijklmnopqrstu") (address "loopback")
L 07/30/2025 - 17:06:12: -------- Mapchange to zm_fortuna_v2 --------
L 07/30/2025 - 17:06:12: [admin.amxx] Login: "ErenZP<10><STEAM_0:0:1776161912><>" became an admin (account "loopback") (access "abcdefghijklmnopqrstu") (address "loopback")
L 07/30/2025 - 17:06:14: [admin.amxx] Login: "ErenZP<10><STEAM_0:0:1776161912><>" became an admin (account "loopback") (access "abcdefghijklmnopqrstu") (address "loopback")
L 07/30/2025 - 17:09:39: -------- Mapchange to zm_fortuna_v2 --------
L 07/30/2025 - 17:09:41: [admin.amxx] Login: "ErenZP<1><STEAM_0:0:1776161912><>" became an admin (account "loopback") (access "abcdefghijklmnopqrstu") (address "loopback")
L 07/30/2025 - 17:09:43: [admin.amxx] Login: "ErenZP<1><STEAM_0:0:1776161912><>" became an admin (account "loopback") (access "abcdefghijklmnopqrstu") (address "loopback")
L 07/30/2025 - 17:15:43: -------- Mapchange to zm_fortuna_v2 --------
L 07/30/2025 - 17:15:44: [admin.amxx] Login: "ErenZP<10><STEAM_0:0:1776161912><>" became an admin (account "loopback") (access "abcdefghijklmnopqrstu") (address "loopback")
L 07/30/2025 - 17:15:45: [admin.amxx] Login: "ErenZP<10><STEAM_0:0:1776161912><>" became an admin (account "loopback") (access "abcdefghijklmnopqrstu") (address "loopback")
L 07/30/2025 - 17:24:08: -------- Mapchange to zm_fortuna_v2 --------
L 07/30/2025 - 17:24:09: [admin.amxx] Login: "ErenZP<19><STEAM_0:0:1776161912><>" became an admin (account "loopback") (access "abcdefghijklmnopqrstu") (address "loopback")
L 07/30/2025 - 17:24:10: [admin.amxx] Login: "ErenZP<19><STEAM_0:0:1776161912><>" became an admin (account "loopback") (access "abcdefghijklmnopqrstu") (address "loopback")
L 07/30/2025 - 17:25:38: -------- Mapchange to zm_fortuna_v2 --------
L 07/30/2025 - 17:25:39: [admin.amxx] Login: "ErenZP<28><STEAM_0:0:1776161912><>" became an admin (account "loopback") (access "abcdefghijklmnopqrstu") (address "loopback")
L 07/30/2025 - 17:25:39: [admin.amxx] Login: "ErenZP<28><STEAM_0:0:1776161912><>" became an admin (account "loopback") (access "abcdefghijklmnopqrstu") (address "loopback")
L 07/30/2025 - 17:28:01: -------- Mapchange to zm_fortuna_v2 --------
L 07/30/2025 - 17:28:02: [admin.amxx] Login: "ErenZP<37><STEAM_0:0:1776161912><>" became an admin (account "loopback") (access "abcdefghijklmnopqrstu") (address "loopback")
L 07/30/2025 - 17:28:03: [admin.amxx] Login: "ErenZP<37><STEAM_0:0:1776161912><>" became an admin (account "loopback") (access "abcdefghijklmnopqrstu") (address "loopback")
L 07/30/2025 - 17:30:40: -------- Mapchange to zm_fortuna_v2 --------
L 07/30/2025 - 17:30:41: [admin.amxx] Login: "ErenZP<46><STEAM_0:0:1776161912><>" became an admin (account "loopback") (access "abcdefghijklmnopqrstu") (address "loopback")
L 07/30/2025 - 17:30:42: [admin.amxx] Login: "ErenZP<46><STEAM_0:0:1776161912><>" became an admin (account "loopback") (access "abcdefghijklmnopqrstu") (address "loopback")
L 07/30/2025 - 17:32:08: -------- Mapchange to zm_fortuna_v2 --------
L 07/30/2025 - 17:32:08: [admin.amxx] Login: "ErenZP<55><STEAM_0:0:1776161912><>" became an admin (account "loopback") (access "abcdefghijklmnopqrstu") (address "loopback")
L 07/30/2025 - 17:32:09: [admin.amxx] Login: "ErenZP<55><STEAM_0:0:1776161912><>" became an admin (account "loopback") (access "abcdefghijklmnopqrstu") (address "loopback")
L 07/30/2025 - 17:34:21: -------- Mapchange to zm_fortuna_v2 --------
L 07/30/2025 - 17:34:22: [admin.amxx] Login: "ErenZP<64><STEAM_0:0:1776161912><>" became an admin (account "loopback") (access "abcdefghijklmnopqrstu") (address "loopback")
L 07/30/2025 - 17:34:23: [admin.amxx] Login: "ErenZP<64><STEAM_0:0:1776161912><>" became an admin (account "loopback") (access "abcdefghijklmnopqrstu") (address "loopback")
L 07/30/2025 - 17:36:05: -------- Mapchange to zm_fortuna_v2 --------
L 07/30/2025 - 17:36:06: [admin.amxx] Login: "ErenZP<73><STEAM_0:0:1776161912><>" became an admin (account "loopback") (access "abcdefghijklmnopqrstu") (address "loopback")
L 07/30/2025 - 17:36:06: [admin.amxx] Login: "ErenZP<73><STEAM_0:0:1776161912><>" became an admin (account "loopback") (access "abcdefghijklmnopqrstu") (address "loopback")
L 07/30/2025 - 17:44:25: -------- Mapchange to zm_fortuna_v2 --------
L 07/30/2025 - 17:44:26: [admin.amxx] Login: "ErenZP<82><STEAM_0:0:1776161912><>" became an admin (account "loopback") (access "abcdefghijklmnopqrstu") (address "loopback")
L 07/30/2025 - 17:44:28: [admin.amxx] Login: "ErenZP<82><STEAM_0:0:1776161912><>" became an admin (account "loopback") (access "abcdefghijklmnopqrstu") (address "loopback")
L 07/30/2025 - 18:39:23: -------- Mapchange to zm_fortuna_v2 --------
L 07/30/2025 - 18:39:28: [admin.amxx] Login: "ErenZP<1><STEAM_0:0:1776161912><>" became an admin (account "loopback") (access "abcdefghijklmnopqrstu") (address "loopback")
L 07/30/2025 - 18:39:30: [admin.amxx] Login: "ErenZP<1><STEAM_0:0:1776161912><>" became an admin (account "loopback") (access "abcdefghijklmnopqrstu") (address "loopback")
L 07/30/2025 - 18:48:48: -------- Mapchange to zm_fortuna_v2 --------
L 07/30/2025 - 18:48:51: [admin.amxx] Login: "ErenZP<1><STEAM_0:0:1776161912><>" became an admin (account "loopback") (access "abcdefghijklmnopqrstu") (address "loopback")
L 07/30/2025 - 18:48:53: [admin.amxx] Login: "ErenZP<1><STEAM_0:0:1776161912><>" became an admin (account "loopback") (access "abcdefghijklmnopqrstu") (address "loopback")
L 07/30/2025 - 18:50:53: -------- Mapchange to zm_fortuna_v2 --------
L 07/30/2025 - 18:50:54: [admin.amxx] Login: "ErenZP<10><STEAM_0:0:1776161912><>" became an admin (account "loopback") (access "abcdefghijklmnopqrstu") (address "loopback")
L 07/30/2025 - 18:50:55: [admin.amxx] Login: "ErenZP<10><STEAM_0:0:1776161912><>" became an admin (account "loopback") (access "abcdefghijklmnopqrstu") (address "loopback")
L 07/30/2025 - 18:59:28: -------- Mapchange to zm_fortuna_v2 --------
L 07/30/2025 - 18:59:29: [admin.amxx] Login: "ErenZP<19><STEAM_0:0:1776161912><>" became an admin (account "loopback") (access "abcdefghijklmnopqrstu") (address "loopback")
L 07/30/2025 - 18:59:30: [admin.amxx] Login: "ErenZP<19><STEAM_0:0:1776161912><>" became an admin (account "loopback") (access "abcdefghijklmnopqrstu") (address "loopback")
L 07/30/2025 - 19:01:47: -------- Mapchange to zm_fortuna_v2 --------
L 07/30/2025 - 19:01:48: [admin.amxx] Login: "ErenZP<28><STEAM_0:0:1776161912><>" became an admin (account "loopback") (access "abcdefghijklmnopqrstu") (address "loopback")
L 07/30/2025 - 19:01:49: [admin.amxx] Login: "ErenZP<28><STEAM_0:0:1776161912><>" became an admin (account "loopback") (access "abcdefghijklmnopqrstu") (address "loopback")
L 07/30/2025 - 19:07:11: -------- Mapchange to zm_fortuna_v2 --------
L 07/30/2025 - 19:07:12: [admin.amxx] Login: "ErenZP<37><STEAM_0:0:1776161912><>" became an admin (account "loopback") (access "abcdefghijklmnopqrstu") (address "loopback")
L 07/30/2025 - 19:07:14: [admin.amxx] Login: "ErenZP<37><STEAM_0:0:1776161912><>" became an admin (account "loopback") (access "abcdefghijklmnopqrstu") (address "loopback")
L 07/30/2025 - 19:08:45: -------- Mapchange to zm_fortuna_v2 --------
L 07/30/2025 - 19:08:46: [admin.amxx] Login: "ErenZP<46><STEAM_0:0:1776161912><>" became an admin (account "loopback") (access "abcdefghijklmnopqrstu") (address "loopback")
L 07/30/2025 - 19:08:47: [admin.amxx] Login: "ErenZP<46><STEAM_0:0:1776161912><>" became an admin (account "loopback") (access "abcdefghijklmnopqrstu") (address "loopback")
L 07/30/2025 - 19:23:38: -------- Mapchange to zm_fortuna_v2 --------
L 07/30/2025 - 19:23:39: [admin.amxx] Login: "ErenZP<55><STEAM_0:0:1776161912><>" became an admin (account "loopback") (access "abcdefghijklmnopqrstu") (address "loopback")
L 07/30/2025 - 19:23:40: [admin.amxx] Login: "ErenZP<55><STEAM_0:0:1776161912><>" became an admin (account "loopback") (access "abcdefghijklmnopqrstu") (address "loopback")
L 07/30/2025 - 19:26:16: -------- Mapchange to zm_fortuna_v2 --------
L 07/30/2025 - 19:26:17: [admin.amxx] Login: "ErenZP<64><STEAM_0:0:1776161912><>" became an admin (account "loopback") (access "abcdefghijklmnopqrstu") (address "loopback")
L 07/30/2025 - 19:26:18: [admin.amxx] Login: "ErenZP<64><STEAM_0:0:1776161912><>" became an admin (account "loopback") (access "abcdefghijklmnopqrstu") (address "loopback")
L 07/30/2025 - 19:29:49: -------- Mapchange to zm_fortuna_v2 --------
L 07/30/2025 - 19:29:50: [admin.amxx] Login: "ErenZP<73><STEAM_0:0:1776161912><>" became an admin (account "loopback") (access "abcdefghijklmnopqrstu") (address "loopback")
L 07/30/2025 - 19:29:51: [admin.amxx] Login: "ErenZP<73><STEAM_0:0:1776161912><>" became an admin (account "loopback") (access "abcdefghijklmnopqrstu") (address "loopback")
L 07/30/2025 - 19:35:22: -------- Mapchange to zm_fortuna_v2 --------
L 07/30/2025 - 19:35:23: [admin.amxx] Login: "ErenZP<82><STEAM_0:0:1776161912><>" became an admin (account "loopback") (access "abcdefghijklmnopqrstu") (address "loopback")
L 07/30/2025 - 19:35:24: [admin.amxx] Login: "ErenZP<82><STEAM_0:0:1776161912><>" became an admin (account "loopback") (access "abcdefghijklmnopqrstu") (address "loopback")
L 07/30/2025 - 19:42:08: -------- Mapchange to zm_fortuna_v2 --------
L 07/30/2025 - 19:42:09: [admin.amxx] Login: "ErenZP<91><STEAM_0:0:1776161912><>" became an admin (account "loopback") (access "abcdefghijklmnopqrstu") (address "loopback")
L 07/30/2025 - 19:42:10: [admin.amxx] Login: "ErenZP<91><STEAM_0:0:1776161912><>" became an admin (account "loopback") (access "abcdefghijklmnopqrstu") (address "loopback")
L 07/30/2025 - 19:45:21: -------- Mapchange to zm_fortuna_v2 --------
L 07/30/2025 - 19:45:24: [admin.amxx] Login: "ErenZP<1><STEAM_0:0:1776161912><>" became an admin (account "loopback") (access "abcdefghijklmnopqrstu") (address "loopback")
L 07/30/2025 - 19:45:25: [admin.amxx] Login: "ErenZP<1><STEAM_0:0:1776161912><>" became an admin (account "loopback") (access "abcdefghijklmnopqrstu") (address "loopback")
L 07/30/2025 - 19:47:17: -------- Mapchange to zm_fortuna_v2 --------
L 07/30/2025 - 19:47:19: [admin.amxx] Login: "ErenZP<1><STEAM_0:0:1776161912><>" became an admin (account "loopback") (access "abcdefghijklmnopqrstu") (address "loopback")
L 07/30/2025 - 19:47:20: [admin.amxx] Login: "ErenZP<1><STEAM_0:0:1776161912><>" became an admin (account "loopback") (access "abcdefghijklmnopqrstu") (address "loopback")
L 07/30/2025 - 19:49:17: -------- Mapchange to zm_fortuna_v2 --------
L 07/30/2025 - 19:49:18: [admin.amxx] Login: "ErenZP<10><STEAM_0:0:1776161912><>" became an admin (account "loopback") (access "abcdefghijklmnopqrstu") (address "loopback")
L 07/30/2025 - 19:49:20: [admin.amxx] Login: "ErenZP<10><STEAM_0:0:1776161912><>" became an admin (account "loopback") (access "abcdefghijklmnopqrstu") (address "loopback")
L 07/30/2025 - 19:56:03: -------- Mapchange to zm_fortuna_v2 --------
L 07/30/2025 - 19:56:04: [admin.amxx] Login: "ErenZP<19><STEAM_0:0:1776161912><>" became an admin (account "loopback") (access "abcdefghijklmnopqrstu") (address "loopback")
L 07/30/2025 - 19:56:05: [admin.amxx] Login: "ErenZP<19><STEAM_0:0:1776161912><>" became an admin (account "loopback") (access "abcdefghijklmnopqrstu") (address "loopback")
L 07/30/2025 - 20:00:42: -------- Mapchange to de_dust2 --------
L 07/30/2025 - 20:00:43: [admin.amxx] Login: "ErenZP<28><STEAM_0:0:1776161912><>" became an admin (account "loopback") (access "abcdefghijklmnopqrstu") (address "loopback")
L 07/30/2025 - 20:00:44: [admin.amxx] Login: "ErenZP<28><STEAM_0:0:1776161912><>" became an admin (account "loopback") (access "abcdefghijklmnopqrstu") (address "loopback")
L 07/30/2025 - 20:04:52: -------- Mapchange to de_dust2 --------
L 07/30/2025 - 20:04:53: [admin.amxx] Login: "ErenZP<37><STEAM_0:0:1776161912><>" became an admin (account "loopback") (access "abcdefghijklmnopqrstu") (address "loopback")
L 07/30/2025 - 20:04:54: [admin.amxx] Login: "ErenZP<37><STEAM_0:0:1776161912><>" became an admin (account "loopback") (access "abcdefghijklmnopqrstu") (address "loopback")
L 07/30/2025 - 20:05:57: -------- Mapchange to zm_fortuna_v2 --------
L 07/30/2025 - 20:05:57: [admin.amxx] Login: "ErenZP<46><STEAM_0:0:1776161912><>" became an admin (account "loopback") (access "abcdefghijklmnopqrstu") (address "loopback")
L 07/30/2025 - 20:05:58: [admin.amxx] Login: "ErenZP<46><STEAM_0:0:1776161912><>" became an admin (account "loopback") (access "abcdefghijklmnopqrstu") (address "loopback")
L 07/30/2025 - 22:08:06: -------- Mapchange to zm_fortuna_v2 --------
L 07/30/2025 - 22:09:06: -------- Mapchange to zm_fortuna_v2 --------
L 07/30/2025 - 22:09:08: [admin.amxx] Login: "ErenZP<1><STEAM_0:0:1776161912><>" became an admin (account "loopback") (access "abcdefghijklmnopqrstu") (address "loopback")
L 07/30/2025 - 22:09:09: [admin.amxx] Login: "ErenZP<1><STEAM_0:0:1776161912><>" became an admin (account "loopback") (access "abcdefghijklmnopqrstu") (address "loopback")
