L 08/01/2025 - 07:22:24: -------- Mapchange to zm_fortuna_v2 --------
L 08/01/2025 - 07:22:27: [admin.amxx] Login: "ErenZP<1><STEAM_0:0:1776161912><>" became an admin (account "loopback") (access "abcdefghijklmnopqrstu") (address "loopback")
L 08/01/2025 - 07:22:28: [admin.amxx] Login: "ErenZP<1><STEAM_0:0:1776161912><>" became an admin (account "loopback") (access "abcdefghijklmnopqrstu") (address "loopback")
L 08/01/2025 - 07:27:54: -------- Mapchange to zm_fortuna_v2 --------
L 08/01/2025 - 07:27:55: [admin.amxx] Login: "ErenZP<10><STEAM_0:0:1776161912><>" became an admin (account "loopback") (access "abcdefghijklmnopqrstu") (address "loopback")
L 08/01/2025 - 07:27:56: [admin.amxx] Login: "ErenZP<10><STEAM_0:0:1776161912><>" became an admin (account "loopback") (access "abcdefghijklmnopqrstu") (address "loopback")
L 08/01/2025 - 07:30:31: -------- Mapchange to zm_fortuna_v2 --------
L 08/01/2025 - 07:30:32: [admin.amxx] Login: "ErenZP<19><STEAM_0:0:1776161912><>" became an admin (account "loopback") (access "abcdefghijklmnopqrstu") (address "loopback")
L 08/01/2025 - 07:30:32: [admin.amxx] Login: "ErenZP<19><STEAM_0:0:1776161912><>" became an admin (account "loopback") (access "abcdefghijklmnopqrstu") (address "loopback")
L 08/01/2025 - 07:33:27: -------- Mapchange to zm_fortuna_v2 --------
L 08/01/2025 - 07:33:27: [admin.amxx] Login: "ErenZP<28><STEAM_0:0:1776161912><>" became an admin (account "loopback") (access "abcdefghijklmnopqrstu") (address "loopback")
L 08/01/2025 - 07:33:28: [admin.amxx] Login: "ErenZP<28><STEAM_0:0:1776161912><>" became an admin (account "loopback") (access "abcdefghijklmnopqrstu") (address "loopback")
L 08/01/2025 - 07:36:13: -------- Mapchange to zm_fortuna_v2 --------
L 08/01/2025 - 07:36:13: [admin.amxx] Login: "ErenZP<37><STEAM_0:0:1776161912><>" became an admin (account "loopback") (access "abcdefghijklmnopqrstu") (address "loopback")
L 08/01/2025 - 07:36:14: [admin.amxx] Login: "ErenZP<37><STEAM_0:0:1776161912><>" became an admin (account "loopback") (access "abcdefghijklmnopqrstu") (address "loopback")
L 08/01/2025 - 07:39:11: -------- Mapchange to zm_fortuna_v2 --------
L 08/01/2025 - 07:39:11: [admin.amxx] Login: "ErenZP<46><STEAM_0:0:1776161912><>" became an admin (account "loopback") (access "abcdefghijklmnopqrstu") (address "loopback")
L 08/01/2025 - 07:39:12: [admin.amxx] Login: "ErenZP<46><STEAM_0:0:1776161912><>" became an admin (account "loopback") (access "abcdefghijklmnopqrstu") (address "loopback")
L 08/01/2025 - 07:47:25: -------- Mapchange to zm_fortuna_v2 --------
L 08/01/2025 - 07:47:26: [admin.amxx] Login: "ErenZP<55><STEAM_0:0:1776161912><>" became an admin (account "loopback") (access "abcdefghijklmnopqrstu") (address "loopback")
L 08/01/2025 - 07:47:27: [admin.amxx] Login: "ErenZP<55><STEAM_0:0:1776161912><>" became an admin (account "loopback") (access "abcdefghijklmnopqrstu") (address "loopback")
L 08/01/2025 - 08:14:44: -------- Mapchange to zm_fortuna_v2 --------
L 08/01/2025 - 08:14:46: [admin.amxx] Login: "ErenZP<64><STEAM_0:0:1776161912><>" became an admin (account "loopback") (access "abcdefghijklmnopqrstu") (address "loopback")
L 08/01/2025 - 08:14:47: [admin.amxx] Login: "ErenZP<64><STEAM_0:0:1776161912><>" became an admin (account "loopback") (access "abcdefghijklmnopqrstu") (address "loopback")
L 08/01/2025 - 08:24:45: -------- Mapchange to zm_fortuna_v2 --------
L 08/01/2025 - 08:24:46: [admin.amxx] Login: "ErenZP<73><STEAM_0:0:1776161912><>" became an admin (account "loopback") (access "abcdefghijklmnopqrstu") (address "loopback")
L 08/01/2025 - 08:24:47: [admin.amxx] Login: "ErenZP<73><STEAM_0:0:1776161912><>" became an admin (account "loopback") (access "abcdefghijklmnopqrstu") (address "loopback")
L 08/01/2025 - 08:25:56: -------- Mapchange to zm_fortuna_v2 --------
L 08/01/2025 - 08:25:57: [admin.amxx] Login: "ErenZP<82><STEAM_0:0:1776161912><>" became an admin (account "loopback") (access "abcdefghijklmnopqrstu") (address "loopback")
L 08/01/2025 - 08:25:58: [admin.amxx] Login: "ErenZP<82><STEAM_0:0:1776161912><>" became an admin (account "loopback") (access "abcdefghijklmnopqrstu") (address "loopback")
L 08/01/2025 - 08:26:39: -------- Mapchange to zm_fortuna_v2 --------
L 08/01/2025 - 08:26:40: [admin.amxx] Login: "ErenZP<91><STEAM_0:0:1776161912><>" became an admin (account "loopback") (access "abcdefghijklmnopqrstu") (address "loopback")
L 08/01/2025 - 08:26:41: [admin.amxx] Login: "ErenZP<91><STEAM_0:0:1776161912><>" became an admin (account "loopback") (access "abcdefghijklmnopqrstu") (address "loopback")
L 08/01/2025 - 08:27:51: -------- Mapchange to zm_fortuna_v2 --------
L 08/01/2025 - 08:27:51: [admin.amxx] Login: "ErenZP<100><STEAM_0:0:1776161912><>" became an admin (account "loopback") (access "abcdefghijklmnopqrstu") (address "loopback")
L 08/01/2025 - 08:27:52: [admin.amxx] Login: "ErenZP<100><STEAM_0:0:1776161912><>" became an admin (account "loopback") (access "abcdefghijklmnopqrstu") (address "loopback")
L 08/01/2025 - 08:35:21: -------- Mapchange to zm_fortuna_v2 --------
L 08/01/2025 - 08:35:22: [admin.amxx] Login: "ErenZP<109><STEAM_0:0:1776161912><>" became an admin (account "loopback") (access "abcdefghijklmnopqrstu") (address "loopback")
L 08/01/2025 - 08:35:23: [admin.amxx] Login: "ErenZP<109><STEAM_0:0:1776161912><>" became an admin (account "loopback") (access "abcdefghijklmnopqrstu") (address "loopback")
L 08/01/2025 - 08:41:08: -------- Mapchange to zm_fortuna_v2 --------
L 08/01/2025 - 08:44:47: -------- Mapchange to zm_fortuna_v2 --------
L 08/01/2025 - 08:45:21: -------- Mapchange to zm_fortuna_v2 --------
L 08/01/2025 - 08:49:05: -------- Mapchange to zm_fortuna_v2 --------
L 08/01/2025 - 08:49:07: [admin.amxx] Login: "ErenZP<1><STEAM_0:0:1776161912><>" became an admin (account "loopback") (access "abcdefghijklmnopqrstu") (address "loopback")
L 08/01/2025 - 08:49:09: [admin.amxx] Login: "ErenZP<1><STEAM_0:0:1776161912><>" became an admin (account "loopback") (access "abcdefghijklmnopqrstu") (address "loopback")
L 08/01/2025 - 09:09:31: -------- Mapchange to zm_fortuna_v2 --------
L 08/01/2025 - 09:09:35: [admin.amxx] Login: "ErenZP<1><STEAM_0:0:1776161912><>" became an admin (account "loopback") (access "abcdefghijklmnopqrstu") (address "loopback")
L 08/01/2025 - 09:09:36: [admin.amxx] Login: "ErenZP<1><STEAM_0:0:1776161912><>" became an admin (account "loopback") (access "abcdefghijklmnopqrstu") (address "loopback")
L 08/01/2025 - 09:11:33: -------- Mapchange to zm_fortuna_v2 --------
L 08/01/2025 - 09:11:34: [admin.amxx] Login: "ErenZP<1><STEAM_0:0:1776161912><>" became an admin (account "loopback") (access "abcdefghijklmnopqrstu") (address "loopback")
L 08/01/2025 - 09:11:35: [admin.amxx] Login: "ErenZP<1><STEAM_0:0:1776161912><>" became an admin (account "loopback") (access "abcdefghijklmnopqrstu") (address "loopback")
L 08/01/2025 - 09:17:53: -------- Mapchange to zm_fortuna_v2 --------
L 08/01/2025 - 09:17:56: [admin.amxx] Login: "ErenZP<1><STEAM_0:0:1776161912><>" became an admin (account "loopback") (access "abcdefghijklmnopqrstu") (address "loopback")
L 08/01/2025 - 09:17:57: [admin.amxx] Login: "ErenZP<1><STEAM_0:0:1776161912><>" became an admin (account "loopback") (access "abcdefghijklmnopqrstu") (address "loopback")
L 08/01/2025 - 09:18:48: -------- Mapchange to zm_fortuna_v2 --------
L 08/01/2025 - 09:18:49: [admin.amxx] Login: "ErenZP<10><STEAM_0:0:1776161912><>" became an admin (account "loopback") (access "abcdefghijklmnopqrstu") (address "loopback")
L 08/01/2025 - 09:18:50: [admin.amxx] Login: "ErenZP<10><STEAM_0:0:1776161912><>" became an admin (account "loopback") (access "abcdefghijklmnopqrstu") (address "loopback")
L 08/01/2025 - 09:29:46: -------- Mapchange to zm_fortuna_v2 --------
L 08/01/2025 - 09:29:49: [admin.amxx] Login: "ErenZP<1><STEAM_0:0:1776161912><>" became an admin (account "loopback") (access "abcdefghijklmnopqrstu") (address "loopback")
L 08/01/2025 - 09:29:50: [admin.amxx] Login: "ErenZP<1><STEAM_0:0:1776161912><>" became an admin (account "loopback") (access "abcdefghijklmnopqrstu") (address "loopback")
L 08/01/2025 - 09:31:15: -------- Mapchange to zm_fortuna_v2 --------
L 08/01/2025 - 09:31:16: [admin.amxx] Login: "ErenZP<10><STEAM_0:0:1776161912><>" became an admin (account "loopback") (access "abcdefghijklmnopqrstu") (address "loopback")
L 08/01/2025 - 09:31:17: [admin.amxx] Login: "ErenZP<10><STEAM_0:0:1776161912><>" became an admin (account "loopback") (access "abcdefghijklmnopqrstu") (address "loopback")
L 08/01/2025 - 09:31:55: -------- Mapchange to zm_fortuna_v2 --------
L 08/01/2025 - 09:31:57: [admin.amxx] Login: "ErenZP<1><STEAM_0:0:1776161912><>" became an admin (account "loopback") (access "abcdefghijklmnopqrstu") (address "loopback")
L 08/01/2025 - 09:31:59: [admin.amxx] Login: "ErenZP<1><STEAM_0:0:1776161912><>" became an admin (account "loopback") (access "abcdefghijklmnopqrstu") (address "loopback")
L 08/01/2025 - 09:51:01: -------- Mapchange to zm_fortuna_v2 --------
L 08/01/2025 - 09:52:16: -------- Mapchange to zm_fortuna_v2 --------
L 08/01/2025 - 09:52:23: [admin.amxx] Login: "ErenZP<1><STEAM_0:0:1776161912><>" became an admin (account "loopback") (access "abcdefghijklmnopqrstu") (address "loopback")
L 08/01/2025 - 09:52:27: [admin.amxx] Login: "ErenZP<1><STEAM_0:0:1776161912><>" became an admin (account "loopback") (access "abcdefghijklmnopqrstu") (address "loopback")
L 08/01/2025 - 10:20:41: -------- Mapchange to zm_fortuna_v2 --------
L 08/01/2025 - 10:29:25: -------- Mapchange to zm_fortuna_v2 --------
L 08/01/2025 - 10:29:28: [admin.amxx] Login: "ErenZP<1><STEAM_0:0:1776161912><>" became an admin (account "loopback") (access "abcdefghijklmnopqrstu") (address "loopback")
L 08/01/2025 - 10:29:29: [admin.amxx] Login: "ErenZP<1><STEAM_0:0:1776161912><>" became an admin (account "loopback") (access "abcdefghijklmnopqrstu") (address "loopback")
L 08/01/2025 - 10:46:04: -------- Mapchange to zm_fortuna_v2 --------
L 08/01/2025 - 10:46:07: [admin.amxx] Login: "ErenZP<1><STEAM_0:0:1776161912><>" became an admin (account "loopback") (access "abcdefghijklmnopqrstu") (address "loopback")
L 08/01/2025 - 10:46:09: [admin.amxx] Login: "ErenZP<1><STEAM_0:0:1776161912><>" became an admin (account "loopback") (access "abcdefghijklmnopqrstu") (address "loopback")
L 08/01/2025 - 10:59:46: -------- Mapchange to zm_fortuna_v2 --------
L 08/01/2025 - 10:59:49: [admin.amxx] Login: "ErenZP<1><STEAM_0:0:1776161912><>" became an admin (account "loopback") (access "abcdefghijklmnopqrstu") (address "loopback")
L 08/01/2025 - 10:59:51: [admin.amxx] Login: "ErenZP<1><STEAM_0:0:1776161912><>" became an admin (account "loopback") (access "abcdefghijklmnopqrstu") (address "loopback")
L 08/01/2025 - 11:09:22: -------- Mapchange to zm_fortuna_v2 --------
L 08/01/2025 - 11:11:11: -------- Mapchange to zm_fortuna_v2 --------
L 08/01/2025 - 11:12:26: -------- Mapchange to zm_fortuna_v2 --------
L 08/01/2025 - 11:13:19: -------- Mapchange to zm_fortuna_v2 --------
L 08/01/2025 - 11:15:46: -------- Mapchange to zm_fortuna_v2 --------
L 08/01/2025 - 11:17:03: -------- Mapchange to zm_fortuna_v2 --------
L 08/01/2025 - 11:19:03: -------- Mapchange to zm_fortuna_v2 --------
L 08/01/2025 - 11:19:08: [admin.amxx] Login: "ErenZP<1><STEAM_0:0:1776161912><>" became an admin (account "loopback") (access "abcdefghijklmnopqrstu") (address "loopback")
L 08/01/2025 - 11:19:09: [admin.amxx] Login: "ErenZP<1><STEAM_0:0:1776161912><>" became an admin (account "loopback") (access "abcdefghijklmnopqrstu") (address "loopback")
L 08/01/2025 - 11:25:21: -------- Mapchange to zm_fortuna_v2 --------
L 08/01/2025 - 11:25:40: [admin.amxx] Login: "ErenZP<1><STEAM_0:0:1776161912><>" became an admin (account "loopback") (access "abcdefghijklmnopqrstu") (address "loopback")
L 08/01/2025 - 11:25:45: [admin.amxx] Login: "ErenZP<1><STEAM_0:0:1776161912><>" became an admin (account "loopback") (access "abcdefghijklmnopqrstu") (address "loopback")
L 08/01/2025 - 11:51:53: -------- Mapchange to zm_fortuna_v2 --------
L 08/01/2025 - 11:51:55: [admin.amxx] Login: "ErenZP<1><STEAM_0:0:1776161912><>" became an admin (account "loopback") (access "abcdefghijklmnopqrstu") (address "loopback")
L 08/01/2025 - 11:51:57: [admin.amxx] Login: "ErenZP<1><STEAM_0:0:1776161912><>" became an admin (account "loopback") (access "abcdefghijklmnopqrstu") (address "loopback")
L 08/01/2025 - 12:02:33: -------- Mapchange to zm_fortuna_v2 --------
L 08/01/2025 - 12:02:38: [admin.amxx] Login: "ErenZP<10><STEAM_0:0:1776161912><>" became an admin (account "loopback") (access "abcdefghijklmnopqrstu") (address "loopback")
L 08/01/2025 - 12:02:42: [admin.amxx] Login: "ErenZP<10><STEAM_0:0:1776161912><>" became an admin (account "loopback") (access "abcdefghijklmnopqrstu") (address "loopback")
L 08/01/2025 - 12:17:05: -------- Mapchange to zm_fortuna_v2 --------
L 08/01/2025 - 12:17:06: [admin.amxx] Login: "ErenZP<19><STEAM_0:0:1776161912><>" became an admin (account "loopback") (access "abcdefghijklmnopqrstu") (address "loopback")
L 08/01/2025 - 12:17:07: [admin.amxx] Login: "ErenZP<19><STEAM_0:0:1776161912><>" became an admin (account "loopback") (access "abcdefghijklmnopqrstu") (address "loopback")
L 08/01/2025 - 12:24:54: -------- Mapchange to zm_fortuna_v2 --------
L 08/01/2025 - 12:24:56: [admin.amxx] Login: "ErenZP<1><STEAM_0:0:1776161912><>" became an admin (account "loopback") (access "abcdefghijklmnopqrstu") (address "loopback")
L 08/01/2025 - 12:24:58: [admin.amxx] Login: "ErenZP<1><STEAM_0:0:1776161912><>" became an admin (account "loopback") (access "abcdefghijklmnopqrstu") (address "loopback")
L 08/01/2025 - 12:39:57: -------- Mapchange to zm_fortuna_v2 --------
L 08/01/2025 - 12:39:58: [admin.amxx] Login: "ErenZP<10><STEAM_0:0:1776161912><>" became an admin (account "loopback") (access "abcdefghijklmnopqrstu") (address "loopback")
L 08/01/2025 - 12:39:59: [admin.amxx] Login: "ErenZP<10><STEAM_0:0:1776161912><>" became an admin (account "loopback") (access "abcdefghijklmnopqrstu") (address "loopback")
L 08/01/2025 - 12:49:55: -------- Mapchange to zm_fortuna_v2 --------
L 08/01/2025 - 12:49:56: [admin.amxx] Login: "ErenZP<19><STEAM_0:0:1776161912><>" became an admin (account "loopback") (access "abcdefghijklmnopqrstu") (address "loopback")
L 08/01/2025 - 12:49:57: [admin.amxx] Login: "ErenZP<19><STEAM_0:0:1776161912><>" became an admin (account "loopback") (access "abcdefghijklmnopqrstu") (address "loopback")
L 08/01/2025 - 13:08:21: -------- Mapchange to zm_fortuna_v2 --------
L 08/01/2025 - 13:08:24: [admin.amxx] Login: "ErenZP<1><STEAM_0:0:1776161912><>" became an admin (account "loopback") (access "abcdefghijklmnopqrstu") (address "loopback")
L 08/01/2025 - 13:08:27: [admin.amxx] Login: "ErenZP<1><STEAM_0:0:1776161912><>" became an admin (account "loopback") (access "abcdefghijklmnopqrstu") (address "loopback")
L 08/01/2025 - 13:09:05: -------- Mapchange to zm_fortuna_v2 --------
L 08/01/2025 - 13:09:06: [admin.amxx] Login: "ErenZP<10><STEAM_0:0:1776161912><>" became an admin (account "loopback") (access "abcdefghijklmnopqrstu") (address "loopback")
L 08/01/2025 - 13:09:07: [admin.amxx] Login: "ErenZP<10><STEAM_0:0:1776161912><>" became an admin (account "loopback") (access "abcdefghijklmnopqrstu") (address "loopback")
L 08/01/2025 - 13:17:11: -------- Mapchange to zm_fortuna_v2 --------
L 08/01/2025 - 13:17:12: [admin.amxx] Login: "ErenZP<19><STEAM_0:0:1776161912><>" became an admin (account "loopback") (access "abcdefghijklmnopqrstu") (address "loopback")
L 08/01/2025 - 13:17:12: [admin.amxx] Login: "ErenZP<19><STEAM_0:0:1776161912><>" became an admin (account "loopback") (access "abcdefghijklmnopqrstu") (address "loopback")
L 08/01/2025 - 13:23:29: -------- Mapchange to zm_fortuna_v2 --------
L 08/01/2025 - 13:23:29: [admin.amxx] Login: "ErenZP<28><STEAM_0:0:1776161912><>" became an admin (account "loopback") (access "abcdefghijklmnopqrstu") (address "loopback")
L 08/01/2025 - 13:23:30: [admin.amxx] Login: "ErenZP<28><STEAM_0:0:1776161912><>" became an admin (account "loopback") (access "abcdefghijklmnopqrstu") (address "loopback")
L 08/01/2025 - 13:42:21: -------- Mapchange to zm_fortuna_v2 --------
L 08/01/2025 - 13:42:23: [admin.amxx] Login: "ErenZP<37><STEAM_0:0:1776161912><>" became an admin (account "loopback") (access "abcdefghijklmnopqrstu") (address "loopback")
L 08/01/2025 - 13:42:24: [admin.amxx] Login: "ErenZP<37><STEAM_0:0:1776161912><>" became an admin (account "loopback") (access "abcdefghijklmnopqrstu") (address "loopback")
L 08/01/2025 - 13:49:02: -------- Mapchange to zm_fortuna_v2 --------
L 08/01/2025 - 13:49:04: [admin.amxx] Login: "ErenZP<46><STEAM_0:0:1776161912><>" became an admin (account "loopback") (access "abcdefghijklmnopqrstu") (address "loopback")
L 08/01/2025 - 13:49:04: [admin.amxx] Login: "ErenZP<46><STEAM_0:0:1776161912><>" became an admin (account "loopback") (access "abcdefghijklmnopqrstu") (address "loopback")
L 08/01/2025 - 13:56:35: -------- Mapchange to zm_fortuna_v2 --------
L 08/01/2025 - 13:56:37: [admin.amxx] Login: "ErenZP<55><STEAM_0:0:1776161912><>" became an admin (account "loopback") (access "abcdefghijklmnopqrstu") (address "loopback")
L 08/01/2025 - 13:56:37: [admin.amxx] Login: "ErenZP<55><STEAM_0:0:1776161912><>" became an admin (account "loopback") (access "abcdefghijklmnopqrstu") (address "loopback")
L 08/01/2025 - 14:15:19: -------- Mapchange to zm_fortuna_v2 --------
L 08/01/2025 - 14:15:20: [admin.amxx] Login: "ErenZP<64><STEAM_0:0:1776161912><>" became an admin (account "loopback") (access "abcdefghijklmnopqrstu") (address "loopback")
L 08/01/2025 - 14:15:21: [admin.amxx] Login: "ErenZP<64><STEAM_0:0:1776161912><>" became an admin (account "loopback") (access "abcdefghijklmnopqrstu") (address "loopback")
L 08/01/2025 - 14:46:22: [mapchooser.amxx] Vote: Voting for the nextmap started
L 08/01/2025 - 14:46:37: [mapchooser.amxx] Vote: Voting for the nextmap finished. The nextmap will be de_inferno
L 08/01/2025 - 14:48:39: -------- Mapchange to de_inferno --------
L 08/01/2025 - 14:48:40: [admin.amxx] Login: "ErenZP<64><STEAM_0:0:1776161912><>" became an admin (account "loopback") (access "abcdefghijklmnopqrstu") (address "loopback")
L 08/01/2025 - 14:48:42: [admin.amxx] Login: "ErenZP<64><STEAM_0:0:1776161912><>" became an admin (account "loopback") (access "abcdefghijklmnopqrstu") (address "loopback")
L 08/01/2025 - 15:04:41: -------- Mapchange to zm_fortuna_v2 --------
L 08/01/2025 - 15:04:45: [admin.amxx] Login: "ErenZP<1><STEAM_0:0:1776161912><>" became an admin (account "loopback") (access "abcdefghijklmnopqrstu") (address "loopback")
L 08/01/2025 - 15:04:47: [admin.amxx] Login: "ErenZP<1><STEAM_0:0:1776161912><>" became an admin (account "loopback") (access "abcdefghijklmnopqrstu") (address "loopback")
L 08/01/2025 - 15:22:19: -------- Mapchange to zm_fortuna_v2 --------
L 08/01/2025 - 15:22:21: [admin.amxx] Login: "ErenZP<10><STEAM_0:0:1776161912><>" became an admin (account "loopback") (access "abcdefghijklmnopqrstu") (address "loopback")
L 08/01/2025 - 15:22:23: [admin.amxx] Login: "ErenZP<10><STEAM_0:0:1776161912><>" became an admin (account "loopback") (access "abcdefghijklmnopqrstu") (address "loopback")
L 08/01/2025 - 15:22:41: [zp_ammo_packs_admin.amxx] "ErenZP<10>" gave 99999 ammo packs to "ErenZP<10>"
L 08/01/2025 - 15:22:50: [zp_ammo_packs_admin.amxx] "ErenZP<10>" gave 999 ammo packs to "ErenZP<10>"
