L 08/10/2025 - 07:48:53: -------- Mapchange to zm_gbox6 --------
L 08/10/2025 - 07:48:54: [AMXX] Plugin "bio_event_infect_effect.amxx" failed to load: Module/Library "biohazardf" required for plugin.  Check modules.ini.
L 08/10/2025 - 07:49:02: [nextmap.amxx] WARNING: Couldn't find a valid map or the file doesn't exist (file "mapcycle.txt")
L 08/10/2025 - 07:49:03: Invalid multi-lingual line (file "cstrike\addons\amxmodx\data\lang\lasermine_perfect.txt" line 1)
L 08/10/2025 - 07:49:03: [zp_level_system.amxx] [ZP Level] Plugin iniciando...
L 08/10/2025 - 07:49:03: [zp_level_system.amxx] [ZP Level] Plugin inicializado com sucesso!
L 08/10/2025 - 07:49:03: [admin.amxx] Login: "ErenZP<1><STEAM_0:0:1776161912><>" became an admin (account "loopback") (access "abcdefghijklmnopqrstu") (address "loopback")
L 08/10/2025 - 07:49:08: [admin.amxx] Login: "ErenZP<1><STEAM_0:0:1776161912><>" became an admin (account "loopback") (access "abcdefghijklmnopqrstu") (address "loopback")
L 08/10/2025 - 07:53:18: -------- Mapchange to zm_fortuna_v2 --------
L 08/10/2025 - 07:53:18: [AMXX] Plugin "bio_event_infect_effect.amxx" failed to load: Module/Library "biohazardf" required for plugin.  Check modules.ini.
L 08/10/2025 - 07:53:19: [nextmap.amxx] WARNING: Couldn't find a valid map or the file doesn't exist (file "mapcycle.txt")
L 08/10/2025 - 07:53:19: [zp_level_system.amxx] [ZP Level] Plugin iniciando...
L 08/10/2025 - 07:53:19: [zp_level_system.amxx] [ZP Level] Plugin inicializado com sucesso!
L 08/10/2025 - 07:53:19: [admin.amxx] Login: "ErenZP<12><STEAM_0:0:1776161912><>" became an admin (account "loopback") (access "abcdefghijklmnopqrstu") (address "loopback")
L 08/10/2025 - 07:53:20: [admin.amxx] Login: "ErenZP<12><STEAM_0:0:1776161912><>" became an admin (account "loopback") (access "abcdefghijklmnopqrstu") (address "loopback")
L 08/10/2025 - 07:53:41: -------- Mapchange to zm_fortuna_v2 --------
L 08/10/2025 - 07:53:41: [AMXX] Plugin "bio_event_infect_effect.amxx" failed to load: Module/Library "biohazardf" required for plugin.  Check modules.ini.
L 08/10/2025 - 07:53:42: [nextmap.amxx] WARNING: Couldn't find a valid map or the file doesn't exist (file "mapcycle.txt")
L 08/10/2025 - 07:53:42: Invalid multi-lingual line (file "cstrike\addons\amxmodx\data\lang\lasermine_perfect.txt" line 1)
L 08/10/2025 - 07:53:42: [zp_level_system.amxx] [ZP Level] Plugin iniciando...
L 08/10/2025 - 07:53:42: [zp_level_system.amxx] [ZP Level] Plugin inicializado com sucesso!
L 08/10/2025 - 07:53:43: [admin.amxx] Login: "ErenZP<1><STEAM_0:0:1776161912><>" became an admin (account "loopback") (access "abcdefghijklmnopqrstu") (address "loopback")
L 08/10/2025 - 07:53:44: [admin.amxx] Login: "ErenZP<1><STEAM_0:0:1776161912><>" became an admin (account "loopback") (access "abcdefghijklmnopqrstu") (address "loopback")
L 08/10/2025 - 08:00:47: -------- Mapchange to zm_fortuna_v2 --------
L 08/10/2025 - 08:00:47: [AMXX] Plugin "bio_event_infect_effect.amxx" failed to load: Module/Library "biohazardf" required for plugin.  Check modules.ini.
L 08/10/2025 - 08:00:48: [nextmap.amxx] WARNING: Couldn't find a valid map or the file doesn't exist (file "mapcycle.txt")
L 08/10/2025 - 08:00:48: [zp_level_system.amxx] [ZP Level] Plugin iniciando...
L 08/10/2025 - 08:00:48: [zp_level_system.amxx] [ZP Level] Plugin inicializado com sucesso!
L 08/10/2025 - 08:00:49: [admin.amxx] Login: "ErenZP<10><STEAM_0:0:1776161912><>" became an admin (account "loopback") (access "abcdefghijklmnopqrstu") (address "loopback")
L 08/10/2025 - 08:00:50: [admin.amxx] Login: "ErenZP<10><STEAM_0:0:1776161912><>" became an admin (account "loopback") (access "abcdefghijklmnopqrstu") (address "loopback")
L 08/10/2025 - 08:01:27: -------- Mapchange to zm_fortuna_v2 --------
L 08/10/2025 - 08:01:27: [AMXX] Plugin "bio_event_infect_effect.amxx" failed to load: Module/Library "biohazardf" required for plugin.  Check modules.ini.
L 08/10/2025 - 08:01:28: [nextmap.amxx] WARNING: Couldn't find a valid map or the file doesn't exist (file "mapcycle.txt")
L 08/10/2025 - 08:01:28: [zp_level_system.amxx] [ZP Level] Plugin iniciando...
L 08/10/2025 - 08:01:28: [zp_level_system.amxx] [ZP Level] Plugin inicializado com sucesso!
L 08/10/2025 - 08:01:28: [admin.amxx] Login: "ErenZP<19><STEAM_0:0:1776161912><>" became an admin (account "loopback") (access "abcdefghijklmnopqrstu") (address "loopback")
L 08/10/2025 - 08:01:29: [admin.amxx] Login: "ErenZP<19><STEAM_0:0:1776161912><>" became an admin (account "loopback") (access "abcdefghijklmnopqrstu") (address "loopback")
L 08/10/2025 - 08:05:16: -------- Mapchange to zm_fortuna_v2 --------
L 08/10/2025 - 08:05:16: [AMXX] Plugin "bio_event_infect_effect.amxx" failed to load: Module/Library "biohazardf" required for plugin.  Check modules.ini.
L 08/10/2025 - 08:06:17: -------- Mapchange to zm_fortuna_v2 --------
L 08/10/2025 - 08:06:17: [AMXX] Plugin "bio_event_infect_effect.amxx" failed to load: Module/Library "biohazardf" required for plugin.  Check modules.ini.
L 08/10/2025 - 08:08:16: -------- Mapchange to zm_fortuna_v2 --------
L 08/10/2025 - 08:08:16: [AMXX] Plugin "bio_event_infect_effect.amxx" failed to load: Module/Library "biohazardf" required for plugin.  Check modules.ini.
L 08/10/2025 - 08:09:28: -------- Mapchange to zm_fortuna_v2 --------
L 08/10/2025 - 08:09:28: [AMXX] Plugin "bio_event_infect_effect.amxx" failed to load: Module/Library "biohazardf" required for plugin.  Check modules.ini.
L 08/10/2025 - 08:10:14: -------- Mapchange to zm_fortuna_v2 --------
L 08/10/2025 - 08:10:14: [AMXX] Plugin "bio_event_infect_effect.amxx" failed to load: Module/Library "biohazardf" required for plugin.  Check modules.ini.
L 08/10/2025 - 08:11:12: -------- Mapchange to zm_fortuna_v2 --------
L 08/10/2025 - 08:11:12: [AMXX] Plugin "bio_event_infect_effect.amxx" failed to load: Module/Library "biohazardf" required for plugin.  Check modules.ini.
L 08/10/2025 - 08:11:15: [nextmap.amxx] WARNING: Couldn't find a valid map or the file doesn't exist (file "mapcycle.txt")
L 08/10/2025 - 08:11:15: Invalid multi-lingual line (file "cstrike\addons\amxmodx\data\lang\lasermine_perfect.txt" line 1)
L 08/10/2025 - 08:11:15: [zp_level_system.amxx] [ZP Level] Plugin iniciando...
L 08/10/2025 - 08:11:15: [zp_level_system.amxx] [ZP Level] Plugin inicializado com sucesso!
L 08/10/2025 - 08:11:16: [admin.amxx] Login: "ErenZP<1><STEAM_0:0:1776161912><>" became an admin (account "loopback") (access "abcdefghijklmnopqrstu") (address "loopback")
L 08/10/2025 - 08:11:17: [admin.amxx] Login: "ErenZP<1><STEAM_0:0:1776161912><>" became an admin (account "loopback") (access "abcdefghijklmnopqrstu") (address "loopback")
L 08/10/2025 - 08:12:42: -------- Mapchange to zm_fortuna_v2 --------
L 08/10/2025 - 08:12:42: [AMXX] Plugin "bio_event_infect_effect.amxx" failed to load: Module/Library "biohazardf" required for plugin.  Check modules.ini.
L 08/10/2025 - 08:12:44: [nextmap.amxx] WARNING: Couldn't find a valid map or the file doesn't exist (file "mapcycle.txt")
L 08/10/2025 - 08:12:44: [zp_level_system.amxx] [ZP Level] Plugin iniciando...
L 08/10/2025 - 08:12:44: [zp_level_system.amxx] [ZP Level] Plugin inicializado com sucesso!
L 08/10/2025 - 08:12:44: [admin.amxx] Login: "ErenZP<10><STEAM_0:0:1776161912><>" became an admin (account "loopback") (access "abcdefghijklmnopqrstu") (address "loopback")
L 08/10/2025 - 08:12:46: [admin.amxx] Login: "ErenZP<10><STEAM_0:0:1776161912><>" became an admin (account "loopback") (access "abcdefghijklmnopqrstu") (address "loopback")
L 08/10/2025 - 08:16:05: -------- Mapchange to zm_fortuna_v2 --------
L 08/10/2025 - 08:16:05: [AMXX] Plugin "bio_event_infect_effect.amxx" failed to load: Module/Library "biohazardf" required for plugin.  Check modules.ini.
L 08/10/2025 - 08:16:05: [nextmap.amxx] WARNING: Couldn't find a valid map or the file doesn't exist (file "mapcycle.txt")
L 08/10/2025 - 08:16:05: [zp_level_system.amxx] [ZP Level] Plugin iniciando...
L 08/10/2025 - 08:16:05: [zp_level_system.amxx] [ZP Level] Plugin inicializado com sucesso!
L 08/10/2025 - 08:16:06: [admin.amxx] Login: "ErenZP<19><STEAM_0:0:1776161912><>" became an admin (account "loopback") (access "abcdefghijklmnopqrstu") (address "loopback")
L 08/10/2025 - 08:16:07: [admin.amxx] Login: "ErenZP<19><STEAM_0:0:1776161912><>" became an admin (account "loopback") (access "abcdefghijklmnopqrstu") (address "loopback")
L 08/10/2025 - 08:21:16: -------- Mapchange to zm_fortuna_v2 --------
L 08/10/2025 - 08:21:16: [AMXX] Plugin "bio_event_infect_effect.amxx" failed to load: Module/Library "biohazardf" required for plugin.  Check modules.ini.
L 08/10/2025 - 08:21:17: [nextmap.amxx] WARNING: Couldn't find a valid map or the file doesn't exist (file "mapcycle.txt")
L 08/10/2025 - 08:21:17: [zp_level_system.amxx] [ZP Level] Plugin iniciando...
L 08/10/2025 - 08:21:17: [zp_level_system.amxx] [ZP Level] Plugin inicializado com sucesso!
L 08/10/2025 - 08:21:17: [admin.amxx] Login: "ErenZP<28><STEAM_0:0:1776161912><>" became an admin (account "loopback") (access "abcdefghijklmnopqrstu") (address "loopback")
L 08/10/2025 - 08:21:18: [admin.amxx] Login: "ErenZP<28><STEAM_0:0:1776161912><>" became an admin (account "loopback") (access "abcdefghijklmnopqrstu") (address "loopback")
L 08/10/2025 - 08:45:45: -------- Mapchange to zm_fortuna_v2 --------
L 08/10/2025 - 08:45:45: [AMXX] Plugin "bio_event_infect_effect.amxx" failed to load: Module/Library "biohazardf" required for plugin.  Check modules.ini.
L 08/10/2025 - 08:45:49: [nextmap.amxx] WARNING: Couldn't find a valid map or the file doesn't exist (file "mapcycle.txt")
L 08/10/2025 - 08:45:49: Invalid multi-lingual line (file "cstrike\addons\amxmodx\data\lang\lasermine_perfect.txt" line 1)
L 08/10/2025 - 08:45:49: [zp_level_system.amxx] [ZP Level] Plugin iniciando...
L 08/10/2025 - 08:45:49: [zp_level_system.amxx] [ZP Level] Plugin inicializado com sucesso!
L 08/10/2025 - 08:45:49: [admin.amxx] Login: "ErenZP<1><STEAM_0:0:1776161912><>" became an admin (account "loopback") (access "abcdefghijklmnopqrstu") (address "loopback")
L 08/10/2025 - 08:45:51: [admin.amxx] Login: "ErenZP<1><STEAM_0:0:1776161912><>" became an admin (account "loopback") (access "abcdefghijklmnopqrstu") (address "loopback")
L 08/10/2025 - 08:47:44: -------- Mapchange to zm_fortuna_v2 --------
L 08/10/2025 - 08:47:44: [AMXX] Plugin "bio_event_infect_effect.amxx" failed to load: Module/Library "biohazardf" required for plugin.  Check modules.ini.
L 08/10/2025 - 08:47:45: [nextmap.amxx] WARNING: Couldn't find a valid map or the file doesn't exist (file "mapcycle.txt")
L 08/10/2025 - 08:47:45: [zp_level_system.amxx] [ZP Level] Plugin iniciando...
L 08/10/2025 - 08:47:45: [zp_level_system.amxx] [ZP Level] Plugin inicializado com sucesso!
L 08/10/2025 - 08:47:46: [admin.amxx] Login: "ErenZP<10><STEAM_0:0:1776161912><>" became an admin (account "loopback") (access "abcdefghijklmnopqrstu") (address "loopback")
L 08/10/2025 - 08:47:47: [admin.amxx] Login: "ErenZP<10><STEAM_0:0:1776161912><>" became an admin (account "loopback") (access "abcdefghijklmnopqrstu") (address "loopback")
L 08/10/2025 - 08:57:01: -------- Mapchange to zm_fortuna_v2 --------
L 08/10/2025 - 08:57:01: [AMXX] Plugin "bio_event_infect_effect.amxx" failed to load: Module/Library "biohazardf" required for plugin.  Check modules.ini.
L 08/10/2025 - 08:57:03: [nextmap.amxx] WARNING: Couldn't find a valid map or the file doesn't exist (file "mapcycle.txt")
L 08/10/2025 - 08:57:03: [zp_level_system.amxx] [ZP Level] Plugin iniciando...
L 08/10/2025 - 08:57:03: [zp_level_system.amxx] [ZP Level] Plugin inicializado com sucesso!
L 08/10/2025 - 08:57:03: [admin.amxx] Login: "ErenZP<19><STEAM_0:0:1776161912><>" became an admin (account "loopback") (access "abcdefghijklmnopqrstu") (address "loopback")
L 08/10/2025 - 08:57:05: [admin.amxx] Login: "ErenZP<19><STEAM_0:0:1776161912><>" became an admin (account "loopback") (access "abcdefghijklmnopqrstu") (address "loopback")
L 08/10/2025 - 08:58:34: -------- Mapchange to zm_fortuna_v2 --------
L 08/10/2025 - 08:58:34: [AMXX] Plugin "bio_event_infect_effect.amxx" failed to load: Module/Library "biohazardf" required for plugin.  Check modules.ini.
L 08/10/2025 - 08:58:35: [nextmap.amxx] WARNING: Couldn't find a valid map or the file doesn't exist (file "mapcycle.txt")
L 08/10/2025 - 08:58:35: [zp_level_system.amxx] [ZP Level] Plugin iniciando...
L 08/10/2025 - 08:58:35: [zp_level_system.amxx] [ZP Level] Plugin inicializado com sucesso!
L 08/10/2025 - 08:58:35: [admin.amxx] Login: "ErenZP<28><STEAM_0:0:1776161912><>" became an admin (account "loopback") (access "abcdefghijklmnopqrstu") (address "loopback")
L 08/10/2025 - 08:58:37: [admin.amxx] Login: "ErenZP<28><STEAM_0:0:1776161912><>" became an admin (account "loopback") (access "abcdefghijklmnopqrstu") (address "loopback")
L 08/10/2025 - 09:18:48: -------- Mapchange to zm_fortuna_v2 --------
L 08/10/2025 - 09:18:48: [AMXX] Plugin "bio_event_infect_effect.amxx" failed to load: Module/Library "biohazardf" required for plugin.  Check modules.ini.
L 08/10/2025 - 09:18:50: [nextmap.amxx] WARNING: Couldn't find a valid map or the file doesn't exist (file "mapcycle.txt")
L 08/10/2025 - 09:18:50: [zp_level_system.amxx] [ZP Level] Plugin iniciando...
L 08/10/2025 - 09:18:50: [zp_level_system.amxx] [ZP Level] Plugin inicializado com sucesso!
L 08/10/2025 - 09:18:51: [admin.amxx] Login: "ErenZP<37><STEAM_0:0:1776161912><>" became an admin (account "loopback") (access "abcdefghijklmnopqrstu") (address "loopback")
L 08/10/2025 - 09:18:53: [admin.amxx] Login: "ErenZP<37><STEAM_0:0:1776161912><>" became an admin (account "loopback") (access "abcdefghijklmnopqrstu") (address "loopback")
L 08/10/2025 - 10:41:29: -------- Mapchange to zm_fortuna_v2 --------
L 08/10/2025 - 10:41:29: [AMXX] Plugin "bio_event_infect_effect.amxx" failed to load: Module/Library "biohazardf" required for plugin.  Check modules.ini.
L 08/10/2025 - 10:41:33: [nextmap.amxx] WARNING: Couldn't find a valid map or the file doesn't exist (file "mapcycle.txt")
L 08/10/2025 - 10:41:33: Invalid multi-lingual line (file "cstrike\addons\amxmodx\data\lang\lasermine_perfect.txt" line 1)
L 08/10/2025 - 10:41:33: [zp_level_system.amxx] [ZP Level] Plugin iniciando...
L 08/10/2025 - 10:41:33: [zp_level_system.amxx] [ZP Level] Plugin inicializado com sucesso!
L 08/10/2025 - 10:41:33: [admin.amxx] Login: "ErenZP<1><STEAM_0:0:1776161912><>" became an admin (account "loopback") (access "abcdefghijklmnopqrstu") (address "loopback")
L 08/10/2025 - 10:41:34: [admin.amxx] Login: "ErenZP<1><STEAM_0:0:1776161912><>" became an admin (account "loopback") (access "abcdefghijklmnopqrstu") (address "loopback")
L 08/10/2025 - 10:47:33: -------- Mapchange to zm_fortuna_v2 --------
L 08/10/2025 - 10:47:33: [AMXX] Plugin "bio_event_infect_effect.amxx" failed to load: Module/Library "biohazardf" required for plugin.  Check modules.ini.
L 08/10/2025 - 10:47:35: [nextmap.amxx] WARNING: Couldn't find a valid map or the file doesn't exist (file "mapcycle.txt")
L 08/10/2025 - 10:47:35: [zp_level_system.amxx] [ZP Level] Plugin iniciando...
L 08/10/2025 - 10:47:35: [zp_level_system.amxx] [ZP Level] Plugin inicializado com sucesso!
L 08/10/2025 - 10:47:36: [admin.amxx] Login: "ErenZP<10><STEAM_0:0:1776161912><>" became an admin (account "loopback") (access "abcdefghijklmnopqrstu") (address "loopback")
L 08/10/2025 - 10:47:39: [admin.amxx] Login: "ErenZP<10><STEAM_0:0:1776161912><>" became an admin (account "loopback") (access "abcdefghijklmnopqrstu") (address "loopback")
L 08/10/2025 - 10:53:29: -------- Mapchange to zm_fortuna_v2 --------
L 08/10/2025 - 10:53:29: [AMXX] Plugin "zm_vip.amxx" failed to load: Plugin uses an unknown function (name "zp_get_user_survivor") - check your modules.ini.
L 08/10/2025 - 10:53:29: [AMXX] Plugin "ZP_VIP_Skin_Menu.amxx" failed to load: Plugin uses an unknown function (name "zp_get_user_survivor") - check your modules.ini.
L 08/10/2025 - 10:53:29: [AMXX] Plugin "zp_zclass_siren.amxx" failed to load: Plugin uses an unknown function (name "zp_infect_user") - check your modules.ini.
L 08/10/2025 - 10:53:29: [AMXX] Plugin "zp_class_iron.amxx" failed to load: Plugin uses an unknown function (name "zp_get_user_nemesis") - check your modules.ini.
L 08/10/2025 - 10:53:29: [AMXX] Plugin "Scar_Born_Beast.amxx" failed to load: Plugin uses an unknown function (name "zp_get_user_survivor") - check your modules.ini.
L 08/10/2025 - 10:53:29: [AMXX] Plugin "extra_unlimited_clip.amxx" failed to load: Plugin uses an unknown function (name "zp_register_extra_item") - check your modules.ini.
L 08/10/2025 - 10:53:29: [AMXX] Plugin "zm_vip_extra_plasma_rifle.amxx" failed to load: Plugin uses an unknown function (name "zp_get_user_nemesis") - check your modules.ini.
L 08/10/2025 - 10:53:29: [AMXX] Plugin "save_ammopacks.amxx" failed to load: Plugin uses an unknown function (name "zp_set_user_ammo_packs") - check your modules.ini.
L 08/10/2025 - 10:53:29: [AMXX] Plugin "zp_mini_hud.amxx" failed to load: Plugin uses an unknown function (name "zp_is_plague_round") - check your modules.ini.
L 08/10/2025 - 10:53:29: [AMXX] Plugin "zp_survivor_weapon_choice.amxx" failed to load: Plugin uses an unknown function (name "zp_get_user_survivor") - check your modules.ini.
L 08/10/2025 - 10:53:29: [AMXX] Plugin "zp_lasermine_perfect_4.2.amxx" failed to load: Plugin uses an unknown function (name "zp_set_user_ammo_packs") - check your modules.ini.
L 08/10/2025 - 10:53:29: [AMXX] Plugin "zp_bloodshake_effect.amxx" failed to load: Plugin uses an unknown function (name "zp_get_user_zombie") - check your modules.ini.
L 08/10/2025 - 10:53:30: [AMXX] Plugin "Pesticide_Sprayer.amxx" failed to load: Plugin uses an unknown function (name "zp_get_user_zombie") - check your modules.ini.
L 08/10/2025 - 10:53:30: [AMXX] Plugin "bio_event_infect_effect.amxx" failed to load: Module/Library "biohazardf" required for plugin.  Check modules.ini.
L 08/10/2025 - 10:53:30: [AMXX] Plugin "zp_survivor_damage_boost.amxx" failed to load: Plugin uses an unknown function (name "zp_get_user_zombie") - check your modules.ini.
L 08/10/2025 - 10:53:30: [AMXX] Plugin "zp_special_first_zombie.amxx" failed to load: Plugin uses an unknown function (name "zp_get_user_sniper") - check your modules.ini.
L 08/10/2025 - 10:53:30: [AMXX] Plugin "zp_portal_teleport.amxx" failed to load: Plugin uses an unknown function (name "zp_get_user_sniper") - check your modules.ini.
L 08/10/2025 - 10:53:30: [AMXX] Plugin "zp_free_ammo_get.amxx" failed to load: Plugin uses an unknown function (name "zp_set_user_ammo_packs") - check your modules.ini.
L 08/10/2025 - 10:53:30: [AMXX] Plugin "zp_level_system.amxx" failed to load: Plugin uses an unknown function (name "zp_override_user_model") - check your modules.ini.
L 08/10/2025 - 10:53:30: [AMXX] Plugin "zp_teleport_first_zombie.amxx" failed to load: Plugin uses an unknown function (name "zp_get_user_zombie") - check your modules.ini.
L 08/10/2025 - 10:53:30: [AMXX] Plugin "zp_extra_jetpack.amxx" failed to load: Plugin uses an unknown function (name "zp_register_extra_item") - check your modules.ini.
L 08/10/2025 - 10:53:30: [AMXX] Plugin "zp_paraquedas.amxx" failed to load: Plugin uses an unknown function (name "zp_get_user_nemesis") - check your modules.ini.
L 08/10/2025 - 10:53:30: [AMXX] Plugin "zp_addon_zbhealthbar.amxx" failed to load: Plugin uses an unknown function (name "zp_get_user_zombie") - check your modules.ini.
L 08/10/2025 - 10:53:30: [AMXX] Plugin "zm_vip_extra_bazooka.amxx" failed to load: Plugin uses an unknown function (name "zp_get_user_survivor") - check your modules.ini.
L 08/10/2025 - 10:53:36: [nextmap.amxx] WARNING: Couldn't find a valid map or the file doesn't exist (file "mapcycle.txt")
L 08/10/2025 - 10:53:37: [admin.amxx] Login: "ErenZP<1><STEAM_0:0:1776161912><>" became an admin (account "loopback") (access "abcdefghijklmnopqrstu") (address "loopback")
L 08/10/2025 - 10:53:40: [admin.amxx] Login: "ErenZP<1><STEAM_0:0:1776161912><>" became an admin (account "loopback") (access "abcdefghijklmnopqrstu") (address "loopback")
L 08/10/2025 - 10:54:02: [AMXX] Could not free plugin memory, failure 487.
L 08/10/2025 - 11:31:08: -------- Mapchange to zm_fortuna_v2 --------
L 08/10/2025 - 11:31:08: [AMXX] Plugin "bio_event_infect_effect.amxx" failed to load: Module/Library "biohazardf" required for plugin.  Check modules.ini.
L 08/10/2025 - 11:31:15: [nextmap.amxx] WARNING: Couldn't find a valid map or the file doesn't exist (file "mapcycle.txt")
L 08/10/2025 - 11:31:15: Invalid multi-lingual line (file "cstrike\addons\amxmodx\data\lang\lasermine_perfect.txt" line 1)
L 08/10/2025 - 11:31:15: [zp_level_system.amxx] [ZP Level] Plugin iniciando...
L 08/10/2025 - 11:31:15: [zp_level_system.amxx] [ZP Level] Plugin inicializado com sucesso!
L 08/10/2025 - 11:31:16: [admin.amxx] Login: "ErenZP<1><STEAM_0:0:1776161912><>" became an admin (account "loopback") (access "abcdefghijklmnopqrstu") (address "loopback")
L 08/10/2025 - 11:31:19: [admin.amxx] Login: "ErenZP<1><STEAM_0:0:1776161912><>" became an admin (account "loopback") (access "abcdefghijklmnopqrstu") (address "loopback")
L 08/10/2025 - 11:34:15: -------- Mapchange to zm_fortuna_v2 --------
L 08/10/2025 - 11:34:15: [AMXX] Plugin "bio_event_infect_effect.amxx" failed to load: Module/Library "biohazardf" required for plugin.  Check modules.ini.
L 08/10/2025 - 11:34:17: [nextmap.amxx] WARNING: Couldn't find a valid map or the file doesn't exist (file "mapcycle.txt")
L 08/10/2025 - 11:34:17: [zp_level_system.amxx] [ZP Level] Plugin iniciando...
L 08/10/2025 - 11:34:17: [zp_level_system.amxx] [ZP Level] Plugin inicializado com sucesso!
L 08/10/2025 - 11:34:18: [admin.amxx] Login: "ErenZP<10><STEAM_0:0:1776161912><>" became an admin (account "loopback") (access "abcdefghijklmnopqrstu") (address "loopback")
L 08/10/2025 - 11:34:19: [admin.amxx] Login: "ErenZP<10><STEAM_0:0:1776161912><>" became an admin (account "loopback") (access "abcdefghijklmnopqrstu") (address "loopback")
L 08/10/2025 - 11:39:04: -------- Mapchange to zm_fortuna_v2 --------
L 08/10/2025 - 11:39:05: [AMXX] Plugin "bio_event_infect_effect.amxx" failed to load: Module/Library "biohazardf" required for plugin.  Check modules.ini.
L 08/10/2025 - 11:39:06: [nextmap.amxx] WARNING: Couldn't find a valid map or the file doesn't exist (file "mapcycle.txt")
L 08/10/2025 - 11:39:06: [zp_level_system.amxx] [ZP Level] Plugin iniciando...
L 08/10/2025 - 11:39:06: [zp_level_system.amxx] [ZP Level] Plugin inicializado com sucesso!
L 08/10/2025 - 11:39:07: [admin.amxx] Login: "ErenZP<19><STEAM_0:0:1776161912><>" became an admin (account "loopback") (access "abcdefghijklmnopqrstu") (address "loopback")
L 08/10/2025 - 11:39:08: [admin.amxx] Login: "ErenZP<19><STEAM_0:0:1776161912><>" became an admin (account "loopback") (access "abcdefghijklmnopqrstu") (address "loopback")
L 08/10/2025 - 11:44:00: -------- Mapchange to zm_fortuna_v2 --------
L 08/10/2025 - 11:44:00: [AMXX] Plugin "bio_event_infect_effect.amxx" failed to load: Module/Library "biohazardf" required for plugin.  Check modules.ini.
L 08/10/2025 - 11:44:07: [nextmap.amxx] WARNING: Couldn't find a valid map or the file doesn't exist (file "mapcycle.txt")
L 08/10/2025 - 11:44:07: Invalid multi-lingual line (file "cstrike\addons\amxmodx\data\lang\lasermine_perfect.txt" line 1)
L 08/10/2025 - 11:44:07: [zp_level_system.amxx] [ZP Level] Plugin iniciando...
L 08/10/2025 - 11:44:07: [zp_level_system.amxx] [ZP Level] Plugin inicializado com sucesso!
L 08/10/2025 - 11:44:07: [admin.amxx] Login: "ErenZP<1><STEAM_0:0:1776161912><>" became an admin (account "loopback") (access "abcdefghijklmnopqrstu") (address "loopback")
L 08/10/2025 - 11:44:09: [admin.amxx] Login: "ErenZP<1><STEAM_0:0:1776161912><>" became an admin (account "loopback") (access "abcdefghijklmnopqrstu") (address "loopback")
L 08/10/2025 - 11:52:38: -------- Mapchange to zm_fortuna_v2 --------
L 08/10/2025 - 11:52:38: [AMXX] Plugin "bio_event_infect_effect.amxx" failed to load: Module/Library "biohazardf" required for plugin.  Check modules.ini.
L 08/10/2025 - 11:52:46: [nextmap.amxx] WARNING: Couldn't find a valid map or the file doesn't exist (file "mapcycle.txt")
L 08/10/2025 - 11:52:46: Invalid multi-lingual line (file "cstrike\addons\amxmodx\data\lang\lasermine_perfect.txt" line 1)
L 08/10/2025 - 11:52:46: [zp_level_system.amxx] [ZP Level] Plugin iniciando...
L 08/10/2025 - 11:52:46: [zp_level_system.amxx] [ZP Level] Plugin inicializado com sucesso!
L 08/10/2025 - 11:52:47: [admin.amxx] Login: "ErenZP<1><STEAM_0:0:1776161912><>" became an admin (account "loopback") (access "abcdefghijklmnopqrstu") (address "loopback")
L 08/10/2025 - 11:52:49: [admin.amxx] Login: "ErenZP<1><STEAM_0:0:1776161912><>" became an admin (account "loopback") (access "abcdefghijklmnopqrstu") (address "loopback")
L 08/10/2025 - 11:59:44: -------- Mapchange to zm_fortuna_v2 --------
L 08/10/2025 - 11:59:44: [AMXX] Plugin "bio_event_infect_effect.amxx" failed to load: Module/Library "biohazardf" required for plugin.  Check modules.ini.
L 08/10/2025 - 11:59:48: [nextmap.amxx] WARNING: Couldn't find a valid map or the file doesn't exist (file "mapcycle.txt")
L 08/10/2025 - 11:59:48: Invalid multi-lingual line (file "cstrike\addons\amxmodx\data\lang\lasermine_perfect.txt" line 1)
L 08/10/2025 - 11:59:48: [zp_level_system.amxx] [ZP Level] Plugin iniciando...
L 08/10/2025 - 11:59:48: [zp_level_system.amxx] [ZP Level] Plugin inicializado com sucesso!
L 08/10/2025 - 11:59:48: [admin.amxx] Login: "ErenZP<1><STEAM_0:0:1776161912><>" became an admin (account "loopback") (access "abcdefghijklmnopqrstu") (address "loopback")
L 08/10/2025 - 11:59:50: [admin.amxx] Login: "ErenZP<1><STEAM_0:0:1776161912><>" became an admin (account "loopback") (access "abcdefghijklmnopqrstu") (address "loopback")
L 08/10/2025 - 12:08:45: -------- Mapchange to zm_fortuna_v2 --------
L 08/10/2025 - 12:08:45: [AMXX] Plugin "bio_event_infect_effect.amxx" failed to load: Module/Library "biohazardf" required for plugin.  Check modules.ini.
L 08/10/2025 - 12:08:49: [nextmap.amxx] WARNING: Couldn't find a valid map or the file doesn't exist (file "mapcycle.txt")
L 08/10/2025 - 12:08:49: Invalid multi-lingual line (file "cstrike\addons\amxmodx\data\lang\lasermine_perfect.txt" line 1)
L 08/10/2025 - 12:08:49: [zp_level_system.amxx] [ZP Level] Plugin iniciando...
L 08/10/2025 - 12:08:49: [zp_level_system.amxx] [ZP Level] Plugin inicializado com sucesso!
L 08/10/2025 - 12:08:50: [admin.amxx] Login: "ErenZP<1><STEAM_0:0:1776161912><>" became an admin (account "loopback") (access "abcdefghijklmnopqrstu") (address "loopback")
L 08/10/2025 - 12:08:51: [admin.amxx] Login: "ErenZP<1><STEAM_0:0:1776161912><>" became an admin (account "loopback") (access "abcdefghijklmnopqrstu") (address "loopback")
L 08/10/2025 - 12:10:37: -------- Mapchange to zm_fortuna_v2 --------
L 08/10/2025 - 12:10:37: [AMXX] Plugin "bio_event_infect_effect.amxx" failed to load: Module/Library "biohazardf" required for plugin.  Check modules.ini.
L 08/10/2025 - 12:10:38: [nextmap.amxx] WARNING: Couldn't find a valid map or the file doesn't exist (file "mapcycle.txt")
L 08/10/2025 - 12:10:38: [zp_level_system.amxx] [ZP Level] Plugin iniciando...
L 08/10/2025 - 12:10:38: [zp_level_system.amxx] [ZP Level] Plugin inicializado com sucesso!
L 08/10/2025 - 12:10:39: [admin.amxx] Login: "ErenZP<10><STEAM_0:0:1776161912><>" became an admin (account "loopback") (access "abcdefghijklmnopqrstu") (address "loopback")
L 08/10/2025 - 12:10:40: [admin.amxx] Login: "ErenZP<10><STEAM_0:0:1776161912><>" became an admin (account "loopback") (access "abcdefghijklmnopqrstu") (address "loopback")
L 08/10/2025 - 14:09:00: -------- Mapchange to zm_fortuna_v2 --------
L 08/10/2025 - 14:09:01: [AMXX] Plugin "bio_event_infect_effect.amxx" failed to load: Module/Library "biohazardf" required for plugin.  Check modules.ini.
L 08/10/2025 - 14:09:16: [nextmap.amxx] WARNING: Couldn't find a valid map or the file doesn't exist (file "mapcycle.txt")
L 08/10/2025 - 14:09:16: Invalid multi-lingual line (file "cstrike\addons\amxmodx\data\lang\lasermine_perfect.txt" line 1)
L 08/10/2025 - 14:09:16: [zp_level_system.amxx] [ZP Level] Plugin iniciando...
L 08/10/2025 - 14:09:16: [zp_level_system.amxx] [ZP Level] Plugin inicializado com sucesso!
L 08/10/2025 - 14:09:17: [admin.amxx] Login: "ErenZP<1><STEAM_0:0:1776161912><>" became an admin (account "loopback") (access "abcdefghijklmnopqrstu") (address "loopback")
L 08/10/2025 - 14:09:23: [admin.amxx] Login: "ErenZP<1><STEAM_0:0:1776161912><>" became an admin (account "loopback") (access "abcdefghijklmnopqrstu") (address "loopback")
L 08/10/2025 - 14:13:48: -------- Mapchange to zm_fortuna_v2 --------
L 08/10/2025 - 14:13:49: [AMXX] Plugin "bio_event_infect_effect.amxx" failed to load: Module/Library "biohazardf" required for plugin.  Check modules.ini.
L 08/10/2025 - 14:13:49: [nextmap.amxx] WARNING: Couldn't find a valid map or the file doesn't exist (file "mapcycle.txt")
L 08/10/2025 - 14:13:49: [zp_level_system.amxx] [ZP Level] Plugin iniciando...
L 08/10/2025 - 14:13:49: [zp_level_system.amxx] [ZP Level] Plugin inicializado com sucesso!
L 08/10/2025 - 14:13:50: [admin.amxx] Login: "ErenZP<10><STEAM_0:0:1776161912><>" became an admin (account "loopback") (access "abcdefghijklmnopqrstu") (address "loopback")
L 08/10/2025 - 14:13:51: [admin.amxx] Login: "ErenZP<10><STEAM_0:0:1776161912><>" became an admin (account "loopback") (access "abcdefghijklmnopqrstu") (address "loopback")
L 08/10/2025 - 14:42:16: -------- Mapchange to zm_fortuna_v2 --------
L 08/10/2025 - 14:42:16: [AMXX] Plugin "bio_event_infect_effect.amxx" failed to load: Module/Library "biohazardf" required for plugin.  Check modules.ini.
L 08/10/2025 - 14:42:22: [nextmap.amxx] WARNING: Couldn't find a valid map or the file doesn't exist (file "mapcycle.txt")
L 08/10/2025 - 14:42:22: Invalid multi-lingual line (file "cstrike\addons\amxmodx\data\lang\lasermine_perfect.txt" line 1)
L 08/10/2025 - 14:42:22: [zp_level_system.amxx] [ZP Level] Plugin iniciando...
L 08/10/2025 - 14:42:22: [zp_level_system.amxx] [ZP Level] Plugin inicializado com sucesso!
L 08/10/2025 - 14:42:22: [admin.amxx] Login: "ErenZP<1><STEAM_0:0:1776161912><>" became an admin (account "loopback") (access "abcdefghijklmnopqrstu") (address "loopback")
L 08/10/2025 - 14:42:25: [admin.amxx] Login: "ErenZP<1><STEAM_0:0:1776161912><>" became an admin (account "loopback") (access "abcdefghijklmnopqrstu") (address "loopback")
L 08/10/2025 - 14:43:05: -------- Mapchange to zm_fortuna_v2 --------
L 08/10/2025 - 14:43:05: [AMXX] Plugin "bio_event_infect_effect.amxx" failed to load: Module/Library "biohazardf" required for plugin.  Check modules.ini.
L 08/10/2025 - 14:43:06: [nextmap.amxx] WARNING: Couldn't find a valid map or the file doesn't exist (file "mapcycle.txt")
L 08/10/2025 - 14:43:06: [zp_level_system.amxx] [ZP Level] Plugin iniciando...
L 08/10/2025 - 14:43:06: [zp_level_system.amxx] [ZP Level] Plugin inicializado com sucesso!
L 08/10/2025 - 14:43:07: [admin.amxx] Login: "ErenZP<10><STEAM_0:0:1776161912><>" became an admin (account "loopback") (access "abcdefghijklmnopqrstu") (address "loopback")
L 08/10/2025 - 14:43:08: [admin.amxx] Login: "ErenZP<10><STEAM_0:0:1776161912><>" became an admin (account "loopback") (access "abcdefghijklmnopqrstu") (address "loopback")
L 08/10/2025 - 18:43:41: -------- Mapchange to zm_fortuna_v2 --------
L 08/10/2025 - 18:43:41: [AMXX] Plugin "bio_event_infect_effect.amxx" failed to load: Module/Library "biohazardf" required for plugin.  Check modules.ini.
L 08/10/2025 - 18:43:53: Invalid multi-lingual line (file "cstrike\addons\amxmodx\data\lang\lasermine_perfect.txt" line 1)
L 08/10/2025 - 18:43:53: [zp_level_system.amxx] [ZP Level] Plugin iniciando...
L 08/10/2025 - 18:43:53: [zp_level_system.amxx] [ZP Level] Plugin inicializado com sucesso!
L 08/10/2025 - 18:43:53: [admin.amxx] Login: "ErenZP<1><STEAM_0:0:1776161912><>" became an admin (account "loopback") (access "abcdefghijklmnopqrstu") (address "loopback")
L 08/10/2025 - 18:43:57: [admin.amxx] Login: "ErenZP<1><STEAM_0:0:1776161912><>" became an admin (account "loopback") (access "abcdefghijklmnopqrstu") (address "loopback")
L 08/10/2025 - 18:48:22: -------- Mapchange to zm_fortuna_v2 --------
L 08/10/2025 - 18:48:22: [AMXX] Plugin "bio_event_infect_effect.amxx" failed to load: Module/Library "biohazardf" required for plugin.  Check modules.ini.
L 08/10/2025 - 18:48:34: Invalid multi-lingual line (file "cstrike\addons\amxmodx\data\lang\lasermine_perfect.txt" line 1)
L 08/10/2025 - 18:48:34: [zp_level_system.amxx] [ZP Level] Plugin iniciando...
L 08/10/2025 - 18:48:34: [zp_level_system.amxx] [ZP Level] Plugin inicializado com sucesso!
L 08/10/2025 - 18:48:35: [admin.amxx] Login: "ErenZP<1><STEAM_0:0:1776161912><>" became an admin (account "loopback") (access "abcdefghijklmnopqrstu") (address "loopback")
L 08/10/2025 - 18:48:36: [admin.amxx] Login: "ErenZP<1><STEAM_0:0:1776161912><>" became an admin (account "loopback") (access "abcdefghijklmnopqrstu") (address "loopback")
L 08/10/2025 - 18:50:23: -------- Mapchange to zm_terrible_invasion --------
L 08/10/2025 - 18:50:24: [AMXX] Plugin "bio_event_infect_effect.amxx" failed to load: Module/Library "biohazardf" required for plugin.  Check modules.ini.
L 08/10/2025 - 18:50:25: [zp_level_system.amxx] [ZP Level] Plugin iniciando...
L 08/10/2025 - 18:50:25: [zp_level_system.amxx] [ZP Level] Plugin inicializado com sucesso!
L 08/10/2025 - 18:50:26: [admin.amxx] Login: "ErenZP<10><STEAM_0:0:1776161912><>" became an admin (account "loopback") (access "abcdefghijklmnopqrstu") (address "loopback")
L 08/10/2025 - 18:50:31: [admin.amxx] Login: "ErenZP<10><STEAM_0:0:1776161912><>" became an admin (account "loopback") (access "abcdefghijklmnopqrstu") (address "loopback")
L 08/10/2025 - 18:51:24: -------- Mapchange to zm_terrible_invasion --------
L 08/10/2025 - 18:51:24: [AMXX] Plugin "bio_event_infect_effect.amxx" failed to load: Module/Library "biohazardf" required for plugin.  Check modules.ini.
L 08/10/2025 - 18:51:25: [zp_level_system.amxx] [ZP Level] Plugin iniciando...
L 08/10/2025 - 18:51:25: [zp_level_system.amxx] [ZP Level] Plugin inicializado com sucesso!
L 08/10/2025 - 18:51:26: [admin.amxx] Login: "ErenZP<11><STEAM_0:0:1776161912><>" became an admin (account "loopback") (access "abcdefghijklmnopqrstu") (address "loopback")
L 08/10/2025 - 18:51:28: [admin.amxx] Login: "ErenZP<11><STEAM_0:0:1776161912><>" became an admin (account "loopback") (access "abcdefghijklmnopqrstu") (address "loopback")
L 08/10/2025 - 18:52:43: -------- Mapchange to zm_pool_evil --------
L 08/10/2025 - 18:52:43: [AMXX] Plugin "bio_event_infect_effect.amxx" failed to load: Module/Library "biohazardf" required for plugin.  Check modules.ini.
L 08/10/2025 - 18:52:45: [zp_level_system.amxx] [ZP Level] Plugin iniciando...
L 08/10/2025 - 18:52:45: [zp_level_system.amxx] [ZP Level] Plugin inicializado com sucesso!
L 08/10/2025 - 18:52:45: [admin.amxx] Login: "ErenZP<22><STEAM_0:0:1776161912><>" became an admin (account "loopback") (access "abcdefghijklmnopqrstu") (address "loopback")
L 08/10/2025 - 18:52:47: [admin.amxx] Login: "ErenZP<22><STEAM_0:0:1776161912><>" became an admin (account "loopback") (access "abcdefghijklmnopqrstu") (address "loopback")
L 08/10/2025 - 18:53:24: -------- Mapchange to zm_pacman --------
L 08/10/2025 - 18:53:24: [AMXX] Plugin "bio_event_infect_effect.amxx" failed to load: Module/Library "biohazardf" required for plugin.  Check modules.ini.
L 08/10/2025 - 18:53:25: [zp_level_system.amxx] [ZP Level] Plugin iniciando...
L 08/10/2025 - 18:53:25: [zp_level_system.amxx] [ZP Level] Plugin inicializado com sucesso!
L 08/10/2025 - 18:53:26: [admin.amxx] Login: "ErenZP<23><STEAM_0:0:1776161912><>" became an admin (account "loopback") (access "abcdefghijklmnopqrstu") (address "loopback")
L 08/10/2025 - 18:53:27: [admin.amxx] Login: "ErenZP<23><STEAM_0:0:1776161912><>" became an admin (account "loopback") (access "abcdefghijklmnopqrstu") (address "loopback")
L 08/10/2025 - 18:53:49: -------- Mapchange to zm_pacman --------
L 08/10/2025 - 18:53:49: [AMXX] Plugin "bio_event_infect_effect.amxx" failed to load: Module/Library "biohazardf" required for plugin.  Check modules.ini.
L 08/10/2025 - 18:53:50: [zp_level_system.amxx] [ZP Level] Plugin iniciando...
L 08/10/2025 - 18:53:50: [zp_level_system.amxx] [ZP Level] Plugin inicializado com sucesso!
L 08/10/2025 - 18:53:51: [admin.amxx] Login: "ErenZP<24><STEAM_0:0:1776161912><>" became an admin (account "loopback") (access "abcdefghijklmnopqrstu") (address "loopback")
L 08/10/2025 - 18:53:52: [admin.amxx] Login: "ErenZP<24><STEAM_0:0:1776161912><>" became an admin (account "loopback") (access "abcdefghijklmnopqrstu") (address "loopback")
L 08/10/2025 - 19:32:32: -------- Mapchange to zm_pacman --------
L 08/10/2025 - 19:32:32: [AMXX] Plugin "bio_event_infect_effect.amxx" failed to load: Module/Library "biohazardf" required for plugin.  Check modules.ini.
L 08/10/2025 - 19:32:39: Invalid multi-lingual line (file "cstrike\addons\amxmodx\data\lang\lasermine_perfect.txt" line 1)
L 08/10/2025 - 19:32:39: [zp_level_system.amxx] [ZP Level] Plugin iniciando...
L 08/10/2025 - 19:32:39: [zp_level_system.amxx] [ZP Level] Plugin inicializado com sucesso!
L 08/10/2025 - 19:32:39: [admin.amxx] Login: "ErenZP<1><STEAM_0:0:1776161912><>" became an admin (account "loopback") (access "abcdefghijklmnopqrstu") (address "loopback")
L 08/10/2025 - 19:32:42: [admin.amxx] Login: "ErenZP<1><STEAM_0:0:1776161912><>" became an admin (account "loopback") (access "abcdefghijklmnopqrstu") (address "loopback")
L 08/10/2025 - 19:47:13: -------- Mapchange to zm_pacman --------
L 08/10/2025 - 19:47:13: [AMXX] Plugin "bio_event_infect_effect.amxx" failed to load: Module/Library "biohazardf" required for plugin.  Check modules.ini.
L 08/10/2025 - 19:47:17: Invalid multi-lingual line (file "cstrike\addons\amxmodx\data\lang\lasermine_perfect.txt" line 1)
L 08/10/2025 - 19:47:18: [zp_level_system.amxx] [ZP Level] Plugin iniciando...
L 08/10/2025 - 19:47:18: [zp_level_system.amxx] [ZP Level] Plugin inicializado com sucesso!
L 08/10/2025 - 19:47:18: [admin.amxx] Login: "ErenZP<1><STEAM_0:0:1776161912><>" became an admin (account "loopback") (access "abcdefghijklmnopqrstu") (address "loopback")
L 08/10/2025 - 19:47:21: [admin.amxx] Login: "ErenZP<1><STEAM_0:0:1776161912><>" became an admin (account "loopback") (access "abcdefghijklmnopqrstu") (address "loopback")
L 08/10/2025 - 19:48:08: -------- Mapchange to zm_pacman --------
L 08/10/2025 - 19:48:08: [AMXX] Plugin "bio_event_infect_effect.amxx" failed to load: Module/Library "biohazardf" required for plugin.  Check modules.ini.
L 08/10/2025 - 19:48:15: Invalid multi-lingual line (file "cstrike\addons\amxmodx\data\lang\lasermine_perfect.txt" line 1)
L 08/10/2025 - 19:48:15: [zp_level_system.amxx] [ZP Level] Plugin iniciando...
L 08/10/2025 - 19:48:15: [zp_level_system.amxx] [ZP Level] Plugin inicializado com sucesso!
L 08/10/2025 - 19:48:16: [admin.amxx] Login: "ErenZP<1><STEAM_0:0:1776161912><>" became an admin (account "loopback") (access "abcdefghijklmnopqrstu") (address "loopback")
L 08/10/2025 - 19:48:18: [admin.amxx] Login: "ErenZP<1><STEAM_0:0:1776161912><>" became an admin (account "loopback") (access "abcdefghijklmnopqrstu") (address "loopback")
L 08/10/2025 - 19:49:47: -------- Mapchange to zm_gbox6 --------
L 08/10/2025 - 19:49:47: [AMXX] Plugin "bio_event_infect_effect.amxx" failed to load: Module/Library "biohazardf" required for plugin.  Check modules.ini.
L 08/10/2025 - 19:49:48: [zp_level_system.amxx] [ZP Level] Plugin iniciando...
L 08/10/2025 - 19:49:48: [zp_level_system.amxx] [ZP Level] Plugin inicializado com sucesso!
L 08/10/2025 - 19:49:48: [admin.amxx] Login: "ErenZP<2><STEAM_0:0:1776161912><>" became an admin (account "loopback") (access "abcdefghijklmnopqrstu") (address "loopback")
L 08/10/2025 - 19:49:49: [admin.amxx] Login: "ErenZP<2><STEAM_0:0:1776161912><>" became an admin (account "loopback") (access "abcdefghijklmnopqrstu") (address "loopback")
L 08/10/2025 - 20:30:04: -------- Mapchange to zm_gbox6 --------
L 08/10/2025 - 20:30:04: [AMXX] Plugin "bio_event_infect_effect.amxx" failed to load: Module/Library "biohazardf" required for plugin.  Check modules.ini.
L 08/10/2025 - 20:30:08: Invalid multi-lingual line (file "cstrike\addons\amxmodx\data\lang\lasermine_perfect.txt" line 1)
L 08/10/2025 - 20:30:08: [zp_level_system.amxx] [ZP Level] Plugin iniciando...
L 08/10/2025 - 20:30:08: [zp_level_system.amxx] [ZP Level] Plugin inicializado com sucesso!
L 08/10/2025 - 20:30:08: [admin.amxx] Login: "ErenZP<1><STEAM_0:0:1776161912><>" became an admin (account "loopback") (access "abcdefghijklmnopqrstu") (address "loopback")
L 08/10/2025 - 20:30:10: [admin.amxx] Login: "ErenZP<1><STEAM_0:0:1776161912><>" became an admin (account "loopback") (access "abcdefghijklmnopqrstu") (address "loopback")
L 08/10/2025 - 20:41:55: -------- Mapchange to zm_gbox6 --------
L 08/10/2025 - 20:41:55: [AMXX] Plugin "bio_event_infect_effect.amxx" failed to load: Module/Library "biohazardf" required for plugin.  Check modules.ini.
L 08/10/2025 - 20:41:58: Invalid multi-lingual line (file "cstrike\addons\amxmodx\data\lang\lasermine_perfect.txt" line 1)
L 08/10/2025 - 20:41:58: [zp_level_system.amxx] [ZP Level] Plugin iniciando...
L 08/10/2025 - 20:41:58: [zp_level_system.amxx] [ZP Level] Plugin inicializado com sucesso!
L 08/10/2025 - 20:41:59: [admin.amxx] Login: "ErenZP<1><STEAM_0:0:1776161912><>" became an admin (account "loopback") (access "abcdefghijklmnopqrstu") (address "loopback")
L 08/10/2025 - 20:42:01: [admin.amxx] Login: "ErenZP<1><STEAM_0:0:1776161912><>" became an admin (account "loopback") (access "abcdefghijklmnopqrstu") (address "loopback")
L 08/10/2025 - 20:46:47: -------- Mapchange to zm_gbox6 --------
L 08/10/2025 - 20:46:48: [AMXX] Plugin "bio_event_infect_effect.amxx" failed to load: Module/Library "biohazardf" required for plugin.  Check modules.ini.
L 08/10/2025 - 20:46:51: Invalid multi-lingual line (file "cstrike\addons\amxmodx\data\lang\lasermine_perfect.txt" line 1)
L 08/10/2025 - 20:46:51: [zp_level_system.amxx] [ZP Level] Plugin iniciando...
L 08/10/2025 - 20:46:51: [zp_level_system.amxx] [ZP Level] Plugin inicializado com sucesso!
L 08/10/2025 - 20:46:52: [admin.amxx] Login: "ErenZP<1><STEAM_0:0:1776161912><>" became an admin (account "loopback") (access "abcdefghijklmnopqrstu") (address "loopback")
L 08/10/2025 - 20:46:53: [admin.amxx] Login: "ErenZP<1><STEAM_0:0:1776161912><>" became an admin (account "loopback") (access "abcdefghijklmnopqrstu") (address "loopback")
L 08/10/2025 - 20:49:16: -------- Mapchange to zm_gbox6 --------
L 08/10/2025 - 20:49:17: [AMXX] Plugin "bio_event_infect_effect.amxx" failed to load: Module/Library "biohazardf" required for plugin.  Check modules.ini.
L 08/10/2025 - 20:49:17: [zp_level_system.amxx] [ZP Level] Plugin iniciando...
L 08/10/2025 - 20:49:17: [zp_level_system.amxx] [ZP Level] Plugin inicializado com sucesso!
L 08/10/2025 - 20:49:18: [admin.amxx] Login: "ErenZP<4><STEAM_0:0:1776161912><>" became an admin (account "loopback") (access "abcdefghijklmnopqrstu") (address "loopback")
L 08/10/2025 - 20:49:20: [admin.amxx] Login: "ErenZP<4><STEAM_0:0:1776161912><>" became an admin (account "loopback") (access "abcdefghijklmnopqrstu") (address "loopback")
L 08/10/2025 - 20:53:30: -------- Mapchange to zm_gbox6 --------
L 08/10/2025 - 20:53:30: [AMXX] Plugin "bio_event_infect_effect.amxx" failed to load: Module/Library "biohazardf" required for plugin.  Check modules.ini.
L 08/10/2025 - 20:53:31: [zp_level_system.amxx] [ZP Level] Plugin iniciando...
L 08/10/2025 - 20:53:31: [zp_level_system.amxx] [ZP Level] Plugin inicializado com sucesso!
L 08/10/2025 - 20:53:32: [admin.amxx] Login: "ErenZP<7><STEAM_0:0:1776161912><>" became an admin (account "loopback") (access "abcdefghijklmnopqrstu") (address "loopback")
L 08/10/2025 - 20:53:34: [admin.amxx] Login: "ErenZP<7><STEAM_0:0:1776161912><>" became an admin (account "loopback") (access "abcdefghijklmnopqrstu") (address "loopback")
